2025-07-02 10:58:18,149 - ModelingPipeline - INFO - 모델링 파이프라인이 초기화되었습니다.
2025-07-02 10:58:18,149 - ModelingPipeline - INFO - 실행 이름: default_modeling_run_20250702_105818
2025-07-02 10:58:18,149 - ModelingPipeline - INFO - 출력 경로: /Users/jojongho/KDT/P2_Default-invest/outputs/modeling_runs/default_modeling_run_20250702_105818
2025-07-02 10:58:18,149 - ModelingPipeline - INFO - === 모델링 파이프라인 시작 ===
2025-07-02 10:58:18,149 - ModelingPipeline - INFO - 데이터 로드 시작
2025-07-02 10:58:18,149 - ModelingPipeline - INFO - 오버라이드된 데이터 경로 사용: data/final
2025-07-02 10:58:18,233 - ModelingPipeline - INFO - Train: (17289, 34), 부실비율: 0.57%
2025-07-02 10:58:18,233 - ModelingPipeline - INFO - Validation: (2161, 34), 부실비율: 0.51%
2025-07-02 10:58:18,233 - ModelingPipeline - INFO - Test: (2150, 34), 부실비율: 0.47%
2025-07-02 10:58:18,233 - ModelingPipeline - INFO - 모든 모델 실행 시작
2025-07-02 10:58:18,233 - ModelingPipeline - INFO - 특성 선택 방법: LOGISTIC_REGRESSION_CV (NORMAL)
2025-07-02 10:58:23,929 - ModelingPipeline - INFO - 최적 C: 1.000000
2025-07-02 10:58:23,929 - ModelingPipeline - INFO - CV 점수: 0.2162 (±0.1456)
2025-07-02 10:58:23,933 - ModelingPipeline - INFO - 선택된 특성: 16/34
2025-07-02 10:58:23,934 - ModelingPipeline - INFO - 활성화된 데이터 타입: ['normal', 'smote', 'undersampling', 'combined']
2025-07-02 10:58:23,934 - ModelingPipeline - INFO - 활성화된 모델: ['logistic_regression', 'random_forest', 'xgboost']
2025-07-02 10:58:23,934 - ModelingPipeline - INFO - NORMAL 데이터 처리
2025-07-02 10:58:23,934 - ModelingPipeline - INFO - logistic_regression 최적화 시작 (NORMAL)
2025-07-02 10:58:23,934 - ModelingPipeline - INFO - Logistic Regression 클래스 불균형 가중치: class_weight=None
2025-07-02 10:58:23,934 - ModelingPipeline - INFO - 최적화 메트릭: F1
2025-07-02 10:58:24,090 - ModelingPipeline - INFO - Trial 1/2 - Current: 0.0122, Best: 0.0122
2025-07-02 10:58:24,298 - ModelingPipeline - INFO - Trial 2/2 - Current: 0.0122, Best: 0.0122
2025-07-02 10:58:24,397 - ModelingPipeline - INFO - 최적 AUC: 0.0122
2025-07-02 10:58:24,397 - ModelingPipeline - INFO - 최적 파라미터: {'C': 2.5378155082656653, 'max_iter': 7110, 'penalty': 'l2', 'solver': 'liblinear', 'tol': 0.0001, 'class_weight': None}
2025-07-02 10:58:24,398 - ModelingPipeline - INFO - CV 메트릭 계산 시작 (NORMAL)
2025-07-02 10:58:24,610 - ModelingPipeline - INFO - 최적화된 CV 완료: AUC=0.7063(±0.0481), AP=0.0113(±0.0022), F1=0.0122(±0.0003)
2025-07-02 10:58:24,610 - ModelingPipeline - INFO - CV 메트릭 계산 완료 - AUC: 0.7063, AP: 0.0113, F1: 0.0122
2025-07-02 10:58:24,610 - ModelingPipeline - INFO - random_forest 최적화 시작 (NORMAL)
2025-07-02 10:58:24,610 - ModelingPipeline - INFO - Random Forest 클래스 불균형 가중치: class_weight=None
2025-07-02 10:58:24,610 - ModelingPipeline - INFO - 최적화 메트릭: F1
2025-07-02 10:58:28,708 - ModelingPipeline - INFO - Trial 1/2 - Current: 0.0000, Best: 0.0000
2025-07-02 10:58:36,657 - ModelingPipeline - INFO - Trial 2/2 - Current: 0.0000, Best: 0.0000
2025-07-02 10:58:41,963 - ModelingPipeline - INFO - 최적 AUC: 0.0000
2025-07-02 10:58:41,963 - ModelingPipeline - INFO - 최적 파라미터: {'n_estimators': 500, 'max_depth': 20, 'min_samples_split': 15, 'min_samples_leaf': 6, 'max_features': 0.24041677639819287, 'class_weight': None}
2025-07-02 10:58:41,963 - ModelingPipeline - INFO - CV 메트릭 계산 시작 (NORMAL)
2025-07-02 10:59:04,560 - ModelingPipeline - INFO - 최적화된 CV 완료: AUC=0.4942(±0.0478), AP=0.0058(±0.0008), F1=0.0000(±0.0000)
2025-07-02 10:59:04,560 - ModelingPipeline - INFO - CV 메트릭 계산 완료 - AUC: 0.4942, AP: 0.0058, F1: 0.0000
2025-07-02 10:59:04,581 - ModelingPipeline - INFO - xgboost 최적화 시작 (NORMAL)
2025-07-02 10:59:04,581 - ModelingPipeline - INFO - XGBoost 클래스 불균형 처리: scale_pos_weight
2025-07-02 10:59:04,581 - ModelingPipeline - INFO - scale_pos_weight = 175.42 (설정: auto)
2025-07-02 10:59:04,581 - ModelingPipeline - INFO - 최적화 메트릭: F1
2025-07-02 10:59:06,744 - ModelingPipeline - INFO - Trial 1/2 - Current: 0.0000, Best: 0.0000
2025-07-02 10:59:09,374 - ModelingPipeline - INFO - Trial 2/2 - Current: 0.0000, Best: 0.0000
2025-07-02 10:59:09,836 - ModelingPipeline - INFO - 최적 AUC: 0.0000
2025-07-02 10:59:09,836 - ModelingPipeline - INFO - 최적 파라미터: {'n_estimators': 425, 'max_depth': 10, 'learning_rate': 0.2209382128343645, 'subsample': 0.8394633936788146, 'colsample_bytree': 0.6624074561769746, 'reg_alpha': 1.5599452033620265, 'reg_lambda': 1.5227525095137953, 'scale_pos_weight': np.float64(175.41836734693877)}
2025-07-02 10:59:09,837 - ModelingPipeline - INFO - CV 메트릭 계산 시작 (NORMAL)
2025-07-02 10:59:12,059 - ModelingPipeline - INFO - 최적화된 CV 완료: AUC=0.2340(±0.0644), AP=0.0037(±0.0002), F1=0.0000(±0.0000)
2025-07-02 10:59:12,059 - ModelingPipeline - INFO - CV 메트릭 계산 완료 - AUC: 0.2340, AP: 0.0037, F1: 0.0000
2025-07-02 10:59:12,060 - ModelingPipeline - INFO - SMOTE 데이터 처리
2025-07-02 10:59:12,060 - ModelingPipeline - INFO - logistic_regression 최적화 시작 (SMOTE)
2025-07-02 10:59:12,061 - ModelingPipeline - INFO - Logistic Regression 클래스 불균형 가중치: class_weight=None
2025-07-02 10:59:12,061 - ModelingPipeline - INFO - 최적화 메트릭: F1
2025-07-02 10:59:12,414 - ModelingPipeline - INFO - Trial 1/2 - Current: 0.0124, Best: 0.0124
2025-07-02 10:59:12,784 - ModelingPipeline - INFO - Trial 2/2 - Current: 0.0124, Best: 0.0124
2025-07-02 10:59:12,861 - ModelingPipeline - INFO - 최적 AUC: 0.0124
2025-07-02 10:59:12,862 - ModelingPipeline - INFO - 최적 파라미터: {'C': 2.5378155082656653, 'max_iter': 7110, 'penalty': 'l2', 'solver': 'liblinear', 'tol': 0.0001, 'class_weight': None}
2025-07-02 10:59:12,862 - ModelingPipeline - INFO - CV 메트릭 계산 시작 (SMOTE)
2025-07-02 10:59:13,237 - ModelingPipeline - INFO - 최적화된 CV 완료: AUC=0.6109(±0.1115), AP=0.0082(±0.0025), F1=0.0124(±0.0016)
2025-07-02 10:59:13,238 - ModelingPipeline - INFO - CV 메트릭 계산 완료 - AUC: 0.6109, AP: 0.0082, F1: 0.0124
2025-07-02 10:59:13,238 - ModelingPipeline - INFO - random_forest 최적화 시작 (SMOTE)
2025-07-02 10:59:13,238 - ModelingPipeline - INFO - Random Forest 클래스 불균형 가중치: class_weight=None
2025-07-02 10:59:13,238 - ModelingPipeline - INFO - 최적화 메트릭: F1
2025-07-02 10:59:20,554 - ModelingPipeline - INFO - Trial 1/2 - Current: 0.0000, Best: 0.0000
2025-07-02 10:59:30,596 - ModelingPipeline - INFO - Trial 2/2 - Current: 0.0000, Best: 0.0000
2025-07-02 10:59:41,552 - ModelingPipeline - INFO - 최적 AUC: 0.0000
2025-07-02 10:59:41,552 - ModelingPipeline - INFO - 최적 파라미터: {'n_estimators': 500, 'max_depth': 20, 'min_samples_split': 15, 'min_samples_leaf': 6, 'max_features': 0.24041677639819287, 'class_weight': None}
2025-07-02 10:59:41,552 - ModelingPipeline - INFO - CV 메트릭 계산 시작 (SMOTE)
2025-07-02 11:00:29,372 - ModelingPipeline - INFO - 최적화된 CV 완료: AUC=0.2488(±0.0689), AP=0.0053(±0.0014), F1=0.0000(±0.0000)
2025-07-02 11:00:29,373 - ModelingPipeline - INFO - CV 메트릭 계산 완료 - AUC: 0.2488, AP: 0.0053, F1: 0.0000
2025-07-02 11:00:29,394 - ModelingPipeline - INFO - xgboost 최적화 시작 (SMOTE)
2025-07-02 11:00:29,395 - ModelingPipeline - INFO - XGBoost 클래스 불균형 처리: scale_pos_weight
2025-07-02 11:00:29,395 - ModelingPipeline - INFO - scale_pos_weight = 175.42 (설정: auto)
2025-07-02 11:00:29,395 - ModelingPipeline - INFO - 최적화 메트릭: F1
2025-07-02 11:00:32,689 - ModelingPipeline - INFO - Trial 1/2 - Current: 0.0000, Best: 0.0000
2025-07-02 11:00:36,223 - ModelingPipeline - INFO - Trial 2/2 - Current: 0.0000, Best: 0.0000
2025-07-02 11:00:36,885 - ModelingPipeline - INFO - 최적 AUC: 0.0000
2025-07-02 11:00:36,885 - ModelingPipeline - INFO - 최적 파라미터: {'n_estimators': 425, 'max_depth': 10, 'learning_rate': 0.2209382128343645, 'subsample': 0.8394633936788146, 'colsample_bytree': 0.6624074561769746, 'reg_alpha': 1.5599452033620265, 'reg_lambda': 1.5227525095137953, 'scale_pos_weight': np.float64(175.41836734693877)}
2025-07-02 11:00:36,886 - ModelingPipeline - INFO - CV 메트릭 계산 시작 (SMOTE)
2025-07-02 11:00:40,095 - ModelingPipeline - INFO - 최적화된 CV 완료: AUC=0.2800(±0.0585), AP=0.0039(±0.0002), F1=0.0000(±0.0000)
2025-07-02 11:00:40,096 - ModelingPipeline - INFO - CV 메트릭 계산 완료 - AUC: 0.2800, AP: 0.0039, F1: 0.0000
2025-07-02 11:00:40,096 - ModelingPipeline - INFO - UNDERSAMPLING 데이터 처리
2025-07-02 11:00:40,097 - ModelingPipeline - INFO - logistic_regression 최적화 시작 (UNDERSAMPLING)
2025-07-02 11:00:40,097 - ModelingPipeline - INFO - Logistic Regression 클래스 불균형 가중치: class_weight=None
2025-07-02 11:00:40,097 - ModelingPipeline - INFO - 최적화 메트릭: F1
2025-07-02 11:00:40,588 - ModelingPipeline - INFO - Trial 1/2 - Current: 0.0122, Best: 0.0122
2025-07-02 11:00:41,135 - ModelingPipeline - INFO - Trial 2/2 - Current: 0.0122, Best: 0.0122
2025-07-02 11:00:41,360 - ModelingPipeline - INFO - 최적 AUC: 0.0122
2025-07-02 11:00:41,360 - ModelingPipeline - INFO - 최적 파라미터: {'C': 2.5378155082656653, 'max_iter': 7110, 'penalty': 'l2', 'solver': 'liblinear', 'tol': 0.0001, 'class_weight': None}
2025-07-02 11:00:41,360 - ModelingPipeline - INFO - CV 메트릭 계산 시작 (UNDERSAMPLING)
2025-07-02 11:00:41,938 - ModelingPipeline - INFO - 최적화된 CV 완료: AUC=0.7058(±0.0481), AP=0.0112(±0.0022), F1=0.0122(±0.0003)
2025-07-02 11:00:41,939 - ModelingPipeline - INFO - CV 메트릭 계산 완료 - AUC: 0.7058, AP: 0.0112, F1: 0.0122
2025-07-02 11:00:41,939 - ModelingPipeline - INFO - random_forest 최적화 시작 (UNDERSAMPLING)
2025-07-02 11:00:41,939 - ModelingPipeline - INFO - Random Forest 클래스 불균형 가중치: class_weight=None
2025-07-02 11:00:41,939 - ModelingPipeline - INFO - 최적화 메트릭: F1
2025-07-02 11:00:46,387 - ModelingPipeline - INFO - Trial 1/2 - Current: 0.0000, Best: 0.0000
2025-07-02 11:00:53,978 - ModelingPipeline - INFO - Trial 2/2 - Current: 0.0000, Best: 0.0000
2025-07-02 11:00:59,594 - ModelingPipeline - INFO - 최적 AUC: 0.0000
2025-07-02 11:00:59,594 - ModelingPipeline - INFO - 최적 파라미터: {'n_estimators': 500, 'max_depth': 20, 'min_samples_split': 15, 'min_samples_leaf': 6, 'max_features': 0.24041677639819287, 'class_weight': None}
2025-07-02 11:00:59,595 - ModelingPipeline - INFO - CV 메트릭 계산 시작 (UNDERSAMPLING)
2025-07-02 11:01:22,939 - ModelingPipeline - INFO - 최적화된 CV 완료: AUC=0.4865(±0.0809), AP=0.0059(±0.0011), F1=0.0000(±0.0000)
2025-07-02 11:01:22,939 - ModelingPipeline - INFO - CV 메트릭 계산 완료 - AUC: 0.4865, AP: 0.0059, F1: 0.0000
2025-07-02 11:01:22,960 - ModelingPipeline - INFO - xgboost 최적화 시작 (UNDERSAMPLING)
2025-07-02 11:01:22,961 - ModelingPipeline - INFO - XGBoost 클래스 불균형 처리: scale_pos_weight
2025-07-02 11:01:22,961 - ModelingPipeline - INFO - scale_pos_weight = 175.42 (설정: auto)
2025-07-02 11:01:22,961 - ModelingPipeline - INFO - 최적화 메트릭: F1
2025-07-02 11:01:25,896 - ModelingPipeline - INFO - Trial 1/2 - Current: 0.0000, Best: 0.0000
2025-07-02 11:01:29,233 - ModelingPipeline - INFO - Trial 2/2 - Current: 0.0000, Best: 0.0000
2025-07-02 11:01:29,873 - ModelingPipeline - INFO - 최적 AUC: 0.0000
2025-07-02 11:01:29,874 - ModelingPipeline - INFO - 최적 파라미터: {'n_estimators': 425, 'max_depth': 10, 'learning_rate': 0.2209382128343645, 'subsample': 0.8394633936788146, 'colsample_bytree': 0.6624074561769746, 'reg_alpha': 1.5599452033620265, 'reg_lambda': 1.5227525095137953, 'scale_pos_weight': np.float64(175.41836734693877)}
2025-07-02 11:01:29,874 - ModelingPipeline - INFO - CV 메트릭 계산 시작 (UNDERSAMPLING)
2025-07-02 11:01:32,742 - ModelingPipeline - INFO - 최적화된 CV 완료: AUC=0.2592(±0.0486), AP=0.0038(±0.0001), F1=0.0000(±0.0000)
2025-07-02 11:01:32,743 - ModelingPipeline - INFO - CV 메트릭 계산 완료 - AUC: 0.2592, AP: 0.0038, F1: 0.0000
2025-07-02 11:01:32,743 - ModelingPipeline - INFO - COMBINED 데이터 처리
2025-07-02 11:01:32,744 - ModelingPipeline - INFO - logistic_regression 최적화 시작 (COMBINED)
2025-07-02 11:01:32,744 - ModelingPipeline - INFO - Logistic Regression 클래스 불균형 가중치: class_weight=None
2025-07-02 11:01:32,744 - ModelingPipeline - INFO - 최적화 메트릭: F1
2025-07-02 11:01:33,671 - ModelingPipeline - INFO - Trial 1/2 - Current: 0.0121, Best: 0.0121
2025-07-02 11:01:34,753 - ModelingPipeline - INFO - Trial 2/2 - Current: 0.0121, Best: 0.0121
2025-07-02 11:01:36,048 - ModelingPipeline - INFO - 최적 AUC: 0.0121
2025-07-02 11:01:36,048 - ModelingPipeline - INFO - 최적 파라미터: {'C': 2.481040974867812, 'max_iter': 1644, 'penalty': 'l2', 'solver': 'lbfgs', 'tol': 0.0001, 'class_weight': None}
2025-07-02 11:01:36,049 - ModelingPipeline - INFO - CV 메트릭 계산 시작 (COMBINED)
2025-07-02 11:01:37,147 - ModelingPipeline - INFO - 최적화된 CV 완료: AUC=0.6133(±0.1096), AP=0.0084(±0.0027), F1=0.0121(±0.0015)
2025-07-02 11:01:37,147 - ModelingPipeline - INFO - CV 메트릭 계산 완료 - AUC: 0.6133, AP: 0.0084, F1: 0.0121
2025-07-02 11:01:37,147 - ModelingPipeline - INFO - random_forest 최적화 시작 (COMBINED)
2025-07-02 11:01:37,147 - ModelingPipeline - INFO - Random Forest 클래스 불균형 가중치: class_weight=None
2025-07-02 11:01:37,147 - ModelingPipeline - INFO - 최적화 메트릭: F1
2025-07-02 11:01:43,383 - ModelingPipeline - INFO - Trial 1/2 - Current: 0.0000, Best: 0.0000
2025-07-02 11:01:52,990 - ModelingPipeline - INFO - Trial 2/2 - Current: 0.0000, Best: 0.0000
2025-07-02 11:02:00,853 - ModelingPipeline - INFO - 최적 AUC: 0.0000
2025-07-02 11:02:00,853 - ModelingPipeline - INFO - 최적 파라미터: {'n_estimators': 500, 'max_depth': 20, 'min_samples_split': 15, 'min_samples_leaf': 6, 'max_features': 0.24041677639819287, 'class_weight': None}
2025-07-02 11:02:00,854 - ModelingPipeline - INFO - CV 메트릭 계산 시작 (COMBINED)
2025-07-02 11:02:34,993 - ModelingPipeline - INFO - 최적화된 CV 완료: AUC=0.2072(±0.0909), AP=0.0045(±0.0004), F1=0.0000(±0.0000)
2025-07-02 11:02:34,994 - ModelingPipeline - INFO - CV 메트릭 계산 완료 - AUC: 0.2072, AP: 0.0045, F1: 0.0000
2025-07-02 11:02:35,015 - ModelingPipeline - INFO - xgboost 최적화 시작 (COMBINED)
2025-07-02 11:02:35,015 - ModelingPipeline - INFO - XGBoost 클래스 불균형 처리: scale_pos_weight
2025-07-02 11:02:35,015 - ModelingPipeline - INFO - scale_pos_weight = 175.42 (설정: auto)
2025-07-02 11:02:35,015 - ModelingPipeline - INFO - 최적화 메트릭: F1
2025-07-02 11:02:38,825 - ModelingPipeline - INFO - Trial 1/2 - Current: 0.0000, Best: 0.0000
2025-07-02 11:02:43,061 - ModelingPipeline - INFO - Trial 2/2 - Current: 0.0000, Best: 0.0000
2025-07-02 11:02:43,906 - ModelingPipeline - INFO - 최적 AUC: 0.0000
2025-07-02 11:02:43,906 - ModelingPipeline - INFO - 최적 파라미터: {'n_estimators': 425, 'max_depth': 10, 'learning_rate': 0.2209382128343645, 'subsample': 0.8394633936788146, 'colsample_bytree': 0.6624074561769746, 'reg_alpha': 1.5599452033620265, 'reg_lambda': 1.5227525095137953, 'scale_pos_weight': np.float64(175.41836734693877)}
2025-07-02 11:02:43,906 - ModelingPipeline - INFO - CV 메트릭 계산 시작 (COMBINED)
2025-07-02 11:02:47,720 - ModelingPipeline - INFO - 최적화된 CV 완료: AUC=0.2675(±0.0122), AP=0.0039(±0.0001), F1=0.0000(±0.0000)
2025-07-02 11:02:47,720 - ModelingPipeline - INFO - CV 메트릭 계산 완료 - AUC: 0.2675, AP: 0.0039, F1: 0.0000
2025-07-02 11:02:47,720 - ModelingPipeline - INFO - 모든 모델 평가 및 Threshold 최적화
2025-07-02 11:02:47,732 - ModelingPipeline - INFO - logistic_regression_normal 최적 Threshold 탐색
2025-07-02 11:02:47,732 - ModelingPipeline - INFO - 임계값 범위: 0.0010 ~ 0.5000 (3000개 점)
2025-07-02 11:02:50,946 - ModelingPipeline - INFO - 최종 선택: 0.500 (F1: 0.0152)
2025-07-02 11:02:50,963 - ModelingPipeline - INFO - logistic_regression_normal 최종 평가 (Threshold: 0.500):
2025-07-02 11:02:50,963 - ModelingPipeline - INFO - 검증 - AUC: 0.7116, F1: 0.0152
2025-07-02 11:02:50,963 - ModelingPipeline - INFO - 테스트 - AUC: 0.5906, F1: 0.0094
2025-07-02 11:02:50,996 - ModelingPipeline - INFO - random_forest_normal 최적 Threshold 탐색
2025-07-02 11:02:50,996 - ModelingPipeline - INFO - 임계값 범위: 0.0010 ~ 0.5000 (3000개 점)
2025-07-02 11:02:51,936 - ModelingPipeline - INFO - 최종 선택: 0.015 (F1: 0.0557)
2025-07-02 11:02:52,070 - ModelingPipeline - INFO - random_forest_normal 최종 평가 (Threshold: 0.015):
2025-07-02 11:02:52,070 - ModelingPipeline - INFO - 검증 - AUC: 0.8163, F1: 0.0557
2025-07-02 11:02:52,070 - ModelingPipeline - INFO - 테스트 - AUC: 0.8802, F1: 0.0414
2025-07-02 11:02:52,081 - ModelingPipeline - INFO - xgboost_normal 최적 Threshold 탐색
2025-07-02 11:02:52,082 - ModelingPipeline - INFO - 임계값 범위: 0.0010 ~ 0.5000 (3000개 점)
2025-07-02 11:02:53,435 - ModelingPipeline - INFO - 최종 선택: 0.001 (F1: 0.0000)
2025-07-02 11:02:53,458 - ModelingPipeline - INFO - xgboost_normal 최종 평가 (Threshold: 0.001):
2025-07-02 11:02:53,458 - ModelingPipeline - INFO - 검증 - AUC: 0.8547, F1: 0.0000
2025-07-02 11:02:53,458 - ModelingPipeline - INFO - 테스트 - AUC: 0.8986, F1: 0.0000
2025-07-02 11:02:53,477 - ModelingPipeline - INFO - logistic_regression_smote 최적 Threshold 탐색
2025-07-02 11:02:53,478 - ModelingPipeline - INFO - 임계값 범위: 0.0010 ~ 0.5000 (3000개 점)
2025-07-02 11:02:53,770 - ModelingPipeline - INFO - 최종 선택: 0.499 (F1: 0.0130)
2025-07-02 11:02:53,796 - ModelingPipeline - INFO - logistic_regression_smote 최종 평가 (Threshold: 0.499):
2025-07-02 11:02:53,796 - ModelingPipeline - INFO - 검증 - AUC: 0.5173, F1: 0.0130
2025-07-02 11:02:53,796 - ModelingPipeline - INFO - 테스트 - AUC: 0.4110, F1: 0.0112
2025-07-02 11:02:53,836 - ModelingPipeline - INFO - random_forest_smote 최적 Threshold 탐색
2025-07-02 11:02:53,836 - ModelingPipeline - INFO - 임계값 범위: 0.0010 ~ 0.5000 (3000개 점)
2025-07-02 11:02:55,424 - ModelingPipeline - INFO - 최종 선택: 0.039 (F1: 0.1146)
2025-07-02 11:02:55,607 - ModelingPipeline - INFO - random_forest_smote 최종 평가 (Threshold: 0.039):
2025-07-02 11:02:55,608 - ModelingPipeline - INFO - 검증 - AUC: 0.8747, F1: 0.1146
2025-07-02 11:02:55,608 - ModelingPipeline - INFO - 테스트 - AUC: 0.9232, F1: 0.1040
2025-07-02 11:02:55,627 - ModelingPipeline - INFO - xgboost_smote 최적 Threshold 탐색
2025-07-02 11:02:55,627 - ModelingPipeline - INFO - 임계값 범위: 0.0010 ~ 0.5000 (3000개 점)
2025-07-02 11:02:56,286 - ModelingPipeline - INFO - 최종 선택: 0.001 (F1: 0.0000)
2025-07-02 11:02:56,320 - ModelingPipeline - INFO - xgboost_smote 최종 평가 (Threshold: 0.001):
2025-07-02 11:02:56,320 - ModelingPipeline - INFO - 검증 - AUC: 0.7783, F1: 0.0000
2025-07-02 11:02:56,320 - ModelingPipeline - INFO - 테스트 - AUC: 0.6040, F1: 0.0000
2025-07-02 11:02:56,419 - ModelingPipeline - INFO - logistic_regression_undersampling 최적 Threshold 탐색
2025-07-02 11:02:56,419 - ModelingPipeline - INFO - 임계값 범위: 0.0010 ~ 0.5000 (3000개 점)
2025-07-02 11:03:00,124 - ModelingPipeline - INFO - 최종 선택: 0.495 (F1: 0.0168)
2025-07-02 11:03:00,141 - ModelingPipeline - INFO - logistic_regression_undersampling 최종 평가 (Threshold: 0.495):
2025-07-02 11:03:00,141 - ModelingPipeline - INFO - 검증 - AUC: 0.7342, F1: 0.0168
2025-07-02 11:03:00,141 - ModelingPipeline - INFO - 테스트 - AUC: 0.6260, F1: 0.0128
2025-07-02 11:03:00,276 - ModelingPipeline - INFO - random_forest_undersampling 최적 Threshold 탐색
2025-07-02 11:03:00,276 - ModelingPipeline - INFO - 임계값 범위: 0.0010 ~ 0.5000 (3000개 점)
2025-07-02 11:03:01,621 - ModelingPipeline - INFO - 최종 선택: 0.032 (F1: 0.0717)
2025-07-02 11:03:01,757 - ModelingPipeline - INFO - random_forest_undersampling 최종 평가 (Threshold: 0.032):
2025-07-02 11:03:01,757 - ModelingPipeline - INFO - 검증 - AUC: 0.8220, F1: 0.0717
2025-07-02 11:03:01,757 - ModelingPipeline - INFO - 테스트 - AUC: 0.8704, F1: 0.0458
2025-07-02 11:03:01,856 - ModelingPipeline - INFO - xgboost_undersampling 최적 Threshold 탐색
2025-07-02 11:03:01,856 - ModelingPipeline - INFO - 임계값 범위: 0.0010 ~ 0.5000 (3000개 점)
2025-07-02 11:03:03,205 - ModelingPipeline - INFO - 최종 선택: 0.001 (F1: 0.0000)
2025-07-02 11:03:03,227 - ModelingPipeline - INFO - xgboost_undersampling 최종 평가 (Threshold: 0.001):
2025-07-02 11:03:03,227 - ModelingPipeline - INFO - 검증 - AUC: 0.8582, F1: 0.0000
2025-07-02 11:03:03,227 - ModelingPipeline - INFO - 테스트 - AUC: 0.8487, F1: 0.0000
2025-07-02 11:03:03,438 - ModelingPipeline - INFO - logistic_regression_combined 최적 Threshold 탐색
2025-07-02 11:03:03,438 - ModelingPipeline - INFO - 임계값 범위: 0.0010 ~ 0.5000 (3000개 점)
2025-07-02 11:03:09,537 - ModelingPipeline - INFO - 최종 선택: 0.500 (F1: 0.0184)
2025-07-02 11:03:09,559 - ModelingPipeline - INFO - logistic_regression_combined 최종 평가 (Threshold: 0.500):
2025-07-02 11:03:09,559 - ModelingPipeline - INFO - 검증 - AUC: 0.7925, F1: 0.0184
2025-07-02 11:03:09,559 - ModelingPipeline - INFO - 테스트 - AUC: 0.7374, F1: 0.0175
2025-07-02 11:03:09,796 - ModelingPipeline - INFO - random_forest_combined 최적 Threshold 탐색
2025-07-02 11:03:09,796 - ModelingPipeline - INFO - 임계값 범위: 0.0010 ~ 0.5000 (3000개 점)
2025-07-02 11:03:11,207 - ModelingPipeline - INFO - 최종 선택: 0.023 (F1: 0.0627)
2025-07-02 11:03:11,371 - ModelingPipeline - INFO - random_forest_combined 최종 평가 (Threshold: 0.023):
2025-07-02 11:03:11,371 - ModelingPipeline - INFO - 검증 - AUC: 0.8488, F1: 0.0627
2025-07-02 11:03:11,371 - ModelingPipeline - INFO - 테스트 - AUC: 0.8864, F1: 0.0420
2025-07-02 11:03:11,579 - ModelingPipeline - INFO - xgboost_combined 최적 Threshold 탐색
2025-07-02 11:03:11,579 - ModelingPipeline - INFO - 임계값 범위: 0.0010 ~ 0.5000 (3000개 점)
2025-07-02 11:03:14,351 - ModelingPipeline - INFO - 최종 선택: 0.001 (F1: 0.0833)
2025-07-02 11:03:14,380 - ModelingPipeline - INFO - xgboost_combined 최종 평가 (Threshold: 0.001):
2025-07-02 11:03:14,380 - ModelingPipeline - INFO - 검증 - AUC: 0.9102, F1: 0.0833
2025-07-02 11:03:14,380 - ModelingPipeline - INFO - 테스트 - AUC: 0.8902, F1: 0.0357
2025-07-02 11:03:14,380 - ModelingPipeline - INFO - 앙상블 모델 실행 시작
2025-07-02 11:03:14,383 - ModelingPipeline - INFO - 앙상블에 추가: logistic_regression_normal
2025-07-02 11:03:14,383 - ModelingPipeline - INFO - 앙상블에 추가: logistic_regression_smote
2025-07-02 11:03:14,383 - ModelingPipeline - INFO - 앙상블에 추가: logistic_regression_undersampling
2025-07-02 11:03:14,383 - ModelingPipeline - INFO - 앙상블에 추가: logistic_regression_combined
2025-07-02 11:03:14,383 - ModelingPipeline - INFO - 앙상블에 추가: random_forest_normal
2025-07-02 11:03:14,383 - ModelingPipeline - INFO - 앙상블에 추가: random_forest_smote
2025-07-02 11:03:14,383 - ModelingPipeline - INFO - 앙상블에 추가: random_forest_undersampling
2025-07-02 11:03:14,383 - ModelingPipeline - INFO - 앙상블에 추가: random_forest_combined
2025-07-02 11:03:14,383 - ModelingPipeline - INFO - 앙상블에 추가: xgboost_normal
2025-07-02 11:03:14,383 - ModelingPipeline - INFO - 앙상블에 추가: xgboost_smote
2025-07-02 11:03:14,383 - ModelingPipeline - INFO - 앙상블에 추가: xgboost_undersampling
2025-07-02 11:03:14,383 - ModelingPipeline - INFO - 앙상블에 추가: xgboost_combined
2025-07-02 11:03:14,651 - ModelingPipeline - INFO - 앙상블 모델 완료 - Test AUC: 0.8588, F1: 0.0000
2025-07-02 11:03:14,998 - ModelingPipeline - INFO - 앙상블 모델 저장: /Users/jojongho/KDT/P2_Default-invest/outputs/modeling_runs/default_modeling_run_20250702_105818/models/ensemble_model_model.joblib
2025-07-02 11:03:14,998 - ModelingPipeline - INFO - 시각화 생성 시작
2025-07-02 11:03:21,701 - ModelingPipeline - INFO - Train vs Test 비교 시각화 완료
2025-07-02 11:03:21,826 - ModelingPipeline - INFO - 시각화 생성 완료
2025-07-02 11:03:21,826 - ModelingPipeline - INFO - 결과 저장 시작
2025-07-02 11:03:21,827 - ModelingPipeline - INFO - logistic_regression_normal 모델 저장: /Users/jojongho/KDT/P2_Default-invest/outputs/modeling_runs/default_modeling_run_20250702_105818/models/logistic_regression_normal_model.joblib
2025-07-02 11:03:21,901 - ModelingPipeline - INFO - random_forest_normal 모델 저장: /Users/jojongho/KDT/P2_Default-invest/outputs/modeling_runs/default_modeling_run_20250702_105818/models/random_forest_normal_model.joblib
2025-07-02 11:03:21,904 - ModelingPipeline - INFO - xgboost_normal 모델 저장: /Users/jojongho/KDT/P2_Default-invest/outputs/modeling_runs/default_modeling_run_20250702_105818/models/xgboost_normal_model.joblib
2025-07-02 11:03:21,905 - ModelingPipeline - INFO - logistic_regression_smote 모델 저장: /Users/jojongho/KDT/P2_Default-invest/outputs/modeling_runs/default_modeling_run_20250702_105818/models/logistic_regression_smote_model.joblib
2025-07-02 11:03:21,974 - ModelingPipeline - INFO - random_forest_smote 모델 저장: /Users/jojongho/KDT/P2_Default-invest/outputs/modeling_runs/default_modeling_run_20250702_105818/models/random_forest_smote_model.joblib
2025-07-02 11:03:21,980 - ModelingPipeline - INFO - xgboost_smote 모델 저장: /Users/jojongho/KDT/P2_Default-invest/outputs/modeling_runs/default_modeling_run_20250702_105818/models/xgboost_smote_model.joblib
2025-07-02 11:03:21,981 - ModelingPipeline - INFO - logistic_regression_undersampling 모델 저장: /Users/jojongho/KDT/P2_Default-invest/outputs/modeling_runs/default_modeling_run_20250702_105818/models/logistic_regression_undersampling_model.joblib
2025-07-02 11:03:22,173 - ModelingPipeline - INFO - random_forest_undersampling 모델 저장: /Users/jojongho/KDT/P2_Default-invest/outputs/modeling_runs/default_modeling_run_20250702_105818/models/random_forest_undersampling_model.joblib
2025-07-02 11:03:22,175 - ModelingPipeline - INFO - xgboost_undersampling 모델 저장: /Users/jojongho/KDT/P2_Default-invest/outputs/modeling_runs/default_modeling_run_20250702_105818/models/xgboost_undersampling_model.joblib
2025-07-02 11:03:22,176 - ModelingPipeline - INFO - logistic_regression_combined 모델 저장: /Users/jojongho/KDT/P2_Default-invest/outputs/modeling_runs/default_modeling_run_20250702_105818/models/logistic_regression_combined_model.joblib
2025-07-02 11:03:22,244 - ModelingPipeline - INFO - random_forest_combined 모델 저장: /Users/jojongho/KDT/P2_Default-invest/outputs/modeling_runs/default_modeling_run_20250702_105818/models/random_forest_combined_model.joblib
2025-07-02 11:03:22,246 - ModelingPipeline - INFO - xgboost_combined 모델 저장: /Users/jojongho/KDT/P2_Default-invest/outputs/modeling_runs/default_modeling_run_20250702_105818/models/xgboost_combined_model.joblib
2025-07-02 11:03:22,523 - ModelingPipeline - INFO - ensemble_model 모델 저장: /Users/jojongho/KDT/P2_Default-invest/outputs/modeling_runs/default_modeling_run_20250702_105818/models/ensemble_model_model.joblib
2025-07-02 11:03:23,028 - ModelingPipeline - INFO - 전체 결과 저장: /Users/jojongho/KDT/P2_Default-invest/outputs/modeling_runs/default_modeling_run_20250702_105818/results/modeling_results.json
2025-07-02 11:03:23,029 - ModelingPipeline - INFO - 설정 저장: /Users/jojongho/KDT/P2_Default-invest/outputs/modeling_runs/default_modeling_run_20250702_105818/modeling_config.json
2025-07-02 11:03:23,030 - ModelingPipeline - INFO - 실행 결과 요약:
2025-07-02 11:03:23,034 - ModelingPipeline - INFO - 
                  Model        Data_Type  Optimal_Threshold  CV_AUC  CV_AUC_Mean  CV_AP_Mean  CV_F1_Mean  Val_AUC  Val_F1  Test_AUC  Test_Precision  Test_Recall  Test_F1  Test_Balanced_Acc  Test_Average_Precision
0   logistic_regression           NORMAL             0.5000  0.0122       0.7063      0.0113      0.0122   0.7116  0.0152    0.5906          0.0047          0.5   0.0094             0.5040                  0.0173
1         random_forest           NORMAL             0.0147  0.0000       0.4942      0.0058      0.0000   0.8163  0.0557    0.8802          0.0212          0.9   0.0414             0.8528                  0.0215
2               xgboost           NORMAL             0.0010  0.0000       0.2340      0.0037      0.0000   0.8547  0.0000    0.8986          0.0000          0.0   0.0000             0.4914                  0.0285
3   logistic_regression            SMOTE             0.4990  0.0124       0.6109      0.0082      0.0124   0.5173  0.0130    0.4110          0.0056          0.9   0.0112             0.5780                  0.0041
4         random_forest            SMOTE             0.0395  0.0000       0.2488      0.0053      0.0000   0.8747  0.1146    0.9232          0.0552          0.9   0.1040             0.9140                  0.0356
5               xgboost            SMOTE             0.0010  0.0000       0.2800      0.0039      0.0000   0.7783  0.0000    0.6040          0.0000          0.0   0.0000             0.4960                  0.0170
6   logistic_regression    UNDERSAMPLING             0.4947  0.0122       0.7058      0.0112      0.0122   0.7342  0.0168    0.6260          0.0065          0.7   0.0128             0.5984                  0.0169
7         random_forest    UNDERSAMPLING             0.0318  0.0000       0.4865      0.0059      0.0000   0.8220  0.0717    0.8704          0.0236          0.8   0.0458             0.8227                  0.0185
8               xgboost    UNDERSAMPLING             0.0010  0.0000       0.2592      0.0038      0.0000   0.8582  0.0000    0.8487          0.0000          0.0   0.0000             0.4949                  0.0270
9   logistic_regression         COMBINED             0.5000  0.0121       0.6133      0.0084      0.0121   0.7925  0.0184    0.7374          0.0088          0.9   0.0175             0.7143                  0.0204
10        random_forest         COMBINED             0.0231  0.0000       0.2072      0.0045      0.0000   0.8488  0.0627    0.8864          0.0216          0.8   0.0420             0.8152                  0.0232
11              xgboost         COMBINED             0.0010  0.0000       0.2675      0.0039      0.0000   0.9102  0.0833    0.8902          0.0217          0.1   0.0357             0.5395                  0.0229
12             ensemble  COMBINED_MODELS             0.3500  0.0124       0.0124      0.0000      0.0000   0.8588  0.0000    0.8588          0.0000          0.0   0.0000             0.4946                  0.0171
2025-07-02 11:03:23,034 - ModelingPipeline - INFO - 요약 테이블 저장: /Users/jojongho/KDT/P2_Default-invest/outputs/modeling_runs/default_modeling_run_20250702_105818/results/summary_table.csv
2025-07-02 11:03:23,035 - ModelingPipeline - INFO - === 모델링 파이프라인 완료 ===
