2025-06-28 22:24:12,204 - ModelingPipeline - INFO - 모델링 파이프라인이 초기화되었습니다.
2025-06-28 22:24:12,204 - ModelingPipeline - INFO - 실행 이름: default_modeling_run_20250628_222412
2025-06-28 22:24:12,204 - ModelingPipeline - INFO - 출력 경로: /Users/jojongho/KDT/P2_Default-invest/outputs/modeling_runs/default_modeling_run_20250628_222412
2025-06-28 22:24:12,204 - ModelingPipeline - INFO - === 모델링 파이프라인 시작 ===
2025-06-28 22:24:12,204 - ModelingPipeline - INFO - 데이터 로드 시작
2025-06-28 22:24:12,204 - ModelingPipeline - INFO - 오버라이드된 데이터 경로 사용: data/final
2025-06-28 22:24:12,369 - ModelingPipeline - INFO - Train: (9795, 118), 부실비율: 0.97%
2025-06-28 22:24:12,369 - ModelingPipeline - INFO - Validation: (5984, 118), 부실비율: 0.64%
2025-06-28 22:24:12,369 - ModelingPipeline - INFO - Test: (6706, 118), 부실비율: 0.30%
2025-06-28 22:24:12,370 - ModelingPipeline - INFO - 모든 모델 실행 시작
2025-06-28 22:24:12,370 - ModelingPipeline - INFO - 특성 선택 방법: SHAP (NORMAL)
2025-06-28 22:24:12,841 - ModelingPipeline - INFO - SHAP 기본 모델: random_forest
2025-06-28 22:24:12,841 - ModelingPipeline - INFO - 기본 모델 훈련 중...
2025-06-28 22:24:14,593 - ModelingPipeline - INFO - SHAP Explainer 생성 중...
2025-06-28 22:24:14,602 - ModelingPipeline - INFO - SHAP 값 계산 중...
2025-06-28 22:24:18,645 - ModelingPipeline - INFO - SHAP 값 배열 형태: (2000, 118)
2025-06-28 22:24:18,645 - ModelingPipeline - INFO - 평균 절댓값 SHAP 형태: (118,)
2025-06-28 22:24:18,645 - ModelingPipeline - INFO - 특성 개수: 118
2025-06-28 22:24:18,645 - ModelingPipeline - INFO - 임계값: 0.002388
2025-06-28 22:24:18,646 - ModelingPipeline - INFO - 평균 |SHAP|: 0.004453 (±0.005014)
2025-06-28 22:24:18,649 - ModelingPipeline - INFO - 선택된 특성: 10/118
2025-06-28 22:24:18,650 - ModelingPipeline - INFO - 활성화된 데이터 타입: ['normal', 'smote', 'undersampling']
2025-06-28 22:24:18,650 - ModelingPipeline - INFO - 활성화된 모델: ['logistic_regression', 'random_forest', 'xgboost']
2025-06-28 22:24:18,650 - ModelingPipeline - INFO - NORMAL 데이터 처리
2025-06-28 22:24:18,650 - ModelingPipeline - INFO - logistic_regression 최적화 시작 (NORMAL)
2025-06-28 22:24:18,650 - ModelingPipeline - INFO - Logistic Regression 클래스 불균형 가중치: class_weight=None
2025-06-28 22:24:18,650 - ModelingPipeline - INFO - 최적화 메트릭: AVERAGE_PRECISION
2025-06-28 22:24:18,742 - ModelingPipeline - INFO - CV 완료: 평균 0.2812 (±0.0599)
2025-06-28 22:24:18,742 - ModelingPipeline - INFO - Trial 1/25 - Current: 0.2812, Best: 0.2812
2025-06-28 22:24:18,830 - ModelingPipeline - INFO - CV 완료: 평균 0.2804 (±0.0595)
2025-06-28 22:24:18,893 - ModelingPipeline - INFO - CV 완료: 평균 0.2648 (±0.0670)
2025-06-28 22:24:18,973 - ModelingPipeline - INFO - CV 완료: 평균 0.2763 (±0.0607)
2025-06-28 22:24:19,052 - ModelingPipeline - INFO - CV 완료: 평균 0.2733 (±0.0630)
2025-06-28 22:24:19,136 - ModelingPipeline - INFO - CV 완료: 평균 0.2790 (±0.0595)
2025-06-28 22:24:19,139 - ModelingPipeline - INFO - Trial 6/25 - Current: 0.2790, Best: 0.2812
2025-06-28 22:24:19,225 - ModelingPipeline - INFO - CV 완료: 평균 0.2958 (±0.0642)
2025-06-28 22:24:19,312 - ModelingPipeline - INFO - CV 완료: 평균 0.2902 (±0.0596)
2025-06-28 22:24:19,392 - ModelingPipeline - INFO - CV 완료: 평균 0.2882 (±0.0651)
2025-06-28 22:24:19,473 - ModelingPipeline - INFO - CV 완료: 평균 0.2795 (±0.0613)
2025-06-28 22:24:19,562 - ModelingPipeline - INFO - CV 완료: 평균 0.2959 (±0.0643)
2025-06-28 22:24:19,563 - ModelingPipeline - INFO - Trial 11/25 - Current: 0.2959, Best: 0.2959
2025-06-28 22:24:19,650 - ModelingPipeline - INFO - CV 완료: 평균 0.2957 (±0.0640)
2025-06-28 22:24:19,739 - ModelingPipeline - INFO - CV 완료: 평균 0.2954 (±0.0639)
2025-06-28 22:24:19,829 - ModelingPipeline - INFO - CV 완료: 평균 0.2954 (±0.0638)
2025-06-28 22:24:19,915 - ModelingPipeline - INFO - CV 완료: 평균 0.2957 (±0.0640)
2025-06-28 22:24:20,016 - ModelingPipeline - INFO - CV 완료: 평균 0.2950 (±0.0633)
2025-06-28 22:24:20,017 - ModelingPipeline - INFO - Trial 16/25 - Current: 0.2950, Best: 0.2959
2025-06-28 22:24:20,096 - ModelingPipeline - INFO - CV 완료: 평균 0.2557 (±0.0740)
2025-06-28 22:24:20,189 - ModelingPipeline - INFO - CV 완료: 평균 0.2951 (±0.0632)
2025-06-28 22:24:20,284 - ModelingPipeline - INFO - CV 완료: 평균 0.2911 (±0.0599)
2025-06-28 22:24:20,369 - ModelingPipeline - INFO - CV 완료: 평균 0.2892 (±0.0662)
2025-06-28 22:24:20,450 - ModelingPipeline - INFO - CV 완료: 평균 0.2679 (±0.0669)
2025-06-28 22:24:20,450 - ModelingPipeline - INFO - Trial 21/25 - Current: 0.2679, Best: 0.2959
2025-06-28 22:24:20,538 - ModelingPipeline - INFO - CV 완료: 평균 0.2956 (±0.0638)
2025-06-28 22:24:20,631 - ModelingPipeline - INFO - CV 완료: 평균 0.2957 (±0.0640)
2025-06-28 22:24:20,719 - ModelingPipeline - INFO - CV 완료: 평균 0.2956 (±0.0639)
2025-06-28 22:24:20,809 - ModelingPipeline - INFO - CV 완료: 평균 0.2918 (±0.0595)
2025-06-28 22:24:20,810 - ModelingPipeline - INFO - Trial 25/25 - Current: 0.2918, Best: 0.2959
2025-06-28 22:24:20,827 - ModelingPipeline - INFO - 최적 AUC: 0.2959
2025-06-28 22:24:20,827 - ModelingPipeline - INFO - 최적 파라미터: {'C': 53.88702469068383, 'max_iter': 9699, 'penalty': 'l2', 'solver': 'newton-cg', 'tol': 0.0001, 'class_weight': None}
2025-06-28 22:24:20,827 - ModelingPipeline - INFO - CV 메트릭 계산 시작 (NORMAL)
2025-06-28 22:24:20,921 - ModelingPipeline - INFO - 최적화된 CV 완료: AUC=0.9239(±0.0321), AP=0.2959(±0.0643), F1=0.1618(±0.0669)
2025-06-28 22:24:20,921 - ModelingPipeline - INFO - CV 메트릭 계산 완료 - AUC: 0.9239, AP: 0.2959, F1: 0.1618
2025-06-28 22:24:20,921 - ModelingPipeline - INFO - random_forest 최적화 시작 (NORMAL)
2025-06-28 22:24:20,921 - ModelingPipeline - INFO - Random Forest 클래스 불균형 가중치: class_weight=None
2025-06-28 22:24:20,921 - ModelingPipeline - INFO - 최적화 메트릭: AVERAGE_PRECISION
2025-06-28 22:24:24,212 - ModelingPipeline - INFO - CV 완료: 평균 0.3229 (±0.0410)
2025-06-28 22:24:24,212 - ModelingPipeline - INFO - Trial 1/25 - Current: 0.3229, Best: 0.3229
2025-06-28 22:24:27,301 - ModelingPipeline - INFO - CV 완료: 평균 0.3113 (±0.0703)
2025-06-28 22:24:28,941 - ModelingPipeline - INFO - CV 완료: 평균 0.3221 (±0.0302)
2025-06-28 22:24:31,747 - ModelingPipeline - INFO - CV 완료: 평균 0.3235 (±0.0460)
2025-06-28 22:24:37,736 - ModelingPipeline - INFO - CV 완료: 평균 0.3113 (±0.0575)
2025-06-28 22:24:42,212 - ModelingPipeline - INFO - CV 완료: 평균 0.3312 (±0.0327)
2025-06-28 22:24:42,213 - ModelingPipeline - INFO - Trial 6/25 - Current: 0.3312, Best: 0.3312
2025-06-28 22:24:54,419 - ModelingPipeline - INFO - CV 완료: 평균 0.3019 (±0.0749)
2025-06-28 22:25:02,542 - ModelingPipeline - INFO - CV 완료: 평균 0.3149 (±0.0472)
2025-06-28 22:25:04,959 - ModelingPipeline - INFO - CV 완료: 평균 0.3064 (±0.0371)
2025-06-28 22:25:09,686 - ModelingPipeline - INFO - CV 완료: 평균 0.3256 (±0.0408)
2025-06-28 22:25:15,236 - ModelingPipeline - INFO - CV 완료: 평균 0.3063 (±0.0314)
2025-06-28 22:25:15,237 - ModelingPipeline - INFO - Trial 11/25 - Current: 0.3063, Best: 0.3312
2025-06-28 22:25:19,953 - ModelingPipeline - INFO - CV 완료: 평균 0.3178 (±0.0382)
2025-06-28 22:25:26,446 - ModelingPipeline - INFO - CV 완료: 평균 0.3261 (±0.0631)
2025-06-28 22:25:34,158 - ModelingPipeline - INFO - CV 완료: 평균 0.3259 (±0.0669)
2025-06-28 22:25:39,147 - ModelingPipeline - INFO - CV 완료: 평균 0.3265 (±0.0661)
2025-06-28 22:25:46,968 - ModelingPipeline - INFO - CV 완료: 평균 0.3132 (±0.0642)
2025-06-28 22:25:46,969 - ModelingPipeline - INFO - Trial 16/25 - Current: 0.3132, Best: 0.3312
2025-06-28 22:25:54,659 - ModelingPipeline - INFO - CV 완료: 평균 0.3097 (±0.0632)
2025-06-28 22:26:02,100 - ModelingPipeline - INFO - CV 완료: 평균 0.3065 (±0.0623)
2025-06-28 22:26:10,341 - ModelingPipeline - INFO - CV 완료: 평균 0.2987 (±0.0612)
2025-06-28 22:26:16,558 - ModelingPipeline - INFO - CV 완료: 평균 0.2943 (±0.0572)
2025-06-28 22:26:20,092 - ModelingPipeline - INFO - CV 완료: 평균 0.3160 (±0.0815)
2025-06-28 22:26:20,092 - ModelingPipeline - INFO - Trial 21/25 - Current: 0.3160, Best: 0.3312
2025-06-28 22:26:26,609 - ModelingPipeline - INFO - CV 완료: 평균 0.3257 (±0.0626)
2025-06-28 22:26:34,179 - ModelingPipeline - INFO - CV 완료: 평균 0.3112 (±0.0567)
2025-06-28 22:26:42,810 - ModelingPipeline - INFO - CV 완료: 평균 0.3019 (±0.0628)
2025-06-28 22:26:47,877 - ModelingPipeline - INFO - CV 완료: 평균 0.3216 (±0.0797)
2025-06-28 22:26:47,878 - ModelingPipeline - INFO - Trial 25/25 - Current: 0.3216, Best: 0.3312
2025-06-28 22:26:51,179 - ModelingPipeline - INFO - 최적 AUC: 0.3312
2025-06-28 22:26:51,179 - ModelingPipeline - INFO - 최적 파라미터: {'n_estimators': 828, 'max_depth': 6, 'min_samples_split': 11, 'min_samples_leaf': 6, 'max_features': 0.14180537144799796, 'class_weight': None}
2025-06-28 22:26:51,180 - ModelingPipeline - INFO - CV 메트릭 계산 시작 (NORMAL)
2025-06-28 22:27:05,459 - ModelingPipeline - INFO - 최적화된 CV 완료: AUC=0.9448(±0.0262), AP=0.3145(±0.0448), F1=0.0372(±0.0456)
2025-06-28 22:27:05,460 - ModelingPipeline - INFO - CV 메트릭 계산 완료 - AUC: 0.9448, AP: 0.3145, F1: 0.0372
2025-06-28 22:27:05,497 - ModelingPipeline - INFO - xgboost 최적화 시작 (NORMAL)
2025-06-28 22:27:05,497 - ModelingPipeline - INFO - XGBoost 클래스 불균형 처리: scale_pos_weight
2025-06-28 22:27:05,497 - ModelingPipeline - INFO - scale_pos_weight = 30.00 (설정: 30.0)
2025-06-28 22:27:05,497 - ModelingPipeline - INFO - 최적화 메트릭: AVERAGE_PRECISION
2025-06-28 22:27:09,332 - ModelingPipeline - INFO - CV 완료: 평균 0.2530 (±0.0658)
2025-06-28 22:27:09,333 - ModelingPipeline - INFO - Trial 1/25 - Current: 0.2530, Best: 0.2530
2025-06-28 22:27:14,400 - ModelingPipeline - INFO - CV 완료: 평균 0.2546 (±0.0693)
2025-06-28 22:27:16,496 - ModelingPipeline - INFO - CV 완료: 평균 0.2672 (±0.0516)
2025-06-28 22:27:18,886 - ModelingPipeline - INFO - CV 완료: 평균 0.2611 (±0.0665)
2025-06-28 22:27:21,794 - ModelingPipeline - INFO - CV 완료: 평균 0.2801 (±0.0873)
2025-06-28 22:27:27,516 - ModelingPipeline - INFO - CV 완료: 평균 0.2572 (±0.0509)
2025-06-28 22:27:27,517 - ModelingPipeline - INFO - Trial 6/25 - Current: 0.2572, Best: 0.2801
2025-06-28 22:27:30,513 - ModelingPipeline - INFO - CV 완료: 평균 0.2930 (±0.0676)
2025-06-28 22:27:32,932 - ModelingPipeline - INFO - CV 완료: 평균 0.3044 (±0.0757)
2025-06-28 22:27:34,672 - ModelingPipeline - INFO - CV 완료: 평균 0.3266 (±0.0963)
2025-06-28 22:27:38,055 - ModelingPipeline - INFO - CV 완료: 평균 0.2678 (±0.0766)
2025-06-28 22:27:42,337 - ModelingPipeline - INFO - CV 완료: 평균 0.2555 (±0.0605)
2025-06-28 22:27:42,338 - ModelingPipeline - INFO - Trial 11/25 - Current: 0.2555, Best: 0.3266
2025-06-28 22:27:44,969 - ModelingPipeline - INFO - CV 완료: 평균 0.2705 (±0.0533)
2025-06-28 22:27:47,120 - ModelingPipeline - INFO - CV 완료: 평균 0.2734 (±0.0608)
2025-06-28 22:27:50,317 - ModelingPipeline - INFO - CV 완료: 평균 0.2489 (±0.0572)
2025-06-28 22:27:54,735 - ModelingPipeline - INFO - CV 완료: 평균 0.2613 (±0.0801)
2025-06-28 22:27:58,337 - ModelingPipeline - INFO - CV 완료: 평균 0.2904 (±0.0638)
2025-06-28 22:27:58,337 - ModelingPipeline - INFO - Trial 16/25 - Current: 0.2904, Best: 0.3266
2025-06-28 22:28:01,607 - ModelingPipeline - INFO - CV 완료: 평균 0.2482 (±0.0749)
2025-06-28 22:28:03,065 - ModelingPipeline - INFO - CV 완료: 평균 0.2647 (±0.0575)
2025-06-28 22:28:08,104 - ModelingPipeline - INFO - CV 완료: 평균 0.2527 (±0.0509)
2025-06-28 22:28:10,530 - ModelingPipeline - INFO - CV 완료: 평균 0.2623 (±0.0630)
2025-06-28 22:28:20,430 - ModelingPipeline - INFO - CV 완료: 평균 0.3081 (±0.0732)
2025-06-28 22:28:20,430 - ModelingPipeline - INFO - Trial 21/25 - Current: 0.3081, Best: 0.3266
2025-06-28 22:28:30,699 - ModelingPipeline - INFO - CV 완료: 평균 0.3043 (±0.0760)
2025-06-28 22:28:38,159 - ModelingPipeline - INFO - CV 완료: 평균 0.2672 (±0.0583)
2025-06-28 22:28:41,267 - ModelingPipeline - INFO - CV 완료: 평균 0.2926 (±0.0832)
2025-06-28 22:28:50,014 - ModelingPipeline - INFO - CV 완료: 평균 0.2649 (±0.0512)
2025-06-28 22:28:50,015 - ModelingPipeline - INFO - Trial 25/25 - Current: 0.2649, Best: 0.3266
2025-06-28 22:28:50,385 - ModelingPipeline - INFO - 최적 AUC: 0.3266
2025-06-28 22:28:50,385 - ModelingPipeline - INFO - 최적 파라미터: {'n_estimators': 253, 'max_depth': 4, 'learning_rate': 0.018342050228608728, 'subsample': 0.7301321323053057, 'colsample_bytree': 0.7554709158757927, 'reg_alpha': 2.713490317738959, 'reg_lambda': 8.458637582367365, 'scale_pos_weight': 30.0}
2025-06-28 22:28:50,385 - ModelingPipeline - INFO - CV 메트릭 계산 시작 (NORMAL)
2025-06-28 22:28:52,224 - ModelingPipeline - INFO - 최적화된 CV 완료: AUC=0.9457(±0.0235), AP=0.3205(±0.0864), F1=0.2758(±0.0415)
2025-06-28 22:28:52,224 - ModelingPipeline - INFO - CV 메트릭 계산 완료 - AUC: 0.9457, AP: 0.3205, F1: 0.2758
2025-06-28 22:28:52,225 - ModelingPipeline - INFO - SMOTE 데이터 처리
2025-06-28 22:28:52,225 - ModelingPipeline - INFO - logistic_regression 최적화 시작 (SMOTE)
2025-06-28 22:28:52,225 - ModelingPipeline - INFO - Logistic Regression 클래스 불균형 가중치: class_weight=None
2025-06-28 22:28:52,225 - ModelingPipeline - INFO - 최적화 메트릭: AVERAGE_PRECISION
2025-06-28 22:28:52,356 - ModelingPipeline - INFO - CV 완료: 평균 0.2787 (±0.0516)
2025-06-28 22:28:52,356 - ModelingPipeline - INFO - Trial 1/25 - Current: 0.2787, Best: 0.2787
2025-06-28 22:28:52,477 - ModelingPipeline - INFO - CV 완료: 평균 0.2810 (±0.0548)
2025-06-28 22:28:52,571 - ModelingPipeline - INFO - CV 완료: 평균 0.2621 (±0.0682)
2025-06-28 22:28:52,679 - ModelingPipeline - INFO - CV 완료: 평균 0.2706 (±0.0549)
2025-06-28 22:28:52,787 - ModelingPipeline - INFO - CV 완료: 평균 0.2750 (±0.0556)
2025-06-28 22:28:52,897 - ModelingPipeline - INFO - CV 완료: 평균 0.2790 (±0.0521)
2025-06-28 22:28:52,897 - ModelingPipeline - INFO - Trial 6/25 - Current: 0.2790, Best: 0.2810
2025-06-28 22:28:53,017 - ModelingPipeline - INFO - CV 완료: 평균 0.2801 (±0.0610)
2025-06-28 22:28:53,126 - ModelingPipeline - INFO - CV 완료: 평균 0.2858 (±0.0538)
2025-06-28 22:28:53,250 - ModelingPipeline - INFO - CV 완료: 평균 0.2808 (±0.0622)
2025-06-28 22:28:53,356 - ModelingPipeline - INFO - CV 완료: 평균 0.2734 (±0.0517)
2025-06-28 22:28:53,531 - ModelingPipeline - INFO - CV 완료: 평균 0.2548 (±0.0744)
2025-06-28 22:28:53,532 - ModelingPipeline - INFO - Trial 11/25 - Current: 0.2548, Best: 0.2858
2025-06-28 22:28:53,665 - ModelingPipeline - INFO - CV 완료: 평균 0.2808 (±0.0600)
2025-06-28 22:28:53,795 - ModelingPipeline - INFO - CV 완료: 평균 0.2862 (±0.0528)
2025-06-28 22:28:53,923 - ModelingPipeline - INFO - CV 완료: 평균 0.2862 (±0.0528)
2025-06-28 22:28:54,048 - ModelingPipeline - INFO - CV 완료: 평균 0.2808 (±0.0598)
2025-06-28 22:28:54,181 - ModelingPipeline - INFO - CV 완료: 평균 0.2820 (±0.0601)
2025-06-28 22:28:54,181 - ModelingPipeline - INFO - Trial 16/25 - Current: 0.2820, Best: 0.2862
2025-06-28 22:28:54,317 - ModelingPipeline - INFO - CV 완료: 평균 0.2802 (±0.0617)
2025-06-28 22:28:54,461 - ModelingPipeline - INFO - CV 완료: 평균 0.2800 (±0.0614)
2025-06-28 22:28:54,590 - ModelingPipeline - INFO - CV 완료: 평균 0.2863 (±0.0528)
2025-06-28 22:28:54,713 - ModelingPipeline - INFO - CV 완료: 평균 0.2857 (±0.0539)
2025-06-28 22:28:54,824 - ModelingPipeline - INFO - CV 완료: 평균 0.2684 (±0.0674)
2025-06-28 22:28:54,824 - ModelingPipeline - INFO - Trial 21/25 - Current: 0.2684, Best: 0.2863
2025-06-28 22:28:54,953 - ModelingPipeline - INFO - CV 완료: 평균 0.2859 (±0.0539)
2025-06-28 22:28:55,094 - ModelingPipeline - INFO - CV 완료: 평균 0.2817 (±0.0594)
2025-06-28 22:28:55,226 - ModelingPipeline - INFO - CV 완료: 평균 0.2865 (±0.0532)
2025-06-28 22:28:55,343 - ModelingPipeline - INFO - CV 완료: 평균 0.2728 (±0.0541)
2025-06-28 22:28:55,343 - ModelingPipeline - INFO - Trial 25/25 - Current: 0.2728, Best: 0.2865
2025-06-28 22:28:55,375 - ModelingPipeline - INFO - 최적 AUC: 0.2865
2025-06-28 22:28:55,375 - ModelingPipeline - INFO - 최적 파라미터: {'C': 8.792800454976858, 'max_iter': 3612, 'penalty': 'l2', 'solver': 'liblinear', 'tol': 0.0001, 'class_weight': None}
2025-06-28 22:28:55,376 - ModelingPipeline - INFO - CV 메트릭 계산 시작 (SMOTE)
2025-06-28 22:28:55,510 - ModelingPipeline - INFO - 최적화된 CV 완료: AUC=0.9228(±0.0317), AP=0.2865(±0.0532), F1=0.2375(±0.0423)
2025-06-28 22:28:55,510 - ModelingPipeline - INFO - CV 메트릭 계산 완료 - AUC: 0.9228, AP: 0.2865, F1: 0.2375
2025-06-28 22:28:55,510 - ModelingPipeline - INFO - random_forest 최적화 시작 (SMOTE)
2025-06-28 22:28:55,510 - ModelingPipeline - INFO - Random Forest 클래스 불균형 가중치: class_weight=None
2025-06-28 22:28:55,510 - ModelingPipeline - INFO - 최적화 메트릭: AVERAGE_PRECISION
2025-06-28 22:28:59,677 - ModelingPipeline - INFO - CV 완료: 평균 0.3266 (±0.0788)
2025-06-28 22:28:59,678 - ModelingPipeline - INFO - Trial 1/25 - Current: 0.3266, Best: 0.3266
2025-06-28 22:29:03,413 - ModelingPipeline - INFO - CV 완료: 평균 0.3202 (±0.0985)
2025-06-28 22:29:05,323 - ModelingPipeline - INFO - CV 완료: 평균 0.3235 (±0.0785)
2025-06-28 22:29:08,669 - ModelingPipeline - INFO - CV 완료: 평균 0.3142 (±0.0736)
2025-06-28 22:29:15,826 - ModelingPipeline - INFO - CV 완료: 평균 0.3079 (±0.0888)
2025-06-28 22:29:20,797 - ModelingPipeline - INFO - CV 완료: 평균 0.3173 (±0.0675)
2025-06-28 22:29:20,798 - ModelingPipeline - INFO - Trial 6/25 - Current: 0.3173, Best: 0.3266
2025-06-28 22:29:33,389 - ModelingPipeline - INFO - CV 완료: 평균 0.3093 (±0.1017)
2025-06-28 22:29:42,836 - ModelingPipeline - INFO - CV 완료: 평균 0.3176 (±0.0821)
2025-06-28 22:29:45,952 - ModelingPipeline - INFO - CV 완료: 평균 0.3156 (±0.0679)
2025-06-28 22:29:52,752 - ModelingPipeline - INFO - CV 완료: 평균 0.3328 (±0.0802)
2025-06-28 22:30:08,823 - ModelingPipeline - INFO - CV 완료: 평균 0.2782 (±0.0812)
2025-06-28 22:30:08,824 - ModelingPipeline - INFO - Trial 11/25 - Current: 0.2782, Best: 0.3328
2025-06-28 22:30:11,715 - ModelingPipeline - INFO - CV 완료: 평균 0.3120 (±0.0624)
2025-06-28 22:30:15,146 - ModelingPipeline - INFO - CV 완료: 평균 0.3177 (±0.0801)
2025-06-28 22:30:20,554 - ModelingPipeline - INFO - CV 완료: 평균 0.3248 (±0.0884)
2025-06-28 22:30:25,238 - ModelingPipeline - INFO - CV 완료: 평균 0.3212 (±0.0799)
2025-06-28 22:30:32,109 - ModelingPipeline - INFO - CV 완료: 평균 0.3100 (±0.0806)
2025-06-28 22:30:32,110 - ModelingPipeline - INFO - Trial 16/25 - Current: 0.3100, Best: 0.3328
2025-06-28 22:30:41,507 - ModelingPipeline - INFO - CV 완료: 평균 0.3221 (±0.0835)
2025-06-28 22:30:45,691 - ModelingPipeline - INFO - CV 완료: 평균 0.3177 (±0.1022)
2025-06-28 22:30:51,017 - ModelingPipeline - INFO - CV 완료: 평균 0.3027 (±0.0732)
2025-06-28 22:30:57,398 - ModelingPipeline - INFO - CV 완료: 평균 0.3154 (±0.0703)
2025-06-28 22:31:04,968 - ModelingPipeline - INFO - CV 완료: 평균 0.3249 (±0.0897)
2025-06-28 22:31:04,969 - ModelingPipeline - INFO - Trial 21/25 - Current: 0.3249, Best: 0.3328
2025-06-28 22:31:12,588 - ModelingPipeline - INFO - CV 완료: 평균 0.3253 (±0.0935)
2025-06-28 22:31:23,851 - ModelingPipeline - INFO - CV 완료: 평균 0.3128 (±0.0955)
2025-06-28 22:31:29,518 - ModelingPipeline - INFO - CV 완료: 평균 0.3131 (±0.0829)
2025-06-28 22:31:34,347 - ModelingPipeline - INFO - CV 완료: 평균 0.2996 (±0.0787)
2025-06-28 22:31:34,348 - ModelingPipeline - INFO - Trial 25/25 - Current: 0.2996, Best: 0.3328
2025-06-28 22:31:40,353 - ModelingPipeline - INFO - 최적 AUC: 0.3328
2025-06-28 22:31:40,353 - ModelingPipeline - INFO - 최적 파라미터: {'n_estimators': 730, 'max_depth': 8, 'min_samples_split': 11, 'min_samples_leaf': 6, 'max_features': 0.26636900997297436, 'class_weight': None}
2025-06-28 22:31:40,354 - ModelingPipeline - INFO - CV 메트릭 계산 시작 (SMOTE)
2025-06-28 22:32:03,303 - ModelingPipeline - INFO - 최적화된 CV 완료: AUC=0.9389(±0.0288), AP=0.3321(±0.0818), F1=0.3411(±0.0855)
2025-06-28 22:32:03,305 - ModelingPipeline - INFO - CV 메트릭 계산 완료 - AUC: 0.9389, AP: 0.3321, F1: 0.3411
2025-06-28 22:32:03,339 - ModelingPipeline - INFO - xgboost 최적화 시작 (SMOTE)
2025-06-28 22:32:03,339 - ModelingPipeline - INFO - XGBoost 클래스 불균형 처리: scale_pos_weight
2025-06-28 22:32:03,339 - ModelingPipeline - INFO - scale_pos_weight = 30.00 (설정: 30.0)
2025-06-28 22:32:03,339 - ModelingPipeline - INFO - 최적화 메트릭: AVERAGE_PRECISION
2025-06-28 22:32:07,466 - ModelingPipeline - INFO - CV 완료: 평균 0.2554 (±0.0490)
2025-06-28 22:32:07,467 - ModelingPipeline - INFO - Trial 1/25 - Current: 0.2554, Best: 0.2554
2025-06-28 22:32:12,580 - ModelingPipeline - INFO - CV 완료: 평균 0.2565 (±0.0796)
2025-06-28 22:32:14,798 - ModelingPipeline - INFO - CV 완료: 평균 0.2669 (±0.0677)
2025-06-28 22:32:17,203 - ModelingPipeline - INFO - CV 완료: 평균 0.2446 (±0.0633)
2025-06-28 22:32:20,276 - ModelingPipeline - INFO - CV 완료: 평균 0.2683 (±0.0690)
2025-06-28 22:32:26,050 - ModelingPipeline - INFO - CV 완료: 평균 0.2622 (±0.0712)
2025-06-28 22:32:26,051 - ModelingPipeline - INFO - Trial 6/25 - Current: 0.2622, Best: 0.2683
2025-06-28 22:32:29,506 - ModelingPipeline - INFO - CV 완료: 평균 0.2793 (±0.0717)
2025-06-28 22:32:32,015 - ModelingPipeline - INFO - CV 완료: 평균 0.2712 (±0.0685)
2025-06-28 22:32:33,875 - ModelingPipeline - INFO - CV 완료: 평균 0.3105 (±0.0839)
2025-06-28 22:32:37,451 - ModelingPipeline - INFO - CV 완료: 평균 0.2383 (±0.0851)
2025-06-28 22:32:41,692 - ModelingPipeline - INFO - CV 완료: 평균 0.2407 (±0.0777)
2025-06-28 22:32:41,693 - ModelingPipeline - INFO - Trial 11/25 - Current: 0.2407, Best: 0.3105
2025-06-28 22:32:44,253 - ModelingPipeline - INFO - CV 완료: 평균 0.2640 (±0.0781)
2025-06-28 22:32:47,241 - ModelingPipeline - INFO - CV 완료: 평균 0.2894 (±0.0683)
2025-06-28 22:32:52,065 - ModelingPipeline - INFO - CV 완료: 평균 0.2907 (±0.0697)
2025-06-28 22:32:55,951 - ModelingPipeline - INFO - CV 완료: 평균 0.3060 (±0.0830)
2025-06-28 22:32:59,314 - ModelingPipeline - INFO - CV 완료: 평균 0.3097 (±0.0772)
2025-06-28 22:32:59,315 - ModelingPipeline - INFO - Trial 16/25 - Current: 0.3097, Best: 0.3105
2025-06-28 22:33:02,713 - ModelingPipeline - INFO - CV 완료: 평균 0.2142 (±0.0833)
2025-06-28 22:33:07,186 - ModelingPipeline - INFO - CV 완료: 평균 0.2591 (±0.0722)
2025-06-28 22:33:11,312 - ModelingPipeline - INFO - CV 완료: 평균 0.2523 (±0.0665)
2025-06-28 22:33:14,826 - ModelingPipeline - INFO - CV 완료: 평균 0.2687 (±0.0619)
2025-06-28 22:33:20,375 - ModelingPipeline - INFO - CV 완료: 평균 0.2460 (±0.0813)
2025-06-28 22:33:20,375 - ModelingPipeline - INFO - Trial 21/25 - Current: 0.2460, Best: 0.3105
2025-06-28 22:33:24,276 - ModelingPipeline - INFO - CV 완료: 평균 0.3038 (±0.0849)
2025-06-28 22:33:27,485 - ModelingPipeline - INFO - CV 완료: 평균 0.3057 (±0.0835)
2025-06-28 22:33:29,476 - ModelingPipeline - INFO - CV 완료: 평균 0.3074 (±0.0849)
2025-06-28 22:33:31,487 - ModelingPipeline - INFO - CV 완료: 평균 0.2769 (±0.0609)
2025-06-28 22:33:31,489 - ModelingPipeline - INFO - Trial 25/25 - Current: 0.2769, Best: 0.3105
2025-06-28 22:33:31,856 - ModelingPipeline - INFO - 최적 AUC: 0.3105
2025-06-28 22:33:31,856 - ModelingPipeline - INFO - 최적 파라미터: {'n_estimators': 253, 'max_depth': 4, 'learning_rate': 0.018342050228608728, 'subsample': 0.7301321323053057, 'colsample_bytree': 0.7554709158757927, 'reg_alpha': 2.713490317738959, 'reg_lambda': 8.458637582367365, 'scale_pos_weight': 30.0}
2025-06-28 22:33:31,856 - ModelingPipeline - INFO - CV 메트릭 계산 시작 (SMOTE)
2025-06-28 22:33:33,717 - ModelingPipeline - INFO - 최적화된 CV 완료: AUC=0.9459(±0.0237), AP=0.3133(±0.0802), F1=0.2655(±0.0290)
2025-06-28 22:33:33,718 - ModelingPipeline - INFO - CV 메트릭 계산 완료 - AUC: 0.9459, AP: 0.3133, F1: 0.2655
2025-06-28 22:33:33,719 - ModelingPipeline - INFO - UNDERSAMPLING 데이터 처리
2025-06-28 22:33:33,719 - ModelingPipeline - INFO - logistic_regression 최적화 시작 (UNDERSAMPLING)
2025-06-28 22:33:33,719 - ModelingPipeline - INFO - Logistic Regression 클래스 불균형 가중치: class_weight=None
2025-06-28 22:33:33,719 - ModelingPipeline - INFO - 최적화 메트릭: AVERAGE_PRECISION
2025-06-28 22:33:34,066 - ModelingPipeline - INFO - CV 완료: 평균 0.2695 (±0.0603)
2025-06-28 22:33:34,067 - ModelingPipeline - INFO - Trial 1/25 - Current: 0.2695, Best: 0.2695
2025-06-28 22:33:34,419 - ModelingPipeline - INFO - CV 완료: 평균 0.2730 (±0.0628)
2025-06-28 22:33:34,749 - ModelingPipeline - INFO - CV 완료: 평균 0.2697 (±0.0626)
2025-06-28 22:33:35,095 - ModelingPipeline - INFO - CV 완료: 평균 0.2677 (±0.0647)
2025-06-28 22:33:35,438 - ModelingPipeline - INFO - CV 완료: 평균 0.2744 (±0.0645)
2025-06-28 22:33:35,784 - ModelingPipeline - INFO - CV 완료: 평균 0.2808 (±0.0555)
2025-06-28 22:33:35,785 - ModelingPipeline - INFO - Trial 6/25 - Current: 0.2808, Best: 0.2808
2025-06-28 22:33:36,143 - ModelingPipeline - INFO - CV 완료: 평균 0.2852 (±0.0588)
2025-06-28 22:33:36,485 - ModelingPipeline - INFO - CV 완료: 평균 0.2843 (±0.0586)
2025-06-28 22:33:36,833 - ModelingPipeline - INFO - CV 완료: 평균 0.2720 (±0.0601)
2025-06-28 22:33:37,179 - ModelingPipeline - INFO - CV 완료: 평균 0.2726 (±0.0613)
2025-06-28 22:33:37,532 - ModelingPipeline - INFO - CV 완료: 평균 0.2858 (±0.0577)
2025-06-28 22:33:37,532 - ModelingPipeline - INFO - Trial 11/25 - Current: 0.2858, Best: 0.2858
2025-06-28 22:33:37,885 - ModelingPipeline - INFO - CV 완료: 평균 0.2853 (±0.0589)
2025-06-28 22:33:38,311 - ModelingPipeline - INFO - CV 완료: 평균 0.2850 (±0.0590)
2025-06-28 22:33:38,669 - ModelingPipeline - INFO - CV 완료: 평균 0.2853 (±0.0588)
2025-06-28 22:33:39,032 - ModelingPipeline - INFO - CV 완료: 평균 0.2851 (±0.0587)
2025-06-28 22:33:39,368 - ModelingPipeline - INFO - CV 완료: 평균 0.2495 (±0.0878)
2025-06-28 22:33:39,368 - ModelingPipeline - INFO - Trial 16/25 - Current: 0.2495, Best: 0.2858
2025-06-28 22:33:39,732 - ModelingPipeline - INFO - CV 완료: 평균 0.2853 (±0.0585)
2025-06-28 22:33:40,081 - ModelingPipeline - INFO - CV 완료: 평균 0.2842 (±0.0575)
2025-06-28 22:33:40,445 - ModelingPipeline - INFO - CV 완료: 평균 0.2868 (±0.0564)
2025-06-28 22:33:40,801 - ModelingPipeline - INFO - CV 완료: 평균 0.2843 (±0.0586)
2025-06-28 22:33:41,157 - ModelingPipeline - INFO - CV 완료: 평균 0.2862 (±0.0575)
2025-06-28 22:33:41,158 - ModelingPipeline - INFO - Trial 21/25 - Current: 0.2862, Best: 0.2868
2025-06-28 22:33:41,514 - ModelingPipeline - INFO - CV 완료: 평균 0.2860 (±0.0574)
2025-06-28 22:33:41,876 - ModelingPipeline - INFO - CV 완료: 평균 0.2860 (±0.0574)
2025-06-28 22:33:42,234 - ModelingPipeline - INFO - CV 완료: 평균 0.2842 (±0.0590)
2025-06-28 22:33:42,591 - ModelingPipeline - INFO - CV 완료: 평균 0.2862 (±0.0572)
2025-06-28 22:33:42,592 - ModelingPipeline - INFO - Trial 25/25 - Current: 0.2862, Best: 0.2868
2025-06-28 22:33:42,682 - ModelingPipeline - INFO - 최적 AUC: 0.2868
2025-06-28 22:33:42,682 - ModelingPipeline - INFO - 최적 파라미터: {'C': 95.42360250573999, 'max_iter': 6183, 'penalty': 'l2', 'solver': 'liblinear', 'tol': 0.0001, 'class_weight': None}
2025-06-28 22:33:42,682 - ModelingPipeline - INFO - CV 메트릭 계산 시작 (UNDERSAMPLING)
2025-06-28 22:33:43,046 - ModelingPipeline - INFO - 최적화된 CV 완료: AUC=0.9252(±0.0294), AP=0.2868(±0.0564), F1=0.1704(±0.0542)
2025-06-28 22:33:43,046 - ModelingPipeline - INFO - CV 메트릭 계산 완료 - AUC: 0.9252, AP: 0.2868, F1: 0.1704
2025-06-28 22:33:43,046 - ModelingPipeline - INFO - random_forest 최적화 시작 (UNDERSAMPLING)
2025-06-28 22:33:43,046 - ModelingPipeline - INFO - Random Forest 클래스 불균형 가중치: class_weight=None
2025-06-28 22:33:43,047 - ModelingPipeline - INFO - 최적화 메트릭: AVERAGE_PRECISION
2025-06-28 22:33:46,657 - ModelingPipeline - INFO - CV 완료: 평균 0.3322 (±0.0240)
2025-06-28 22:33:46,658 - ModelingPipeline - INFO - Trial 1/25 - Current: 0.3322, Best: 0.3322
2025-06-28 22:33:50,142 - ModelingPipeline - INFO - CV 완료: 평균 0.3257 (±0.0467)
2025-06-28 22:33:52,031 - ModelingPipeline - INFO - CV 완료: 평균 0.3271 (±0.0335)
2025-06-28 22:33:55,104 - ModelingPipeline - INFO - CV 완료: 평균 0.3281 (±0.0327)
2025-06-28 22:34:02,499 - ModelingPipeline - INFO - CV 완료: 평균 0.3257 (±0.0443)
2025-06-28 22:34:08,166 - ModelingPipeline - INFO - CV 완료: 평균 0.3260 (±0.0394)
2025-06-28 22:34:08,170 - ModelingPipeline - INFO - Trial 6/25 - Current: 0.3260, Best: 0.3322
2025-06-28 22:34:18,468 - ModelingPipeline - INFO - CV 완료: 평균 0.3198 (±0.0691)
2025-06-28 22:34:26,633 - ModelingPipeline - INFO - CV 완료: 평균 0.3283 (±0.0372)
2025-06-28 22:34:29,712 - ModelingPipeline - INFO - CV 완료: 평균 0.3139 (±0.0341)
2025-06-28 22:34:35,889 - ModelingPipeline - INFO - CV 완료: 평균 0.3298 (±0.0342)
2025-06-28 22:34:40,376 - ModelingPipeline - INFO - CV 완료: 평균 0.3310 (±0.0255)
2025-06-28 22:34:40,377 - ModelingPipeline - INFO - Trial 11/25 - Current: 0.3310, Best: 0.3322
2025-06-28 22:34:43,842 - ModelingPipeline - INFO - CV 완료: 평균 0.3308 (±0.0253)
2025-06-28 22:34:47,451 - ModelingPipeline - INFO - CV 완료: 평균 0.3320 (±0.0285)
2025-06-28 22:34:55,359 - ModelingPipeline - INFO - CV 완료: 평균 0.3211 (±0.0419)
2025-06-28 22:35:00,256 - ModelingPipeline - INFO - CV 완료: 평균 0.3265 (±0.0351)
2025-06-28 22:35:07,877 - ModelingPipeline - INFO - CV 완료: 평균 0.3243 (±0.0359)
2025-06-28 22:35:07,881 - ModelingPipeline - INFO - Trial 16/25 - Current: 0.3243, Best: 0.3322
2025-06-28 22:35:11,710 - ModelingPipeline - INFO - CV 완료: 평균 0.3251 (±0.0396)
2025-06-28 22:35:18,462 - ModelingPipeline - INFO - CV 완료: 평균 0.3070 (±0.0557)
2025-06-28 22:35:29,863 - ModelingPipeline - INFO - CV 완료: 평균 0.3161 (±0.0576)
2025-06-28 22:35:35,899 - ModelingPipeline - INFO - CV 완료: 평균 0.3212 (±0.0382)
2025-06-28 22:35:39,905 - ModelingPipeline - INFO - CV 완료: 평균 0.3191 (±0.0364)
2025-06-28 22:35:39,906 - ModelingPipeline - INFO - Trial 21/25 - Current: 0.3191, Best: 0.3322
2025-06-28 22:35:43,205 - ModelingPipeline - INFO - CV 완료: 평균 0.3288 (±0.0266)
2025-06-28 22:35:47,320 - ModelingPipeline - INFO - CV 완료: 평균 0.3376 (±0.0336)
2025-06-28 22:35:51,121 - ModelingPipeline - INFO - CV 완료: 평균 0.3212 (±0.0321)
2025-06-28 22:35:53,135 - ModelingPipeline - INFO - CV 완료: 평균 0.3297 (±0.0280)
2025-06-28 22:35:53,136 - ModelingPipeline - INFO - Trial 25/25 - Current: 0.3297, Best: 0.3376
2025-06-28 22:35:59,039 - ModelingPipeline - INFO - 최적 AUC: 0.3376
2025-06-28 22:35:59,039 - ModelingPipeline - INFO - 최적 파라미터: {'n_estimators': 455, 'max_depth': 19, 'min_samples_split': 16, 'min_samples_leaf': 2, 'max_features': 0.3093918638536112, 'class_weight': None}
2025-06-28 22:35:59,040 - ModelingPipeline - INFO - CV 메트릭 계산 시작 (UNDERSAMPLING)
2025-06-28 22:36:21,054 - ModelingPipeline - INFO - 최적화된 CV 완료: AUC=0.9371(±0.0272), AP=0.3331(±0.0320), F1=0.2957(±0.1036)
2025-06-28 22:36:21,055 - ModelingPipeline - INFO - CV 메트릭 계산 완료 - AUC: 0.9371, AP: 0.3331, F1: 0.2957
2025-06-28 22:36:21,075 - ModelingPipeline - INFO - xgboost 최적화 시작 (UNDERSAMPLING)
2025-06-28 22:36:21,075 - ModelingPipeline - INFO - XGBoost 클래스 불균형 처리: scale_pos_weight
2025-06-28 22:36:21,075 - ModelingPipeline - INFO - scale_pos_weight = 30.00 (설정: 30.0)
2025-06-28 22:36:21,075 - ModelingPipeline - INFO - 최적화 메트릭: AVERAGE_PRECISION
2025-06-28 22:36:25,125 - ModelingPipeline - INFO - CV 완료: 평균 0.2523 (±0.0765)
2025-06-28 22:36:25,125 - ModelingPipeline - INFO - Trial 1/25 - Current: 0.2523, Best: 0.2523
2025-06-28 22:36:30,438 - ModelingPipeline - INFO - CV 완료: 평균 0.2518 (±0.0808)
2025-06-28 22:36:32,838 - ModelingPipeline - INFO - CV 완료: 평균 0.2602 (±0.0575)
2025-06-28 22:36:35,564 - ModelingPipeline - INFO - CV 완료: 평균 0.2485 (±0.0655)
2025-06-28 22:36:38,751 - ModelingPipeline - INFO - CV 완료: 평균 0.2624 (±0.0851)
2025-06-28 22:36:44,644 - ModelingPipeline - INFO - CV 완료: 평균 0.2590 (±0.0716)
2025-06-28 22:36:44,645 - ModelingPipeline - INFO - Trial 6/25 - Current: 0.2590, Best: 0.2624
2025-06-28 22:36:47,883 - ModelingPipeline - INFO - CV 완료: 평균 0.2885 (±0.0702)
2025-06-28 22:36:50,568 - ModelingPipeline - INFO - CV 완료: 평균 0.2911 (±0.0673)
2025-06-28 22:36:52,646 - ModelingPipeline - INFO - CV 완료: 평균 0.3247 (±0.0916)
2025-06-28 22:36:56,378 - ModelingPipeline - INFO - CV 완료: 평균 0.2324 (±0.0912)
2025-06-28 22:37:00,706 - ModelingPipeline - INFO - CV 완료: 평균 0.2379 (±0.0760)
2025-06-28 22:37:00,707 - ModelingPipeline - INFO - Trial 11/25 - Current: 0.2379, Best: 0.3247
2025-06-28 22:37:03,725 - ModelingPipeline - INFO - CV 완료: 평균 0.2711 (±0.0603)
2025-06-28 22:37:06,109 - ModelingPipeline - INFO - CV 완료: 평균 0.2700 (±0.0788)
2025-06-28 22:37:09,149 - ModelingPipeline - INFO - CV 완료: 평균 0.2570 (±0.0703)
2025-06-28 22:37:13,401 - ModelingPipeline - INFO - CV 완료: 평균 0.2479 (±0.0715)
2025-06-28 22:37:17,270 - ModelingPipeline - INFO - CV 완료: 평균 0.2810 (±0.0577)
2025-06-28 22:37:17,271 - ModelingPipeline - INFO - Trial 16/25 - Current: 0.2810, Best: 0.3247
2025-06-28 22:37:20,978 - ModelingPipeline - INFO - CV 완료: 평균 0.2379 (±0.0744)
2025-06-28 22:37:22,755 - ModelingPipeline - INFO - CV 완료: 평균 0.2631 (±0.0815)
2025-06-28 22:37:27,910 - ModelingPipeline - INFO - CV 완료: 평균 0.2402 (±0.0714)
2025-06-28 22:37:30,156 - ModelingPipeline - INFO - CV 완료: 평균 0.2537 (±0.0603)
2025-06-28 22:37:40,133 - ModelingPipeline - INFO - CV 완료: 평균 0.2945 (±0.0725)
2025-06-28 22:37:40,135 - ModelingPipeline - INFO - Trial 21/25 - Current: 0.2945, Best: 0.3247
2025-06-28 22:37:50,619 - ModelingPipeline - INFO - CV 완료: 평균 0.2941 (±0.0761)
2025-06-28 22:38:01,229 - ModelingPipeline - INFO - CV 완료: 평균 0.2981 (±0.0750)
2025-06-28 22:38:10,844 - ModelingPipeline - INFO - CV 완료: 평균 0.2492 (±0.0671)
2025-06-28 22:38:18,417 - ModelingPipeline - INFO - CV 완료: 평균 0.2747 (±0.0734)
2025-06-28 22:38:18,418 - ModelingPipeline - INFO - Trial 25/25 - Current: 0.2747, Best: 0.3247
2025-06-28 22:38:18,844 - ModelingPipeline - INFO - 최적 AUC: 0.3247
2025-06-28 22:38:18,844 - ModelingPipeline - INFO - 최적 파라미터: {'n_estimators': 253, 'max_depth': 4, 'learning_rate': 0.018342050228608728, 'subsample': 0.7301321323053057, 'colsample_bytree': 0.7554709158757927, 'reg_alpha': 2.713490317738959, 'reg_lambda': 8.458637582367365, 'scale_pos_weight': 30.0}
2025-06-28 22:38:18,845 - ModelingPipeline - INFO - CV 메트릭 계산 시작 (UNDERSAMPLING)
2025-06-28 22:38:20,870 - ModelingPipeline - INFO - 최적화된 CV 완료: AUC=0.9449(±0.0236), AP=0.3205(±0.0921), F1=0.2708(±0.0384)
2025-06-28 22:38:20,870 - ModelingPipeline - INFO - CV 메트릭 계산 완료 - AUC: 0.9449, AP: 0.3205, F1: 0.2708
2025-06-28 22:38:20,870 - ModelingPipeline - INFO - 모든 모델 평가 및 Threshold 최적화
2025-06-28 22:38:20,880 - ModelingPipeline - INFO - logistic_regression_normal 최적 Threshold 탐색
2025-06-28 22:38:20,880 - ModelingPipeline - INFO - 임계값 범위: 0.0013 ~ 0.3000 (300개 점)
2025-06-28 22:38:21,839 - ModelingPipeline - INFO - 최종 선택: 0.130 (AVERAGE_PRECISION: 0.1544)
2025-06-28 22:38:21,862 - ModelingPipeline - INFO - logistic_regression_normal 최종 평가 (Threshold: 0.130):
2025-06-28 22:38:21,862 - ModelingPipeline - INFO - 검증 - AUC: 0.9460, F1: 0.1802
2025-06-28 22:38:21,862 - ModelingPipeline - INFO - 테스트 - AUC: 0.9011, F1: 0.0826
2025-06-28 22:38:22,007 - ModelingPipeline - INFO - random_forest_normal 최적 Threshold 탐색
2025-06-28 22:38:22,007 - ModelingPipeline - INFO - 임계값 범위: 0.0013 ~ 0.3000 (300개 점)
2025-06-28 22:38:22,862 - ModelingPipeline - INFO - 최종 선택: 0.281 (AVERAGE_PRECISION: 0.1802)
2025-06-28 22:38:23,139 - ModelingPipeline - INFO - random_forest_normal 최종 평가 (Threshold: 0.281):
2025-06-28 22:38:23,140 - ModelingPipeline - INFO - 검증 - AUC: 0.9452, F1: 0.2632
2025-06-28 22:38:23,140 - ModelingPipeline - INFO - 테스트 - AUC: 0.9100, F1: 0.2078
2025-06-28 22:38:23,150 - ModelingPipeline - INFO - xgboost_normal 최적 Threshold 탐색
2025-06-28 22:38:23,150 - ModelingPipeline - INFO - 임계값 범위: 0.0013 ~ 0.3000 (300개 점)
2025-06-28 22:38:24,000 - ModelingPipeline - INFO - 최종 선택: 0.300 (AVERAGE_PRECISION: 0.1898)
2025-06-28 22:38:24,029 - ModelingPipeline - INFO - xgboost_normal 최종 평가 (Threshold: 0.300):
2025-06-28 22:38:24,029 - ModelingPipeline - INFO - 검증 - AUC: 0.9535, F1: 0.1187
2025-06-28 22:38:24,029 - ModelingPipeline - INFO - 테스트 - AUC: 0.9051, F1: 0.0401
2025-06-28 22:38:24,043 - ModelingPipeline - INFO - logistic_regression_smote 최적 Threshold 탐색
2025-06-28 22:38:24,043 - ModelingPipeline - INFO - 임계값 범위: 0.0013 ~ 0.3000 (300개 점)
2025-06-28 22:38:24,900 - ModelingPipeline - INFO - 최종 선택: 0.250 (AVERAGE_PRECISION: 0.1501)
2025-06-28 22:38:24,918 - ModelingPipeline - INFO - logistic_regression_smote 최종 평가 (Threshold: 0.250):
2025-06-28 22:38:24,918 - ModelingPipeline - INFO - 검증 - AUC: 0.9452, F1: 0.2034
2025-06-28 22:38:24,918 - ModelingPipeline - INFO - 테스트 - AUC: 0.9159, F1: 0.0909
2025-06-28 22:38:25,046 - ModelingPipeline - INFO - random_forest_smote 최적 Threshold 탐색
2025-06-28 22:38:25,046 - ModelingPipeline - INFO - 임계값 범위: 0.0013 ~ 0.3000 (300개 점)
2025-06-28 22:38:25,888 - ModelingPipeline - INFO - 최종 선택: 0.270 (AVERAGE_PRECISION: 0.1784)
2025-06-28 22:38:26,192 - ModelingPipeline - INFO - random_forest_smote 최종 평가 (Threshold: 0.270):
2025-06-28 22:38:26,192 - ModelingPipeline - INFO - 검증 - AUC: 0.9384, F1: 0.2542
2025-06-28 22:38:26,192 - ModelingPipeline - INFO - 테스트 - AUC: 0.9024, F1: 0.1449
2025-06-28 22:38:26,211 - ModelingPipeline - INFO - xgboost_smote 최적 Threshold 탐색
2025-06-28 22:38:26,211 - ModelingPipeline - INFO - 임계값 범위: 0.0013 ~ 0.3000 (300개 점)
2025-06-28 22:38:27,041 - ModelingPipeline - INFO - 최종 선택: 0.299 (AVERAGE_PRECISION: 0.1635)
2025-06-28 22:38:27,068 - ModelingPipeline - INFO - xgboost_smote 최종 평가 (Threshold: 0.299):
2025-06-28 22:38:27,068 - ModelingPipeline - INFO - 검증 - AUC: 0.9528, F1: 0.1183
2025-06-28 22:38:27,068 - ModelingPipeline - INFO - 테스트 - AUC: 0.9063, F1: 0.0408
2025-06-28 22:38:27,145 - ModelingPipeline - INFO - logistic_regression_undersampling 최적 Threshold 탐색
2025-06-28 22:38:27,145 - ModelingPipeline - INFO - 임계값 범위: 0.0013 ~ 0.3000 (300개 점)
2025-06-28 22:38:28,004 - ModelingPipeline - INFO - 최종 선택: 0.128 (AVERAGE_PRECISION: 0.1427)
2025-06-28 22:38:28,024 - ModelingPipeline - INFO - logistic_regression_undersampling 최종 평가 (Threshold: 0.128):
2025-06-28 22:38:28,024 - ModelingPipeline - INFO - 검증 - AUC: 0.9472, F1: 0.1875
2025-06-28 22:38:28,024 - ModelingPipeline - INFO - 테스트 - AUC: 0.8963, F1: 0.0940
2025-06-28 22:38:28,181 - ModelingPipeline - INFO - random_forest_undersampling 최적 Threshold 탐색
2025-06-28 22:38:28,181 - ModelingPipeline - INFO - 임계값 범위: 0.0013 ~ 0.3000 (300개 점)
2025-06-28 22:38:29,033 - ModelingPipeline - INFO - 최종 선택: 0.290 (AVERAGE_PRECISION: 0.1692)
2025-06-28 22:38:29,238 - ModelingPipeline - INFO - random_forest_undersampling 최종 평가 (Threshold: 0.290):
2025-06-28 22:38:29,239 - ModelingPipeline - INFO - 검증 - AUC: 0.9418, F1: 0.2299
2025-06-28 22:38:29,239 - ModelingPipeline - INFO - 테스트 - AUC: 0.8939, F1: 0.1758
2025-06-28 22:38:29,317 - ModelingPipeline - INFO - xgboost_undersampling 최적 Threshold 탐색
2025-06-28 22:38:29,317 - ModelingPipeline - INFO - 임계값 범위: 0.0013 ~ 0.3000 (300개 점)
2025-06-28 22:38:30,161 - ModelingPipeline - INFO - 최종 선택: 0.282 (AVERAGE_PRECISION: 0.1738)
2025-06-28 22:38:30,186 - ModelingPipeline - INFO - xgboost_undersampling 최종 평가 (Threshold: 0.282):
2025-06-28 22:38:30,187 - ModelingPipeline - INFO - 검증 - AUC: 0.9530, F1: 0.1154
2025-06-28 22:38:30,187 - ModelingPipeline - INFO - 테스트 - AUC: 0.9068, F1: 0.0383
2025-06-28 22:38:30,187 - ModelingPipeline - INFO - 앙상블 모델 실행 시작
2025-06-28 22:38:30,194 - ModelingPipeline - INFO - 앙상블에 추가: logistic_regression_normal
2025-06-28 22:38:30,194 - ModelingPipeline - INFO - 앙상블에 추가: logistic_regression_smote
2025-06-28 22:38:30,194 - ModelingPipeline - INFO - 앙상블에 추가: logistic_regression_undersampling
2025-06-28 22:38:30,194 - ModelingPipeline - INFO - 앙상블에 추가: random_forest_normal
2025-06-28 22:38:30,194 - ModelingPipeline - INFO - 앙상블에 추가: random_forest_smote
2025-06-28 22:38:30,194 - ModelingPipeline - INFO - 앙상블에 추가: random_forest_undersampling
2025-06-28 22:38:30,194 - ModelingPipeline - INFO - 앙상블에 추가: xgboost_normal
2025-06-28 22:38:30,194 - ModelingPipeline - INFO - 앙상블에 추가: xgboost_smote
2025-06-28 22:38:30,194 - ModelingPipeline - INFO - 앙상블에 추가: xgboost_undersampling
2025-06-28 22:38:30,970 - ModelingPipeline - INFO - 앙상블 모델 완료 - Test AUC: 0.9035, F1: 0.0531
2025-06-28 22:38:31,319 - ModelingPipeline - INFO - 앙상블 모델 저장: /Users/jojongho/KDT/P2_Default-invest/outputs/modeling_runs/default_modeling_run_20250628_222412/models/ensemble_model_model.joblib
2025-06-28 22:38:31,319 - ModelingPipeline - INFO - 시각화 생성 시작
2025-06-28 22:38:37,714 - ModelingPipeline - INFO - Train vs Test 비교 시각화 완료
2025-06-28 22:38:37,715 - ModelingPipeline - INFO - 시각화 생성 완료
2025-06-28 22:38:37,715 - ModelingPipeline - INFO - 결과 저장 시작
2025-06-28 22:38:37,715 - ModelingPipeline - INFO - logistic_regression_normal 모델 저장: /Users/jojongho/KDT/P2_Default-invest/outputs/modeling_runs/default_modeling_run_20250628_222412/models/logistic_regression_normal_model.joblib
2025-06-28 22:38:37,823 - ModelingPipeline - INFO - random_forest_normal 모델 저장: /Users/jojongho/KDT/P2_Default-invest/outputs/modeling_runs/default_modeling_run_20250628_222412/models/random_forest_normal_model.joblib
2025-06-28 22:38:37,826 - ModelingPipeline - INFO - xgboost_normal 모델 저장: /Users/jojongho/KDT/P2_Default-invest/outputs/modeling_runs/default_modeling_run_20250628_222412/models/xgboost_normal_model.joblib
2025-06-28 22:38:37,827 - ModelingPipeline - INFO - logistic_regression_smote 모델 저장: /Users/jojongho/KDT/P2_Default-invest/outputs/modeling_runs/default_modeling_run_20250628_222412/models/logistic_regression_smote_model.joblib
2025-06-28 22:38:37,924 - ModelingPipeline - INFO - random_forest_smote 모델 저장: /Users/jojongho/KDT/P2_Default-invest/outputs/modeling_runs/default_modeling_run_20250628_222412/models/random_forest_smote_model.joblib
2025-06-28 22:38:37,927 - ModelingPipeline - INFO - xgboost_smote 모델 저장: /Users/jojongho/KDT/P2_Default-invest/outputs/modeling_runs/default_modeling_run_20250628_222412/models/xgboost_smote_model.joblib
2025-06-28 22:38:37,927 - ModelingPipeline - INFO - logistic_regression_undersampling 모델 저장: /Users/jojongho/KDT/P2_Default-invest/outputs/modeling_runs/default_modeling_run_20250628_222412/models/logistic_regression_undersampling_model.joblib
2025-06-28 22:38:37,987 - ModelingPipeline - INFO - random_forest_undersampling 모델 저장: /Users/jojongho/KDT/P2_Default-invest/outputs/modeling_runs/default_modeling_run_20250628_222412/models/random_forest_undersampling_model.joblib
2025-06-28 22:38:37,989 - ModelingPipeline - INFO - xgboost_undersampling 모델 저장: /Users/jojongho/KDT/P2_Default-invest/outputs/modeling_runs/default_modeling_run_20250628_222412/models/xgboost_undersampling_model.joblib
2025-06-28 22:38:38,257 - ModelingPipeline - INFO - ensemble_model 모델 저장: /Users/jojongho/KDT/P2_Default-invest/outputs/modeling_runs/default_modeling_run_20250628_222412/models/ensemble_model_model.joblib
2025-06-28 22:38:38,629 - ModelingPipeline - INFO - 전체 결과 저장: /Users/jojongho/KDT/P2_Default-invest/outputs/modeling_runs/default_modeling_run_20250628_222412/results/modeling_results.json
2025-06-28 22:38:38,630 - ModelingPipeline - INFO - 설정 저장: /Users/jojongho/KDT/P2_Default-invest/outputs/modeling_runs/default_modeling_run_20250628_222412/modeling_config.json
2025-06-28 22:38:38,632 - ModelingPipeline - INFO - 실행 결과 요약:
2025-06-28 22:38:38,634 - ModelingPipeline - INFO - 
                 Model        Data_Type  Optimal_Threshold  CV_AUC  CV_AUC_Mean  CV_AP_Mean  CV_F1_Mean  Val_AUC  Val_F1  Test_AUC  Test_Precision  Test_Recall  Test_F1  Test_Balanced_Acc  Test_Average_Precision
0  logistic_regression           NORMAL             0.1302  0.2959       0.9239      0.2959      0.1618   0.9460  0.1802    0.9011          0.0495         0.25   0.0826             0.6178                  0.0930
1        random_forest           NORMAL             0.2810  0.3312       0.9448      0.3145      0.0372   0.9452  0.2632    0.9100          0.1404         0.40   0.2078             0.6963                  0.1263
2              xgboost           NORMAL             0.3000  0.3266       0.9457      0.3205      0.2758   0.9535  0.1187    0.9051          0.0207         0.65   0.0401             0.7789                  0.1368
3  logistic_regression            SMOTE             0.2500  0.2865       0.9228      0.2865      0.2375   0.9452  0.2034    0.9159          0.0536         0.30   0.0909             0.6421                  0.0869
4        random_forest            SMOTE             0.2700  0.3328       0.9389      0.3321      0.3411   0.9384  0.2542    0.9024          0.0847         0.50   0.1449             0.7419                  0.1033
5              xgboost            SMOTE             0.2990  0.3105       0.9459      0.3133      0.2655   0.9528  0.1183    0.9063          0.0210         0.70   0.0408             0.8012                  0.1481
6  logistic_regression    UNDERSAMPLING             0.1282  0.2868       0.9252      0.2868      0.1704   0.9472  0.1875    0.8963          0.0543         0.35   0.0940             0.6659                  0.0694
7        random_forest    UNDERSAMPLING             0.2900  0.3376       0.9371      0.3331      0.2957   0.9418  0.2299    0.8939          0.1127         0.40   0.1758             0.6953                  0.0945
8              xgboost    UNDERSAMPLING             0.2820  0.3247       0.9449      0.3205      0.2708   0.9530  0.1154    0.9068          0.0197         0.70   0.0383             0.7978                  0.1212
9             ensemble  COMBINED_MODELS             0.4500  0.3376       0.3376      0.0000      0.0000   0.9035  0.0846    0.9035          0.0279         0.55   0.0531             0.7464                  0.0737
2025-06-28 22:38:38,634 - ModelingPipeline - INFO - 요약 테이블 저장: /Users/jojongho/KDT/P2_Default-invest/outputs/modeling_runs/default_modeling_run_20250628_222412/results/summary_table.csv
2025-06-28 22:38:38,635 - ModelingPipeline - INFO - === 모델링 파이프라인 완료 ===
