2025-07-02 13:41:04,270 - ModelingPipeline - INFO - 모델링 파이프라인이 초기화되었습니다.
2025-07-02 13:41:04,270 - ModelingPipeline - INFO - 실행 이름: default_modeling_run_20250702_134104
2025-07-02 13:41:04,270 - ModelingPipeline - INFO - 출력 경로: /Users/jojongho/KDT/P2_Default-invest/outputs/modeling_runs/default_modeling_run_20250702_134104
2025-07-02 13:41:04,270 - ModelingPipeline - INFO - === 모델링 파이프라인 시작 ===
2025-07-02 13:41:04,270 - ModelingPipeline - INFO - 데이터 로드 시작
2025-07-02 13:41:04,270 - ModelingPipeline - INFO - 오버라이드된 데이터 경로 사용: data/final
2025-07-02 13:41:04,346 - ModelingPipeline - INFO - Train: (10813, 34), 부실비율: 0.90%
2025-07-02 13:41:04,346 - ModelingPipeline - INFO - Validation: (4439, 34), 부실비율: 0.88%
2025-07-02 13:41:04,346 - ModelingPipeline - INFO - Test: (6480, 34), 부실비율: 0.83%
2025-07-02 13:41:04,346 - ModelingPipeline - INFO - 모든 모델 실행 시작
2025-07-02 13:41:04,346 - ModelingPipeline - INFO - 특성 선택 방법: LOGISTIC_REGRESSION_CV (NORMAL)
2025-07-02 13:41:08,299 - ModelingPipeline - INFO - 최적 C: 10.000000
2025-07-02 13:41:08,300 - ModelingPipeline - INFO - CV 점수: 0.1743 (±0.1311)
2025-07-02 13:41:08,304 - ModelingPipeline - INFO - 선택된 특성: 17/34
2025-07-02 13:41:08,304 - ModelingPipeline - INFO - 활성화된 데이터 타입: ['normal', 'smote', 'undersampling', 'combined']
2025-07-02 13:41:08,304 - ModelingPipeline - INFO - 활성화된 모델: ['logistic_regression', 'random_forest', 'xgboost']
2025-07-02 13:41:08,304 - ModelingPipeline - INFO - NORMAL 데이터 처리
2025-07-02 13:41:08,305 - ModelingPipeline - INFO - logistic_regression 최적화 시작 (NORMAL)
2025-07-02 13:41:08,305 - ModelingPipeline - INFO - Logistic Regression 클래스 불균형 가중치: class_weight=balanced
2025-07-02 13:41:08,305 - ModelingPipeline - INFO - 최적화 메트릭: PRECISION
2025-07-02 13:41:08,383 - ModelingPipeline - INFO - Trial 1/20 - Current: 0.6786, Best: 0.6786
2025-07-02 13:41:08,722 - ModelingPipeline - INFO - Trial 6/20 - Current: 0.6787, Best: 0.6956
2025-07-02 13:41:09,058 - ModelingPipeline - INFO - Trial 11/20 - Current: 0.7187, Best: 0.7187
2025-07-02 13:41:09,388 - ModelingPipeline - INFO - Trial 16/20 - Current: 0.7085, Best: 0.7190
2025-07-02 13:41:09,684 - ModelingPipeline - INFO - Trial 20/20 - Current: 0.6876, Best: 0.7190
2025-07-02 13:41:11,898 - ModelingPipeline - INFO - 최적 AUC: 0.7190
2025-07-02 13:41:11,898 - ModelingPipeline - INFO - 최적 파라미터: {'C': 0.011724617141555036, 'max_iter': 7083, 'penalty': 'l2', 'solver': 'lbfgs', 'tol': 0.0001, 'class_weight': 'balanced'}
2025-07-02 13:41:11,898 - ModelingPipeline - INFO - CV 메트릭 계산 시작 (NORMAL)
2025-07-02 13:41:12,009 - ModelingPipeline - INFO - 최적화된 CV 완료: AUC=0.7278(±0.0246), AP=0.0174(±0.0017), F1=0.0191(±0.0005)
2025-07-02 13:41:12,010 - ModelingPipeline - INFO - CV 메트릭 계산 완료 - AUC: 0.7278, AP: 0.0174, F1: 0.0191
2025-07-02 13:41:12,010 - ModelingPipeline - INFO - random_forest 최적화 시작 (NORMAL)
2025-07-02 13:41:12,010 - ModelingPipeline - INFO - Random Forest 클래스 불균형 가중치: class_weight=balanced
2025-07-02 13:41:12,010 - ModelingPipeline - INFO - 최적화 메트릭: PRECISION
2025-07-02 13:41:13,730 - ModelingPipeline - INFO - Trial 1/20 - Current: 0.2353, Best: 0.2353
2025-07-02 13:41:23,412 - ModelingPipeline - INFO - Trial 6/20 - Current: 0.1698, Best: 0.3209
2025-07-02 13:41:38,297 - ModelingPipeline - INFO - Trial 11/20 - Current: 0.3709, Best: 0.3709
2025-07-02 13:41:53,893 - ModelingPipeline - INFO - Trial 16/20 - Current: 0.3294, Best: 0.3710
2025-07-02 13:42:06,020 - ModelingPipeline - INFO - Trial 20/20 - Current: 0.3317, Best: 0.3779
2025-07-02 13:42:13,757 - ModelingPipeline - INFO - 최적 AUC: 0.3779
2025-07-02 13:42:13,757 - ModelingPipeline - INFO - 최적 파라미터: {'n_estimators': 604, 'max_depth': 12, 'min_samples_split': 5, 'min_samples_leaf': 1, 'max_features': 0.6022715895004307, 'class_weight': 'balanced'}
2025-07-02 13:42:13,757 - ModelingPipeline - INFO - CV 메트릭 계산 시작 (NORMAL)
2025-07-02 13:42:50,057 - ModelingPipeline - INFO - 최적화된 CV 완료: AUC=0.3772(±0.0177), AP=0.0090(±0.0002), F1=0.0000(±0.0000)
2025-07-02 13:42:50,058 - ModelingPipeline - INFO - CV 메트릭 계산 완료 - AUC: 0.3772, AP: 0.0090, F1: 0.0000
2025-07-02 13:42:50,096 - ModelingPipeline - INFO - xgboost 최적화 시작 (NORMAL)
2025-07-02 13:42:50,097 - ModelingPipeline - INFO - XGBoost 클래스 불균형 처리: scale_pos_weight
2025-07-02 13:42:50,097 - ModelingPipeline - INFO - scale_pos_weight = 110.47 (설정: auto)
2025-07-02 13:42:50,097 - ModelingPipeline - INFO - 최적화 메트릭: PRECISION
2025-07-02 13:42:51,488 - ModelingPipeline - INFO - Trial 1/20 - Current: 0.4134, Best: 0.4134
2025-07-02 13:43:00,293 - ModelingPipeline - INFO - Trial 6/20 - Current: 0.3227, Best: 0.4134
2025-07-02 13:43:06,156 - ModelingPipeline - INFO - Trial 11/20 - Current: 0.2790, Best: 0.4134
2025-07-02 13:43:13,629 - ModelingPipeline - INFO - Trial 16/20 - Current: 0.4438, Best: 0.4937
2025-07-02 13:43:19,402 - ModelingPipeline - INFO - Trial 20/20 - Current: 0.3367, Best: 0.4937
2025-07-02 13:43:19,979 - ModelingPipeline - INFO - 최적 AUC: 0.4937
2025-07-02 13:43:19,979 - ModelingPipeline - INFO - 최적 파라미터: {'n_estimators': 407, 'max_depth': 8, 'learning_rate': 0.27748012248887977, 'subsample': 0.7390533721986331, 'colsample_bytree': 0.8414913585362888, 'reg_alpha': 0.030978777513035523, 'reg_lambda': 3.044251104857908, 'scale_pos_weight': np.float64(110.47422680412372)}
2025-07-02 13:43:19,979 - ModelingPipeline - INFO - CV 메트릭 계산 시작 (NORMAL)
2025-07-02 13:43:22,778 - ModelingPipeline - INFO - 최적화된 CV 완료: AUC=0.4863(±0.0430), AP=0.0101(±0.0016), F1=0.0000(±0.0000)
2025-07-02 13:43:22,778 - ModelingPipeline - INFO - CV 메트릭 계산 완료 - AUC: 0.4863, AP: 0.0101, F1: 0.0000
2025-07-02 13:43:22,779 - ModelingPipeline - INFO - SMOTE 데이터 처리
2025-07-02 13:43:22,782 - ModelingPipeline - INFO - logistic_regression 최적화 시작 (SMOTE)
2025-07-02 13:43:22,782 - ModelingPipeline - INFO - Logistic Regression 클래스 불균형 가중치: class_weight=balanced
2025-07-02 13:43:22,782 - ModelingPipeline - INFO - 최적화 메트릭: PRECISION
2025-07-02 13:43:22,982 - ModelingPipeline - INFO - Trial 1/20 - Current: 0.6262, Best: 0.6262
2025-07-02 13:43:23,695 - ModelingPipeline - INFO - Trial 6/20 - Current: 0.6262, Best: 0.6460
2025-07-02 13:43:24,394 - ModelingPipeline - INFO - Trial 11/20 - Current: 0.6890, Best: 0.6890
2025-07-02 13:43:25,080 - ModelingPipeline - INFO - Trial 16/20 - Current: 0.6554, Best: 0.7079
2025-07-02 13:43:25,665 - ModelingPipeline - INFO - Trial 20/20 - Current: 0.6359, Best: 0.7079
2025-07-02 13:43:30,440 - ModelingPipeline - INFO - 최적 AUC: 0.7079
2025-07-02 13:43:30,440 - ModelingPipeline - INFO - 최적 파라미터: {'C': 0.010819426002640657, 'max_iter': 7499, 'penalty': 'l2', 'solver': 'lbfgs', 'tol': 0.0001, 'class_weight': 'balanced'}
2025-07-02 13:43:30,442 - ModelingPipeline - INFO - CV 메트릭 계산 시작 (SMOTE)
2025-07-02 13:43:30,673 - ModelingPipeline - INFO - 최적화된 CV 완료: AUC=0.6841(±0.0356), AP=0.0144(±0.0019), F1=0.0193(±0.0007)
2025-07-02 13:43:30,674 - ModelingPipeline - INFO - CV 메트릭 계산 완료 - AUC: 0.6841, AP: 0.0144, F1: 0.0193
2025-07-02 13:43:30,674 - ModelingPipeline - INFO - random_forest 최적화 시작 (SMOTE)
2025-07-02 13:43:30,674 - ModelingPipeline - INFO - Random Forest 클래스 불균형 가중치: class_weight=balanced
2025-07-02 13:43:30,674 - ModelingPipeline - INFO - 최적화 메트릭: PRECISION
2025-07-02 13:43:33,702 - ModelingPipeline - INFO - Trial 1/20 - Current: 0.2176, Best: 0.2176
2025-07-02 13:43:48,769 - ModelingPipeline - INFO - Trial 6/20 - Current: 0.1982, Best: 0.3398
2025-07-02 13:44:28,812 - ModelingPipeline - INFO - Trial 11/20 - Current: 0.3918, Best: 0.3918
2025-07-02 13:45:44,119 - ModelingPipeline - INFO - Trial 16/20 - Current: 0.3913, Best: 0.3918
2025-07-02 13:46:27,595 - ModelingPipeline - INFO - Trial 20/20 - Current: 0.3889, Best: 0.3918
2025-07-02 13:47:25,259 - ModelingPipeline - INFO - 최적 AUC: 0.3918
2025-07-02 13:47:25,259 - ModelingPipeline - INFO - 최적 파라미터: {'n_estimators': 964, 'max_depth': 15, 'min_samples_split': 6, 'min_samples_leaf': 1, 'max_features': 0.9855066118782934, 'class_weight': 'balanced'}
2025-07-02 13:47:25,260 - ModelingPipeline - INFO - CV 메트릭 계산 시작 (SMOTE)
2025-07-02 13:51:42,262 - ModelingPipeline - INFO - 최적화된 CV 완료: AUC=0.3946(±0.0044), AP=0.0090(±0.0002), F1=0.0000(±0.0000)
2025-07-02 13:51:42,264 - ModelingPipeline - INFO - CV 메트릭 계산 완료 - AUC: 0.3946, AP: 0.0090, F1: 0.0000
2025-07-02 13:51:42,309 - ModelingPipeline - INFO - xgboost 최적화 시작 (SMOTE)
2025-07-02 13:51:42,310 - ModelingPipeline - INFO - XGBoost 클래스 불균형 처리: scale_pos_weight
2025-07-02 13:51:42,310 - ModelingPipeline - INFO - scale_pos_weight = 110.47 (설정: auto)
2025-07-02 13:51:42,310 - ModelingPipeline - INFO - 최적화 메트릭: PRECISION
2025-07-02 13:51:44,138 - ModelingPipeline - INFO - Trial 1/20 - Current: 0.3654, Best: 0.3654
2025-07-02 13:51:53,904 - ModelingPipeline - INFO - Trial 6/20 - Current: 0.2491, Best: 0.3654
2025-07-02 13:52:01,280 - ModelingPipeline - INFO - Trial 11/20 - Current: 0.2501, Best: 0.3654
2025-07-02 13:52:10,798 - ModelingPipeline - INFO - Trial 16/20 - Current: 0.2613, Best: 0.4101
2025-07-02 13:52:18,512 - ModelingPipeline - INFO - Trial 20/20 - Current: 0.2049, Best: 0.4227
2025-07-02 13:52:19,400 - ModelingPipeline - INFO - 최적 AUC: 0.4227
2025-07-02 13:52:19,400 - ModelingPipeline - INFO - 최적 파라미터: {'n_estimators': 482, 'max_depth': 9, 'learning_rate': 0.18685170202782897, 'subsample': 0.7702357857455316, 'colsample_bytree': 0.8870002808406156, 'reg_alpha': 0.024299300652887684, 'reg_lambda': 2.150418918543759, 'scale_pos_weight': np.float64(110.47422680412372)}
2025-07-02 13:52:19,400 - ModelingPipeline - INFO - CV 메트릭 계산 시작 (SMOTE)
2025-07-02 13:52:23,475 - ModelingPipeline - INFO - 최적화된 CV 완료: AUC=0.3670(±0.0380), AP=0.0076(±0.0008), F1=0.0000(±0.0000)
2025-07-02 13:52:23,475 - ModelingPipeline - INFO - CV 메트릭 계산 완료 - AUC: 0.3670, AP: 0.0076, F1: 0.0000
2025-07-02 13:52:23,476 - ModelingPipeline - INFO - UNDERSAMPLING 데이터 처리
2025-07-02 13:52:23,477 - ModelingPipeline - INFO - logistic_regression 최적화 시작 (UNDERSAMPLING)
2025-07-02 13:52:23,477 - ModelingPipeline - INFO - Logistic Regression 클래스 불균형 가중치: class_weight=balanced
2025-07-02 13:52:23,477 - ModelingPipeline - INFO - 최적화 메트릭: PRECISION
2025-07-02 13:52:23,701 - ModelingPipeline - INFO - Trial 1/20 - Current: 0.6774, Best: 0.6774
2025-07-02 13:52:24,773 - ModelingPipeline - INFO - Trial 6/20 - Current: 0.6773, Best: 0.6992
2025-07-02 13:52:26,092 - ModelingPipeline - INFO - Trial 11/20 - Current: 0.7195, Best: 0.7195
2025-07-02 13:52:27,167 - ModelingPipeline - INFO - Trial 16/20 - Current: 0.7075, Best: 0.7195
2025-07-02 13:52:28,046 - ModelingPipeline - INFO - Trial 20/20 - Current: 0.6868, Best: 0.7195
2025-07-02 13:52:30,227 - ModelingPipeline - INFO - 최적 AUC: 0.7195
2025-07-02 13:52:30,227 - ModelingPipeline - INFO - 최적 파라미터: {'C': 0.015209148732108725, 'max_iter': 6992, 'penalty': 'l2', 'solver': 'lbfgs', 'tol': 0.0001, 'class_weight': 'balanced'}
2025-07-02 13:52:30,228 - ModelingPipeline - INFO - CV 메트릭 계산 시작 (UNDERSAMPLING)
2025-07-02 13:52:30,636 - ModelingPipeline - INFO - 최적화된 CV 완료: AUC=0.7294(±0.0340), AP=0.0177(±0.0031), F1=0.0191(±0.0005)
2025-07-02 13:52:30,637 - ModelingPipeline - INFO - CV 메트릭 계산 완료 - AUC: 0.7294, AP: 0.0177, F1: 0.0191
2025-07-02 13:52:30,637 - ModelingPipeline - INFO - random_forest 최적화 시작 (UNDERSAMPLING)
2025-07-02 13:52:30,637 - ModelingPipeline - INFO - Random Forest 클래스 불균형 가중치: class_weight=balanced
2025-07-02 13:52:30,637 - ModelingPipeline - INFO - 최적화 메트릭: PRECISION
2025-07-02 13:52:32,758 - ModelingPipeline - INFO - Trial 1/20 - Current: 0.2306, Best: 0.2306
2025-07-02 13:52:44,837 - ModelingPipeline - INFO - Trial 6/20 - Current: 0.2490, Best: 0.3317
2025-07-02 13:53:05,335 - ModelingPipeline - INFO - Trial 11/20 - Current: 0.3955, Best: 0.3955
2025-07-02 13:53:34,907 - ModelingPipeline - INFO - Trial 16/20 - Current: 0.3557, Best: 0.3956
2025-07-02 13:53:54,286 - ModelingPipeline - INFO - Trial 20/20 - Current: 0.3236, Best: 0.3956
2025-07-02 13:54:12,788 - ModelingPipeline - INFO - 최적 AUC: 0.3956
2025-07-02 13:54:12,788 - ModelingPipeline - INFO - 최적 파라미터: {'n_estimators': 927, 'max_depth': 15, 'min_samples_split': 6, 'min_samples_leaf': 1, 'max_features': 0.9979106376093876, 'class_weight': 'balanced'}
2025-07-02 13:54:12,789 - ModelingPipeline - INFO - CV 메트릭 계산 시작 (UNDERSAMPLING)
2025-07-02 13:55:23,797 - ModelingPipeline - INFO - 최적화된 CV 완료: AUC=0.3994(±0.0059), AP=0.0090(±0.0002), F1=0.0000(±0.0000)
2025-07-02 13:55:23,798 - ModelingPipeline - INFO - CV 메트릭 계산 완료 - AUC: 0.3994, AP: 0.0090, F1: 0.0000
2025-07-02 13:55:23,895 - ModelingPipeline - INFO - xgboost 최적화 시작 (UNDERSAMPLING)
2025-07-02 13:55:23,896 - ModelingPipeline - INFO - XGBoost 클래스 불균형 처리: scale_pos_weight
2025-07-02 13:55:23,896 - ModelingPipeline - INFO - scale_pos_weight = 110.47 (설정: auto)
2025-07-02 13:55:23,896 - ModelingPipeline - INFO - 최적화 메트릭: PRECISION
2025-07-02 13:55:25,500 - ModelingPipeline - INFO - Trial 1/20 - Current: 0.3636, Best: 0.3636
2025-07-02 13:55:35,496 - ModelingPipeline - INFO - Trial 6/20 - Current: 0.3056, Best: 0.3636
2025-07-02 13:55:42,913 - ModelingPipeline - INFO - Trial 11/20 - Current: 0.2895, Best: 0.3636
2025-07-02 13:55:51,743 - ModelingPipeline - INFO - Trial 16/20 - Current: 0.3621, Best: 0.4332
2025-07-02 13:55:58,483 - ModelingPipeline - INFO - Trial 20/20 - Current: 0.2877, Best: 0.4332
2025-07-02 13:55:59,163 - ModelingPipeline - INFO - 최적 AUC: 0.4332
2025-07-02 13:55:59,164 - ModelingPipeline - INFO - 최적 파라미터: {'n_estimators': 406, 'max_depth': 8, 'learning_rate': 0.2602154864721974, 'subsample': 0.7423698595680691, 'colsample_bytree': 0.836070546625681, 'reg_alpha': 0.0373175732336711, 'reg_lambda': 2.893590946287322, 'scale_pos_weight': np.float64(110.47422680412372)}
2025-07-02 13:55:59,164 - ModelingPipeline - INFO - CV 메트릭 계산 시작 (UNDERSAMPLING)
2025-07-02 13:56:02,277 - ModelingPipeline - INFO - 최적화된 CV 완료: AUC=0.4618(±0.0446), AP=0.0095(±0.0013), F1=0.0000(±0.0000)
2025-07-02 13:56:02,277 - ModelingPipeline - INFO - CV 메트릭 계산 완료 - AUC: 0.4618, AP: 0.0095, F1: 0.0000
2025-07-02 13:56:02,278 - ModelingPipeline - INFO - COMBINED 데이터 처리
2025-07-02 13:56:02,279 - ModelingPipeline - INFO - logistic_regression 최적화 시작 (COMBINED)
2025-07-02 13:56:02,279 - ModelingPipeline - INFO - Logistic Regression 클래스 불균형 가중치: class_weight=balanced
2025-07-02 13:56:02,279 - ModelingPipeline - INFO - 최적화 메트릭: PRECISION
2025-07-02 13:56:02,527 - ModelingPipeline - INFO - Trial 1/20 - Current: 0.6247, Best: 0.6247
2025-07-02 13:56:03,782 - ModelingPipeline - INFO - Trial 6/20 - Current: 0.6247, Best: 0.6531
2025-07-02 13:56:05,070 - ModelingPipeline - INFO - Trial 11/20 - Current: 0.7100, Best: 0.7100
2025-07-02 13:56:06,270 - ModelingPipeline - INFO - Trial 16/20 - Current: 0.6615, Best: 0.7195
2025-07-02 13:56:07,495 - ModelingPipeline - INFO - Trial 20/20 - Current: 0.6380, Best: 0.7195
2025-07-02 13:56:10,690 - ModelingPipeline - INFO - 최적 AUC: 0.7195
2025-07-02 13:56:10,690 - ModelingPipeline - INFO - 최적 파라미터: {'C': 0.011724617141555036, 'max_iter': 7083, 'penalty': 'l2', 'solver': 'lbfgs', 'tol': 0.0001, 'class_weight': 'balanced'}
2025-07-02 13:56:10,691 - ModelingPipeline - INFO - CV 메트릭 계산 시작 (COMBINED)
2025-07-02 13:56:11,186 - ModelingPipeline - INFO - 최적화된 CV 완료: AUC=0.6768(±0.0421), AP=0.0141(±0.0024), F1=0.0192(±0.0007)
2025-07-02 13:56:11,186 - ModelingPipeline - INFO - CV 메트릭 계산 완료 - AUC: 0.6768, AP: 0.0141, F1: 0.0192
2025-07-02 13:56:11,186 - ModelingPipeline - INFO - random_forest 최적화 시작 (COMBINED)
2025-07-02 13:56:11,186 - ModelingPipeline - INFO - Random Forest 클래스 불균형 가중치: class_weight=balanced
2025-07-02 13:56:11,187 - ModelingPipeline - INFO - 최적화 메트릭: PRECISION
2025-07-02 13:56:13,506 - ModelingPipeline - INFO - Trial 1/20 - Current: 0.1892, Best: 0.1892
2025-07-02 13:56:26,546 - ModelingPipeline - INFO - Trial 6/20 - Current: 0.1832, Best: 0.3211
2025-07-02 13:56:59,142 - ModelingPipeline - INFO - Trial 11/20 - Current: 0.3943, Best: 0.3943
2025-07-02 13:57:51,423 - ModelingPipeline - INFO - Trial 16/20 - Current: 0.3914, Best: 0.3943
2025-07-02 13:58:25,411 - ModelingPipeline - INFO - Trial 20/20 - Current: 0.3904, Best: 0.3943
2025-07-02 13:59:08,790 - ModelingPipeline - INFO - 최적 AUC: 0.3943
2025-07-02 13:59:08,791 - ModelingPipeline - INFO - 최적 파라미터: {'n_estimators': 964, 'max_depth': 15, 'min_samples_split': 6, 'min_samples_leaf': 1, 'max_features': 0.9855066118782934, 'class_weight': 'balanced'}
2025-07-02 13:59:08,792 - ModelingPipeline - INFO - CV 메트릭 계산 시작 (COMBINED)
2025-07-02 14:02:19,402 - ModelingPipeline - INFO - 최적화된 CV 완료: AUC=0.3966(±0.0065), AP=0.0090(±0.0002), F1=0.0000(±0.0000)
2025-07-02 14:02:19,404 - ModelingPipeline - INFO - CV 메트릭 계산 완료 - AUC: 0.3966, AP: 0.0090, F1: 0.0000
2025-07-02 14:02:19,447 - ModelingPipeline - INFO - xgboost 최적화 시작 (COMBINED)
2025-07-02 14:02:19,447 - ModelingPipeline - INFO - XGBoost 클래스 불균형 처리: scale_pos_weight
2025-07-02 14:02:19,447 - ModelingPipeline - INFO - scale_pos_weight = 110.47 (설정: auto)
2025-07-02 14:02:19,447 - ModelingPipeline - INFO - 최적화 메트릭: PRECISION
2025-07-02 14:02:21,342 - ModelingPipeline - INFO - Trial 1/20 - Current: 0.3397, Best: 0.3397
2025-07-02 14:02:31,842 - ModelingPipeline - INFO - Trial 6/20 - Current: 0.2520, Best: 0.3397
2025-07-02 14:02:40,829 - ModelingPipeline - INFO - Trial 11/20 - Current: 0.3817, Best: 0.3817
2025-07-02 14:02:52,276 - ModelingPipeline - INFO - Trial 16/20 - Current: 0.2551, Best: 0.3846
2025-07-02 14:03:00,777 - ModelingPipeline - INFO - Trial 20/20 - Current: 0.2155, Best: 0.3846
2025-07-02 14:03:01,784 - ModelingPipeline - INFO - 최적 AUC: 0.3846
2025-07-02 14:03:01,785 - ModelingPipeline - INFO - 최적 파라미터: {'n_estimators': 562, 'max_depth': 8, 'learning_rate': 0.2985814536529968, 'subsample': 0.601687448505531, 'colsample_bytree': 0.8427099326065995, 'reg_alpha': 0.03717121308891874, 'reg_lambda': 7.572550801304209, 'scale_pos_weight': np.float64(110.47422680412372)}
2025-07-02 14:03:01,785 - ModelingPipeline - INFO - CV 메트릭 계산 시작 (COMBINED)
2025-07-02 14:03:06,319 - ModelingPipeline - INFO - 최적화된 CV 완료: AUC=0.3580(±0.0446), AP=0.0076(±0.0010), F1=0.0000(±0.0000)
2025-07-02 14:03:06,320 - ModelingPipeline - INFO - CV 메트릭 계산 완료 - AUC: 0.3580, AP: 0.0076, F1: 0.0000
2025-07-02 14:03:06,321 - ModelingPipeline - INFO - 모든 모델 평가 및 Threshold 최적화
2025-07-02 14:03:06,332 - ModelingPipeline - INFO - logistic_regression_normal 최적 Threshold 탐색
2025-07-02 14:03:06,332 - ModelingPipeline - INFO - 임계값 범위: 0.0018 ~ 0.5000 (3000개 점)
2025-07-02 14:03:06,358 - ModelingPipeline - WARNING - 최적 threshold 찾기 실패, 기본값 0.5 사용
2025-07-02 14:03:06,359 - ModelingPipeline - INFO - 최종 선택: 0.500 (PRECISION: 0.0000)
2025-07-02 14:03:06,378 - ModelingPipeline - INFO - logistic_regression_normal 최종 평가 (Threshold: 0.500):
2025-07-02 14:03:06,378 - ModelingPipeline - INFO - 검증 - AUC: 0.7688, F1: 0.0000
2025-07-02 14:03:06,378 - ModelingPipeline - INFO - 테스트 - AUC: 0.7736, F1: 0.0000
2025-07-02 14:03:06,418 - ModelingPipeline - INFO - random_forest_normal 최적 Threshold 탐색
2025-07-02 14:03:06,418 - ModelingPipeline - INFO - 임계값 범위: 0.0018 ~ 0.5000 (3000개 점)
2025-07-02 14:03:07,281 - ModelingPipeline - INFO - 최종 선택: 0.002 (PRECISION: 0.0000)
2025-07-02 14:03:07,388 - ModelingPipeline - INFO - random_forest_normal 최종 평가 (Threshold: 0.002):
2025-07-02 14:03:07,389 - ModelingPipeline - INFO - 검증 - AUC: 0.4933, F1: 0.0000
2025-07-02 14:03:07,389 - ModelingPipeline - INFO - 테스트 - AUC: 0.5018, F1: 0.0164
2025-07-02 14:03:07,399 - ModelingPipeline - INFO - xgboost_normal 최적 Threshold 탐색
2025-07-02 14:03:07,399 - ModelingPipeline - INFO - 임계값 범위: 0.0018 ~ 0.5000 (3000개 점)
2025-07-02 14:03:07,476 - ModelingPipeline - INFO - 최종 선택: 0.002 (PRECISION: 0.0000)
2025-07-02 14:03:07,502 - ModelingPipeline - INFO - xgboost_normal 최종 평가 (Threshold: 0.002):
2025-07-02 14:03:07,504 - ModelingPipeline - INFO - 검증 - AUC: 0.3413, F1: 0.0000
2025-07-02 14:03:07,505 - ModelingPipeline - INFO - 테스트 - AUC: 0.3396, F1: 0.0000
2025-07-02 14:03:07,525 - ModelingPipeline - INFO - logistic_regression_smote 최적 Threshold 탐색
2025-07-02 14:03:07,525 - ModelingPipeline - INFO - 임계값 범위: 0.0018 ~ 0.5000 (3000개 점)
2025-07-02 14:03:07,557 - ModelingPipeline - WARNING - 최적 threshold 찾기 실패, 기본값 0.5 사용
2025-07-02 14:03:07,557 - ModelingPipeline - INFO - 최종 선택: 0.500 (PRECISION: 0.0000)
2025-07-02 14:03:07,580 - ModelingPipeline - INFO - logistic_regression_smote 최종 평가 (Threshold: 0.500):
2025-07-02 14:03:07,580 - ModelingPipeline - INFO - 검증 - AUC: 0.7492, F1: 0.0000
2025-07-02 14:03:07,580 - ModelingPipeline - INFO - 테스트 - AUC: 0.7610, F1: 0.0000
2025-07-02 14:03:07,650 - ModelingPipeline - INFO - random_forest_smote 최적 Threshold 탐색
2025-07-02 14:03:07,650 - ModelingPipeline - INFO - 임계값 범위: 0.0018 ~ 0.5000 (3000개 점)
2025-07-02 14:03:07,738 - ModelingPipeline - INFO - 최종 선택: 0.002 (PRECISION: 0.0000)
2025-07-02 14:03:08,105 - ModelingPipeline - INFO - random_forest_smote 최종 평가 (Threshold: 0.002):
2025-07-02 14:03:08,105 - ModelingPipeline - INFO - 검증 - AUC: 0.4994, F1: 0.0000
2025-07-02 14:03:08,105 - ModelingPipeline - INFO - 테스트 - AUC: 0.4994, F1: 0.0000
2025-07-02 14:03:08,125 - ModelingPipeline - INFO - xgboost_smote 최적 Threshold 탐색
2025-07-02 14:03:08,126 - ModelingPipeline - INFO - 임계값 범위: 0.0018 ~ 0.5000 (3000개 점)
2025-07-02 14:03:08,483 - ModelingPipeline - INFO - 최종 선택: 0.002 (PRECISION: 0.0000)
2025-07-02 14:03:08,519 - ModelingPipeline - INFO - xgboost_smote 최종 평가 (Threshold: 0.002):
2025-07-02 14:03:08,520 - ModelingPipeline - INFO - 검증 - AUC: 0.4556, F1: 0.0000
2025-07-02 14:03:08,520 - ModelingPipeline - INFO - 테스트 - AUC: 0.5129, F1: 0.0000
2025-07-02 14:03:08,579 - ModelingPipeline - INFO - logistic_regression_undersampling 최적 Threshold 탐색
2025-07-02 14:03:08,579 - ModelingPipeline - INFO - 임계값 범위: 0.0018 ~ 0.5000 (3000개 점)
2025-07-02 14:03:08,607 - ModelingPipeline - WARNING - 최적 threshold 찾기 실패, 기본값 0.5 사용
2025-07-02 14:03:08,607 - ModelingPipeline - INFO - 최종 선택: 0.500 (PRECISION: 0.0000)
2025-07-02 14:03:08,628 - ModelingPipeline - INFO - logistic_regression_undersampling 최종 평가 (Threshold: 0.500):
2025-07-02 14:03:08,628 - ModelingPipeline - INFO - 검증 - AUC: 0.7675, F1: 0.0000
2025-07-02 14:03:08,628 - ModelingPipeline - INFO - 테스트 - AUC: 0.7719, F1: 0.0000
2025-07-02 14:03:08,762 - ModelingPipeline - INFO - random_forest_undersampling 최적 Threshold 탐색
2025-07-02 14:03:08,762 - ModelingPipeline - INFO - 임계값 범위: 0.0018 ~ 0.5000 (3000개 점)
2025-07-02 14:03:08,896 - ModelingPipeline - INFO - 최종 선택: 0.002 (PRECISION: 0.0000)
2025-07-02 14:03:09,046 - ModelingPipeline - INFO - random_forest_undersampling 최종 평가 (Threshold: 0.002):
2025-07-02 14:03:09,046 - ModelingPipeline - INFO - 검증 - AUC: 0.4958, F1: 0.0000
2025-07-02 14:03:09,046 - ModelingPipeline - INFO - 테스트 - AUC: 0.5213, F1: 0.0000
2025-07-02 14:03:09,102 - ModelingPipeline - INFO - xgboost_undersampling 최적 Threshold 탐색
2025-07-02 14:03:09,102 - ModelingPipeline - INFO - 임계값 범위: 0.0018 ~ 0.5000 (3000개 점)
2025-07-02 14:03:09,163 - ModelingPipeline - INFO - 최종 선택: 0.002 (PRECISION: 0.0000)
2025-07-02 14:03:09,186 - ModelingPipeline - INFO - xgboost_undersampling 최종 평가 (Threshold: 0.002):
2025-07-02 14:03:09,186 - ModelingPipeline - INFO - 검증 - AUC: 0.3858, F1: 0.0000
2025-07-02 14:03:09,186 - ModelingPipeline - INFO - 테스트 - AUC: 0.3508, F1: 0.0000
2025-07-02 14:03:09,295 - ModelingPipeline - INFO - logistic_regression_combined 최적 Threshold 탐색
2025-07-02 14:03:09,295 - ModelingPipeline - INFO - 임계값 범위: 0.0018 ~ 0.5000 (3000개 점)
2025-07-02 14:03:09,323 - ModelingPipeline - WARNING - 최적 threshold 찾기 실패, 기본값 0.5 사용
2025-07-02 14:03:09,323 - ModelingPipeline - INFO - 최종 선택: 0.500 (PRECISION: 0.0000)
2025-07-02 14:03:09,345 - ModelingPipeline - INFO - logistic_regression_combined 최종 평가 (Threshold: 0.500):
2025-07-02 14:03:09,345 - ModelingPipeline - INFO - 검증 - AUC: 0.7465, F1: 0.0000
2025-07-02 14:03:09,345 - ModelingPipeline - INFO - 테스트 - AUC: 0.7605, F1: 0.0000
2025-07-02 14:03:09,512 - ModelingPipeline - INFO - random_forest_combined 최적 Threshold 탐색
2025-07-02 14:03:09,512 - ModelingPipeline - INFO - 임계값 범위: 0.0018 ~ 0.5000 (3000개 점)
2025-07-02 14:03:09,583 - ModelingPipeline - INFO - 최종 선택: 0.002 (PRECISION: 0.0000)
2025-07-02 14:03:09,812 - ModelingPipeline - INFO - random_forest_combined 최종 평가 (Threshold: 0.002):
2025-07-02 14:03:09,812 - ModelingPipeline - INFO - 검증 - AUC: 0.4984, F1: 0.0000
2025-07-02 14:03:09,812 - ModelingPipeline - INFO - 테스트 - AUC: 0.4983, F1: 0.0000
2025-07-02 14:03:10,056 - ModelingPipeline - INFO - xgboost_combined 최적 Threshold 탐색
2025-07-02 14:03:10,056 - ModelingPipeline - INFO - 임계값 범위: 0.0018 ~ 0.5000 (3000개 점)
2025-07-02 14:03:10,550 - ModelingPipeline - INFO - 최종 선택: 0.002 (PRECISION: 0.0000)
2025-07-02 14:03:10,585 - ModelingPipeline - INFO - xgboost_combined 최종 평가 (Threshold: 0.002):
2025-07-02 14:03:10,585 - ModelingPipeline - INFO - 검증 - AUC: 0.4929, F1: 0.0000
2025-07-02 14:03:10,585 - ModelingPipeline - INFO - 테스트 - AUC: 0.5681, F1: 0.0000
2025-07-02 14:03:10,585 - ModelingPipeline - INFO - 앙상블 모델 실행 시작
2025-07-02 14:03:10,587 - ModelingPipeline - INFO - 앙상블에 추가: logistic_regression_normal
2025-07-02 14:03:10,587 - ModelingPipeline - INFO - 앙상블에 추가: logistic_regression_smote
2025-07-02 14:03:10,587 - ModelingPipeline - INFO - 앙상블에 추가: logistic_regression_undersampling
2025-07-02 14:03:10,587 - ModelingPipeline - INFO - 앙상블에 추가: logistic_regression_combined
2025-07-02 14:03:10,587 - ModelingPipeline - INFO - 앙상블에 추가: random_forest_normal
2025-07-02 14:03:10,587 - ModelingPipeline - INFO - 앙상블에 추가: random_forest_smote
2025-07-02 14:03:10,587 - ModelingPipeline - INFO - 앙상블에 추가: random_forest_undersampling
2025-07-02 14:03:10,587 - ModelingPipeline - INFO - 앙상블에 추가: random_forest_combined
2025-07-02 14:03:10,587 - ModelingPipeline - INFO - 앙상블에 추가: xgboost_normal
2025-07-02 14:03:10,587 - ModelingPipeline - INFO - 앙상블에 추가: xgboost_smote
2025-07-02 14:03:10,587 - ModelingPipeline - INFO - 앙상블에 추가: xgboost_undersampling
2025-07-02 14:03:10,587 - ModelingPipeline - INFO - 앙상블에 추가: xgboost_combined
2025-07-02 14:03:11,221 - ModelingPipeline - ERROR - 파이프라인 실행 중 오류 발생: 'optimal_value'
