2025-06-29 23:56:51,055 - ModelingPipeline - INFO - 모델링 파이프라인이 초기화되었습니다.
2025-06-29 23:56:51,055 - ModelingPipeline - INFO - 실행 이름: default_modeling_run_20250629_235651
2025-06-29 23:56:51,055 - ModelingPipeline - INFO - 출력 경로: /Users/jojongho/KDT/P2_Default-invest/outputs/modeling_runs/default_modeling_run_20250629_235651
2025-06-29 23:56:51,055 - ModelingPipeline - INFO - === 모델링 파이프라인 시작 ===
2025-06-29 23:56:51,055 - ModelingPipeline - INFO - 데이터 로드 시작
2025-06-29 23:56:51,055 - ModelingPipeline - INFO - 오버라이드된 데이터 경로 사용: data/final
2025-06-29 23:56:51,192 - ModelingPipeline - INFO - Train: (13300, 118), 부실비율: 0.71%
2025-06-29 23:56:51,193 - ModelingPipeline - INFO - Validation: (4672, 118), 부실비율: 0.68%
2025-06-29 23:56:51,193 - ModelingPipeline - INFO - Test: (4513, 118), 부실비율: 0.60%
2025-06-29 23:56:51,193 - ModelingPipeline - INFO - 모든 모델 실행 시작
2025-06-29 23:56:51,193 - ModelingPipeline - INFO - 특성 선택 방법: SHAP (NORMAL)
2025-06-29 23:56:51,744 - ModelingPipeline - INFO - SHAP 기본 모델: random_forest
2025-06-29 23:56:51,744 - ModelingPipeline - INFO - 기본 모델 훈련 중...
2025-06-29 23:56:53,019 - ModelingPipeline - INFO - SHAP Explainer 생성 중...
2025-06-29 23:56:53,025 - ModelingPipeline - INFO - SHAP 값 계산 중...
2025-06-29 23:57:09,783 - ModelingPipeline - INFO - SHAP 값 배열 형태: (13300, 118)
2025-06-29 23:57:09,784 - ModelingPipeline - INFO - 평균 절댓값 SHAP 형태: (118,)
2025-06-29 23:57:09,784 - ModelingPipeline - INFO - 특성 개수: 118
2025-06-29 23:57:09,785 - ModelingPipeline - INFO - 임계값: 0.002535
2025-06-29 23:57:09,785 - ModelingPipeline - INFO - 평균 |SHAP|: 0.004555 (±0.004944)
2025-06-29 23:57:09,796 - ModelingPipeline - INFO - 선택된 특성: 10/118
2025-06-29 23:57:09,797 - ModelingPipeline - INFO - 활성화된 데이터 타입: ['normal', 'smote', 'undersampling', 'combined']
2025-06-29 23:57:09,797 - ModelingPipeline - INFO - 활성화된 모델: ['logistic_regression', 'random_forest', 'xgboost']
2025-06-29 23:57:09,797 - ModelingPipeline - INFO - NORMAL 데이터 처리
2025-06-29 23:57:09,798 - ModelingPipeline - INFO - logistic_regression 최적화 시작 (NORMAL)
2025-06-29 23:57:09,798 - ModelingPipeline - INFO - Logistic Regression 클래스 불균형 가중치: class_weight=None
2025-06-29 23:57:09,798 - ModelingPipeline - INFO - 최적화 메트릭: AVERAGE_PRECISION
2025-06-29 23:57:09,886 - ModelingPipeline - INFO - Trial 1/200 - Current: 0.1742, Best: 0.1742
2025-06-29 23:57:10,253 - ModelingPipeline - INFO - Trial 6/200 - Current: 0.1766, Best: 0.1766
2025-06-29 23:57:10,661 - ModelingPipeline - INFO - Trial 11/200 - Current: 0.2028, Best: 0.2028
2025-06-29 23:57:11,025 - ModelingPipeline - INFO - Trial 16/200 - Current: 0.1264, Best: 0.2028
2025-06-29 23:57:11,458 - ModelingPipeline - INFO - Trial 21/200 - Current: 0.1276, Best: 0.2028
2025-06-29 23:57:12,008 - ModelingPipeline - INFO - Trial 26/200 - Current: 0.1948, Best: 0.2028
2025-06-29 23:57:12,402 - ModelingPipeline - INFO - Trial 31/200 - Current: 0.1606, Best: 0.2028
2025-06-29 23:57:12,991 - ModelingPipeline - INFO - Trial 36/200 - Current: 0.1954, Best: 0.2028
2025-06-29 23:57:13,543 - ModelingPipeline - INFO - Trial 41/200 - Current: 0.1529, Best: 0.2028
2025-06-29 23:57:14,111 - ModelingPipeline - INFO - Trial 46/200 - Current: 0.1916, Best: 0.2028
2025-06-29 23:57:14,568 - ModelingPipeline - INFO - Trial 51/200 - Current: 0.1917, Best: 0.2028
2025-06-29 23:57:15,175 - ModelingPipeline - INFO - Trial 56/200 - Current: 0.2025, Best: 0.2028
2025-06-29 23:57:15,628 - ModelingPipeline - INFO - Trial 61/200 - Current: 0.1906, Best: 0.2028
2025-06-29 23:57:16,211 - ModelingPipeline - INFO - Trial 66/200 - Current: 0.2014, Best: 0.2028
2025-06-29 23:57:16,713 - ModelingPipeline - INFO - Trial 71/200 - Current: 0.2026, Best: 0.2028
2025-06-29 23:57:17,302 - ModelingPipeline - INFO - Trial 76/200 - Current: 0.1997, Best: 0.2028
2025-06-29 23:57:17,763 - ModelingPipeline - INFO - Trial 81/200 - Current: 0.2017, Best: 0.2028
2025-06-29 23:57:18,380 - ModelingPipeline - INFO - Trial 86/200 - Current: 0.2026, Best: 0.2028
2025-06-29 23:57:18,978 - ModelingPipeline - INFO - Trial 91/200 - Current: 0.2027, Best: 0.2028
2025-06-29 23:57:19,564 - ModelingPipeline - INFO - Trial 96/200 - Current: 0.2027, Best: 0.2028
2025-06-29 23:57:19,993 - ModelingPipeline - INFO - Trial 101/200 - Current: 0.2008, Best: 0.2028
2025-06-29 23:57:20,437 - ModelingPipeline - INFO - Trial 106/200 - Current: 0.2008, Best: 0.2028
2025-06-29 23:57:20,878 - ModelingPipeline - INFO - Trial 111/200 - Current: 0.2036, Best: 0.2036
2025-06-29 23:57:21,280 - ModelingPipeline - INFO - Trial 116/200 - Current: 0.2037, Best: 0.2037
2025-06-29 23:57:21,682 - ModelingPipeline - INFO - Trial 121/200 - Current: 0.1940, Best: 0.2037
2025-06-29 23:57:22,095 - ModelingPipeline - INFO - Trial 126/200 - Current: 0.2023, Best: 0.2037
2025-06-29 23:57:22,511 - ModelingPipeline - INFO - Trial 131/200 - Current: 0.2030, Best: 0.2037
2025-06-29 23:57:22,924 - ModelingPipeline - INFO - Trial 136/200 - Current: 0.1958, Best: 0.2037
2025-06-29 23:57:23,316 - ModelingPipeline - INFO - Trial 141/200 - Current: 0.1395, Best: 0.2037
2025-06-29 23:57:23,722 - ModelingPipeline - INFO - Trial 146/200 - Current: 0.1968, Best: 0.2043
2025-06-29 23:57:24,131 - ModelingPipeline - INFO - Trial 151/200 - Current: 0.2029, Best: 0.2043
2025-06-29 23:57:24,555 - ModelingPipeline - INFO - Trial 156/200 - Current: 0.2029, Best: 0.2043
2025-06-29 23:57:24,966 - ModelingPipeline - INFO - Trial 161/200 - Current: 0.1779, Best: 0.2043
2025-06-29 23:57:25,385 - ModelingPipeline - INFO - Trial 166/200 - Current: 0.1966, Best: 0.2043
2025-06-29 23:57:25,803 - ModelingPipeline - INFO - Trial 171/200 - Current: 0.2028, Best: 0.2043
2025-06-29 23:57:26,235 - ModelingPipeline - INFO - Trial 176/200 - Current: 0.2015, Best: 0.2043
2025-06-29 23:57:26,658 - ModelingPipeline - INFO - Trial 181/200 - Current: 0.2014, Best: 0.2043
2025-06-29 23:57:27,078 - ModelingPipeline - INFO - Trial 186/200 - Current: 0.2018, Best: 0.2043
2025-06-29 23:57:27,477 - ModelingPipeline - INFO - Trial 191/200 - Current: 0.1215, Best: 0.2043
2025-06-29 23:57:27,903 - ModelingPipeline - INFO - Trial 196/200 - Current: 0.2028, Best: 0.2043
2025-06-29 23:57:28,245 - ModelingPipeline - INFO - Trial 200/200 - Current: 0.2034, Best: 0.2043
2025-06-29 23:57:28,260 - ModelingPipeline - INFO - 최적 AUC: 0.2043
2025-06-29 23:57:28,261 - ModelingPipeline - INFO - 최적 파라미터: {'C': 45.48730100339795, 'max_iter': 8802, 'penalty': 'l2', 'solver': 'lbfgs', 'tol': 0.0001, 'class_weight': None}
2025-06-29 23:57:28,261 - ModelingPipeline - INFO - CV 메트릭 계산 시작 (NORMAL)
2025-06-29 23:57:28,343 - ModelingPipeline - INFO - 최적화된 CV 완료: AUC=0.9338(±0.0285), AP=0.2043(±0.0689), F1=0.0200(±0.0400)
2025-06-29 23:57:28,343 - ModelingPipeline - INFO - CV 메트릭 계산 완료 - AUC: 0.9338, AP: 0.2043, F1: 0.0200
2025-06-29 23:57:28,343 - ModelingPipeline - INFO - random_forest 최적화 시작 (NORMAL)
2025-06-29 23:57:28,343 - ModelingPipeline - INFO - Random Forest 클래스 불균형 가중치: class_weight=None
2025-06-29 23:57:28,343 - ModelingPipeline - INFO - 최적화 메트릭: AVERAGE_PRECISION
2025-06-29 23:57:31,728 - ModelingPipeline - INFO - Trial 1/200 - Current: 0.2638, Best: 0.2638
2025-06-29 23:57:51,449 - ModelingPipeline - INFO - Trial 6/200 - Current: 0.2572, Best: 0.2638
2025-06-29 23:58:20,893 - ModelingPipeline - INFO - Trial 11/200 - Current: 0.2544, Best: 0.2638
2025-06-29 23:58:51,248 - ModelingPipeline - INFO - Trial 16/200 - Current: 0.2386, Best: 0.2638
2025-06-29 23:59:24,913 - ModelingPipeline - INFO - Trial 21/200 - Current: 0.2416, Best: 0.2638
2025-06-29 23:59:48,668 - ModelingPipeline - INFO - Trial 26/200 - Current: 0.2622, Best: 0.2638
2025-06-30 00:00:13,708 - ModelingPipeline - INFO - Trial 31/200 - Current: 0.2441, Best: 0.2638
2025-06-30 00:00:29,877 - ModelingPipeline - INFO - Trial 36/200 - Current: 0.2556, Best: 0.2638
2025-06-30 00:00:56,429 - ModelingPipeline - INFO - Trial 41/200 - Current: 0.2402, Best: 0.2638
2025-06-30 00:01:19,385 - ModelingPipeline - INFO - Trial 46/200 - Current: 0.2477, Best: 0.2638
2025-06-30 00:01:39,280 - ModelingPipeline - INFO - Trial 51/200 - Current: 0.2629, Best: 0.2638
2025-06-30 00:02:05,848 - ModelingPipeline - INFO - Trial 56/200 - Current: 0.2471, Best: 0.2638
2025-06-30 00:02:22,930 - ModelingPipeline - INFO - Trial 61/200 - Current: 0.2559, Best: 0.2638
2025-06-30 00:02:41,733 - ModelingPipeline - INFO - Trial 66/200 - Current: 0.2563, Best: 0.2638
2025-06-30 00:03:04,503 - ModelingPipeline - INFO - Trial 71/200 - Current: 0.2364, Best: 0.2646
2025-06-30 00:03:22,861 - ModelingPipeline - INFO - Trial 76/200 - Current: 0.2642, Best: 0.2646
2025-06-30 00:03:43,895 - ModelingPipeline - INFO - Trial 81/200 - Current: 0.2561, Best: 0.2646
2025-06-30 00:04:04,200 - ModelingPipeline - INFO - Trial 86/200 - Current: 0.2512, Best: 0.2646
2025-06-30 00:04:24,008 - ModelingPipeline - INFO - Trial 91/200 - Current: 0.2562, Best: 0.2646
2025-06-30 00:04:45,483 - ModelingPipeline - INFO - Trial 96/200 - Current: 0.2427, Best: 0.2646
2025-06-30 00:05:09,097 - ModelingPipeline - INFO - Trial 101/200 - Current: 0.2451, Best: 0.2646
2025-06-30 00:05:25,753 - ModelingPipeline - INFO - Trial 106/200 - Current: 0.2582, Best: 0.2646
2025-06-30 00:05:48,106 - ModelingPipeline - INFO - Trial 111/200 - Current: 0.2638, Best: 0.2646
2025-06-30 00:06:06,676 - ModelingPipeline - INFO - Trial 116/200 - Current: 0.2599, Best: 0.2646
2025-06-30 00:06:27,124 - ModelingPipeline - INFO - Trial 121/200 - Current: 0.2587, Best: 0.2646
2025-06-30 00:06:41,493 - ModelingPipeline - INFO - Trial 126/200 - Current: 0.2567, Best: 0.2646
2025-06-30 00:06:58,900 - ModelingPipeline - INFO - Trial 131/200 - Current: 0.2600, Best: 0.2646
2025-06-30 00:07:22,185 - ModelingPipeline - INFO - Trial 136/200 - Current: 0.2542, Best: 0.2646
2025-06-30 00:07:45,228 - ModelingPipeline - INFO - Trial 141/200 - Current: 0.2394, Best: 0.2646
2025-06-30 00:08:01,080 - ModelingPipeline - INFO - Trial 146/200 - Current: 0.2574, Best: 0.2646
2025-06-30 00:08:21,937 - ModelingPipeline - INFO - Trial 151/200 - Current: 0.2604, Best: 0.2646
2025-06-30 00:08:39,900 - ModelingPipeline - INFO - Trial 156/200 - Current: 0.2619, Best: 0.2646
2025-06-30 00:08:58,850 - ModelingPipeline - INFO - Trial 161/200 - Current: 0.2622, Best: 0.2653
2025-06-30 00:09:16,492 - ModelingPipeline - INFO - Trial 166/200 - Current: 0.2619, Best: 0.2653
2025-06-30 00:09:34,365 - ModelingPipeline - INFO - Trial 171/200 - Current: 0.2639, Best: 0.2653
2025-06-30 00:09:52,958 - ModelingPipeline - INFO - Trial 176/200 - Current: 0.2585, Best: 0.2653
2025-06-30 00:10:10,685 - ModelingPipeline - INFO - Trial 181/200 - Current: 0.2605, Best: 0.2653
2025-06-30 00:10:28,896 - ModelingPipeline - INFO - Trial 186/200 - Current: 0.2554, Best: 0.2653
2025-06-30 00:10:47,434 - ModelingPipeline - INFO - Trial 191/200 - Current: 0.2542, Best: 0.2653
2025-06-30 00:11:04,915 - ModelingPipeline - INFO - Trial 196/200 - Current: 0.2619, Best: 0.2653
2025-06-30 00:11:17,306 - ModelingPipeline - INFO - Trial 200/200 - Current: 0.2643, Best: 0.2653
2025-06-30 00:11:23,662 - ModelingPipeline - INFO - 최적 AUC: 0.2653
2025-06-30 00:11:23,662 - ModelingPipeline - INFO - 최적 파라미터: {'n_estimators': 577, 'max_depth': 6, 'min_samples_split': 16, 'min_samples_leaf': 9, 'max_features': 0.35468768033996173, 'class_weight': None}
2025-06-30 00:11:23,662 - ModelingPipeline - INFO - CV 메트릭 계산 시작 (NORMAL)
2025-06-30 00:11:49,160 - ModelingPipeline - INFO - 최적화된 CV 완료: AUC=0.9391(±0.0207), AP=0.2604(±0.0683), F1=0.0577(±0.0477)
2025-06-30 00:11:49,160 - ModelingPipeline - INFO - CV 메트릭 계산 완료 - AUC: 0.9391, AP: 0.2604, F1: 0.0577
2025-06-30 00:11:49,187 - ModelingPipeline - INFO - xgboost 최적화 시작 (NORMAL)
2025-06-30 00:11:49,187 - ModelingPipeline - INFO - XGBoost 클래스 불균형 처리: scale_pos_weight
2025-06-30 00:11:49,187 - ModelingPipeline - INFO - scale_pos_weight = 140.49 (설정: auto)
2025-06-30 00:11:49,187 - ModelingPipeline - INFO - 최적화 메트릭: AVERAGE_PRECISION
2025-06-30 00:11:53,091 - ModelingPipeline - INFO - Trial 1/200 - Current: 0.1922, Best: 0.1922
2025-06-30 00:12:11,236 - ModelingPipeline - INFO - Trial 6/200 - Current: 0.2123, Best: 0.2145
2025-06-30 00:12:26,199 - ModelingPipeline - INFO - Trial 11/200 - Current: 0.1746, Best: 0.2354
2025-06-30 00:12:46,914 - ModelingPipeline - INFO - Trial 16/200 - Current: 0.2137, Best: 0.2389
2025-06-30 00:13:12,486 - ModelingPipeline - INFO - Trial 21/200 - Current: 0.1939, Best: 0.2389
2025-06-30 00:13:30,497 - ModelingPipeline - INFO - Trial 26/200 - Current: 0.2460, Best: 0.2509
2025-06-30 00:13:58,225 - ModelingPipeline - INFO - Trial 31/200 - Current: 0.2486, Best: 0.2509
2025-06-30 00:14:39,741 - ModelingPipeline - INFO - Trial 36/200 - Current: 0.2248, Best: 0.2540
2025-06-30 00:15:06,459 - ModelingPipeline - INFO - Trial 41/200 - Current: 0.2257, Best: 0.2540
2025-06-30 00:15:45,325 - ModelingPipeline - INFO - Trial 46/200 - Current: 0.2404, Best: 0.2593
2025-06-30 00:16:16,820 - ModelingPipeline - INFO - Trial 51/200 - Current: 0.1991, Best: 0.2593
2025-06-30 00:16:55,964 - ModelingPipeline - INFO - Trial 56/200 - Current: 0.2521, Best: 0.2593
2025-06-30 00:17:24,318 - ModelingPipeline - INFO - Trial 61/200 - Current: 0.2622, Best: 0.2622
2025-06-30 00:17:51,190 - ModelingPipeline - INFO - Trial 66/200 - Current: 0.2566, Best: 0.2622
2025-06-30 00:18:15,263 - ModelingPipeline - INFO - Trial 71/200 - Current: 0.2442, Best: 0.2622
2025-06-30 00:18:44,618 - ModelingPipeline - INFO - Trial 76/200 - Current: 0.2499, Best: 0.2622
2025-06-30 00:19:11,541 - ModelingPipeline - INFO - Trial 81/200 - Current: 0.2359, Best: 0.2622
2025-06-30 00:19:43,355 - ModelingPipeline - INFO - Trial 86/200 - Current: 0.2336, Best: 0.2622
2025-06-30 00:20:14,549 - ModelingPipeline - INFO - Trial 91/200 - Current: 0.2517, Best: 0.2622
2025-06-30 00:20:40,487 - ModelingPipeline - INFO - Trial 96/200 - Current: 0.2635, Best: 0.2635
2025-06-30 00:21:09,241 - ModelingPipeline - INFO - Trial 101/200 - Current: 0.1835, Best: 0.2635
2025-06-30 00:21:35,182 - ModelingPipeline - INFO - Trial 106/200 - Current: 0.2364, Best: 0.2635
2025-06-30 00:22:01,193 - ModelingPipeline - INFO - Trial 111/200 - Current: 0.2492, Best: 0.2635
2025-06-30 00:22:33,437 - ModelingPipeline - INFO - Trial 116/200 - Current: 0.2418, Best: 0.2635
2025-06-30 00:23:04,593 - ModelingPipeline - INFO - Trial 121/200 - Current: 0.2650, Best: 0.2650
2025-06-30 00:23:26,710 - ModelingPipeline - INFO - Trial 126/200 - Current: 0.2598, Best: 0.2650
2025-06-30 00:23:46,392 - ModelingPipeline - INFO - Trial 131/200 - Current: 0.2508, Best: 0.2650
2025-06-30 00:24:07,276 - ModelingPipeline - INFO - Trial 136/200 - Current: 0.2381, Best: 0.2650
2025-06-30 00:24:27,991 - ModelingPipeline - INFO - Trial 141/200 - Current: 0.2556, Best: 0.2650
2025-06-30 00:24:47,410 - ModelingPipeline - INFO - Trial 146/200 - Current: 0.2422, Best: 0.2650
2025-06-30 00:25:13,468 - ModelingPipeline - INFO - Trial 151/200 - Current: 0.2499, Best: 0.2650
2025-06-30 00:25:37,283 - ModelingPipeline - INFO - Trial 156/200 - Current: 0.2469, Best: 0.2650
2025-06-30 00:26:04,776 - ModelingPipeline - INFO - Trial 161/200 - Current: 0.2536, Best: 0.2650
2025-06-30 00:26:28,345 - ModelingPipeline - INFO - Trial 166/200 - Current: 0.2657, Best: 0.2657
2025-06-30 00:26:51,918 - ModelingPipeline - INFO - Trial 171/200 - Current: 0.2322, Best: 0.2657
2025-06-30 00:27:14,730 - ModelingPipeline - INFO - Trial 176/200 - Current: 0.2580, Best: 0.2657
2025-06-30 00:27:41,769 - ModelingPipeline - INFO - Trial 181/200 - Current: 0.2644, Best: 0.2657
2025-06-30 00:28:03,788 - ModelingPipeline - INFO - Trial 186/200 - Current: 0.2606, Best: 0.2716
2025-06-30 00:28:24,443 - ModelingPipeline - INFO - Trial 191/200 - Current: 0.2248, Best: 0.2716
2025-06-30 00:28:44,012 - ModelingPipeline - INFO - Trial 196/200 - Current: 0.2564, Best: 0.2716
2025-06-30 00:28:59,063 - ModelingPipeline - INFO - Trial 200/200 - Current: 0.2347, Best: 0.2716
2025-06-30 00:28:59,961 - ModelingPipeline - INFO - 최적 AUC: 0.2716
2025-06-30 00:28:59,961 - ModelingPipeline - INFO - 최적 파라미터: {'n_estimators': 405, 'max_depth': 7, 'learning_rate': 0.015647356373478, 'subsample': 0.8096431328020083, 'colsample_bytree': 0.7376227981520254, 'reg_alpha': 2.1231543486982236, 'reg_lambda': 9.400841174781892, 'scale_pos_weight': np.float64(140.48936170212767)}
2025-06-30 00:28:59,962 - ModelingPipeline - INFO - CV 메트릭 계산 시작 (NORMAL)
2025-06-30 00:29:04,381 - ModelingPipeline - INFO - 최적화된 CV 완료: AUC=0.9303(±0.0303), AP=0.2486(±0.0840), F1=0.2175(±0.0429)
2025-06-30 00:29:04,381 - ModelingPipeline - INFO - CV 메트릭 계산 완료 - AUC: 0.9303, AP: 0.2486, F1: 0.2175
2025-06-30 00:29:04,383 - ModelingPipeline - INFO - SMOTE 데이터 처리
2025-06-30 00:29:04,383 - ModelingPipeline - INFO - logistic_regression 최적화 시작 (SMOTE)
2025-06-30 00:29:04,383 - ModelingPipeline - INFO - Logistic Regression 클래스 불균형 가중치: class_weight=None
2025-06-30 00:29:04,383 - ModelingPipeline - INFO - 최적화 메트릭: AVERAGE_PRECISION
2025-06-30 00:29:04,560 - ModelingPipeline - INFO - Trial 1/200 - Current: 0.1946, Best: 0.1946
2025-06-30 00:29:05,142 - ModelingPipeline - INFO - Trial 6/200 - Current: 0.1939, Best: 0.1946
2025-06-30 00:29:05,860 - ModelingPipeline - INFO - Trial 11/200 - Current: 0.2153, Best: 0.2153
2025-06-30 00:29:06,500 - ModelingPipeline - INFO - Trial 16/200 - Current: 0.1306, Best: 0.2179
2025-06-30 00:29:07,166 - ModelingPipeline - INFO - Trial 21/200 - Current: 0.2087, Best: 0.2179
2025-06-30 00:29:07,856 - ModelingPipeline - INFO - Trial 26/200 - Current: 0.2178, Best: 0.2179
2025-06-30 00:29:08,597 - ModelingPipeline - INFO - Trial 31/200 - Current: 0.2155, Best: 0.2179
2025-06-30 00:29:09,310 - ModelingPipeline - INFO - Trial 36/200 - Current: 0.2163, Best: 0.2179
2025-06-30 00:29:09,917 - ModelingPipeline - INFO - Trial 41/200 - Current: 0.1686, Best: 0.2179
2025-06-30 00:29:10,617 - ModelingPipeline - INFO - Trial 46/200 - Current: 0.2155, Best: 0.2179
2025-06-30 00:29:11,435 - ModelingPipeline - INFO - Trial 51/200 - Current: 0.2168, Best: 0.2179
2025-06-30 00:29:12,129 - ModelingPipeline - INFO - Trial 56/200 - Current: 0.2161, Best: 0.2179
2025-06-30 00:29:12,835 - ModelingPipeline - INFO - Trial 61/200 - Current: 0.2177, Best: 0.2179
2025-06-30 00:29:13,538 - ModelingPipeline - INFO - Trial 66/200 - Current: 0.2160, Best: 0.2179
2025-06-30 00:29:14,325 - ModelingPipeline - INFO - Trial 71/200 - Current: 0.2209, Best: 0.2209
2025-06-30 00:29:15,156 - ModelingPipeline - INFO - Trial 76/200 - Current: 0.2187, Best: 0.2209
2025-06-30 00:29:15,953 - ModelingPipeline - INFO - Trial 81/200 - Current: 0.2115, Best: 0.2209
2025-06-30 00:29:16,757 - ModelingPipeline - INFO - Trial 86/200 - Current: 0.2143, Best: 0.2209
2025-06-30 00:29:17,567 - ModelingPipeline - INFO - Trial 91/200 - Current: 0.2200, Best: 0.2209
2025-06-30 00:29:18,364 - ModelingPipeline - INFO - Trial 96/200 - Current: 0.2000, Best: 0.2209
2025-06-30 00:29:19,187 - ModelingPipeline - INFO - Trial 101/200 - Current: 0.2202, Best: 0.2209
2025-06-30 00:29:20,020 - ModelingPipeline - INFO - Trial 106/200 - Current: 0.2202, Best: 0.2209
2025-06-30 00:29:20,787 - ModelingPipeline - INFO - Trial 111/200 - Current: 0.1356, Best: 0.2209
2025-06-30 00:29:21,619 - ModelingPipeline - INFO - Trial 116/200 - Current: 0.2163, Best: 0.2209
2025-06-30 00:29:22,426 - ModelingPipeline - INFO - Trial 121/200 - Current: 0.2173, Best: 0.2213
2025-06-30 00:29:23,283 - ModelingPipeline - INFO - Trial 126/200 - Current: 0.2212, Best: 0.2214
2025-06-30 00:29:24,093 - ModelingPipeline - INFO - Trial 131/200 - Current: 0.1737, Best: 0.2214
2025-06-30 00:29:24,899 - ModelingPipeline - INFO - Trial 136/200 - Current: 0.2212, Best: 0.2214
2025-06-30 00:29:25,777 - ModelingPipeline - INFO - Trial 141/200 - Current: 0.2214, Best: 0.2214
2025-06-30 00:29:26,630 - ModelingPipeline - INFO - Trial 146/200 - Current: 0.2214, Best: 0.2215
2025-06-30 00:29:27,471 - ModelingPipeline - INFO - Trial 151/200 - Current: 0.2159, Best: 0.2215
2025-06-30 00:29:28,326 - ModelingPipeline - INFO - Trial 156/200 - Current: 0.2188, Best: 0.2215
2025-06-30 00:29:29,176 - ModelingPipeline - INFO - Trial 161/200 - Current: 0.2163, Best: 0.2215
2025-06-30 00:29:30,075 - ModelingPipeline - INFO - Trial 166/200 - Current: 0.2214, Best: 0.2215
2025-06-30 00:29:30,999 - ModelingPipeline - INFO - Trial 171/200 - Current: 0.2160, Best: 0.2215
2025-06-30 00:29:31,886 - ModelingPipeline - INFO - Trial 176/200 - Current: 0.2202, Best: 0.2215
2025-06-30 00:29:32,754 - ModelingPipeline - INFO - Trial 181/200 - Current: 0.2202, Best: 0.2215
2025-06-30 00:29:33,575 - ModelingPipeline - INFO - Trial 186/200 - Current: 0.2185, Best: 0.2215
2025-06-30 00:29:34,330 - ModelingPipeline - INFO - Trial 191/200 - Current: 0.1283, Best: 0.2215
2025-06-30 00:29:35,194 - ModelingPipeline - INFO - Trial 196/200 - Current: 0.2187, Best: 0.2215
2025-06-30 00:29:35,918 - ModelingPipeline - INFO - Trial 200/200 - Current: 0.2214, Best: 0.2215
2025-06-30 00:29:35,956 - ModelingPipeline - INFO - 최적 AUC: 0.2215
2025-06-30 00:29:35,956 - ModelingPipeline - INFO - 최적 파라미터: {'C': 99.62965658375354, 'max_iter': 1395, 'penalty': 'l2', 'solver': 'liblinear', 'tol': 0.0001, 'class_weight': None}
2025-06-30 00:29:35,957 - ModelingPipeline - INFO - CV 메트릭 계산 시작 (SMOTE)
2025-06-30 00:29:36,126 - ModelingPipeline - INFO - 최적화된 CV 완료: AUC=0.9271(±0.0313), AP=0.2215(±0.0611), F1=0.2423(±0.0353)
2025-06-30 00:29:36,126 - ModelingPipeline - INFO - CV 메트릭 계산 완료 - AUC: 0.9271, AP: 0.2215, F1: 0.2423
2025-06-30 00:29:36,126 - ModelingPipeline - INFO - random_forest 최적화 시작 (SMOTE)
2025-06-30 00:29:36,126 - ModelingPipeline - INFO - Random Forest 클래스 불균형 가중치: class_weight=None
2025-06-30 00:29:36,126 - ModelingPipeline - INFO - 최적화 메트릭: AVERAGE_PRECISION
2025-06-30 00:29:40,157 - ModelingPipeline - INFO - Trial 1/200 - Current: 0.2434, Best: 0.2434
2025-06-30 00:30:01,841 - ModelingPipeline - INFO - Trial 6/200 - Current: 0.2457, Best: 0.2501
2025-06-30 00:30:43,038 - ModelingPipeline - INFO - Trial 11/200 - Current: 0.2038, Best: 0.2501
2025-06-30 00:31:34,072 - ModelingPipeline - INFO - Trial 16/200 - Current: 0.2631, Best: 0.2631
2025-06-30 00:32:38,152 - ModelingPipeline - INFO - Trial 21/200 - Current: 0.2001, Best: 0.2631
2025-06-30 00:33:26,502 - ModelingPipeline - INFO - Trial 26/200 - Current: 0.2538, Best: 0.2631
2025-06-30 00:34:15,173 - ModelingPipeline - INFO - Trial 31/200 - Current: 0.2463, Best: 0.2631
2025-06-30 00:35:05,242 - ModelingPipeline - INFO - Trial 36/200 - Current: 0.2137, Best: 0.2631
2025-06-30 00:35:56,284 - ModelingPipeline - INFO - Trial 41/200 - Current: 0.2242, Best: 0.2631
2025-06-30 00:36:39,045 - ModelingPipeline - INFO - Trial 46/200 - Current: 0.2183, Best: 0.2631
2025-06-30 00:37:20,019 - ModelingPipeline - INFO - Trial 51/200 - Current: 0.2218, Best: 0.2631
2025-06-30 00:38:08,452 - ModelingPipeline - INFO - Trial 56/200 - Current: 0.2251, Best: 0.2631
2025-06-30 00:39:00,288 - ModelingPipeline - INFO - Trial 61/200 - Current: 0.2371, Best: 0.2631
2025-06-30 00:39:48,522 - ModelingPipeline - INFO - Trial 66/200 - Current: 0.2355, Best: 0.2631
2025-06-30 00:40:36,709 - ModelingPipeline - INFO - Trial 71/200 - Current: 0.2445, Best: 0.2631
2025-06-30 00:41:22,295 - ModelingPipeline - INFO - Trial 76/200 - Current: 0.2369, Best: 0.2631
2025-06-30 00:42:19,068 - ModelingPipeline - INFO - Trial 81/200 - Current: 0.2542, Best: 0.2631
2025-06-30 00:43:02,085 - ModelingPipeline - INFO - Trial 86/200 - Current: 0.2524, Best: 0.2631
2025-06-30 00:43:59,502 - ModelingPipeline - INFO - Trial 91/200 - Current: 0.2133, Best: 0.2631
2025-06-30 00:44:45,478 - ModelingPipeline - INFO - Trial 96/200 - Current: 0.2602, Best: 0.2631
2025-06-30 00:45:23,514 - ModelingPipeline - INFO - Trial 101/200 - Current: 0.2564, Best: 0.2651
2025-06-30 00:45:57,356 - ModelingPipeline - INFO - Trial 106/200 - Current: 0.2652, Best: 0.2659
2025-06-30 00:46:34,394 - ModelingPipeline - INFO - Trial 111/200 - Current: 0.2680, Best: 0.2680
2025-06-30 00:47:08,076 - ModelingPipeline - INFO - Trial 116/200 - Current: 0.2716, Best: 0.2716
2025-06-30 00:47:41,625 - ModelingPipeline - INFO - Trial 121/200 - Current: 0.2485, Best: 0.2716
2025-06-30 00:48:13,348 - ModelingPipeline - INFO - Trial 126/200 - Current: 0.2391, Best: 0.2716
2025-06-30 00:48:42,272 - ModelingPipeline - INFO - Trial 131/200 - Current: 0.2673, Best: 0.2716
2025-06-30 00:48:59,440 - ModelingPipeline - INFO - Trial 136/200 - Current: 0.2444, Best: 0.2716
2025-06-30 00:49:28,560 - ModelingPipeline - INFO - Trial 141/200 - Current: 0.2496, Best: 0.2716
2025-06-30 00:49:59,732 - ModelingPipeline - INFO - Trial 146/200 - Current: 0.2669, Best: 0.2716
2025-06-30 00:50:28,423 - ModelingPipeline - INFO - Trial 151/200 - Current: 0.2630, Best: 0.2739
2025-06-30 00:50:56,869 - ModelingPipeline - INFO - Trial 156/200 - Current: 0.2740, Best: 0.2740
2025-06-30 00:51:23,241 - ModelingPipeline - INFO - Trial 161/200 - Current: 0.2729, Best: 0.2740
2025-06-30 00:51:50,163 - ModelingPipeline - INFO - Trial 166/200 - Current: 0.2729, Best: 0.2740
2025-06-30 00:52:16,476 - ModelingPipeline - INFO - Trial 171/200 - Current: 0.2729, Best: 0.2740
2025-06-30 00:52:42,713 - ModelingPipeline - INFO - Trial 176/200 - Current: 0.2739, Best: 0.2740
2025-06-30 00:53:10,359 - ModelingPipeline - INFO - Trial 181/200 - Current: 0.2739, Best: 0.2740
2025-06-30 00:53:37,903 - ModelingPipeline - INFO - Trial 186/200 - Current: 0.2740, Best: 0.2740
2025-06-30 00:54:05,234 - ModelingPipeline - INFO - Trial 191/200 - Current: 0.2737, Best: 0.2749
2025-06-30 00:54:33,440 - ModelingPipeline - INFO - Trial 196/200 - Current: 0.2740, Best: 0.2749
2025-06-30 00:54:57,620 - ModelingPipeline - INFO - Trial 200/200 - Current: 0.2739, Best: 0.2749
2025-06-30 00:55:03,158 - ModelingPipeline - INFO - 최적 AUC: 0.2749
2025-06-30 00:55:03,158 - ModelingPipeline - INFO - 최적 파라미터: {'n_estimators': 796, 'max_depth': 3, 'min_samples_split': 17, 'min_samples_leaf': 2, 'max_features': 0.340171647878312, 'class_weight': None}
2025-06-30 00:55:03,159 - ModelingPipeline - INFO - CV 메트릭 계산 시작 (SMOTE)
2025-06-30 00:55:25,866 - ModelingPipeline - INFO - 최적화된 CV 완료: AUC=0.9445(±0.0212), AP=0.2580(±0.0893), F1=0.2717(±0.0725)
2025-06-30 00:55:25,867 - ModelingPipeline - INFO - CV 메트릭 계산 완료 - AUC: 0.9445, AP: 0.2580, F1: 0.2717
2025-06-30 00:55:25,901 - ModelingPipeline - INFO - xgboost 최적화 시작 (SMOTE)
2025-06-30 00:55:25,901 - ModelingPipeline - INFO - XGBoost 클래스 불균형 처리: scale_pos_weight
2025-06-30 00:55:25,901 - ModelingPipeline - INFO - scale_pos_weight = 140.49 (설정: auto)
2025-06-30 00:55:25,901 - ModelingPipeline - INFO - 최적화 메트릭: AVERAGE_PRECISION
2025-06-30 00:55:30,217 - ModelingPipeline - INFO - Trial 1/200 - Current: 0.2132, Best: 0.2132
2025-06-30 00:55:49,278 - ModelingPipeline - INFO - Trial 6/200 - Current: 0.2131, Best: 0.2140
2025-06-30 00:56:05,510 - ModelingPipeline - INFO - Trial 11/200 - Current: 0.1967, Best: 0.2330
2025-06-30 00:56:23,616 - ModelingPipeline - INFO - Trial 16/200 - Current: 0.2112, Best: 0.2330
2025-06-30 00:56:46,005 - ModelingPipeline - INFO - Trial 21/200 - Current: 0.2124, Best: 0.2330
2025-06-30 00:57:07,110 - ModelingPipeline - INFO - Trial 26/200 - Current: 0.2165, Best: 0.2346
2025-06-30 00:57:25,699 - ModelingPipeline - INFO - Trial 31/200 - Current: 0.2396, Best: 0.2396
2025-06-30 00:57:47,575 - ModelingPipeline - INFO - Trial 36/200 - Current: 0.2201, Best: 0.2396
2025-06-30 00:58:08,159 - ModelingPipeline - INFO - Trial 41/200 - Current: 0.2287, Best: 0.2405
2025-06-30 00:58:29,427 - ModelingPipeline - INFO - Trial 46/200 - Current: 0.2346, Best: 0.2405
2025-06-30 00:58:56,737 - ModelingPipeline - INFO - Trial 51/200 - Current: 0.2400, Best: 0.2405
2025-06-30 00:59:34,370 - ModelingPipeline - INFO - Trial 56/200 - Current: 0.2228, Best: 0.2439
2025-06-30 01:00:06,608 - ModelingPipeline - INFO - Trial 61/200 - Current: 0.2220, Best: 0.2439
2025-06-30 01:00:47,271 - ModelingPipeline - INFO - Trial 66/200 - Current: 0.2418, Best: 0.2439
2025-06-30 01:01:27,669 - ModelingPipeline - INFO - Trial 71/200 - Current: 0.2239, Best: 0.2455
2025-06-30 01:02:07,293 - ModelingPipeline - INFO - Trial 76/200 - Current: 0.2275, Best: 0.2455
2025-06-30 01:02:36,143 - ModelingPipeline - INFO - Trial 81/200 - Current: 0.2069, Best: 0.2455
2025-06-30 01:03:20,190 - ModelingPipeline - INFO - Trial 86/200 - Current: 0.2355, Best: 0.2455
2025-06-30 01:03:57,068 - ModelingPipeline - INFO - Trial 91/200 - Current: 0.2271, Best: 0.2455
2025-06-30 01:04:28,824 - ModelingPipeline - INFO - Trial 96/200 - Current: 0.2382, Best: 0.2463
2025-06-30 01:04:57,473 - ModelingPipeline - INFO - Trial 101/200 - Current: 0.2354, Best: 0.2463
2025-06-30 01:05:28,905 - ModelingPipeline - INFO - Trial 106/200 - Current: 0.2359, Best: 0.2474
2025-06-30 01:05:59,357 - ModelingPipeline - INFO - Trial 111/200 - Current: 0.2321, Best: 0.2474
2025-06-30 01:06:27,143 - ModelingPipeline - INFO - Trial 116/200 - Current: 0.2287, Best: 0.2474
2025-06-30 01:06:57,200 - ModelingPipeline - INFO - Trial 121/200 - Current: 0.2407, Best: 0.2474
2025-06-30 01:07:26,497 - ModelingPipeline - INFO - Trial 126/200 - Current: 0.2342, Best: 0.2474
2025-06-30 01:08:05,242 - ModelingPipeline - INFO - Trial 131/200 - Current: 0.2305, Best: 0.2474
2025-06-30 01:08:34,256 - ModelingPipeline - INFO - Trial 136/200 - Current: 0.2313, Best: 0.2474
2025-06-30 01:09:02,999 - ModelingPipeline - INFO - Trial 141/200 - Current: 0.2356, Best: 0.2474
2025-06-30 01:09:30,443 - ModelingPipeline - INFO - Trial 146/200 - Current: 0.2212, Best: 0.2474
2025-06-30 01:10:06,133 - ModelingPipeline - INFO - Trial 151/200 - Current: 0.2432, Best: 0.2474
2025-06-30 01:10:41,909 - ModelingPipeline - INFO - Trial 156/200 - Current: 0.2370, Best: 0.2474
2025-06-30 01:11:15,287 - ModelingPipeline - INFO - Trial 161/200 - Current: 0.2364, Best: 0.2474
2025-06-30 01:11:47,563 - ModelingPipeline - INFO - Trial 166/200 - Current: 0.2401, Best: 0.2474
2025-06-30 01:12:14,215 - ModelingPipeline - INFO - Trial 171/200 - Current: 0.2216, Best: 0.2533
2025-06-30 01:12:45,703 - ModelingPipeline - INFO - Trial 176/200 - Current: 0.2295, Best: 0.2533
2025-06-30 01:13:16,715 - ModelingPipeline - INFO - Trial 181/200 - Current: 0.2302, Best: 0.2533
2025-06-30 01:13:43,789 - ModelingPipeline - INFO - Trial 186/200 - Current: 0.2065, Best: 0.2533
2025-06-30 01:14:21,757 - ModelingPipeline - INFO - Trial 191/200 - Current: 0.2386, Best: 0.2533
2025-06-30 01:14:53,465 - ModelingPipeline - INFO - Trial 196/200 - Current: 0.2415, Best: 0.2533
2025-06-30 01:15:17,366 - ModelingPipeline - INFO - Trial 200/200 - Current: 0.2353, Best: 0.2533
2025-06-30 01:15:18,461 - ModelingPipeline - INFO - 최적 AUC: 0.2533
2025-06-30 01:15:18,461 - ModelingPipeline - INFO - 최적 파라미터: {'n_estimators': 354, 'max_depth': 10, 'learning_rate': 0.013453231343073864, 'subsample': 0.742733569542555, 'colsample_bytree': 0.6573307145808327, 'reg_alpha': 8.080320980945084, 'reg_lambda': 1.534619471487927, 'scale_pos_weight': np.float64(140.48936170212767)}
2025-06-30 01:15:18,461 - ModelingPipeline - INFO - CV 메트릭 계산 시작 (SMOTE)
2025-06-30 01:15:23,872 - ModelingPipeline - INFO - 최적화된 CV 완료: AUC=0.9247(±0.0450), AP=0.2382(±0.0774), F1=0.1890(±0.0249)
2025-06-30 01:15:23,873 - ModelingPipeline - INFO - CV 메트릭 계산 완료 - AUC: 0.9247, AP: 0.2382, F1: 0.1890
2025-06-30 01:15:23,875 - ModelingPipeline - INFO - UNDERSAMPLING 데이터 처리
2025-06-30 01:15:23,876 - ModelingPipeline - INFO - logistic_regression 최적화 시작 (UNDERSAMPLING)
2025-06-30 01:15:23,876 - ModelingPipeline - INFO - Logistic Regression 클래스 불균형 가중치: class_weight=None
2025-06-30 01:15:23,876 - ModelingPipeline - INFO - 최적화 메트릭: AVERAGE_PRECISION
2025-06-30 01:15:24,478 - ModelingPipeline - INFO - Trial 1/200 - Current: 0.1708, Best: 0.1708
2025-06-30 01:15:27,408 - ModelingPipeline - INFO - Trial 6/200 - Current: 0.1784, Best: 0.1784
2025-06-30 01:15:30,398 - ModelingPipeline - INFO - Trial 11/200 - Current: 0.2028, Best: 0.2028
2025-06-30 01:15:33,427 - ModelingPipeline - INFO - Trial 16/200 - Current: 0.1921, Best: 0.2028
2025-06-30 01:15:36,395 - ModelingPipeline - INFO - Trial 21/200 - Current: 0.1394, Best: 0.2028
2025-06-30 01:15:39,417 - ModelingPipeline - INFO - Trial 26/200 - Current: 0.2023, Best: 0.2028
2025-06-30 01:15:42,400 - ModelingPipeline - INFO - Trial 31/200 - Current: 0.1902, Best: 0.2031
2025-06-30 01:15:45,437 - ModelingPipeline - INFO - Trial 36/200 - Current: 0.1926, Best: 0.2031
2025-06-30 01:15:48,470 - ModelingPipeline - INFO - Trial 41/200 - Current: 0.1509, Best: 0.2031
2025-06-30 01:15:51,524 - ModelingPipeline - INFO - Trial 46/200 - Current: 0.2009, Best: 0.2031
2025-06-30 01:15:54,553 - ModelingPipeline - INFO - Trial 51/200 - Current: 0.1663, Best: 0.2031
2025-06-30 01:15:57,579 - ModelingPipeline - INFO - Trial 56/200 - Current: 0.2016, Best: 0.2031
2025-06-30 01:16:00,640 - ModelingPipeline - INFO - Trial 61/200 - Current: 0.2023, Best: 0.2031
2025-06-30 01:16:03,674 - ModelingPipeline - INFO - Trial 66/200 - Current: 0.1980, Best: 0.2031
2025-06-30 01:16:06,743 - ModelingPipeline - INFO - Trial 71/200 - Current: 0.2019, Best: 0.2031
2025-06-30 01:16:09,780 - ModelingPipeline - INFO - Trial 76/200 - Current: 0.2023, Best: 0.2031
2025-06-30 01:16:12,760 - ModelingPipeline - INFO - Trial 81/200 - Current: 0.1994, Best: 0.2031
2025-06-30 01:16:15,796 - ModelingPipeline - INFO - Trial 86/200 - Current: 0.2023, Best: 0.2031
2025-06-30 01:16:18,866 - ModelingPipeline - INFO - Trial 91/200 - Current: 0.2023, Best: 0.2031
2025-06-30 01:16:21,923 - ModelingPipeline - INFO - Trial 96/200 - Current: 0.2023, Best: 0.2031
2025-06-30 01:16:24,951 - ModelingPipeline - INFO - Trial 101/200 - Current: 0.1988, Best: 0.2031
2025-06-30 01:16:28,061 - ModelingPipeline - INFO - Trial 106/200 - Current: 0.2012, Best: 0.2031
2025-06-30 01:16:31,115 - ModelingPipeline - INFO - Trial 111/200 - Current: 0.2022, Best: 0.2031
2025-06-30 01:16:34,148 - ModelingPipeline - INFO - Trial 116/200 - Current: 0.2027, Best: 0.2031
2025-06-30 01:16:37,146 - ModelingPipeline - INFO - Trial 121/200 - Current: 0.2038, Best: 0.2038
2025-06-30 01:16:40,136 - ModelingPipeline - INFO - Trial 126/200 - Current: 0.2030, Best: 0.2042
2025-06-30 01:16:43,112 - ModelingPipeline - INFO - Trial 131/200 - Current: 0.2034, Best: 0.2057
2025-06-30 01:16:46,097 - ModelingPipeline - INFO - Trial 136/200 - Current: 0.2056, Best: 0.2057
2025-06-30 01:16:49,099 - ModelingPipeline - INFO - Trial 141/200 - Current: 0.2045, Best: 0.2060
2025-06-30 01:16:52,088 - ModelingPipeline - INFO - Trial 146/200 - Current: 0.2030, Best: 0.2060
2025-06-30 01:16:55,091 - ModelingPipeline - INFO - Trial 151/200 - Current: 0.2023, Best: 0.2060
2025-06-30 01:16:58,178 - ModelingPipeline - INFO - Trial 156/200 - Current: 0.1415, Best: 0.2070
2025-06-30 01:17:01,191 - ModelingPipeline - INFO - Trial 161/200 - Current: 0.2067, Best: 0.2070
2025-06-30 01:17:04,215 - ModelingPipeline - INFO - Trial 166/200 - Current: 0.2004, Best: 0.2070
2025-06-30 01:17:07,268 - ModelingPipeline - INFO - Trial 171/200 - Current: 0.2010, Best: 0.2070
2025-06-30 01:17:10,279 - ModelingPipeline - INFO - Trial 176/200 - Current: 0.1641, Best: 0.2070
2025-06-30 01:17:13,335 - ModelingPipeline - INFO - Trial 181/200 - Current: 0.2010, Best: 0.2070
2025-06-30 01:17:16,354 - ModelingPipeline - INFO - Trial 186/200 - Current: 0.2031, Best: 0.2070
2025-06-30 01:17:19,379 - ModelingPipeline - INFO - Trial 191/200 - Current: 0.2046, Best: 0.2070
2025-06-30 01:17:22,393 - ModelingPipeline - INFO - Trial 196/200 - Current: 0.2045, Best: 0.2070
2025-06-30 01:17:24,810 - ModelingPipeline - INFO - Trial 200/200 - Current: 0.2041, Best: 0.2070
2025-06-30 01:17:24,966 - ModelingPipeline - INFO - 최적 AUC: 0.2070
2025-06-30 01:17:24,966 - ModelingPipeline - INFO - 최적 파라미터: {'C': 80.8143518961704, 'max_iter': 7101, 'penalty': 'l2', 'solver': 'lbfgs', 'tol': 0.0001, 'class_weight': None}
2025-06-30 01:17:24,967 - ModelingPipeline - INFO - CV 메트릭 계산 시작 (UNDERSAMPLING)
2025-06-30 01:17:25,565 - ModelingPipeline - INFO - 최적화된 CV 완료: AUC=0.9333(±0.0288), AP=0.2070(±0.0708), F1=0.0200(±0.0400)
2025-06-30 01:17:25,565 - ModelingPipeline - INFO - CV 메트릭 계산 완료 - AUC: 0.9333, AP: 0.2070, F1: 0.0200
2025-06-30 01:17:25,565 - ModelingPipeline - INFO - random_forest 최적화 시작 (UNDERSAMPLING)
2025-06-30 01:17:25,565 - ModelingPipeline - INFO - Random Forest 클래스 불균형 가중치: class_weight=None
2025-06-30 01:17:25,565 - ModelingPipeline - INFO - 최적화 메트릭: AVERAGE_PRECISION
2025-06-30 01:17:29,671 - ModelingPipeline - INFO - Trial 1/200 - Current: 0.2637, Best: 0.2637
2025-06-30 01:17:51,768 - ModelingPipeline - INFO - Trial 6/200 - Current: 0.2615, Best: 0.2637
2025-06-30 01:18:24,762 - ModelingPipeline - INFO - Trial 11/200 - Current: 0.2596, Best: 0.2637
2025-06-30 01:19:00,336 - ModelingPipeline - INFO - Trial 16/200 - Current: 0.2576, Best: 0.2668
2025-06-30 01:19:43,522 - ModelingPipeline - INFO - Trial 21/200 - Current: 0.2522, Best: 0.2668
2025-06-30 01:20:12,090 - ModelingPipeline - INFO - Trial 26/200 - Current: 0.2641, Best: 0.2668
2025-06-30 01:20:45,017 - ModelingPipeline - INFO - Trial 31/200 - Current: 0.2587, Best: 0.2668
2025-06-30 01:21:01,969 - ModelingPipeline - INFO - Trial 36/200 - Current: 0.2667, Best: 0.2668
2025-06-30 01:21:19,760 - ModelingPipeline - INFO - Trial 41/200 - Current: 0.2619, Best: 0.2683
2025-06-30 01:21:35,810 - ModelingPipeline - INFO - Trial 46/200 - Current: 0.2517, Best: 0.2689
2025-06-30 01:21:51,280 - ModelingPipeline - INFO - Trial 51/200 - Current: 0.2539, Best: 0.2689
2025-06-30 01:22:10,232 - ModelingPipeline - INFO - Trial 56/200 - Current: 0.2542, Best: 0.2689
2025-06-30 01:22:34,027 - ModelingPipeline - INFO - Trial 61/200 - Current: 0.2501, Best: 0.2689
2025-06-30 01:22:57,151 - ModelingPipeline - INFO - Trial 66/200 - Current: 0.2547, Best: 0.2689
2025-06-30 01:23:18,485 - ModelingPipeline - INFO - Trial 71/200 - Current: 0.2677, Best: 0.2689
2025-06-30 01:23:38,917 - ModelingPipeline - INFO - Trial 76/200 - Current: 0.2606, Best: 0.2724
2025-06-30 01:24:00,616 - ModelingPipeline - INFO - Trial 81/200 - Current: 0.2550, Best: 0.2732
2025-06-30 01:24:21,244 - ModelingPipeline - INFO - Trial 86/200 - Current: 0.2687, Best: 0.2732
2025-06-30 01:24:40,737 - ModelingPipeline - INFO - Trial 91/200 - Current: 0.2662, Best: 0.2732
2025-06-30 01:25:02,621 - ModelingPipeline - INFO - Trial 96/200 - Current: 0.2589, Best: 0.2732
2025-06-30 01:25:22,500 - ModelingPipeline - INFO - Trial 101/200 - Current: 0.2591, Best: 0.2732
2025-06-30 01:25:44,299 - ModelingPipeline - INFO - Trial 106/200 - Current: 0.2715, Best: 0.2732
2025-06-30 01:26:00,626 - ModelingPipeline - INFO - Trial 111/200 - Current: 0.2692, Best: 0.2732
2025-06-30 01:26:16,099 - ModelingPipeline - INFO - Trial 116/200 - Current: 0.2535, Best: 0.2732
2025-06-30 01:26:31,437 - ModelingPipeline - INFO - Trial 121/200 - Current: 0.2733, Best: 0.2733
2025-06-30 01:26:47,157 - ModelingPipeline - INFO - Trial 126/200 - Current: 0.2718, Best: 0.2733
2025-06-30 01:27:04,133 - ModelingPipeline - INFO - Trial 131/200 - Current: 0.2725, Best: 0.2733
2025-06-30 01:27:19,823 - ModelingPipeline - INFO - Trial 136/200 - Current: 0.2654, Best: 0.2733
2025-06-30 01:27:40,051 - ModelingPipeline - INFO - Trial 141/200 - Current: 0.2676, Best: 0.2733
2025-06-30 01:27:58,007 - ModelingPipeline - INFO - Trial 146/200 - Current: 0.2658, Best: 0.2733
2025-06-30 01:28:16,932 - ModelingPipeline - INFO - Trial 151/200 - Current: 0.2562, Best: 0.2733
2025-06-30 01:28:36,165 - ModelingPipeline - INFO - Trial 156/200 - Current: 0.2727, Best: 0.2733
2025-06-30 01:28:55,414 - ModelingPipeline - INFO - Trial 161/200 - Current: 0.2612, Best: 0.2733
2025-06-30 01:29:13,405 - ModelingPipeline - INFO - Trial 166/200 - Current: 0.2659, Best: 0.2733
2025-06-30 01:29:34,866 - ModelingPipeline - INFO - Trial 171/200 - Current: 0.2564, Best: 0.2733
2025-06-30 01:29:52,307 - ModelingPipeline - INFO - Trial 176/200 - Current: 0.2732, Best: 0.2733
2025-06-30 01:30:09,344 - ModelingPipeline - INFO - Trial 181/200 - Current: 0.2713, Best: 0.2733
2025-06-30 01:30:26,458 - ModelingPipeline - INFO - Trial 186/200 - Current: 0.2679, Best: 0.2733
2025-06-30 01:30:45,226 - ModelingPipeline - INFO - Trial 191/200 - Current: 0.2702, Best: 0.2733
2025-06-30 01:31:03,340 - ModelingPipeline - INFO - Trial 196/200 - Current: 0.2732, Best: 0.2733
2025-06-30 01:31:17,907 - ModelingPipeline - INFO - Trial 200/200 - Current: 0.2717, Best: 0.2733
2025-06-30 01:31:21,879 - ModelingPipeline - INFO - 최적 AUC: 0.2733
2025-06-30 01:31:21,879 - ModelingPipeline - INFO - 최적 파라미터: {'n_estimators': 398, 'max_depth': 5, 'min_samples_split': 10, 'min_samples_leaf': 10, 'max_features': 0.36288012635852807, 'class_weight': None}
2025-06-30 01:31:21,880 - ModelingPipeline - INFO - CV 메트릭 계산 시작 (UNDERSAMPLING)
2025-06-30 01:31:38,058 - ModelingPipeline - INFO - 최적화된 CV 완료: AUC=0.9397(±0.0209), AP=0.2537(±0.0705), F1=0.0577(±0.0477)
2025-06-30 01:31:38,059 - ModelingPipeline - INFO - CV 메트릭 계산 완료 - AUC: 0.9397, AP: 0.2537, F1: 0.0577
2025-06-30 01:31:38,076 - ModelingPipeline - INFO - xgboost 최적화 시작 (UNDERSAMPLING)
2025-06-30 01:31:38,076 - ModelingPipeline - INFO - XGBoost 클래스 불균형 처리: scale_pos_weight
2025-06-30 01:31:38,076 - ModelingPipeline - INFO - scale_pos_weight = 140.49 (설정: auto)
2025-06-30 01:31:38,076 - ModelingPipeline - INFO - 최적화 메트릭: AVERAGE_PRECISION
2025-06-30 01:31:42,391 - ModelingPipeline - INFO - Trial 1/200 - Current: 0.1982, Best: 0.1982
2025-06-30 01:32:03,132 - ModelingPipeline - INFO - Trial 6/200 - Current: 0.2221, Best: 0.2249
2025-06-30 01:32:20,675 - ModelingPipeline - INFO - Trial 11/200 - Current: 0.2007, Best: 0.2434
2025-06-30 01:32:40,587 - ModelingPipeline - INFO - Trial 16/200 - Current: 0.2322, Best: 0.2531
2025-06-30 01:33:05,041 - ModelingPipeline - INFO - Trial 21/200 - Current: 0.2327, Best: 0.2531
2025-06-30 01:33:19,934 - ModelingPipeline - INFO - Trial 26/200 - Current: 0.2495, Best: 0.2531
2025-06-30 01:33:38,862 - ModelingPipeline - INFO - Trial 31/200 - Current: 0.2368, Best: 0.2531
2025-06-30 01:33:54,635 - ModelingPipeline - INFO - Trial 36/200 - Current: 0.2231, Best: 0.2531
2025-06-30 01:34:09,005 - ModelingPipeline - INFO - Trial 41/200 - Current: 0.2695, Best: 0.2695
2025-06-30 01:34:28,487 - ModelingPipeline - INFO - Trial 46/200 - Current: 0.2383, Best: 0.2695
2025-06-30 01:34:55,896 - ModelingPipeline - INFO - Trial 51/200 - Current: 0.2545, Best: 0.2695
2025-06-30 01:35:41,869 - ModelingPipeline - INFO - Trial 56/200 - Current: 0.2280, Best: 0.2695
2025-06-30 01:36:19,978 - ModelingPipeline - INFO - Trial 61/200 - Current: 0.2153, Best: 0.2695
2025-06-30 01:36:42,014 - ModelingPipeline - INFO - Trial 66/200 - Current: 0.2544, Best: 0.2695
2025-06-30 01:36:59,156 - ModelingPipeline - INFO - Trial 71/200 - Current: 0.2368, Best: 0.2695
2025-06-30 01:37:14,020 - ModelingPipeline - INFO - Trial 76/200 - Current: 0.2661, Best: 0.2695
2025-06-30 01:37:30,400 - ModelingPipeline - INFO - Trial 81/200 - Current: 0.2302, Best: 0.2695
2025-06-30 01:37:44,625 - ModelingPipeline - INFO - Trial 86/200 - Current: 0.2482, Best: 0.2695
2025-06-30 01:38:00,076 - ModelingPipeline - INFO - Trial 91/200 - Current: 0.2532, Best: 0.2695
2025-06-30 01:38:15,923 - ModelingPipeline - INFO - Trial 96/200 - Current: 0.2580, Best: 0.2695
2025-06-30 01:38:31,399 - ModelingPipeline - INFO - Trial 101/200 - Current: 0.2558, Best: 0.2695
2025-06-30 01:38:47,334 - ModelingPipeline - INFO - Trial 106/200 - Current: 0.2599, Best: 0.2695
2025-06-30 01:39:03,539 - ModelingPipeline - INFO - Trial 111/200 - Current: 0.2441, Best: 0.2695
2025-06-30 01:39:22,430 - ModelingPipeline - INFO - Trial 116/200 - Current: 0.2585, Best: 0.2695
2025-06-30 01:39:43,633 - ModelingPipeline - INFO - Trial 121/200 - Current: 0.2300, Best: 0.2695
2025-06-30 01:40:02,592 - ModelingPipeline - INFO - Trial 126/200 - Current: 0.2113, Best: 0.2695
2025-06-30 01:40:23,465 - ModelingPipeline - INFO - Trial 131/200 - Current: 0.2778, Best: 0.2778
2025-06-30 01:40:39,907 - ModelingPipeline - INFO - Trial 136/200 - Current: 0.2760, Best: 0.2778
2025-06-30 01:40:56,453 - ModelingPipeline - INFO - Trial 141/200 - Current: 0.2409, Best: 0.2778
2025-06-30 01:41:13,852 - ModelingPipeline - INFO - Trial 146/200 - Current: 0.2511, Best: 0.2778
2025-06-30 01:41:38,699 - ModelingPipeline - INFO - Trial 151/200 - Current: 0.2605, Best: 0.2778
2025-06-30 01:42:14,500 - ModelingPipeline - INFO - Trial 156/200 - Current: 0.2647, Best: 0.2778
2025-06-30 01:42:42,113 - ModelingPipeline - INFO - Trial 161/200 - Current: 0.2726, Best: 0.2778
2025-06-30 01:42:59,737 - ModelingPipeline - INFO - Trial 166/200 - Current: 0.2572, Best: 0.2778
2025-06-30 01:43:17,538 - ModelingPipeline - INFO - Trial 171/200 - Current: 0.2678, Best: 0.2778
2025-06-30 01:43:36,832 - ModelingPipeline - INFO - Trial 176/200 - Current: 0.2644, Best: 0.2778
2025-06-30 01:43:54,932 - ModelingPipeline - INFO - Trial 181/200 - Current: 0.2589, Best: 0.2778
2025-06-30 01:44:16,123 - ModelingPipeline - INFO - Trial 186/200 - Current: 0.2632, Best: 0.2778
2025-06-30 01:44:32,956 - ModelingPipeline - INFO - Trial 191/200 - Current: 0.2792, Best: 0.2792
2025-06-30 01:44:50,238 - ModelingPipeline - INFO - Trial 196/200 - Current: 0.2565, Best: 0.2792
2025-06-30 01:45:03,533 - ModelingPipeline - INFO - Trial 200/200 - Current: 0.2401, Best: 0.2792
2025-06-30 01:45:04,269 - ModelingPipeline - INFO - 최적 AUC: 0.2792
2025-06-30 01:45:04,269 - ModelingPipeline - INFO - 최적 파라미터: {'n_estimators': 243, 'max_depth': 8, 'learning_rate': 0.03740758853961686, 'subsample': 0.6619752866018372, 'colsample_bytree': 0.7587585720507962, 'reg_alpha': 7.507226366664374, 'reg_lambda': 1.25149025163871, 'scale_pos_weight': np.float64(140.48936170212767)}
2025-06-30 01:45:04,270 - ModelingPipeline - INFO - CV 메트릭 계산 시작 (UNDERSAMPLING)
2025-06-30 01:45:07,707 - ModelingPipeline - INFO - 최적화된 CV 완료: AUC=0.9300(±0.0279), AP=0.2391(±0.0915), F1=0.2323(±0.0701)
2025-06-30 01:45:07,708 - ModelingPipeline - INFO - CV 메트릭 계산 완료 - AUC: 0.9300, AP: 0.2391, F1: 0.2323
2025-06-30 01:45:07,708 - ModelingPipeline - INFO - COMBINED 데이터 처리
2025-06-30 01:45:07,710 - ModelingPipeline - INFO - logistic_regression 최적화 시작 (COMBINED)
2025-06-30 01:45:07,710 - ModelingPipeline - INFO - Logistic Regression 클래스 불균형 가중치: class_weight=None
2025-06-30 01:45:07,710 - ModelingPipeline - INFO - 최적화 메트릭: AVERAGE_PRECISION
2025-06-30 01:45:08,420 - ModelingPipeline - INFO - Trial 1/200 - Current: 0.1941, Best: 0.1941
2025-06-30 01:45:11,774 - ModelingPipeline - INFO - Trial 6/200 - Current: 0.1930, Best: 0.1941
2025-06-30 01:45:15,262 - ModelingPipeline - INFO - Trial 11/200 - Current: 0.2212, Best: 0.2239
2025-06-30 01:45:18,673 - ModelingPipeline - INFO - Trial 16/200 - Current: 0.1364, Best: 0.2311
2025-06-30 01:45:22,095 - ModelingPipeline - INFO - Trial 21/200 - Current: 0.2072, Best: 0.2311
2025-06-30 01:45:25,546 - ModelingPipeline - INFO - Trial 26/200 - Current: 0.2307, Best: 0.2311
2025-06-30 01:45:29,097 - ModelingPipeline - INFO - Trial 31/200 - Current: 0.2158, Best: 0.2311
2025-06-30 01:45:32,643 - ModelingPipeline - INFO - Trial 36/200 - Current: 0.2115, Best: 0.2313
2025-06-30 01:45:36,032 - ModelingPipeline - INFO - Trial 41/200 - Current: 0.1704, Best: 0.2313
2025-06-30 01:45:39,472 - ModelingPipeline - INFO - Trial 46/200 - Current: 0.2304, Best: 0.2313
2025-06-30 01:45:42,893 - ModelingPipeline - INFO - Trial 51/200 - Current: 0.2170, Best: 0.2313
2025-06-30 01:45:46,348 - ModelingPipeline - INFO - Trial 56/200 - Current: 0.2306, Best: 0.2313
2025-06-30 01:45:49,816 - ModelingPipeline - INFO - Trial 61/200 - Current: 0.2114, Best: 0.2313
2025-06-30 01:45:53,282 - ModelingPipeline - INFO - Trial 66/200 - Current: 0.2311, Best: 0.2313
2025-06-30 01:45:56,798 - ModelingPipeline - INFO - Trial 71/200 - Current: 0.2017, Best: 0.2313
2025-06-30 01:46:00,297 - ModelingPipeline - INFO - Trial 76/200 - Current: 0.2197, Best: 0.2313
2025-06-30 01:46:03,795 - ModelingPipeline - INFO - Trial 81/200 - Current: 0.1824, Best: 0.2313
2025-06-30 01:46:07,281 - ModelingPipeline - INFO - Trial 86/200 - Current: 0.2307, Best: 0.2313
2025-06-30 01:46:10,771 - ModelingPipeline - INFO - Trial 91/200 - Current: 0.2311, Best: 0.2313
2025-06-30 01:46:14,247 - ModelingPipeline - INFO - Trial 96/200 - Current: 0.2250, Best: 0.2313
2025-06-30 01:46:17,675 - ModelingPipeline - INFO - Trial 101/200 - Current: 0.1495, Best: 0.2313
2025-06-30 01:46:21,120 - ModelingPipeline - INFO - Trial 106/200 - Current: 0.1633, Best: 0.2313
2025-06-30 01:46:24,626 - ModelingPipeline - INFO - Trial 111/200 - Current: 0.2250, Best: 0.2313
2025-06-30 01:46:28,208 - ModelingPipeline - INFO - Trial 116/200 - Current: 0.2173, Best: 0.2313
2025-06-30 01:46:31,688 - ModelingPipeline - INFO - Trial 121/200 - Current: 0.2254, Best: 0.2313
2025-06-30 01:46:35,165 - ModelingPipeline - INFO - Trial 126/200 - Current: 0.2313, Best: 0.2313
2025-06-30 01:46:38,710 - ModelingPipeline - INFO - Trial 131/200 - Current: 0.2313, Best: 0.2313
2025-06-30 01:46:42,198 - ModelingPipeline - INFO - Trial 136/200 - Current: 0.2230, Best: 0.2313
2025-06-30 01:46:45,720 - ModelingPipeline - INFO - Trial 141/200 - Current: 0.2201, Best: 0.2313
2025-06-30 01:46:49,225 - ModelingPipeline - INFO - Trial 146/200 - Current: 0.2306, Best: 0.2313
2025-06-30 01:46:52,728 - ModelingPipeline - INFO - Trial 151/200 - Current: 0.2165, Best: 0.2313
2025-06-30 01:46:56,268 - ModelingPipeline - INFO - Trial 156/200 - Current: 0.2232, Best: 0.2313
2025-06-30 01:46:59,818 - ModelingPipeline - INFO - Trial 161/200 - Current: 0.2310, Best: 0.2313
2025-06-30 01:47:03,322 - ModelingPipeline - INFO - Trial 166/200 - Current: 0.2310, Best: 0.2313
2025-06-30 01:47:06,837 - ModelingPipeline - INFO - Trial 171/200 - Current: 0.1405, Best: 0.2313
2025-06-30 01:47:10,354 - ModelingPipeline - INFO - Trial 176/200 - Current: 0.2311, Best: 0.2313
2025-06-30 01:47:13,870 - ModelingPipeline - INFO - Trial 181/200 - Current: 0.2306, Best: 0.2313
2025-06-30 01:47:17,371 - ModelingPipeline - INFO - Trial 186/200 - Current: 0.2307, Best: 0.2313
2025-06-30 01:47:20,821 - ModelingPipeline - INFO - Trial 191/200 - Current: 0.1403, Best: 0.2313
2025-06-30 01:47:24,320 - ModelingPipeline - INFO - Trial 196/200 - Current: 0.2306, Best: 0.2313
2025-06-30 01:47:27,171 - ModelingPipeline - INFO - Trial 200/200 - Current: 0.2308, Best: 0.2313
2025-06-30 01:47:27,349 - ModelingPipeline - INFO - 최적 AUC: 0.2313
2025-06-30 01:47:27,350 - ModelingPipeline - INFO - 최적 파라미터: {'C': 99.64207575297543, 'max_iter': 9139, 'penalty': 'l2', 'solver': 'newton-cg', 'tol': 0.0001, 'class_weight': None}
2025-06-30 01:47:27,350 - ModelingPipeline - INFO - CV 메트릭 계산 시작 (COMBINED)
2025-06-30 01:47:28,050 - ModelingPipeline - INFO - 최적화된 CV 완료: AUC=0.9259(±0.0328), AP=0.2313(±0.0673), F1=0.2011(±0.0333)
2025-06-30 01:47:28,051 - ModelingPipeline - INFO - CV 메트릭 계산 완료 - AUC: 0.9259, AP: 0.2313, F1: 0.2011
2025-06-30 01:47:28,051 - ModelingPipeline - INFO - random_forest 최적화 시작 (COMBINED)
2025-06-30 01:47:28,051 - ModelingPipeline - INFO - Random Forest 클래스 불균형 가중치: class_weight=None
2025-06-30 01:47:28,051 - ModelingPipeline - INFO - 최적화 메트릭: AVERAGE_PRECISION
2025-06-30 01:47:32,816 - ModelingPipeline - INFO - Trial 1/200 - Current: 0.2265, Best: 0.2265
2025-06-30 01:47:57,959 - ModelingPipeline - INFO - Trial 6/200 - Current: 0.2391, Best: 0.2514
2025-06-30 01:48:44,476 - ModelingPipeline - INFO - Trial 11/200 - Current: 0.2142, Best: 0.2514
2025-06-30 01:49:35,946 - ModelingPipeline - INFO - Trial 16/200 - Current: 0.2495, Best: 0.2533
2025-06-30 01:51:04,121 - ModelingPipeline - INFO - Trial 21/200 - Current: 0.1914, Best: 0.2533
2025-06-30 01:51:38,220 - ModelingPipeline - INFO - Trial 26/200 - Current: 0.2512, Best: 0.2539
2025-06-30 01:52:16,440 - ModelingPipeline - INFO - Trial 31/200 - Current: 0.2216, Best: 0.2585
2025-06-30 01:53:04,760 - ModelingPipeline - INFO - Trial 36/200 - Current: 0.2514, Best: 0.2585
2025-06-30 01:53:55,786 - ModelingPipeline - INFO - Trial 41/200 - Current: 0.2406, Best: 0.2585
2025-06-30 01:54:40,995 - ModelingPipeline - INFO - Trial 46/200 - Current: 0.2448, Best: 0.2585
2025-06-30 01:55:09,732 - ModelingPipeline - INFO - Trial 51/200 - Current: 0.2482, Best: 0.2585
2025-06-30 01:55:45,516 - ModelingPipeline - INFO - Trial 56/200 - Current: 0.2523, Best: 0.2585
2025-06-30 01:56:30,774 - ModelingPipeline - INFO - Trial 61/200 - Current: 0.2454, Best: 0.2594
2025-06-30 01:57:15,465 - ModelingPipeline - INFO - Trial 66/200 - Current: 0.2491, Best: 0.2594
2025-06-30 01:57:58,613 - ModelingPipeline - INFO - Trial 71/200 - Current: 0.2455, Best: 0.2594
2025-06-30 01:58:36,175 - ModelingPipeline - INFO - Trial 76/200 - Current: 0.2342, Best: 0.2594
2025-06-30 01:59:10,294 - ModelingPipeline - INFO - Trial 81/200 - Current: 0.2215, Best: 0.2595
2025-06-30 01:59:40,023 - ModelingPipeline - INFO - Trial 86/200 - Current: 0.2422, Best: 0.2619
2025-06-30 02:00:08,401 - ModelingPipeline - INFO - Trial 91/200 - Current: 0.2444, Best: 0.2619
2025-06-30 02:00:34,094 - ModelingPipeline - INFO - Trial 96/200 - Current: 0.2519, Best: 0.2620
2025-06-30 02:01:00,421 - ModelingPipeline - INFO - Trial 101/200 - Current: 0.2419, Best: 0.2620
2025-06-30 02:01:22,259 - ModelingPipeline - INFO - Trial 106/200 - Current: 0.2392, Best: 0.2620
2025-06-30 02:01:43,945 - ModelingPipeline - INFO - Trial 111/200 - Current: 0.2620, Best: 0.2620
2025-06-30 02:02:05,571 - ModelingPipeline - INFO - Trial 116/200 - Current: 0.2375, Best: 0.2620
2025-06-30 02:02:31,751 - ModelingPipeline - INFO - Trial 121/200 - Current: 0.2613, Best: 0.2620
2025-06-30 02:02:55,524 - ModelingPipeline - INFO - Trial 126/200 - Current: 0.2514, Best: 0.2629
2025-06-30 02:03:18,911 - ModelingPipeline - INFO - Trial 131/200 - Current: 0.2624, Best: 0.2629
2025-06-30 02:03:40,880 - ModelingPipeline - INFO - Trial 136/200 - Current: 0.2408, Best: 0.2629
2025-06-30 02:04:03,143 - ModelingPipeline - INFO - Trial 141/200 - Current: 0.2465, Best: 0.2629
2025-06-30 02:04:27,113 - ModelingPipeline - INFO - Trial 146/200 - Current: 0.2411, Best: 0.2629
2025-06-30 02:04:50,969 - ModelingPipeline - INFO - Trial 151/200 - Current: 0.2493, Best: 0.2629
2025-06-30 02:05:17,762 - ModelingPipeline - INFO - Trial 156/200 - Current: 0.2545, Best: 0.2629
2025-06-30 02:05:47,011 - ModelingPipeline - INFO - Trial 161/200 - Current: 0.2416, Best: 0.2629
2025-06-30 02:06:10,263 - ModelingPipeline - INFO - Trial 166/200 - Current: 0.2620, Best: 0.2630
2025-06-30 02:06:36,945 - ModelingPipeline - INFO - Trial 171/200 - Current: 0.2419, Best: 0.2630
2025-06-30 02:07:05,082 - ModelingPipeline - INFO - Trial 176/200 - Current: 0.2616, Best: 0.2630
2025-06-30 02:07:32,432 - ModelingPipeline - INFO - Trial 181/200 - Current: 0.2523, Best: 0.2630
2025-06-30 02:08:02,134 - ModelingPipeline - INFO - Trial 186/200 - Current: 0.2562, Best: 0.2630
2025-06-30 02:08:31,683 - ModelingPipeline - INFO - Trial 191/200 - Current: 0.2551, Best: 0.2630
2025-06-30 02:08:59,546 - ModelingPipeline - INFO - Trial 196/200 - Current: 0.2385, Best: 0.2630
2025-06-30 02:09:24,043 - ModelingPipeline - INFO - Trial 200/200 - Current: 0.2541, Best: 0.2630
2025-06-30 02:09:30,387 - ModelingPipeline - INFO - 최적 AUC: 0.2630
2025-06-30 02:09:30,387 - ModelingPipeline - INFO - 최적 파라미터: {'n_estimators': 643, 'max_depth': 4, 'min_samples_split': 2, 'min_samples_leaf': 5, 'max_features': 0.32974407885018014, 'class_weight': None}
2025-06-30 02:09:30,387 - ModelingPipeline - INFO - CV 메트릭 계산 시작 (COMBINED)
2025-06-30 02:09:56,568 - ModelingPipeline - INFO - 최적화된 CV 완료: AUC=0.9428(±0.0220), AP=0.2597(±0.0906), F1=0.2488(±0.0449)
2025-06-30 02:09:56,569 - ModelingPipeline - INFO - CV 메트릭 계산 완료 - AUC: 0.9428, AP: 0.2597, F1: 0.2488
2025-06-30 02:09:56,597 - ModelingPipeline - INFO - xgboost 최적화 시작 (COMBINED)
2025-06-30 02:09:56,598 - ModelingPipeline - INFO - XGBoost 클래스 불균형 처리: scale_pos_weight
2025-06-30 02:09:56,598 - ModelingPipeline - INFO - scale_pos_weight = 140.49 (설정: auto)
2025-06-30 02:09:56,598 - ModelingPipeline - INFO - 최적화 메트릭: AVERAGE_PRECISION
2025-06-30 02:10:01,489 - ModelingPipeline - INFO - Trial 1/200 - Current: 0.1942, Best: 0.1942
2025-06-30 02:10:23,940 - ModelingPipeline - INFO - Trial 6/200 - Current: 0.2021, Best: 0.2043
2025-06-30 02:10:43,189 - ModelingPipeline - INFO - Trial 11/200 - Current: 0.1679, Best: 0.2207
2025-06-30 02:11:03,868 - ModelingPipeline - INFO - Trial 16/200 - Current: 0.2142, Best: 0.2207
2025-06-30 02:11:27,134 - ModelingPipeline - INFO - Trial 21/200 - Current: 0.1992, Best: 0.2237
2025-06-30 02:11:38,905 - ModelingPipeline - INFO - Trial 26/200 - Current: 0.2219, Best: 0.2298
2025-06-30 02:11:53,684 - ModelingPipeline - INFO - Trial 31/200 - Current: 0.2102, Best: 0.2298
2025-06-30 02:12:09,317 - ModelingPipeline - INFO - Trial 36/200 - Current: 0.2134, Best: 0.2298
2025-06-30 02:12:23,959 - ModelingPipeline - INFO - Trial 41/200 - Current: 0.2039, Best: 0.2301
2025-06-30 02:12:38,856 - ModelingPipeline - INFO - Trial 46/200 - Current: 0.2299, Best: 0.2330
2025-06-30 02:12:50,880 - ModelingPipeline - INFO - Trial 51/200 - Current: 0.2237, Best: 0.2366
2025-06-30 02:13:02,217 - ModelingPipeline - INFO - Trial 56/200 - Current: 0.1750, Best: 0.2366
2025-06-30 02:13:25,434 - ModelingPipeline - INFO - Trial 61/200 - Current: 0.2107, Best: 0.2366
2025-06-30 02:13:53,326 - ModelingPipeline - INFO - Trial 66/200 - Current: 0.2202, Best: 0.2366
2025-06-30 02:14:16,389 - ModelingPipeline - INFO - Trial 71/200 - Current: 0.2430, Best: 0.2430
2025-06-30 02:14:37,005 - ModelingPipeline - INFO - Trial 76/200 - Current: 0.2396, Best: 0.2430
2025-06-30 02:14:57,135 - ModelingPipeline - INFO - Trial 81/200 - Current: 0.2133, Best: 0.2430
2025-06-30 02:15:17,540 - ModelingPipeline - INFO - Trial 86/200 - Current: 0.2049, Best: 0.2430
2025-06-30 02:15:42,452 - ModelingPipeline - INFO - Trial 91/200 - Current: 0.2151, Best: 0.2430
2025-06-30 02:16:04,737 - ModelingPipeline - INFO - Trial 96/200 - Current: 0.2058, Best: 0.2430
2025-06-30 02:16:34,253 - ModelingPipeline - INFO - Trial 101/200 - Current: 0.1946, Best: 0.2430
2025-06-30 02:16:56,930 - ModelingPipeline - INFO - Trial 106/200 - Current: 0.2103, Best: 0.2430
2025-06-30 02:17:25,542 - ModelingPipeline - INFO - Trial 111/200 - Current: 0.2133, Best: 0.2430
2025-06-30 02:17:49,113 - ModelingPipeline - INFO - Trial 116/200 - Current: 0.2235, Best: 0.2430
2025-06-30 02:18:15,777 - ModelingPipeline - INFO - Trial 121/200 - Current: 0.2180, Best: 0.2430
2025-06-30 02:18:39,861 - ModelingPipeline - INFO - Trial 126/200 - Current: 0.1857, Best: 0.2430
2025-06-30 02:19:06,985 - ModelingPipeline - INFO - Trial 131/200 - Current: 0.2241, Best: 0.2430
2025-06-30 02:19:29,810 - ModelingPipeline - INFO - Trial 136/200 - Current: 0.2325, Best: 0.2430
2025-06-30 02:19:52,226 - ModelingPipeline - INFO - Trial 141/200 - Current: 0.2111, Best: 0.2430
2025-06-30 02:20:15,175 - ModelingPipeline - INFO - Trial 146/200 - Current: 0.2099, Best: 0.2430
2025-06-30 02:20:39,311 - ModelingPipeline - INFO - Trial 151/200 - Current: 0.2340, Best: 0.2430
2025-06-30 02:21:02,910 - ModelingPipeline - INFO - Trial 156/200 - Current: 0.2319, Best: 0.2430
2025-06-30 02:21:27,577 - ModelingPipeline - INFO - Trial 161/200 - Current: 0.2196, Best: 0.2430
2025-06-30 02:21:50,577 - ModelingPipeline - INFO - Trial 166/200 - Current: 0.2125, Best: 0.2430
2025-06-30 02:22:13,968 - ModelingPipeline - INFO - Trial 171/200 - Current: 0.1985, Best: 0.2507
2025-06-30 02:22:38,142 - ModelingPipeline - INFO - Trial 176/200 - Current: 0.2107, Best: 0.2536
2025-06-30 02:23:01,911 - ModelingPipeline - INFO - Trial 181/200 - Current: 0.2385, Best: 0.2536
2025-06-30 02:23:28,392 - ModelingPipeline - INFO - Trial 186/200 - Current: 0.2166, Best: 0.2536
2025-06-30 02:23:51,500 - ModelingPipeline - INFO - Trial 191/200 - Current: 0.2064, Best: 0.2536
2025-06-30 02:24:15,312 - ModelingPipeline - INFO - Trial 196/200 - Current: 0.2156, Best: 0.2536
2025-06-30 02:24:33,824 - ModelingPipeline - INFO - Trial 200/200 - Current: 0.2141, Best: 0.2536
2025-06-30 02:24:34,802 - ModelingPipeline - INFO - 최적 AUC: 0.2536
2025-06-30 02:24:34,802 - ModelingPipeline - INFO - 최적 파라미터: {'n_estimators': 746, 'max_depth': 3, 'learning_rate': 0.009963381469096129, 'subsample': 0.997236146576314, 'colsample_bytree': 0.8989559220794656, 'reg_alpha': 3.1127279512251564, 'reg_lambda': 7.811016992834301, 'scale_pos_weight': np.float64(140.48936170212767)}
2025-06-30 02:24:34,803 - ModelingPipeline - INFO - CV 메트릭 계산 시작 (COMBINED)
2025-06-30 02:24:39,424 - ModelingPipeline - INFO - 최적화된 CV 완료: AUC=0.9177(±0.0526), AP=0.2515(±0.0819), F1=0.1069(±0.0121)
2025-06-30 02:24:39,424 - ModelingPipeline - INFO - CV 메트릭 계산 완료 - AUC: 0.9177, AP: 0.2515, F1: 0.1069
2025-06-30 02:24:39,425 - ModelingPipeline - INFO - 모든 모델 평가 및 Threshold 최적화
2025-06-30 02:24:39,433 - ModelingPipeline - INFO - logistic_regression_normal 최적 Threshold 탐색
2025-06-30 02:24:39,433 - ModelingPipeline - INFO - 임계값 범위: 0.0014 ~ 0.5000 (3000개 점)
2025-06-30 02:24:46,611 - ModelingPipeline - INFO - 최종 선택: 0.305 (AVERAGE_PRECISION: 0.1971)
2025-06-30 02:24:46,628 - ModelingPipeline - INFO - logistic_regression_normal 최종 평가 (Threshold: 0.305):
2025-06-30 02:24:46,628 - ModelingPipeline - INFO - 검증 - AUC: 0.9299, F1: 0.2917
2025-06-30 02:24:46,628 - ModelingPipeline - INFO - 테스트 - AUC: 0.9141, F1: 0.1765
2025-06-30 02:24:46,688 - ModelingPipeline - INFO - random_forest_normal 최적 Threshold 탐색
2025-06-30 02:24:46,688 - ModelingPipeline - INFO - 임계값 범위: 0.0014 ~ 0.5000 (3000개 점)
2025-06-30 02:24:54,296 - ModelingPipeline - INFO - 최종 선택: 0.300 (AVERAGE_PRECISION: 0.1814)
2025-06-30 02:24:54,487 - ModelingPipeline - INFO - random_forest_normal 최종 평가 (Threshold: 0.300):
2025-06-30 02:24:54,487 - ModelingPipeline - INFO - 검증 - AUC: 0.9361, F1: 0.3051
2025-06-30 02:24:54,487 - ModelingPipeline - INFO - 테스트 - AUC: 0.9351, F1: 0.2041
2025-06-30 02:24:54,497 - ModelingPipeline - INFO - xgboost_normal 최적 Threshold 탐색
2025-06-30 02:24:54,497 - ModelingPipeline - INFO - 임계값 범위: 0.0014 ~ 0.5000 (3000개 점)
2025-06-30 02:25:02,128 - ModelingPipeline - INFO - 최종 선택: 0.500 (AVERAGE_PRECISION: 0.1745)
2025-06-30 02:25:02,165 - ModelingPipeline - INFO - xgboost_normal 최종 평가 (Threshold: 0.500):
2025-06-30 02:25:02,165 - ModelingPipeline - INFO - 검증 - AUC: 0.9373, F1: 0.2619
2025-06-30 02:25:02,165 - ModelingPipeline - INFO - 테스트 - AUC: 0.9253, F1: 0.1600
2025-06-30 02:25:02,176 - ModelingPipeline - INFO - logistic_regression_smote 최적 Threshold 탐색
2025-06-30 02:25:02,176 - ModelingPipeline - INFO - 임계값 범위: 0.0014 ~ 0.5000 (3000개 점)
2025-06-30 02:25:09,681 - ModelingPipeline - INFO - 최종 선택: 0.334 (AVERAGE_PRECISION: 0.1588)
2025-06-30 02:25:09,700 - ModelingPipeline - INFO - logistic_regression_smote 최종 평가 (Threshold: 0.334):
2025-06-30 02:25:09,700 - ModelingPipeline - INFO - 검증 - AUC: 0.9380, F1: 0.2268
2025-06-30 02:25:09,700 - ModelingPipeline - INFO - 테스트 - AUC: 0.9178, F1: 0.1659
2025-06-30 02:25:09,761 - ModelingPipeline - INFO - random_forest_smote 최적 Threshold 탐색
2025-06-30 02:25:09,761 - ModelingPipeline - INFO - 임계값 범위: 0.0014 ~ 0.5000 (3000개 점)
2025-06-30 02:25:17,193 - ModelingPipeline - INFO - 최종 선택: 0.496 (AVERAGE_PRECISION: 0.1886)
2025-06-30 02:25:17,381 - ModelingPipeline - INFO - random_forest_smote 최종 평가 (Threshold: 0.496):
2025-06-30 02:25:17,381 - ModelingPipeline - INFO - 검증 - AUC: 0.9261, F1: 0.2456
2025-06-30 02:25:17,381 - ModelingPipeline - INFO - 테스트 - AUC: 0.9403, F1: 0.1905
2025-06-30 02:25:17,401 - ModelingPipeline - INFO - xgboost_smote 최적 Threshold 탐색
2025-06-30 02:25:17,401 - ModelingPipeline - INFO - 임계값 범위: 0.0014 ~ 0.5000 (3000개 점)
2025-06-30 02:25:24,807 - ModelingPipeline - INFO - 최종 선택: 0.500 (AVERAGE_PRECISION: 0.1308)
2025-06-30 02:25:24,853 - ModelingPipeline - INFO - xgboost_smote 최종 평가 (Threshold: 0.500):
2025-06-30 02:25:24,853 - ModelingPipeline - INFO - 검증 - AUC: 0.9229, F1: 0.1818
2025-06-30 02:25:24,853 - ModelingPipeline - INFO - 테스트 - AUC: 0.9159, F1: 0.1441
2025-06-30 02:25:24,995 - ModelingPipeline - INFO - logistic_regression_undersampling 최적 Threshold 탐색
2025-06-30 02:25:24,995 - ModelingPipeline - INFO - 임계값 범위: 0.0014 ~ 0.5000 (3000개 점)
2025-06-30 02:25:32,424 - ModelingPipeline - INFO - 최종 선택: 0.343 (AVERAGE_PRECISION: 0.2031)
2025-06-30 02:25:32,441 - ModelingPipeline - INFO - logistic_regression_undersampling 최종 평가 (Threshold: 0.343):
2025-06-30 02:25:32,441 - ModelingPipeline - INFO - 검증 - AUC: 0.9314, F1: 0.3043
2025-06-30 02:25:32,441 - ModelingPipeline - INFO - 테스트 - AUC: 0.9155, F1: 0.1212
2025-06-30 02:25:32,617 - ModelingPipeline - INFO - random_forest_undersampling 최적 Threshold 탐색
2025-06-30 02:25:32,617 - ModelingPipeline - INFO - 임계값 범위: 0.0014 ~ 0.5000 (3000개 점)
2025-06-30 02:25:40,042 - ModelingPipeline - INFO - 최종 선택: 0.282 (AVERAGE_PRECISION: 0.1806)
2025-06-30 02:25:40,163 - ModelingPipeline - INFO - random_forest_undersampling 최종 평가 (Threshold: 0.282):
2025-06-30 02:25:40,163 - ModelingPipeline - INFO - 검증 - AUC: 0.9379, F1: 0.3051
2025-06-30 02:25:40,163 - ModelingPipeline - INFO - 테스트 - AUC: 0.9371, F1: 0.2041
2025-06-30 02:25:40,311 - ModelingPipeline - INFO - xgboost_undersampling 최적 Threshold 탐색
2025-06-30 02:25:40,311 - ModelingPipeline - INFO - 임계값 범위: 0.0014 ~ 0.5000 (3000개 점)
2025-06-30 02:25:47,835 - ModelingPipeline - INFO - 최종 선택: 0.493 (AVERAGE_PRECISION: 0.2042)
2025-06-30 02:25:47,864 - ModelingPipeline - INFO - xgboost_undersampling 최종 평가 (Threshold: 0.493):
2025-06-30 02:25:47,864 - ModelingPipeline - INFO - 검증 - AUC: 0.9320, F1: 0.2985
2025-06-30 02:25:47,864 - ModelingPipeline - INFO - 테스트 - AUC: 0.9301, F1: 0.1538
2025-06-30 02:25:48,023 - ModelingPipeline - INFO - logistic_regression_combined 최적 Threshold 탐색
2025-06-30 02:25:48,023 - ModelingPipeline - INFO - 임계값 범위: 0.0014 ~ 0.5000 (3000개 점)
2025-06-30 02:25:55,558 - ModelingPipeline - INFO - 최종 선택: 0.473 (AVERAGE_PRECISION: 0.1570)
2025-06-30 02:25:55,578 - ModelingPipeline - INFO - logistic_regression_combined 최종 평가 (Threshold: 0.473):
2025-06-30 02:25:55,578 - ModelingPipeline - INFO - 검증 - AUC: 0.9385, F1: 0.2277
2025-06-30 02:25:55,578 - ModelingPipeline - INFO - 테스트 - AUC: 0.9177, F1: 0.1596
2025-06-30 02:25:55,786 - ModelingPipeline - INFO - random_forest_combined 최적 Threshold 탐색
2025-06-30 02:25:55,786 - ModelingPipeline - INFO - 임계값 범위: 0.0014 ~ 0.5000 (3000개 점)
2025-06-30 02:26:03,365 - ModelingPipeline - INFO - 최종 선택: 0.485 (AVERAGE_PRECISION: 0.1465)
2025-06-30 02:26:03,559 - ModelingPipeline - INFO - random_forest_combined 최종 평가 (Threshold: 0.485):
2025-06-30 02:26:03,559 - ModelingPipeline - INFO - 검증 - AUC: 0.9347, F1: 0.2449
2025-06-30 02:26:03,559 - ModelingPipeline - INFO - 테스트 - AUC: 0.9386, F1: 0.1467
2025-06-30 02:26:03,721 - ModelingPipeline - INFO - xgboost_combined 최적 Threshold 탐색
2025-06-30 02:26:03,721 - ModelingPipeline - INFO - 임계값 범위: 0.0014 ~ 0.5000 (3000개 점)
2025-06-30 02:26:11,273 - ModelingPipeline - INFO - 최종 선택: 0.499 (AVERAGE_PRECISION: 0.1389)
2025-06-30 02:26:11,305 - ModelingPipeline - INFO - xgboost_combined 최종 평가 (Threshold: 0.499):
2025-06-30 02:26:11,305 - ModelingPipeline - INFO - 검증 - AUC: 0.9061, F1: 0.0979
2025-06-30 02:26:11,305 - ModelingPipeline - INFO - 테스트 - AUC: 0.8831, F1: 0.0864
2025-06-30 02:26:11,306 - ModelingPipeline - INFO - 앙상블 모델 실행 시작
2025-06-30 02:26:11,310 - ModelingPipeline - INFO - 앙상블에 추가: logistic_regression_normal
2025-06-30 02:26:11,310 - ModelingPipeline - INFO - 앙상블에 추가: logistic_regression_smote
2025-06-30 02:26:11,310 - ModelingPipeline - INFO - 앙상블에 추가: logistic_regression_undersampling
2025-06-30 02:26:11,310 - ModelingPipeline - INFO - 앙상블에 추가: logistic_regression_combined
2025-06-30 02:26:11,310 - ModelingPipeline - INFO - 앙상블에 추가: random_forest_normal
2025-06-30 02:26:11,310 - ModelingPipeline - INFO - 앙상블에 추가: random_forest_smote
2025-06-30 02:26:11,310 - ModelingPipeline - INFO - 앙상블에 추가: random_forest_undersampling
2025-06-30 02:26:11,310 - ModelingPipeline - INFO - 앙상블에 추가: random_forest_combined
2025-06-30 02:26:11,310 - ModelingPipeline - INFO - 앙상블에 추가: xgboost_normal
2025-06-30 02:26:11,310 - ModelingPipeline - INFO - 앙상블에 추가: xgboost_smote
2025-06-30 02:26:11,310 - ModelingPipeline - INFO - 앙상블에 추가: xgboost_undersampling
2025-06-30 02:26:11,310 - ModelingPipeline - INFO - 앙상블에 추가: xgboost_combined
2025-06-30 02:26:11,918 - ModelingPipeline - INFO - 앙상블 모델 완료 - Test AUC: 0.8560, F1: 0.2759
2025-06-30 02:26:12,313 - ModelingPipeline - INFO - 앙상블 모델 저장: /Users/jojongho/KDT/P2_Default-invest/outputs/modeling_runs/default_modeling_run_20250629_235651/models/ensemble_model_model.joblib
2025-06-30 02:26:12,313 - ModelingPipeline - INFO - 시각화 생성 시작
2025-06-30 02:26:19,442 - ModelingPipeline - INFO - Train vs Test 비교 시각화 완료
2025-06-30 02:26:19,556 - ModelingPipeline - INFO - 시각화 생성 완료
2025-06-30 02:26:19,556 - ModelingPipeline - INFO - 결과 저장 시작
2025-06-30 02:26:19,557 - ModelingPipeline - INFO - logistic_regression_normal 모델 저장: /Users/jojongho/KDT/P2_Default-invest/outputs/modeling_runs/default_modeling_run_20250629_235651/models/logistic_regression_normal_model.joblib
2025-06-30 02:26:19,744 - ModelingPipeline - INFO - random_forest_normal 모델 저장: /Users/jojongho/KDT/P2_Default-invest/outputs/modeling_runs/default_modeling_run_20250629_235651/models/random_forest_normal_model.joblib
2025-06-30 02:26:19,748 - ModelingPipeline - INFO - xgboost_normal 모델 저장: /Users/jojongho/KDT/P2_Default-invest/outputs/modeling_runs/default_modeling_run_20250629_235651/models/xgboost_normal_model.joblib
2025-06-30 02:26:19,748 - ModelingPipeline - INFO - logistic_regression_smote 모델 저장: /Users/jojongho/KDT/P2_Default-invest/outputs/modeling_runs/default_modeling_run_20250629_235651/models/logistic_regression_smote_model.joblib
2025-06-30 02:26:19,844 - ModelingPipeline - INFO - random_forest_smote 모델 저장: /Users/jojongho/KDT/P2_Default-invest/outputs/modeling_runs/default_modeling_run_20250629_235651/models/random_forest_smote_model.joblib
2025-06-30 02:26:19,847 - ModelingPipeline - INFO - xgboost_smote 모델 저장: /Users/jojongho/KDT/P2_Default-invest/outputs/modeling_runs/default_modeling_run_20250629_235651/models/xgboost_smote_model.joblib
2025-06-30 02:26:19,847 - ModelingPipeline - INFO - logistic_regression_undersampling 모델 저장: /Users/jojongho/KDT/P2_Default-invest/outputs/modeling_runs/default_modeling_run_20250629_235651/models/logistic_regression_undersampling_model.joblib
2025-06-30 02:26:19,896 - ModelingPipeline - INFO - random_forest_undersampling 모델 저장: /Users/jojongho/KDT/P2_Default-invest/outputs/modeling_runs/default_modeling_run_20250629_235651/models/random_forest_undersampling_model.joblib
2025-06-30 02:26:19,898 - ModelingPipeline - INFO - xgboost_undersampling 모델 저장: /Users/jojongho/KDT/P2_Default-invest/outputs/modeling_runs/default_modeling_run_20250629_235651/models/xgboost_undersampling_model.joblib
2025-06-30 02:26:19,899 - ModelingPipeline - INFO - logistic_regression_combined 모델 저장: /Users/jojongho/KDT/P2_Default-invest/outputs/modeling_runs/default_modeling_run_20250629_235651/models/logistic_regression_combined_model.joblib
2025-06-30 02:26:19,979 - ModelingPipeline - INFO - random_forest_combined 모델 저장: /Users/jojongho/KDT/P2_Default-invest/outputs/modeling_runs/default_modeling_run_20250629_235651/models/random_forest_combined_model.joblib
2025-06-30 02:26:19,983 - ModelingPipeline - INFO - xgboost_combined 모델 저장: /Users/jojongho/KDT/P2_Default-invest/outputs/modeling_runs/default_modeling_run_20250629_235651/models/xgboost_combined_model.joblib
2025-06-30 02:26:20,291 - ModelingPipeline - INFO - ensemble_model 모델 저장: /Users/jojongho/KDT/P2_Default-invest/outputs/modeling_runs/default_modeling_run_20250629_235651/models/ensemble_model_model.joblib
2025-06-30 02:26:21,135 - ModelingPipeline - INFO - 전체 결과 저장: /Users/jojongho/KDT/P2_Default-invest/outputs/modeling_runs/default_modeling_run_20250629_235651/results/modeling_results.json
2025-06-30 02:26:21,136 - ModelingPipeline - INFO - 설정 저장: /Users/jojongho/KDT/P2_Default-invest/outputs/modeling_runs/default_modeling_run_20250629_235651/modeling_config.json
2025-06-30 02:26:21,138 - ModelingPipeline - INFO - 실행 결과 요약:
2025-06-30 02:26:21,142 - ModelingPipeline - INFO - 
                  Model        Data_Type  Optimal_Threshold  CV_AUC  CV_AUC_Mean  CV_AP_Mean  CV_F1_Mean  Val_AUC  Val_F1  Test_AUC  Test_Precision  Test_Recall  Test_F1  Test_Balanced_Acc  Test_Average_Precision
0   logistic_regression           NORMAL             0.3055  0.2043       0.9338      0.2043      0.0200   0.9299  0.2917    0.9141          0.4286       0.1111   0.1765             0.5551                  0.1722
1         random_forest           NORMAL             0.3005  0.2653       0.9391      0.2604      0.0577   0.9361  0.3051    0.9351          0.2273       0.1852   0.2041             0.5907                  0.1748
2               xgboost           NORMAL             0.5000  0.2716       0.9303      0.2486      0.2175   0.9373  0.2619    0.9253          0.0946       0.5185   0.1600             0.7443                  0.1268
3   logistic_regression            SMOTE             0.3342  0.2215       0.9271      0.2215      0.2423   0.9380  0.2268    0.9178          0.0955       0.6296   0.1659             0.7969                  0.1470
4         random_forest            SMOTE             0.4963  0.2749       0.9445      0.2580      0.2717   0.9261  0.2456    0.9403          0.1282       0.3704   0.1905             0.6776                  0.1376
5               xgboost            SMOTE             0.5000  0.2533       0.9247      0.2382      0.1890   0.9229  0.1818    0.9159          0.0813       0.6296   0.1441             0.7934                  0.0930
6   logistic_regression    UNDERSAMPLING             0.3432  0.2070       0.9333      0.2070      0.0200   0.9314  0.3043    0.9155          0.3333       0.0741   0.1212             0.5366                  0.1738
7         random_forest    UNDERSAMPLING             0.2820  0.2733       0.9397      0.2537      0.0577   0.9379  0.3051    0.9371          0.2273       0.1852   0.2041             0.5907                  0.1813
8               xgboost    UNDERSAMPLING             0.4925  0.2792       0.9300      0.2391      0.2323   0.9320  0.2985    0.9301          0.0971       0.3704   0.1538             0.6748                  0.1214
9   logistic_regression         COMBINED             0.4729  0.2313       0.9259      0.2313      0.2011   0.9385  0.2277    0.9177          0.0914       0.6296   0.1596             0.7960                  0.1427
10        random_forest         COMBINED             0.4850  0.2630       0.9428      0.2597      0.2488   0.9347  0.2449    0.9386          0.0894       0.4074   0.1467             0.6912                  0.1152
11              xgboost         COMBINED             0.4987  0.2536       0.9177      0.2515      0.1069   0.9061  0.0979    0.8831          0.0456       0.8148   0.0864             0.8561                  0.1039
12             ensemble  COMBINED_MODELS             0.1000  0.2792       0.2792      0.0000      0.0000   0.8560  0.0509    0.8560          0.2581       0.2963   0.2759             0.6456                  0.1125
2025-06-30 02:26:21,142 - ModelingPipeline - INFO - 요약 테이블 저장: /Users/jojongho/KDT/P2_Default-invest/outputs/modeling_runs/default_modeling_run_20250629_235651/results/summary_table.csv
2025-06-30 02:26:21,145 - ModelingPipeline - INFO - === 모델링 파이프라인 완료 ===
