2025-06-27 08:45:48,314 - ModelingPipeline - INFO - 모델링 파이프라인이 초기화되었습니다.
2025-06-27 08:45:48,314 - ModelingPipeline - INFO - 실행 이름: default_modeling_run_20250627_084548
2025-06-27 08:45:48,314 - ModelingPipeline - INFO - 출력 경로: /Users/jojongho/KDT/P2_Default-invest/outputs/modeling_runs/default_modeling_run_20250627_084548
2025-06-27 08:45:48,314 - ModelingPipeline - INFO - === 모델링 파이프라인 시작 ===
2025-06-27 08:45:48,314 - ModelingPipeline - INFO - 데이터 로드 시작
2025-06-27 08:45:48,345 - ModelingPipeline - INFO - Train: (11241, 16), 부실비율: 0.68%
2025-06-27 08:45:48,345 - ModelingPipeline - INFO - Validation: (6749, 16), 부실비율: 0.68%
2025-06-27 08:45:48,345 - ModelingPipeline - INFO - Test: (4495, 16), 부실비율: 0.69%
2025-06-27 08:45:48,346 - ModelingPipeline - INFO - 모든 모델 실행 시작
2025-06-27 08:45:48,346 - ModelingPipeline - INFO - Lasso 특성 선택 적용 (NORMAL)
2025-06-27 08:45:48,381 - ModelingPipeline - INFO - 최적 alpha: 0.001000
2025-06-27 08:45:48,381 - ModelingPipeline - INFO - 선택된 특성: 5/16
2025-06-27 08:45:48,384 - ModelingPipeline - INFO - 활성화된 데이터 타입: ['normal', 'smote', 'undersampling']
2025-06-27 08:45:48,384 - ModelingPipeline - INFO - 활성화된 모델: ['logistic_regression', 'random_forest', 'xgboost']
2025-06-27 08:45:48,384 - ModelingPipeline - INFO - NORMAL 데이터 처리
2025-06-27 08:45:48,384 - ModelingPipeline - INFO - 스케일링 적용 시작 (NORMAL)
2025-06-27 08:45:48,384 - ModelingPipeline - INFO - Standard 그룹 - 데이터에 없는 컬럼 (33개): ['총자산', '총부채', '총자본', '유동자산', '유동부채']...
2025-06-27 08:45:48,384 - ModelingPipeline - INFO - Standard 그룹 - 적용 가능한 컬럼이 없어 건너뜁니다
2025-06-27 08:45:48,384 - ModelingPipeline - INFO - Robust 그룹 - 데이터에 없는 컬럼 (130개): ['매출액증가율', '총자본증가율', '유형자산증가율', '비유동생물자산증가율', '투자부동산증가율']...
2025-06-27 08:45:48,389 - ModelingPipeline - INFO - Robust 스케일링 적용 완료: 5개 컬럼 처리
2025-06-27 08:45:48,389 - ModelingPipeline - INFO - MinMax 그룹에 설정된 컬럼이 없습니다
2025-06-27 08:45:48,389 - ModelingPipeline - INFO - 스케일링 완료 요약 (NORMAL):
2025-06-27 08:45:48,389 - ModelingPipeline - INFO -   - 총 컬럼 수: 5
2025-06-27 08:45:48,389 - ModelingPipeline - INFO -   - 스케일링 적용: 5개 컬럼
2025-06-27 08:45:48,389 - ModelingPipeline - INFO -   - 스케일링 미적용: 0개 컬럼
2025-06-27 08:45:48,389 - ModelingPipeline - INFO - logistic_regression 최적화 시작 (NORMAL)
2025-06-27 08:45:48,389 - ModelingPipeline - INFO - Logistic Regression 클래스 불균형 가중치: class_weight='balanced' 적용
2025-06-27 08:45:48,389 - ModelingPipeline - INFO - 최적화 메트릭: F1
2025-06-27 08:45:48,510 - ModelingPipeline - INFO - Trial 1/100 - Current: 0.0778, Best: 0.0778
2025-06-27 08:45:51,891 - ModelingPipeline - INFO - Trial 6/100 - Current: 0.0855, Best: 0.0860
2025-06-27 08:45:55,131 - ModelingPipeline - INFO - Trial 11/100 - Current: 0.0852, Best: 0.0860
2025-06-27 08:46:00,317 - ModelingPipeline - INFO - Trial 16/100 - Current: 0.0843, Best: 0.0860
2025-06-27 08:46:05,499 - ModelingPipeline - INFO - Trial 21/100 - Current: 0.0861, Best: 0.0861
2025-06-27 08:46:10,379 - ModelingPipeline - INFO - Trial 26/100 - Current: 0.0859, Best: 0.0861
2025-06-27 08:46:13,757 - ModelingPipeline - INFO - Trial 31/100 - Current: 0.0855, Best: 0.0861
2025-06-27 08:46:18,719 - ModelingPipeline - INFO - Trial 36/100 - Current: 0.0861, Best: 0.0861
2025-06-27 08:46:22,022 - ModelingPipeline - INFO - Trial 41/100 - Current: 0.0861, Best: 0.0861
2025-06-27 08:46:26,983 - ModelingPipeline - INFO - Trial 46/100 - Current: 0.0852, Best: 0.0861
2025-06-27 08:46:31,133 - ModelingPipeline - INFO - Trial 51/100 - Current: 0.0851, Best: 0.0861
2025-06-27 08:46:36,118 - ModelingPipeline - INFO - Trial 56/100 - Current: 0.0846, Best: 0.0861
2025-06-27 08:46:40,967 - ModelingPipeline - INFO - Trial 61/100 - Current: 0.0850, Best: 0.0861
2025-06-27 08:46:46,132 - ModelingPipeline - INFO - Trial 66/100 - Current: 0.0852, Best: 0.0861
2025-06-27 08:46:51,469 - ModelingPipeline - INFO - Trial 71/100 - Current: 0.0847, Best: 0.0861
2025-06-27 08:46:56,771 - ModelingPipeline - INFO - Trial 76/100 - Current: 0.0845, Best: 0.0861
2025-06-27 08:47:01,277 - ModelingPipeline - INFO - Trial 81/100 - Current: 0.0847, Best: 0.0861
2025-06-27 08:47:06,282 - ModelingPipeline - INFO - Trial 86/100 - Current: 0.0852, Best: 0.0861
2025-06-27 08:47:10,531 - ModelingPipeline - INFO - Trial 91/100 - Current: 0.0855, Best: 0.0861
2025-06-27 08:47:15,766 - ModelingPipeline - INFO - Trial 96/100 - Current: 0.0855, Best: 0.0861
2025-06-27 08:47:19,760 - ModelingPipeline - INFO - Trial 100/100 - Current: 0.0847, Best: 0.0861
2025-06-27 08:47:19,990 - ModelingPipeline - WARNING - 수렴 실패 (재시도 1/3). 파라미터를 조정합니다.
2025-06-27 08:47:20,209 - ModelingPipeline - WARNING - 수렴 실패 (재시도 2/3). 파라미터를 조정합니다.
2025-06-27 08:47:20,343 - ModelingPipeline - WARNING - 최대 재시도 횟수 도달. 현재 모델을 사용합니다. (최종 에러: Convergence warning detected)
2025-06-27 08:47:20,343 - ModelingPipeline - INFO - 최적 AUC: 0.0861
2025-06-27 08:47:20,344 - ModelingPipeline - INFO - 최적 파라미터: {'C': 0.010289287386269774, 'max_iter': 5000, 'penalty': 'l2', 'solver': 'newton-cg', 'tol': 0.01, 'class_weight': 'balanced'}
2025-06-27 08:47:22,091 - ModelingPipeline - INFO - CV 메트릭 - AUC: 0.9249 (±0.0136)
2025-06-27 08:47:22,091 - ModelingPipeline - INFO - CV 메트릭 - AP: 0.1760 (±0.0445)
2025-06-27 08:47:22,091 - ModelingPipeline - INFO - CV 메트릭 - F1: 0.0848 (±0.0030)
2025-06-27 08:47:22,091 - ModelingPipeline - INFO - random_forest 최적화 시작 (NORMAL)
2025-06-27 08:47:22,091 - ModelingPipeline - INFO - Random Forest 클래스 불균형 가중치: class_weight='balanced' 적용
2025-06-27 08:47:22,091 - ModelingPipeline - INFO - 최적화 메트릭: F1
2025-06-27 08:47:24,984 - ModelingPipeline - INFO - Trial 1/100 - Current: 0.2202, Best: 0.2202
2025-06-27 08:47:38,089 - ModelingPipeline - INFO - Trial 6/100 - Current: 0.1341, Best: 0.2202
2025-06-27 08:47:56,209 - ModelingPipeline - INFO - Trial 11/100 - Current: 0.1146, Best: 0.2369
2025-06-27 08:48:11,352 - ModelingPipeline - INFO - Trial 16/100 - Current: 0.2365, Best: 0.2584
2025-06-27 08:48:27,605 - ModelingPipeline - INFO - Trial 21/100 - Current: 0.2206, Best: 0.2584
2025-06-27 08:48:41,895 - ModelingPipeline - INFO - Trial 26/100 - Current: 0.2424, Best: 0.2594
2025-06-27 08:48:57,370 - ModelingPipeline - INFO - Trial 31/100 - Current: 0.2303, Best: 0.2594
2025-06-27 08:49:11,980 - ModelingPipeline - INFO - Trial 36/100 - Current: 0.0844, Best: 0.2594
2025-06-27 08:49:22,665 - ModelingPipeline - INFO - Trial 41/100 - Current: 0.2328, Best: 0.2646
2025-06-27 08:49:34,199 - ModelingPipeline - INFO - Trial 46/100 - Current: 0.2385, Best: 0.2646
2025-06-27 08:49:46,904 - ModelingPipeline - INFO - Trial 51/100 - Current: 0.2529, Best: 0.2646
2025-06-27 08:50:00,446 - ModelingPipeline - INFO - Trial 56/100 - Current: 0.2590, Best: 0.2646
2025-06-27 08:50:14,972 - ModelingPipeline - INFO - Trial 61/100 - Current: 0.1495, Best: 0.2646
2025-06-27 08:50:29,126 - ModelingPipeline - INFO - Trial 66/100 - Current: 0.2452, Best: 0.2646
2025-06-27 08:50:44,102 - ModelingPipeline - INFO - Trial 71/100 - Current: 0.2275, Best: 0.2646
2025-06-27 08:50:56,478 - ModelingPipeline - INFO - Trial 76/100 - Current: 0.2660, Best: 0.2660
2025-06-27 08:51:06,504 - ModelingPipeline - INFO - Trial 81/100 - Current: 0.2483, Best: 0.2660
2025-06-27 08:51:16,667 - ModelingPipeline - INFO - Trial 86/100 - Current: 0.2247, Best: 0.2660
2025-06-27 08:51:28,052 - ModelingPipeline - INFO - Trial 91/100 - Current: 0.2119, Best: 0.2660
2025-06-27 08:51:39,396 - ModelingPipeline - INFO - Trial 96/100 - Current: 0.2660, Best: 0.2660
2025-06-27 08:51:46,738 - ModelingPipeline - INFO - Trial 100/100 - Current: 0.2577, Best: 0.2660
2025-06-27 08:51:48,276 - ModelingPipeline - INFO - 최적 AUC: 0.2660
2025-06-27 08:51:48,276 - ModelingPipeline - INFO - 최적 파라미터: {'n_estimators': 412, 'max_depth': 19, 'min_samples_split': 19, 'min_samples_leaf': 10, 'max_features': 0.23595333756125697, 'class_weight': 'balanced'}
2025-06-27 08:52:07,394 - ModelingPipeline - INFO - CV 메트릭 - AUC: 0.9204 (±0.0144)
2025-06-27 08:52:07,394 - ModelingPipeline - INFO - CV 메트릭 - AP: 0.1827 (±0.0221)
2025-06-27 08:52:07,394 - ModelingPipeline - INFO - CV 메트릭 - F1: 0.2431 (±0.0623)
2025-06-27 08:52:07,412 - ModelingPipeline - INFO - xgboost 최적화 시작 (NORMAL)
2025-06-27 08:52:07,412 - ModelingPipeline - INFO - XGBoost 클래스 불균형 가중치: scale_pos_weight = 146.91
2025-06-27 08:52:07,412 - ModelingPipeline - INFO - 최적화 메트릭: F1
2025-06-27 08:52:11,378 - ModelingPipeline - INFO - Trial 1/100 - Current: 0.1455, Best: 0.1455
2025-06-27 08:52:28,268 - ModelingPipeline - INFO - Trial 6/100 - Current: 0.1677, Best: 0.1923
2025-06-27 08:52:40,709 - ModelingPipeline - INFO - Trial 11/100 - Current: 0.2096, Best: 0.2128
2025-06-27 08:52:56,804 - ModelingPipeline - INFO - Trial 16/100 - Current: 0.1618, Best: 0.2171
2025-06-27 08:53:15,768 - ModelingPipeline - INFO - Trial 21/100 - Current: 0.1747, Best: 0.2171
2025-06-27 08:53:29,712 - ModelingPipeline - INFO - Trial 26/100 - Current: 0.1950, Best: 0.2274
