2025-06-30 15:13:52,171 - ModelingPipeline - INFO - 모델링 파이프라인이 초기화되었습니다.
2025-06-30 15:13:52,171 - ModelingPipeline - INFO - 실행 이름: default_modeling_run_20250630_151352
2025-06-30 15:13:52,172 - ModelingPipeline - INFO - 출력 경로: /Users/jojongho/KDT/P2_Default-invest/outputs/modeling_runs/default_modeling_run_20250630_151352
2025-06-30 15:13:52,172 - ModelingPipeline - INFO - === 모델링 파이프라인 시작 ===
2025-06-30 15:13:52,172 - ModelingPipeline - INFO - 데이터 로드 시작
2025-06-30 15:13:52,172 - ModelingPipeline - INFO - 오버라이드된 데이터 경로 사용: data/final
2025-06-30 15:13:52,277 - ModelingPipeline - INFO - Train: (17984, 87), 부실비율: 0.70%
2025-06-30 15:13:52,277 - ModelingPipeline - INFO - Validation: (2256, 87), 부실비율: 0.75%
2025-06-30 15:13:52,277 - ModelingPipeline - INFO - Test: (2245, 87), 부실비율: 0.45%
2025-06-30 15:13:52,277 - ModelingPipeline - INFO - 모든 모델 실행 시작
2025-06-30 15:13:52,277 - ModelingPipeline - INFO - 특성 선택 방법: SHAP (NORMAL)
2025-06-30 15:13:52,610 - ModelingPipeline - INFO - SHAP 기본 모델: random_forest
2025-06-30 15:13:52,610 - ModelingPipeline - INFO - 기본 모델 훈련 중...
2025-06-30 15:13:54,201 - ModelingPipeline - INFO - SHAP Explainer 생성 중...
2025-06-30 15:13:54,207 - ModelingPipeline - INFO - SHAP 값 계산 중...
2025-06-30 15:14:19,547 - ModelingPipeline - INFO - SHAP 값 배열 형태: (17984, 87)
2025-06-30 15:14:19,547 - ModelingPipeline - INFO - 평균 절댓값 SHAP 형태: (87,)
2025-06-30 15:14:19,547 - ModelingPipeline - INFO - 특성 개수: 87
2025-06-30 15:14:19,547 - ModelingPipeline - INFO - 임계값: 0.003385
2025-06-30 15:14:19,547 - ModelingPipeline - INFO - 평균 |SHAP|: 0.006192 (±0.007384)
2025-06-30 15:14:19,551 - ModelingPipeline - INFO - 선택된 특성: 10/87
2025-06-30 15:14:19,552 - ModelingPipeline - INFO - 활성화된 데이터 타입: ['normal', 'smote', 'undersampling', 'combined']
2025-06-30 15:14:19,552 - ModelingPipeline - INFO - 활성화된 모델: ['logistic_regression', 'random_forest', 'xgboost']
2025-06-30 15:14:19,552 - ModelingPipeline - INFO - NORMAL 데이터 처리
2025-06-30 15:14:19,553 - ModelingPipeline - INFO - logistic_regression 최적화 시작 (NORMAL)
2025-06-30 15:14:19,553 - ModelingPipeline - INFO - Logistic Regression 클래스 불균형 가중치: class_weight=None
2025-06-30 15:14:19,553 - ModelingPipeline - INFO - 최적화 메트릭: AVERAGE_PRECISION
2025-06-30 15:14:19,637 - ModelingPipeline - INFO - Trial 1/20 - Current: 0.2072, Best: 0.2072
2025-06-30 15:14:20,118 - ModelingPipeline - INFO - Trial 6/20 - Current: 0.1993, Best: 0.2072
2025-06-30 15:14:20,542 - ModelingPipeline - INFO - Trial 11/20 - Current: 0.2141, Best: 0.2141
2025-06-30 15:14:20,902 - ModelingPipeline - INFO - Trial 16/20 - Current: 0.1654, Best: 0.2144
2025-06-30 15:14:21,364 - ModelingPipeline - INFO - Trial 20/20 - Current: 0.2105, Best: 0.2147
2025-06-30 15:14:21,393 - ModelingPipeline - INFO - 최적 AUC: 0.2147
2025-06-30 15:14:21,393 - ModelingPipeline - INFO - 최적 파라미터: {'C': 97.4502951465064, 'max_iter': 8361, 'penalty': 'l2', 'solver': 'liblinear', 'tol': 0.0001, 'class_weight': None}
2025-06-30 15:14:21,394 - ModelingPipeline - INFO - CV 메트릭 계산 시작 (NORMAL)
2025-06-30 15:14:21,533 - ModelingPipeline - INFO - 최적화된 CV 완료: AUC=0.9280(±0.0286), AP=0.2147(±0.0466), F1=0.0148(±0.0296)
2025-06-30 15:14:21,534 - ModelingPipeline - INFO - CV 메트릭 계산 완료 - AUC: 0.9280, AP: 0.2147, F1: 0.0148
2025-06-30 15:14:21,534 - ModelingPipeline - INFO - random_forest 최적화 시작 (NORMAL)
2025-06-30 15:14:21,534 - ModelingPipeline - INFO - Random Forest 클래스 불균형 가중치: class_weight=None
2025-06-30 15:14:21,534 - ModelingPipeline - INFO - 최적화 메트릭: AVERAGE_PRECISION
2025-06-30 15:14:26,179 - ModelingPipeline - INFO - Trial 1/20 - Current: 0.2304, Best: 0.2304
2025-06-30 15:14:51,797 - ModelingPipeline - INFO - Trial 6/20 - Current: 0.2360, Best: 0.2376
2025-06-30 15:15:44,141 - ModelingPipeline - INFO - Trial 11/20 - Current: 0.2146, Best: 0.2376
2025-06-30 15:16:09,885 - ModelingPipeline - INFO - Trial 16/20 - Current: 0.2283, Best: 0.2394
2025-06-30 15:16:51,298 - ModelingPipeline - INFO - Trial 20/20 - Current: 0.2174, Best: 0.2394
2025-06-30 15:16:55,225 - ModelingPipeline - INFO - 최적 AUC: 0.2394
2025-06-30 15:16:55,225 - ModelingPipeline - INFO - 최적 파라미터: {'n_estimators': 479, 'max_depth': 16, 'min_samples_split': 15, 'min_samples_leaf': 3, 'max_features': 0.10326888871003306, 'class_weight': None}
2025-06-30 15:16:55,226 - ModelingPipeline - INFO - CV 메트릭 계산 시작 (NORMAL)
2025-06-30 15:17:10,110 - ModelingPipeline - INFO - 최적화된 CV 완료: AUC=0.9455(±0.0223), AP=0.2365(±0.0627), F1=0.0000(±0.0000)
2025-06-30 15:17:10,111 - ModelingPipeline - INFO - CV 메트릭 계산 완료 - AUC: 0.9455, AP: 0.2365, F1: 0.0000
2025-06-30 15:17:10,132 - ModelingPipeline - INFO - xgboost 최적화 시작 (NORMAL)
2025-06-30 15:17:10,132 - ModelingPipeline - INFO - XGBoost 클래스 불균형 처리: scale_pos_weight
2025-06-30 15:17:10,132 - ModelingPipeline - INFO - scale_pos_weight = 141.73 (설정: auto)
2025-06-30 15:17:10,132 - ModelingPipeline - INFO - 최적화 메트릭: AVERAGE_PRECISION
2025-06-30 15:17:14,324 - ModelingPipeline - INFO - Trial 1/20 - Current: 0.2250, Best: 0.2250
2025-06-30 15:17:33,408 - ModelingPipeline - INFO - Trial 6/20 - Current: 0.2304, Best: 0.2506
2025-06-30 15:17:49,330 - ModelingPipeline - INFO - Trial 11/20 - Current: 0.2212, Best: 0.2506
2025-06-30 15:18:07,851 - ModelingPipeline - INFO - Trial 16/20 - Current: 0.2316, Best: 0.2506
2025-06-30 15:18:22,208 - ModelingPipeline - INFO - Trial 20/20 - Current: 0.2574, Best: 0.2574
2025-06-30 15:18:22,723 - ModelingPipeline - INFO - 최적 AUC: 0.2574
2025-06-30 15:18:22,724 - ModelingPipeline - INFO - 최적 파라미터: {'n_estimators': 365, 'max_depth': 4, 'learning_rate': 0.05684150712654377, 'subsample': 0.649699440466389, 'colsample_bytree': 0.8029967056557425, 'reg_alpha': 6.634269606657496, 'reg_lambda': 9.039638782786476, 'scale_pos_weight': np.float64(141.73015873015873)}
2025-06-30 15:18:22,724 - ModelingPipeline - INFO - CV 메트릭 계산 시작 (NORMAL)
2025-06-30 15:18:25,259 - ModelingPipeline - INFO - 최적화된 CV 완료: AUC=0.9302(±0.0349), AP=0.2545(±0.0829), F1=0.2897(±0.0621)
2025-06-30 15:18:25,259 - ModelingPipeline - INFO - CV 메트릭 계산 완료 - AUC: 0.9302, AP: 0.2545, F1: 0.2897
2025-06-30 15:18:25,260 - ModelingPipeline - INFO - SMOTE 데이터 처리
2025-06-30 15:18:25,260 - ModelingPipeline - INFO - logistic_regression 최적화 시작 (SMOTE)
2025-06-30 15:18:25,260 - ModelingPipeline - INFO - Logistic Regression 클래스 불균형 가중치: class_weight=None
2025-06-30 15:18:25,260 - ModelingPipeline - INFO - 최적화 메트릭: AVERAGE_PRECISION
2025-06-30 15:18:25,434 - ModelingPipeline - INFO - Trial 1/20 - Current: 0.1928, Best: 0.1928
2025-06-30 15:18:26,158 - ModelingPipeline - INFO - Trial 6/20 - Current: 0.1903, Best: 0.1928
2025-06-30 15:18:26,982 - ModelingPipeline - INFO - Trial 11/20 - Current: 0.1978, Best: 0.1978
2025-06-30 15:18:27,811 - ModelingPipeline - INFO - Trial 16/20 - Current: 0.1968, Best: 0.1978
2025-06-30 15:18:28,498 - ModelingPipeline - INFO - Trial 20/20 - Current: 0.1965, Best: 0.1978
2025-06-30 15:18:28,535 - ModelingPipeline - INFO - 최적 AUC: 0.1978
2025-06-30 15:18:28,536 - ModelingPipeline - INFO - 최적 파라미터: {'C': 62.45139574743071, 'max_iter': 9660, 'penalty': 'l2', 'solver': 'newton-cg', 'tol': 0.0001, 'class_weight': None}
2025-06-30 15:18:28,536 - ModelingPipeline - INFO - CV 메트릭 계산 시작 (SMOTE)
2025-06-30 15:18:28,705 - ModelingPipeline - INFO - 최적화된 CV 완료: AUC=0.9329(±0.0278), AP=0.1978(±0.0397), F1=0.2505(±0.0478)
2025-06-30 15:18:28,706 - ModelingPipeline - INFO - CV 메트릭 계산 완료 - AUC: 0.9329, AP: 0.1978, F1: 0.2505
2025-06-30 15:18:28,706 - ModelingPipeline - INFO - random_forest 최적화 시작 (SMOTE)
2025-06-30 15:18:28,706 - ModelingPipeline - INFO - Random Forest 클래스 불균형 가중치: class_weight=None
2025-06-30 15:18:28,706 - ModelingPipeline - INFO - 최적화 메트릭: AVERAGE_PRECISION
2025-06-30 15:18:34,118 - ModelingPipeline - INFO - Trial 1/20 - Current: 0.1900, Best: 0.1900
2025-06-30 15:19:02,350 - ModelingPipeline - INFO - Trial 6/20 - Current: 0.2017, Best: 0.2017
2025-06-30 15:20:14,907 - ModelingPipeline - INFO - Trial 11/20 - Current: 0.1805, Best: 0.2034
2025-06-30 15:21:20,632 - ModelingPipeline - INFO - Trial 16/20 - Current: 0.2069, Best: 0.2069
2025-06-30 15:21:40,253 - ModelingPipeline - INFO - Trial 20/20 - Current: 0.1969, Best: 0.2108
2025-06-30 15:21:44,488 - ModelingPipeline - INFO - 최적 AUC: 0.2108
2025-06-30 15:21:44,488 - ModelingPipeline - INFO - 최적 파라미터: {'n_estimators': 416, 'max_depth': 17, 'min_samples_split': 9, 'min_samples_leaf': 10, 'max_features': 0.1797850036241353, 'class_weight': None}
2025-06-30 15:21:44,489 - ModelingPipeline - INFO - CV 메트릭 계산 시작 (SMOTE)
2025-06-30 15:21:59,879 - ModelingPipeline - INFO - 최적화된 CV 완료: AUC=0.9478(±0.0204), AP=0.2018(±0.0262), F1=0.3068(±0.0388)
2025-06-30 15:21:59,880 - ModelingPipeline - INFO - CV 메트릭 계산 완료 - AUC: 0.9478, AP: 0.2018, F1: 0.3068
2025-06-30 15:21:59,897 - ModelingPipeline - INFO - xgboost 최적화 시작 (SMOTE)
2025-06-30 15:21:59,898 - ModelingPipeline - INFO - XGBoost 클래스 불균형 처리: scale_pos_weight
2025-06-30 15:21:59,898 - ModelingPipeline - INFO - scale_pos_weight = 141.73 (설정: auto)
2025-06-30 15:21:59,898 - ModelingPipeline - INFO - 최적화 메트릭: AVERAGE_PRECISION
2025-06-30 15:22:04,469 - ModelingPipeline - INFO - Trial 1/20 - Current: 0.1563, Best: 0.1563
2025-06-30 15:22:24,455 - ModelingPipeline - INFO - Trial 6/20 - Current: 0.1843, Best: 0.2041
2025-06-30 15:22:41,837 - ModelingPipeline - INFO - Trial 11/20 - Current: 0.1625, Best: 0.2129
2025-06-30 15:23:04,702 - ModelingPipeline - INFO - Trial 16/20 - Current: 0.2017, Best: 0.2190
2025-06-30 15:23:26,185 - ModelingPipeline - INFO - Trial 20/20 - Current: 0.1955, Best: 0.2190
2025-06-30 15:23:26,880 - ModelingPipeline - INFO - 최적 AUC: 0.2190
2025-06-30 15:23:26,880 - ModelingPipeline - INFO - 최적 파라미터: {'n_estimators': 614, 'max_depth': 3, 'learning_rate': 0.012193229652850723, 'subsample': 0.6948420730931092, 'colsample_bytree': 0.6888304787762203, 'reg_alpha': 7.321861704297194, 'reg_lambda': 7.407800219920706, 'scale_pos_weight': np.float64(141.73015873015873)}
2025-06-30 15:23:26,880 - ModelingPipeline - INFO - CV 메트릭 계산 시작 (SMOTE)
2025-06-30 15:23:30,297 - ModelingPipeline - INFO - 최적화된 CV 완료: AUC=0.9409(±0.0237), AP=0.2090(±0.0368), F1=0.1284(±0.0063)
2025-06-30 15:23:30,297 - ModelingPipeline - INFO - CV 메트릭 계산 완료 - AUC: 0.9409, AP: 0.2090, F1: 0.1284
2025-06-30 15:23:30,297 - ModelingPipeline - INFO - UNDERSAMPLING 데이터 처리
2025-06-30 15:23:30,298 - ModelingPipeline - INFO - logistic_regression 최적화 시작 (UNDERSAMPLING)
2025-06-30 15:23:30,298 - ModelingPipeline - INFO - Logistic Regression 클래스 불균형 가중치: class_weight=None
2025-06-30 15:23:30,298 - ModelingPipeline - INFO - 최적화 메트릭: AVERAGE_PRECISION
2025-06-30 15:23:31,441 - ModelingPipeline - INFO - Trial 1/20 - Current: 0.2029, Best: 0.2029
2025-06-30 15:23:37,232 - ModelingPipeline - INFO - Trial 6/20 - Current: 0.2002, Best: 0.2029
2025-06-30 15:23:43,020 - ModelingPipeline - INFO - Trial 11/20 - Current: 0.2113, Best: 0.2113
2025-06-30 15:23:48,724 - ModelingPipeline - INFO - Trial 16/20 - Current: 0.1703, Best: 0.2113
2025-06-30 15:23:53,348 - ModelingPipeline - INFO - Trial 20/20 - Current: 0.2096, Best: 0.2113
2025-06-30 15:23:53,645 - ModelingPipeline - INFO - 최적 AUC: 0.2113
2025-06-30 15:23:53,645 - ModelingPipeline - INFO - 최적 파라미터: {'C': 53.84880469601608, 'max_iter': 6992, 'penalty': 'l2', 'solver': 'lbfgs', 'tol': 0.0001, 'class_weight': None}
2025-06-30 15:23:53,646 - ModelingPipeline - INFO - CV 메트릭 계산 시작 (UNDERSAMPLING)
2025-06-30 15:23:54,792 - ModelingPipeline - INFO - 최적화된 CV 완료: AUC=0.9279(±0.0276), AP=0.2113(±0.0488), F1=0.0445(±0.0364)
2025-06-30 15:23:54,793 - ModelingPipeline - INFO - CV 메트릭 계산 완료 - AUC: 0.9279, AP: 0.2113, F1: 0.0445
2025-06-30 15:23:54,793 - ModelingPipeline - INFO - random_forest 최적화 시작 (UNDERSAMPLING)
2025-06-30 15:23:54,793 - ModelingPipeline - INFO - Random Forest 클래스 불균형 가중치: class_weight=None
2025-06-30 15:23:54,793 - ModelingPipeline - INFO - 최적화 메트릭: AVERAGE_PRECISION
2025-06-30 15:24:00,669 - ModelingPipeline - INFO - Trial 1/20 - Current: 0.2331, Best: 0.2331
2025-06-30 15:24:31,832 - ModelingPipeline - INFO - Trial 6/20 - Current: 0.2402, Best: 0.2402
2025-06-30 15:25:25,436 - ModelingPipeline - INFO - Trial 11/20 - Current: 0.2438, Best: 0.2438
2025-06-30 15:26:24,852 - ModelingPipeline - INFO - Trial 16/20 - Current: 0.2311, Best: 0.2461
2025-06-30 15:27:25,499 - ModelingPipeline - INFO - Trial 20/20 - Current: 0.2283, Best: 0.2479
2025-06-30 15:27:33,433 - ModelingPipeline - INFO - 최적 AUC: 0.2479
2025-06-30 15:27:33,433 - ModelingPipeline - INFO - 최적 파라미터: {'n_estimators': 895, 'max_depth': 13, 'min_samples_split': 5, 'min_samples_leaf': 2, 'max_features': 0.1989505750660362, 'class_weight': None}
2025-06-30 15:27:33,433 - ModelingPipeline - INFO - CV 메트릭 계산 시작 (UNDERSAMPLING)
2025-06-30 15:28:04,226 - ModelingPipeline - INFO - 최적화된 CV 완료: AUC=0.9407(±0.0265), AP=0.2426(±0.0644), F1=0.0588(±0.0539)
2025-06-30 15:28:04,227 - ModelingPipeline - INFO - CV 메트릭 계산 완료 - AUC: 0.9407, AP: 0.2426, F1: 0.0588
2025-06-30 15:28:04,267 - ModelingPipeline - INFO - xgboost 최적화 시작 (UNDERSAMPLING)
2025-06-30 15:28:04,268 - ModelingPipeline - INFO - XGBoost 클래스 불균형 처리: scale_pos_weight
2025-06-30 15:28:04,268 - ModelingPipeline - INFO - scale_pos_weight = 141.73 (설정: auto)
2025-06-30 15:28:04,268 - ModelingPipeline - INFO - 최적화 메트릭: AVERAGE_PRECISION
2025-06-30 15:28:09,624 - ModelingPipeline - INFO - Trial 1/20 - Current: 0.2253, Best: 0.2253
2025-06-30 15:28:34,297 - ModelingPipeline - INFO - Trial 6/20 - Current: 0.2331, Best: 0.2454
2025-06-30 15:28:54,439 - ModelingPipeline - INFO - Trial 11/20 - Current: 0.2299, Best: 0.2454
2025-06-30 15:29:16,621 - ModelingPipeline - INFO - Trial 16/20 - Current: 0.2563, Best: 0.2563
2025-06-30 15:29:38,300 - ModelingPipeline - INFO - Trial 20/20 - Current: 0.2487, Best: 0.2563
2025-06-30 15:29:39,109 - ModelingPipeline - INFO - 최적 AUC: 0.2563
2025-06-30 15:29:39,109 - ModelingPipeline - INFO - 최적 파라미터: {'n_estimators': 356, 'max_depth': 4, 'learning_rate': 0.05691876921609934, 'subsample': 0.9033645824140242, 'colsample_bytree': 0.602114390372824, 'reg_alpha': 7.327729286436872, 'reg_lambda': 4.1128716570468775, 'scale_pos_weight': np.float64(141.73015873015873)}
2025-06-30 15:29:39,110 - ModelingPipeline - INFO - CV 메트릭 계산 시작 (UNDERSAMPLING)
2025-06-30 15:29:42,709 - ModelingPipeline - INFO - 최적화된 CV 완료: AUC=0.9258(±0.0321), AP=0.2452(±0.0819), F1=0.2968(±0.0638)
2025-06-30 15:29:42,710 - ModelingPipeline - INFO - CV 메트릭 계산 완료 - AUC: 0.9258, AP: 0.2452, F1: 0.2968
2025-06-30 15:29:42,710 - ModelingPipeline - INFO - COMBINED 데이터 처리
2025-06-30 15:29:42,711 - ModelingPipeline - INFO - logistic_regression 최적화 시작 (COMBINED)
2025-06-30 15:29:42,711 - ModelingPipeline - INFO - Logistic Regression 클래스 불균형 가중치: class_weight=None
2025-06-30 15:29:42,711 - ModelingPipeline - INFO - 최적화 메트릭: AVERAGE_PRECISION
2025-06-30 15:29:44,198 - ModelingPipeline - INFO - Trial 1/20 - Current: 0.1913, Best: 0.1913
2025-06-30 15:29:50,483 - ModelingPipeline - INFO - Trial 6/20 - Current: 0.1929, Best: 0.1929
2025-06-30 15:29:56,849 - ModelingPipeline - INFO - Trial 11/20 - Current: 0.1974, Best: 0.1986
2025-06-30 15:30:03,391 - ModelingPipeline - INFO - Trial 16/20 - Current: 0.1981, Best: 0.1986
2025-06-30 15:30:08,206 - ModelingPipeline - INFO - Trial 20/20 - Current: 0.1929, Best: 0.1986
2025-06-30 15:30:08,557 - ModelingPipeline - INFO - 최적 AUC: 0.1986
2025-06-30 15:30:08,557 - ModelingPipeline - INFO - 최적 파라미터: {'C': 43.379206974909415, 'max_iter': 2662, 'penalty': 'l2', 'solver': 'lbfgs', 'tol': 0.0001, 'class_weight': None}
2025-06-30 15:30:08,558 - ModelingPipeline - INFO - CV 메트릭 계산 시작 (COMBINED)
2025-06-30 15:30:09,854 - ModelingPipeline - INFO - 최적화된 CV 완료: AUC=0.9332(±0.0276), AP=0.1986(±0.0402), F1=0.2245(±0.0288)
2025-06-30 15:30:09,854 - ModelingPipeline - INFO - CV 메트릭 계산 완료 - AUC: 0.9332, AP: 0.1986, F1: 0.2245
2025-06-30 15:30:09,854 - ModelingPipeline - INFO - random_forest 최적화 시작 (COMBINED)
2025-06-30 15:30:09,854 - ModelingPipeline - INFO - Random Forest 클래스 불균형 가중치: class_weight=None
2025-06-30 15:30:09,854 - ModelingPipeline - INFO - 최적화 메트릭: AVERAGE_PRECISION
2025-06-30 15:30:17,133 - ModelingPipeline - INFO - Trial 1/20 - Current: 0.1939, Best: 0.1939
2025-06-30 15:30:53,491 - ModelingPipeline - INFO - Trial 6/20 - Current: 0.1994, Best: 0.2023
2025-06-30 15:32:21,099 - ModelingPipeline - INFO - Trial 11/20 - Current: 0.1776, Best: 0.2091
2025-06-30 15:33:05,131 - ModelingPipeline - INFO - Trial 16/20 - Current: 0.1990, Best: 0.2091
2025-06-30 15:34:13,114 - ModelingPipeline - INFO - Trial 20/20 - Current: 0.1831, Best: 0.2091
2025-06-30 15:34:26,625 - ModelingPipeline - INFO - 최적 AUC: 0.2091
2025-06-30 15:34:26,625 - ModelingPipeline - INFO - 최적 파라미터: {'n_estimators': 730, 'max_depth': 8, 'min_samples_split': 11, 'min_samples_leaf': 6, 'max_features': 0.26636900997297436, 'class_weight': None}
2025-06-30 15:34:26,626 - ModelingPipeline - INFO - CV 메트릭 계산 시작 (COMBINED)
2025-06-30 15:35:20,339 - ModelingPipeline - INFO - 최적화된 CV 완료: AUC=0.9463(±0.0212), AP=0.2064(±0.0354), F1=0.3016(±0.0389)
2025-06-30 15:35:20,342 - ModelingPipeline - INFO - CV 메트릭 계산 완료 - AUC: 0.9463, AP: 0.2064, F1: 0.3016
2025-06-30 15:35:20,376 - ModelingPipeline - INFO - xgboost 최적화 시작 (COMBINED)
2025-06-30 15:35:20,376 - ModelingPipeline - INFO - XGBoost 클래스 불균형 처리: scale_pos_weight
2025-06-30 15:35:20,376 - ModelingPipeline - INFO - scale_pos_weight = 141.73 (설정: auto)
2025-06-30 15:35:20,376 - ModelingPipeline - INFO - 최적화 메트릭: AVERAGE_PRECISION
2025-06-30 15:35:26,083 - ModelingPipeline - INFO - Trial 1/20 - Current: 0.1524, Best: 0.1524
2025-06-30 15:35:51,848 - ModelingPipeline - INFO - Trial 6/20 - Current: 0.1688, Best: 0.2009
2025-06-30 15:36:16,645 - ModelingPipeline - INFO - Trial 11/20 - Current: 0.1666, Best: 0.2009
2025-06-30 15:36:42,880 - ModelingPipeline - INFO - Trial 16/20 - Current: 0.1808, Best: 0.2009
2025-06-30 15:37:01,982 - ModelingPipeline - INFO - Trial 20/20 - Current: 0.1977, Best: 0.2009
2025-06-30 15:37:02,895 - ModelingPipeline - INFO - 최적 AUC: 0.2009
2025-06-30 15:37:02,895 - ModelingPipeline - INFO - 최적 파라미터: {'n_estimators': 556, 'max_depth': 3, 'learning_rate': 0.18422573131092432, 'subsample': 0.6682096494749166, 'colsample_bytree': 0.6260206371941118, 'reg_alpha': 9.488855372533333, 'reg_lambda': 9.690688297671034, 'scale_pos_weight': np.float64(141.73015873015873)}
2025-06-30 15:37:02,895 - ModelingPipeline - INFO - CV 메트릭 계산 시작 (COMBINED)
2025-06-30 15:37:07,110 - ModelingPipeline - INFO - 최적화된 CV 완료: AUC=0.9023(±0.0413), AP=0.1964(±0.0423), F1=0.2510(±0.0271)
2025-06-30 15:37:07,111 - ModelingPipeline - INFO - CV 메트릭 계산 완료 - AUC: 0.9023, AP: 0.1964, F1: 0.2510
2025-06-30 15:37:07,111 - ModelingPipeline - INFO - 모든 모델 평가 및 Threshold 최적화
2025-06-30 15:37:07,116 - ModelingPipeline - INFO - logistic_regression_normal 최적 Threshold 탐색
2025-06-30 15:37:07,116 - ModelingPipeline - INFO - 임계값 범위: 0.0015 ~ 0.5000 (3000개 점)
2025-06-30 15:37:13,030 - ModelingPipeline - INFO - 최종 선택: 0.104 (AVERAGE_PRECISION: 0.1783)
2025-06-30 15:37:13,047 - ModelingPipeline - INFO - logistic_regression_normal 최종 평가 (Threshold: 0.104):
2025-06-30 15:37:13,047 - ModelingPipeline - INFO - 검증 - AUC: 0.9553, F1: 0.2979
2025-06-30 15:37:13,047 - ModelingPipeline - INFO - 테스트 - AUC: 0.8759, F1: 0.1702
2025-06-30 15:37:13,090 - ModelingPipeline - INFO - random_forest_normal 최적 Threshold 탐색
2025-06-30 15:37:13,091 - ModelingPipeline - INFO - 임계값 범위: 0.0015 ~ 0.5000 (3000개 점)
2025-06-30 15:37:18,826 - ModelingPipeline - INFO - 최종 선택: 0.094 (AVERAGE_PRECISION: 0.2080)
2025-06-30 15:37:19,101 - ModelingPipeline - INFO - random_forest_normal 최종 평가 (Threshold: 0.094):
2025-06-30 15:37:19,101 - ModelingPipeline - INFO - 검증 - AUC: 0.9354, F1: 0.3571
2025-06-30 15:37:19,101 - ModelingPipeline - INFO - 테스트 - AUC: 0.8789, F1: 0.1724
2025-06-30 15:37:19,107 - ModelingPipeline - INFO - xgboost_normal 최적 Threshold 탐색
2025-06-30 15:37:19,107 - ModelingPipeline - INFO - 임계값 범위: 0.0015 ~ 0.5000 (3000개 점)
2025-06-30 15:37:25,973 - ModelingPipeline - INFO - 최종 선택: 0.408 (AVERAGE_PRECISION: 0.2234)
2025-06-30 15:37:26,002 - ModelingPipeline - INFO - xgboost_normal 최종 평가 (Threshold: 0.408):
2025-06-30 15:37:26,002 - ModelingPipeline - INFO - 검증 - AUC: 0.9331, F1: 0.2338
2025-06-30 15:37:26,002 - ModelingPipeline - INFO - 테스트 - AUC: 0.8609, F1: 0.0976
2025-06-30 15:37:26,017 - ModelingPipeline - INFO - logistic_regression_smote 최적 Threshold 탐색
2025-06-30 15:37:26,017 - ModelingPipeline - INFO - 임계값 범위: 0.0015 ~ 0.5000 (3000개 점)
2025-06-30 15:37:33,042 - ModelingPipeline - INFO - 최종 선택: 0.500 (AVERAGE_PRECISION: 0.2231)
2025-06-30 15:37:33,059 - ModelingPipeline - INFO - logistic_regression_smote 최종 평가 (Threshold: 0.500):
2025-06-30 15:37:33,059 - ModelingPipeline - INFO - 검증 - AUC: 0.9552, F1: 0.2857
2025-06-30 15:37:33,059 - ModelingPipeline - INFO - 테스트 - AUC: 0.8814, F1: 0.1613
2025-06-30 15:37:33,112 - ModelingPipeline - INFO - random_forest_smote 최적 Threshold 탐색
2025-06-30 15:37:33,112 - ModelingPipeline - INFO - 임계값 범위: 0.0015 ~ 0.5000 (3000개 점)
2025-06-30 15:37:40,304 - ModelingPipeline - INFO - 최종 선택: 0.487 (AVERAGE_PRECISION: 0.2550)
2025-06-30 15:37:40,591 - ModelingPipeline - INFO - random_forest_smote 최종 평가 (Threshold: 0.487):
2025-06-30 15:37:40,591 - ModelingPipeline - INFO - 검증 - AUC: 0.9521, F1: 0.2857
2025-06-30 15:37:40,591 - ModelingPipeline - INFO - 테스트 - AUC: 0.9002, F1: 0.2105
2025-06-30 15:37:40,607 - ModelingPipeline - INFO - xgboost_smote 최적 Threshold 탐색
2025-06-30 15:37:40,607 - ModelingPipeline - INFO - 임계값 범위: 0.0015 ~ 0.5000 (3000개 점)
2025-06-30 15:37:47,742 - ModelingPipeline - INFO - 최종 선택: 0.492 (AVERAGE_PRECISION: 0.2499)
2025-06-30 15:37:47,772 - ModelingPipeline - INFO - xgboost_smote 최종 평가 (Threshold: 0.492):
2025-06-30 15:37:47,772 - ModelingPipeline - INFO - 검증 - AUC: 0.9385, F1: 0.1345
2025-06-30 15:37:47,772 - ModelingPipeline - INFO - 테스트 - AUC: 0.8698, F1: 0.0645
2025-06-30 15:37:48,060 - ModelingPipeline - INFO - logistic_regression_undersampling 최적 Threshold 탐색
2025-06-30 15:37:48,060 - ModelingPipeline - INFO - 임계값 범위: 0.0015 ~ 0.5000 (3000개 점)
2025-06-30 15:37:54,926 - ModelingPipeline - INFO - 최종 선택: 0.103 (AVERAGE_PRECISION: 0.1841)
2025-06-30 15:37:54,943 - ModelingPipeline - INFO - logistic_regression_undersampling 최종 평가 (Threshold: 0.103):
2025-06-30 15:37:54,943 - ModelingPipeline - INFO - 검증 - AUC: 0.9578, F1: 0.3043
2025-06-30 15:37:54,943 - ModelingPipeline - INFO - 테스트 - AUC: 0.8745, F1: 0.1702
2025-06-30 15:37:55,299 - ModelingPipeline - INFO - random_forest_undersampling 최적 Threshold 탐색
2025-06-30 15:37:55,299 - ModelingPipeline - INFO - 임계값 범위: 0.0015 ~ 0.5000 (3000개 점)
2025-06-30 15:38:02,050 - ModelingPipeline - INFO - 최종 선택: 0.091 (AVERAGE_PRECISION: 0.2227)
2025-06-30 15:38:02,504 - ModelingPipeline - INFO - random_forest_undersampling 최종 평가 (Threshold: 0.091):
2025-06-30 15:38:02,504 - ModelingPipeline - INFO - 검증 - AUC: 0.9322, F1: 0.3607
2025-06-30 15:38:02,504 - ModelingPipeline - INFO - 테스트 - AUC: 0.8901, F1: 0.1639
2025-06-30 15:38:02,804 - ModelingPipeline - INFO - xgboost_undersampling 최적 Threshold 탐색
2025-06-30 15:38:02,804 - ModelingPipeline - INFO - 임계값 범위: 0.0015 ~ 0.5000 (3000개 점)
2025-06-30 15:38:09,613 - ModelingPipeline - INFO - 최종 선택: 0.467 (AVERAGE_PRECISION: 0.1754)
2025-06-30 15:38:09,640 - ModelingPipeline - INFO - xgboost_undersampling 최종 평가 (Threshold: 0.467):
2025-06-30 15:38:09,640 - ModelingPipeline - INFO - 검증 - AUC: 0.9164, F1: 0.2571
2025-06-30 15:38:09,640 - ModelingPipeline - INFO - 테스트 - AUC: 0.8604, F1: 0.1194
2025-06-30 15:38:09,922 - ModelingPipeline - INFO - logistic_regression_combined 최적 Threshold 탐색
2025-06-30 15:38:09,922 - ModelingPipeline - INFO - 임계값 범위: 0.0015 ~ 0.5000 (3000개 점)
2025-06-30 15:38:16,764 - ModelingPipeline - INFO - 최종 선택: 0.444 (AVERAGE_PRECISION: 0.1880)
2025-06-30 15:38:16,782 - ModelingPipeline - INFO - logistic_regression_combined 최종 평가 (Threshold: 0.444):
2025-06-30 15:38:16,782 - ModelingPipeline - INFO - 검증 - AUC: 0.9537, F1: 0.2391
2025-06-30 15:38:16,782 - ModelingPipeline - INFO - 테스트 - AUC: 0.8801, F1: 0.1031
2025-06-30 15:38:17,118 - ModelingPipeline - INFO - random_forest_combined 최적 Threshold 탐색
2025-06-30 15:38:17,118 - ModelingPipeline - INFO - 임계값 범위: 0.0015 ~ 0.5000 (3000개 점)
2025-06-30 15:38:23,915 - ModelingPipeline - INFO - 최종 선택: 0.456 (AVERAGE_PRECISION: 0.1981)
2025-06-30 15:38:24,308 - ModelingPipeline - INFO - random_forest_combined 최종 평가 (Threshold: 0.456):
2025-06-30 15:38:24,308 - ModelingPipeline - INFO - 검증 - AUC: 0.9403, F1: 0.2745
2025-06-30 15:38:24,308 - ModelingPipeline - INFO - 테스트 - AUC: 0.8974, F1: 0.1633
2025-06-30 15:38:24,589 - ModelingPipeline - INFO - xgboost_combined 최적 Threshold 탐색
2025-06-30 15:38:24,589 - ModelingPipeline - INFO - 임계값 범위: 0.0015 ~ 0.5000 (3000개 점)
2025-06-30 15:38:31,468 - ModelingPipeline - INFO - 최종 선택: 0.224 (AVERAGE_PRECISION: 0.2031)
2025-06-30 15:38:31,497 - ModelingPipeline - INFO - xgboost_combined 최종 평가 (Threshold: 0.224):
2025-06-30 15:38:31,497 - ModelingPipeline - INFO - 검증 - AUC: 0.9057, F1: 0.2037
2025-06-30 15:38:31,497 - ModelingPipeline - INFO - 테스트 - AUC: 0.8451, F1: 0.0909
2025-06-30 15:38:31,498 - ModelingPipeline - INFO - 앙상블 모델 실행 시작
2025-06-30 15:38:31,500 - ModelingPipeline - INFO - 앙상블에 추가: logistic_regression_normal
2025-06-30 15:38:31,500 - ModelingPipeline - INFO - 앙상블에 추가: logistic_regression_smote
2025-06-30 15:38:31,500 - ModelingPipeline - INFO - 앙상블에 추가: logistic_regression_undersampling
2025-06-30 15:38:31,500 - ModelingPipeline - INFO - 앙상블에 추가: logistic_regression_combined
2025-06-30 15:38:31,500 - ModelingPipeline - INFO - 앙상블에 추가: random_forest_normal
2025-06-30 15:38:31,500 - ModelingPipeline - INFO - 앙상블에 추가: random_forest_smote
2025-06-30 15:38:31,500 - ModelingPipeline - INFO - 앙상블에 추가: random_forest_undersampling
2025-06-30 15:38:31,500 - ModelingPipeline - INFO - 앙상블에 추가: random_forest_combined
2025-06-30 15:38:31,500 - ModelingPipeline - INFO - 앙상블에 추가: xgboost_normal
2025-06-30 15:38:31,500 - ModelingPipeline - INFO - 앙상블에 추가: xgboost_smote
2025-06-30 15:38:31,501 - ModelingPipeline - INFO - 앙상블에 추가: xgboost_undersampling
2025-06-30 15:38:31,501 - ModelingPipeline - INFO - 앙상블에 추가: xgboost_combined
2025-06-30 15:38:31,963 - ModelingPipeline - INFO - 앙상블 모델 완료 - Test AUC: 0.7780, F1: 0.2609
2025-06-30 15:38:32,323 - ModelingPipeline - INFO - 앙상블 모델 저장: /Users/jojongho/KDT/P2_Default-invest/outputs/modeling_runs/default_modeling_run_20250630_151352/models/ensemble_model_model.joblib
2025-06-30 15:38:32,323 - ModelingPipeline - INFO - 시각화 생성 시작
2025-06-30 15:38:39,283 - ModelingPipeline - INFO - Train vs Test 비교 시각화 완료
2025-06-30 15:38:39,396 - ModelingPipeline - INFO - 시각화 생성 완료
2025-06-30 15:38:39,396 - ModelingPipeline - INFO - 결과 저장 시작
2025-06-30 15:38:39,397 - ModelingPipeline - INFO - logistic_regression_normal 모델 저장: /Users/jojongho/KDT/P2_Default-invest/outputs/modeling_runs/default_modeling_run_20250630_151352/models/logistic_regression_normal_model.joblib
2025-06-30 15:38:39,460 - ModelingPipeline - INFO - random_forest_normal 모델 저장: /Users/jojongho/KDT/P2_Default-invest/outputs/modeling_runs/default_modeling_run_20250630_151352/models/random_forest_normal_model.joblib
2025-06-30 15:38:39,463 - ModelingPipeline - INFO - xgboost_normal 모델 저장: /Users/jojongho/KDT/P2_Default-invest/outputs/modeling_runs/default_modeling_run_20250630_151352/models/xgboost_normal_model.joblib
2025-06-30 15:38:39,463 - ModelingPipeline - INFO - logistic_regression_smote 모델 저장: /Users/jojongho/KDT/P2_Default-invest/outputs/modeling_runs/default_modeling_run_20250630_151352/models/logistic_regression_smote_model.joblib
2025-06-30 15:38:39,520 - ModelingPipeline - INFO - random_forest_smote 모델 저장: /Users/jojongho/KDT/P2_Default-invest/outputs/modeling_runs/default_modeling_run_20250630_151352/models/random_forest_smote_model.joblib
2025-06-30 15:38:39,524 - ModelingPipeline - INFO - xgboost_smote 모델 저장: /Users/jojongho/KDT/P2_Default-invest/outputs/modeling_runs/default_modeling_run_20250630_151352/models/xgboost_smote_model.joblib
2025-06-30 15:38:39,524 - ModelingPipeline - INFO - logistic_regression_undersampling 모델 저장: /Users/jojongho/KDT/P2_Default-invest/outputs/modeling_runs/default_modeling_run_20250630_151352/models/logistic_regression_undersampling_model.joblib
2025-06-30 15:38:39,649 - ModelingPipeline - INFO - random_forest_undersampling 모델 저장: /Users/jojongho/KDT/P2_Default-invest/outputs/modeling_runs/default_modeling_run_20250630_151352/models/random_forest_undersampling_model.joblib
2025-06-30 15:38:39,651 - ModelingPipeline - INFO - xgboost_undersampling 모델 저장: /Users/jojongho/KDT/P2_Default-invest/outputs/modeling_runs/default_modeling_run_20250630_151352/models/xgboost_undersampling_model.joblib
2025-06-30 15:38:39,651 - ModelingPipeline - INFO - logistic_regression_combined 모델 저장: /Users/jojongho/KDT/P2_Default-invest/outputs/modeling_runs/default_modeling_run_20250630_151352/models/logistic_regression_combined_model.joblib
2025-06-30 15:38:39,866 - ModelingPipeline - INFO - random_forest_combined 모델 저장: /Users/jojongho/KDT/P2_Default-invest/outputs/modeling_runs/default_modeling_run_20250630_151352/models/random_forest_combined_model.joblib
2025-06-30 15:38:39,868 - ModelingPipeline - INFO - xgboost_combined 모델 저장: /Users/jojongho/KDT/P2_Default-invest/outputs/modeling_runs/default_modeling_run_20250630_151352/models/xgboost_combined_model.joblib
2025-06-30 15:38:40,219 - ModelingPipeline - INFO - ensemble_model 모델 저장: /Users/jojongho/KDT/P2_Default-invest/outputs/modeling_runs/default_modeling_run_20250630_151352/models/ensemble_model_model.joblib
2025-06-30 15:38:41,015 - ModelingPipeline - INFO - 전체 결과 저장: /Users/jojongho/KDT/P2_Default-invest/outputs/modeling_runs/default_modeling_run_20250630_151352/results/modeling_results.json
2025-06-30 15:38:41,015 - ModelingPipeline - INFO - 설정 저장: /Users/jojongho/KDT/P2_Default-invest/outputs/modeling_runs/default_modeling_run_20250630_151352/modeling_config.json
2025-06-30 15:38:41,016 - ModelingPipeline - INFO - 실행 결과 요약:
2025-06-30 15:38:41,020 - ModelingPipeline - INFO - 
                  Model        Data_Type  Optimal_Threshold  CV_AUC  CV_AUC_Mean  CV_AP_Mean  CV_F1_Mean  Val_AUC  Val_F1  Test_AUC  Test_Precision  Test_Recall  Test_F1  Test_Balanced_Acc  Test_Average_Precision
0   logistic_regression           NORMAL             0.1036  0.2147       0.9280      0.2147      0.0148   0.9553  0.2979    0.8759          0.1081          0.4   0.1702             0.6926                  0.0736
1         random_forest           NORMAL             0.0938  0.2394       0.9455      0.2365      0.0000   0.9354  0.3571    0.8789          0.1042          0.5   0.1724             0.7404                  0.2538
2               xgboost           NORMAL             0.4084  0.2574       0.9302      0.2545      0.2897   0.9331  0.2338    0.8609          0.0556          0.4   0.0976             0.6848                  0.2089
3   logistic_regression            SMOTE             0.5000  0.1978       0.9329      0.1978      0.2505   0.9552  0.2857    0.8814          0.0962          0.5   0.1613             0.7395                  0.0849
4         random_forest            SMOTE             0.4867  0.2108       0.9478      0.2018      0.3068   0.9521  0.2857    0.9002          0.1429          0.4   0.2105             0.6946                  0.1557
5               xgboost            SMOTE             0.4922  0.2190       0.9409      0.2090      0.1284   0.9385  0.1345    0.8698          0.0338          0.7   0.0645             0.8053                  0.2186
6   logistic_regression    UNDERSAMPLING             0.1031  0.2113       0.9279      0.2113      0.0445   0.9578  0.3043    0.8745          0.1081          0.4   0.1702             0.6926                  0.0714
7         random_forest    UNDERSAMPLING             0.0911  0.2479       0.9407      0.2426      0.0588   0.9322  0.3607    0.8901          0.0980          0.5   0.1639             0.7397                  0.2663
8               xgboost    UNDERSAMPLING             0.4674  0.2563       0.9258      0.2452      0.2968   0.9164  0.2571    0.8604          0.0702          0.4   0.1194             0.6881                  0.1962
9   logistic_regression         COMBINED             0.4445  0.1986       0.9332      0.1986      0.2245   0.9537  0.2391    0.8801          0.0575          0.5   0.1031             0.7317                  0.0873
10        random_forest         COMBINED             0.4563  0.2091       0.9463      0.2064      0.3016   0.9403  0.2745    0.8974          0.1026          0.4   0.1633             0.6922                  0.1202
11              xgboost         COMBINED             0.2244  0.2009       0.9023      0.1964      0.2510   0.9057  0.2037    0.8451          0.0500          0.5   0.0909             0.7287                  0.2053
12             ensemble  COMBINED_MODELS             0.3500  0.2574       0.2574      0.0000      0.0000   0.7780  0.1580    0.7780          0.2308          0.3   0.2609             0.6478                  0.1110
2025-06-30 15:38:41,090 - ModelingPipeline - INFO - 요약 테이블 저장: /Users/jojongho/KDT/P2_Default-invest/outputs/modeling_runs/default_modeling_run_20250630_151352/results/summary_table.csv
2025-06-30 15:38:41,094 - ModelingPipeline - INFO - === 모델링 파이프라인 완료 ===
