2025-07-04 00:13:38,671 - ModelingPipeline - INFO - 모델링 파이프라인이 초기화되었습니다.
2025-07-04 00:13:38,671 - ModelingPipeline - INFO - 실행 이름: default_modeling_run_20250704_001338
2025-07-04 00:13:38,671 - ModelingPipeline - INFO - 출력 경로: /Users/jojongho/KDT/P2_Default-invest/outputs/modeling_runs/default_modeling_run_20250704_001338
2025-07-04 00:13:38,671 - ModelingPipeline - INFO - === 모델링 파이프라인 시작 ===
2025-07-04 00:13:38,671 - ModelingPipeline - INFO - 데이터 로드 시작
2025-07-04 00:13:38,671 - ModelingPipeline - INFO - 오버라이드된 데이터 경로 사용: data/final
2025-07-04 00:13:38,728 - ModelingPipeline - INFO - Train: (10905, 19), 부실비율: 0.72%
2025-07-04 00:13:38,728 - ModelingPipeline - INFO - Validation: (5462, 19), 부실비율: 0.77%
2025-07-04 00:13:38,728 - ModelingPipeline - INFO - Test: (5329, 19), 부실비율: 0.62%
2025-07-04 00:13:38,729 - ModelingPipeline - INFO - 모든 모델 실행 시작
2025-07-04 00:13:38,729 - ModelingPipeline - INFO - 활성화된 데이터 타입: ['normal', 'smote', 'undersampling', 'combined']
2025-07-04 00:13:38,729 - ModelingPipeline - INFO - 활성화된 모델: ['logistic_regression', 'random_forest', 'xgboost']
2025-07-04 00:13:38,729 - ModelingPipeline - INFO - NORMAL 데이터 처리
2025-07-04 00:13:38,730 - ModelingPipeline - INFO - logistic_regression 최적화 시작 (NORMAL)
2025-07-04 00:13:38,730 - ModelingPipeline - INFO - Logistic Regression 클래스 불균형 가중치: class_weight=balanced
2025-07-04 00:13:38,730 - ModelingPipeline - INFO - 최적화 메트릭: F1
2025-07-04 00:13:38,742 - ModelingPipeline - INFO - 스케일링이 비활성화되어 있어 로그 변환도 건너뜁니다
2025-07-04 00:13:38,742 - ModelingPipeline - INFO - 스케일링이 비활성화되어 있습니다
2025-07-04 00:13:39,317 - ModelingPipeline - INFO -   Trial 1/200 - Current: 0.0000, Best: 0.0000
2025-07-04 00:16:56,539 - ModelingPipeline - INFO -   Trial 101/200 - Current: 0.0434, Best: 0.0463
2025-07-04 00:19:22,638 - ModelingPipeline - INFO -   Trial 200/200 - Current: 0.0404, Best: 0.0463
2025-07-04 00:19:22,991 - ModelingPipeline - INFO - 최적 AUC: 0.0463
2025-07-04 00:19:22,992 - ModelingPipeline - INFO - 최적 파라미터: {'C': 0.1413225557550368, 'max_iter': 3293, 'penalty': 'l2', 'solver': 'newton-cg', 'tol': 0.0001, 'class_weight': 'balanced'}
2025-07-04 00:19:22,993 - ModelingPipeline - INFO - CV 메트릭 계산 시작 (NORMAL)
2025-07-04 00:19:23,361 - ModelingPipeline - INFO - 최적화된 CV 완료: AUC=0.7526(±0.0969), AP=0.0478(±0.0379), F1=0.0398(±0.0267)
2025-07-04 00:19:23,362 - ModelingPipeline - INFO - CV 메트릭 계산 완료 - AUC: 0.7526, AP: 0.0478, F1: 0.0398
2025-07-04 00:19:23,362 - ModelingPipeline - INFO - random_forest 최적화 시작 (NORMAL)
2025-07-04 00:19:23,362 - ModelingPipeline - INFO - Random Forest 클래스 불균형 가중치: class_weight=balanced
2025-07-04 00:19:23,362 - ModelingPipeline - INFO - 최적화 메트릭: F1
2025-07-04 00:19:32,234 - ModelingPipeline - INFO -   Trial 1/100 - Current: 0.3019, Best: 0.3019
2025-07-04 00:27:20,596 - ModelingPipeline - INFO -   Trial 51/100 - Current: 0.3002, Best: 0.3531
2025-07-04 00:37:48,841 - ModelingPipeline - INFO -   Trial 100/100 - Current: 0.3150, Best: 0.3675
2025-07-04 00:37:51,247 - ModelingPipeline - INFO - 최적 AUC: 0.3675
2025-07-04 00:37:51,247 - ModelingPipeline - INFO - 최적 파라미터: {'n_estimators': 436, 'max_depth': 18, 'min_samples_split': 15, 'min_samples_leaf': 8, 'max_features': 0.10221065952266405, 'class_weight': 'balanced'}
2025-07-04 00:37:51,247 - ModelingPipeline - INFO - CV 메트릭 계산 시작 (NORMAL)
2025-07-04 00:37:59,294 - ModelingPipeline - INFO - 최적화된 CV 완료: AUC=0.9597(±0.0138), AP=0.3318(±0.0939), F1=0.3710(±0.1297)
2025-07-04 00:37:59,295 - ModelingPipeline - INFO - CV 메트릭 계산 완료 - AUC: 0.9597, AP: 0.3318, F1: 0.3710
2025-07-04 00:37:59,314 - ModelingPipeline - INFO - xgboost 최적화 시작 (NORMAL)
2025-07-04 00:37:59,314 - ModelingPipeline - INFO - XGBoost 클래스 불균형 처리: scale_pos_weight
2025-07-04 00:37:59,314 - ModelingPipeline - INFO - scale_pos_weight = 138.81 (설정: auto)
2025-07-04 00:37:59,314 - ModelingPipeline - INFO - 최적화 메트릭: F1
2025-07-04 00:38:07,942 - ModelingPipeline - INFO -   Trial 1/100 - Current: 0.3436, Best: 0.3436
2025-07-04 00:48:09,966 - ModelingPipeline - INFO -   Trial 51/100 - Current: 0.3058, Best: 0.3515
2025-07-04 01:01:21,273 - ModelingPipeline - INFO -   Trial 100/100 - Current: 0.3496, Best: 0.3588
2025-07-04 01:01:21,275 - ModelingPipeline - INFO - Using XGBoost ≥ 2.0 callbacks
2025-07-04 01:01:21,275 - ModelingPipeline - WARNING - Early stopping failed, using fallback: XGBClassifier.fit() got an unexpected keyword argument 'callbacks'
2025-07-04 01:01:22,420 - ModelingPipeline - INFO - 최적 AUC: 0.3588
2025-07-04 01:01:22,420 - ModelingPipeline - INFO - 최적 파라미터: {'n_estimators': 277, 'max_depth': 10, 'learning_rate': 0.03696356833170775, 'subsample': 0.8517124653268692, 'colsample_bytree': 0.8282096269886599, 'reg_alpha': 0.03926771328994105, 'reg_lambda': 6.624534221059861, 'scale_pos_weight': np.float64(138.80769230769232)}
2025-07-04 01:01:22,420 - ModelingPipeline - INFO - CV 메트릭 계산 시작 (NORMAL)
2025-07-04 01:01:27,603 - ModelingPipeline - INFO - 최적화된 CV 완료: AUC=0.9533(±0.0126), AP=0.3334(±0.0721), F1=0.3604(±0.1035)
2025-07-04 01:01:27,603 - ModelingPipeline - INFO - CV 메트릭 계산 완료 - AUC: 0.9533, AP: 0.3334, F1: 0.3604
2025-07-04 01:01:27,604 - ModelingPipeline - INFO - SMOTE 데이터 처리
2025-07-04 01:01:27,611 - ModelingPipeline - INFO - logistic_regression 최적화 시작 (SMOTE)
2025-07-04 01:01:27,611 - ModelingPipeline - INFO - Logistic Regression 클래스 불균형 가중치: class_weight=balanced
2025-07-04 01:01:27,611 - ModelingPipeline - INFO - 최적화 메트릭: F1
2025-07-04 01:01:28,041 - ModelingPipeline - INFO -   Trial 1/200 - Current: 0.0105, Best: 0.0105
2025-07-04 01:09:18,610 - ModelingPipeline - INFO -   Trial 101/200 - Current: 0.0105, Best: 0.0398
2025-07-04 01:14:13,426 - ModelingPipeline - INFO -   Trial 200/200 - Current: 0.0282, Best: 0.0434
2025-07-04 01:14:13,725 - ModelingPipeline - INFO - 최적 AUC: 0.0434
2025-07-04 01:14:13,725 - ModelingPipeline - INFO - 최적 파라미터: {'C': 0.06506796768224929, 'max_iter': 5617, 'penalty': 'l2', 'solver': 'newton-cg', 'tol': 0.0001, 'class_weight': 'balanced'}
2025-07-04 01:14:13,726 - ModelingPipeline - INFO - CV 메트릭 계산 시작 (SMOTE)
2025-07-04 01:14:13,985 - ModelingPipeline - INFO - 최적화된 CV 완료: AUC=0.7396(±0.0827), AP=0.0527(±0.0461), F1=0.0426(±0.0246)
2025-07-04 01:14:13,985 - ModelingPipeline - INFO - CV 메트릭 계산 완료 - AUC: 0.7396, AP: 0.0527, F1: 0.0426
2025-07-04 01:14:13,985 - ModelingPipeline - INFO - random_forest 최적화 시작 (SMOTE)
2025-07-04 01:14:13,985 - ModelingPipeline - INFO - Random Forest 클래스 불균형 가중치: class_weight=balanced
2025-07-04 01:14:13,986 - ModelingPipeline - INFO - 최적화 메트릭: F1
2025-07-04 01:14:24,799 - ModelingPipeline - INFO -   Trial 1/100 - Current: 0.2691, Best: 0.2691
2025-07-04 01:28:08,158 - ModelingPipeline - INFO -   Trial 51/100 - Current: 0.2185, Best: 0.2944
2025-07-04 01:33:52,431 - ModelingPipeline - INFO -   Trial 100/100 - Current: 0.2986, Best: 0.2992
2025-07-04 01:33:53,614 - ModelingPipeline - INFO - 최적 AUC: 0.2992
2025-07-04 01:33:53,614 - ModelingPipeline - INFO - 최적 파라미터: {'n_estimators': 136, 'max_depth': 15, 'min_samples_split': 12, 'min_samples_leaf': 10, 'max_features': 0.1318434093522742, 'class_weight': 'balanced'}
2025-07-04 01:33:53,615 - ModelingPipeline - INFO - CV 메트릭 계산 시작 (SMOTE)
2025-07-04 01:33:58,163 - ModelingPipeline - INFO - 최적화된 CV 완료: AUC=0.9496(±0.0211), AP=0.2097(±0.0862), F1=0.2394(±0.0905)
2025-07-04 01:33:58,164 - ModelingPipeline - INFO - CV 메트릭 계산 완료 - AUC: 0.9496, AP: 0.2097, F1: 0.2394
2025-07-04 01:33:58,170 - ModelingPipeline - INFO - xgboost 최적화 시작 (SMOTE)
2025-07-04 01:33:58,171 - ModelingPipeline - INFO - XGBoost 클래스 불균형 처리: scale_pos_weight
2025-07-04 01:33:58,171 - ModelingPipeline - INFO - scale_pos_weight = 138.81 (설정: auto)
2025-07-04 01:33:58,171 - ModelingPipeline - INFO - 최적화 메트릭: F1
2025-07-04 01:34:07,444 - ModelingPipeline - INFO -   Trial 1/100 - Current: 0.2997, Best: 0.2997
2025-07-04 01:42:39,263 - ModelingPipeline - INFO -   Trial 51/100 - Current: 0.2895, Best: 0.3186
2025-07-04 01:52:15,172 - ModelingPipeline - INFO -   Trial 100/100 - Current: 0.3074, Best: 0.3193
2025-07-04 01:52:15,180 - ModelingPipeline - INFO - Using XGBoost ≥ 2.0 callbacks
2025-07-04 01:52:15,180 - ModelingPipeline - WARNING - Early stopping failed, using fallback: XGBClassifier.fit() got an unexpected keyword argument 'callbacks'
2025-07-04 01:52:15,901 - ModelingPipeline - INFO - 최적 AUC: 0.3193
2025-07-04 01:52:15,901 - ModelingPipeline - INFO - 최적 파라미터: {'n_estimators': 215, 'max_depth': 8, 'learning_rate': 0.08706395539304987, 'subsample': 0.7891844350652191, 'colsample_bytree': 0.6241598726732877, 'reg_alpha': 4.862269197197572, 'reg_lambda': 5.361457508815856, 'scale_pos_weight': np.float64(138.80769230769232)}
2025-07-04 01:52:15,902 - ModelingPipeline - INFO - CV 메트릭 계산 시작 (SMOTE)
2025-07-04 01:52:19,377 - ModelingPipeline - INFO - 최적화된 CV 완료: AUC=0.9472(±0.0178), AP=0.2629(±0.0699), F1=0.2768(±0.0731)
2025-07-04 01:52:19,378 - ModelingPipeline - INFO - CV 메트릭 계산 완료 - AUC: 0.9472, AP: 0.2629, F1: 0.2768
2025-07-04 01:52:19,379 - ModelingPipeline - INFO - UNDERSAMPLING 데이터 처리
2025-07-04 01:52:19,379 - ModelingPipeline - INFO - logistic_regression 최적화 시작 (UNDERSAMPLING)
2025-07-04 01:52:19,379 - ModelingPipeline - INFO - Logistic Regression 클래스 불균형 가중치: class_weight=balanced
2025-07-04 01:52:19,379 - ModelingPipeline - INFO - 최적화 메트릭: F1
2025-07-04 01:52:20,511 - ModelingPipeline - INFO -   Trial 1/200 - Current: 0.0000, Best: 0.0000
2025-07-04 01:57:23,491 - ModelingPipeline - INFO -   Trial 101/200 - Current: 0.0380, Best: 0.0442
2025-07-04 02:01:41,438 - ModelingPipeline - INFO -   Trial 200/200 - Current: 0.0366, Best: 0.0445
2025-07-04 02:01:41,788 - ModelingPipeline - INFO - 최적 AUC: 0.0445
2025-07-04 02:01:41,789 - ModelingPipeline - INFO - 최적 파라미터: {'C': 0.21527479848565081, 'max_iter': 9549, 'penalty': 'l2', 'solver': 'newton-cg', 'tol': 0.0001, 'class_weight': 'balanced'}
2025-07-04 02:01:41,790 - ModelingPipeline - INFO - CV 메트릭 계산 시작 (UNDERSAMPLING)
2025-07-04 02:01:42,651 - ModelingPipeline - INFO - 최적화된 CV 완료: AUC=0.7188(±0.1229), AP=0.0361(±0.0323), F1=0.0381(±0.0335)
2025-07-04 02:01:42,652 - ModelingPipeline - INFO - CV 메트릭 계산 완료 - AUC: 0.7188, AP: 0.0361, F1: 0.0381
2025-07-04 02:01:42,652 - ModelingPipeline - INFO - random_forest 최적화 시작 (UNDERSAMPLING)
2025-07-04 02:01:42,652 - ModelingPipeline - INFO - Random Forest 클래스 불균형 가중치: class_weight=balanced
2025-07-04 02:01:42,652 - ModelingPipeline - INFO - 최적화 메트릭: F1
2025-07-04 02:01:51,919 - ModelingPipeline - INFO -   Trial 1/100 - Current: 0.2892, Best: 0.2892
2025-07-04 02:11:04,126 - ModelingPipeline - INFO -   Trial 51/100 - Current: 0.2879, Best: 0.3576
2025-07-04 02:19:12,948 - ModelingPipeline - INFO -   Trial 100/100 - Current: 0.3557, Best: 0.3590
2025-07-04 02:19:14,914 - ModelingPipeline - INFO - 최적 AUC: 0.3590
2025-07-04 02:19:14,914 - ModelingPipeline - INFO - 최적 파라미터: {'n_estimators': 289, 'max_depth': 15, 'min_samples_split': 14, 'min_samples_leaf': 8, 'max_features': 0.12377535706464352, 'class_weight': 'balanced'}
2025-07-04 02:19:14,915 - ModelingPipeline - INFO - CV 메트릭 계산 시작 (UNDERSAMPLING)
2025-07-04 02:19:22,913 - ModelingPipeline - INFO - 최적화된 CV 완료: AUC=0.9555(±0.0189), AP=0.3409(±0.0941), F1=0.3297(±0.1206)
2025-07-04 02:19:22,915 - ModelingPipeline - INFO - CV 메트릭 계산 완료 - AUC: 0.9555, AP: 0.3409, F1: 0.3297
2025-07-04 02:19:22,928 - ModelingPipeline - INFO - xgboost 최적화 시작 (UNDERSAMPLING)
2025-07-04 02:19:22,928 - ModelingPipeline - INFO - XGBoost 클래스 불균형 처리: scale_pos_weight
2025-07-04 02:19:22,928 - ModelingPipeline - INFO - scale_pos_weight = 138.81 (설정: auto)
2025-07-04 02:19:22,928 - ModelingPipeline - INFO - 최적화 메트릭: F1
2025-07-04 02:19:32,870 - ModelingPipeline - INFO -   Trial 1/100 - Current: 0.3289, Best: 0.3289
2025-07-04 02:30:04,095 - ModelingPipeline - INFO -   Trial 51/100 - Current: 0.3358, Best: 0.3600
2025-07-04 02:43:21,385 - ModelingPipeline - INFO -   Trial 100/100 - Current: 0.3500, Best: 0.3646
2025-07-04 02:43:21,435 - ModelingPipeline - INFO - Using XGBoost ≥ 2.0 callbacks
2025-07-04 02:43:21,436 - ModelingPipeline - WARNING - Early stopping failed, using fallback: XGBClassifier.fit() got an unexpected keyword argument 'callbacks'
2025-07-04 02:43:22,365 - ModelingPipeline - INFO - 최적 AUC: 0.3646
2025-07-04 02:43:22,365 - ModelingPipeline - INFO - 최적 파라미터: {'n_estimators': 295, 'max_depth': 9, 'learning_rate': 0.08271495420341578, 'subsample': 0.8407048971343645, 'colsample_bytree': 0.6149404387700412, 'reg_alpha': 2.5351554408860917, 'reg_lambda': 9.02087344618642, 'scale_pos_weight': np.float64(138.80769230769232)}
2025-07-04 02:43:22,365 - ModelingPipeline - INFO - CV 메트릭 계산 시작 (UNDERSAMPLING)
2025-07-04 02:43:27,154 - ModelingPipeline - INFO - 최적화된 CV 완료: AUC=0.9512(±0.0140), AP=0.3523(±0.0432), F1=0.3548(±0.0769)
2025-07-04 02:43:27,155 - ModelingPipeline - INFO - CV 메트릭 계산 완료 - AUC: 0.9512, AP: 0.3523, F1: 0.3548
2025-07-04 02:43:27,155 - ModelingPipeline - INFO - COMBINED 데이터 처리
2025-07-04 02:43:27,156 - ModelingPipeline - INFO - logistic_regression 최적화 시작 (COMBINED)
2025-07-04 02:43:27,156 - ModelingPipeline - INFO - Logistic Regression 클래스 불균형 가중치: class_weight=balanced
2025-07-04 02:43:27,156 - ModelingPipeline - INFO - 최적화 메트릭: F1
2025-07-04 02:43:28,919 - ModelingPipeline - INFO -   Trial 1/200 - Current: 0.0089, Best: 0.0089
2025-07-04 02:54:52,882 - ModelingPipeline - INFO -   Trial 101/200 - Current: 0.0173, Best: 0.0261
2025-07-04 03:02:28,677 - ModelingPipeline - INFO -   Trial 200/200 - Current: 0.0207, Best: 0.0307
2025-07-04 03:02:29,018 - ModelingPipeline - INFO - 최적 AUC: 0.0307
2025-07-04 03:02:29,018 - ModelingPipeline - INFO - 최적 파라미터: {'C': 4.9463437828134, 'max_iter': 3054, 'penalty': 'l2', 'solver': 'newton-cg', 'tol': 0.0001, 'class_weight': 'balanced'}
2025-07-04 03:02:29,020 - ModelingPipeline - INFO - CV 메트릭 계산 시작 (COMBINED)
2025-07-04 03:02:30,238 - ModelingPipeline - INFO - 최적화된 CV 완료: AUC=0.7321(±0.0936), AP=0.0384(±0.0382), F1=0.0230(±0.0461)
2025-07-04 03:02:30,240 - ModelingPipeline - INFO - CV 메트릭 계산 완료 - AUC: 0.7321, AP: 0.0384, F1: 0.0230
2025-07-04 03:02:30,240 - ModelingPipeline - INFO - random_forest 최적화 시작 (COMBINED)
2025-07-04 03:02:30,240 - ModelingPipeline - INFO - Random Forest 클래스 불균형 가중치: class_weight=balanced
2025-07-04 03:02:30,240 - ModelingPipeline - INFO - 최적화 메트릭: F1
2025-07-04 03:02:44,863 - ModelingPipeline - INFO -   Trial 1/100 - Current: 0.1917, Best: 0.1917
2025-07-04 03:50:28,856 - ModelingPipeline - INFO -   Trial 51/100 - Current: 0.2081, Best: 0.2383
2025-07-04 04:56:08,777 - ModelingPipeline - INFO -   Trial 100/100 - Current: 0.2201, Best: 0.2403
2025-07-04 04:56:54,635 - ModelingPipeline - INFO - 최적 AUC: 0.2403
2025-07-04 04:56:54,635 - ModelingPipeline - INFO - 최적 파라미터: {'n_estimators': 433, 'max_depth': 19, 'min_samples_split': 20, 'min_samples_leaf': 3, 'max_features': 0.9443141438949815, 'class_weight': 'balanced'}
2025-07-04 04:56:54,635 - ModelingPipeline - INFO - CV 메트릭 계산 시작 (COMBINED)
2025-07-04 04:59:36,090 - ModelingPipeline - INFO - 최적화된 CV 완료: AUC=0.9140(±0.0328), AP=0.1003(±0.0107), F1=0.1759(±0.0336)
2025-07-04 04:59:36,091 - ModelingPipeline - INFO - CV 메트릭 계산 완료 - AUC: 0.9140, AP: 0.1003, F1: 0.1759
2025-07-04 04:59:36,111 - ModelingPipeline - INFO - xgboost 최적화 시작 (COMBINED)
2025-07-04 04:59:36,112 - ModelingPipeline - INFO - XGBoost 클래스 불균형 처리: scale_pos_weight
2025-07-04 04:59:36,112 - ModelingPipeline - INFO - scale_pos_weight = 138.81 (설정: auto)
2025-07-04 04:59:36,112 - ModelingPipeline - INFO - 최적화 메트릭: F1
2025-07-04 04:59:46,752 - ModelingPipeline - INFO -   Trial 1/100 - Current: 0.2886, Best: 0.2886
2025-07-04 05:09:12,363 - ModelingPipeline - INFO -   Trial 51/100 - Current: 0.2798, Best: 0.3078
2025-07-04 05:20:49,823 - ModelingPipeline - INFO -   Trial 100/100 - Current: 0.3061, Best: 0.3161
2025-07-04 05:20:49,904 - ModelingPipeline - INFO - Using XGBoost ≥ 2.0 callbacks
2025-07-04 05:20:49,904 - ModelingPipeline - WARNING - Early stopping failed, using fallback: XGBClassifier.fit() got an unexpected keyword argument 'callbacks'
2025-07-04 05:20:50,607 - ModelingPipeline - INFO - 최적 AUC: 0.3161
2025-07-04 05:20:50,607 - ModelingPipeline - INFO - 최적 파라미터: {'n_estimators': 207, 'max_depth': 10, 'learning_rate': 0.18014318831795323, 'subsample': 0.7679106482732415, 'colsample_bytree': 0.7937915607854935, 'reg_alpha': 0.7792442970618919, 'reg_lambda': 8.269364385660714, 'scale_pos_weight': np.float64(138.80769230769232)}
2025-07-04 05:20:50,608 - ModelingPipeline - INFO - CV 메트릭 계산 시작 (COMBINED)
2025-07-04 05:20:54,117 - ModelingPipeline - INFO - 최적화된 CV 완료: AUC=0.9435(±0.0149), AP=0.2545(±0.0551), F1=0.2931(±0.0925)
2025-07-04 05:20:54,118 - ModelingPipeline - INFO - CV 메트릭 계산 완료 - AUC: 0.9435, AP: 0.2545, F1: 0.2931
2025-07-04 05:20:54,118 - ModelingPipeline - INFO - 모든 모델 평가 및 Threshold 최적화
2025-07-04 05:20:54,118 - ModelingPipeline - INFO - 모델 평가 시작: normal__logistic_regression
2025-07-04 05:20:54,119 - ModelingPipeline - INFO - CV 메트릭 계산 시작 (NORMAL)
2025-07-04 05:20:54,576 - ModelingPipeline - INFO - 최적화된 CV 완료: AUC=0.7526(±0.0969), AP=0.0478(±0.0379), F1=0.0398(±0.0267)
2025-07-04 05:20:54,576 - ModelingPipeline - INFO - CV 메트릭 계산 완료 - AUC: 0.7526, AP: 0.0478, F1: 0.0398
2025-07-04 05:20:54,577 - ModelingPipeline - INFO - [normal__logistic_regression] Cross-Validation (Train): AUC=0.7526, F1=0.0398
2025-07-04 05:20:54,577 - ModelingPipeline - INFO - [normal__logistic_regression] 평가용 전처리 완료
2025-07-04 05:20:54,579 - ModelingPipeline - INFO - Threshold 최적화 디버깅:
2025-07-04 05:20:54,579 - ModelingPipeline - INFO -   - 검증 데이터 크기: 5462
2025-07-04 05:20:54,579 - ModelingPipeline - INFO -   - 양성 클래스 비율: 0.0077 (42/5462)
2025-07-04 05:20:54,579 - ModelingPipeline - INFO -   - 예측 확률 범위: [0.0001, 0.9997]
2025-07-04 05:20:54,579 - ModelingPipeline - INFO -   - 예측 확률 평균: 0.2419
2025-07-04 05:20:54,580 - ModelingPipeline - INFO -   - F1 점수 범위: [0.0000, 0.2376]
2025-07-04 05:20:54,580 - ModelingPipeline - INFO -   - 0이 아닌 F1 점수 개수: 5460/5462
2025-07-04 05:20:54,582 - ModelingPipeline - INFO - 최적 임계값 검증: 0.9268
2025-07-04 05:20:54,582 - ModelingPipeline - INFO -   - F1: 0.2376, Precision: 0.2034, Recall: 0.2857
2025-07-04 05:20:54,582 - ModelingPipeline - INFO -   - 양성 예측 개수: 59/5462
2025-07-04 05:20:54,588 - ModelingPipeline - INFO - [normal__logistic_regression] Validation (Optimal Threshold): F1=0.2376, Recall=0.2857
2025-07-04 05:20:54,598 - ModelingPipeline - INFO - [normal__logistic_regression] Test (Optimal Threshold=0.9268): F1=0.2022, Recall=0.2727
2025-07-04 05:20:54,598 - ModelingPipeline - INFO - [normal__logistic_regression] Test (Default Threshold=0.5): F1=0.0765, Recall=0.8485
2025-07-04 05:20:54,599 - ModelingPipeline - INFO - 모델 평가 완료: normal__logistic_regression
2025-07-04 05:20:54,599 - ModelingPipeline - INFO - 모델 평가 시작: normal__random_forest
2025-07-04 05:20:54,600 - ModelingPipeline - INFO - CV 메트릭 계산 시작 (NORMAL)
2025-07-04 05:21:02,771 - ModelingPipeline - INFO - 최적화된 CV 완료: AUC=0.9594(±0.0131), AP=0.3250(±0.0763), F1=0.3661(±0.1345)
2025-07-04 05:21:02,772 - ModelingPipeline - INFO - CV 메트릭 계산 완료 - AUC: 0.9594, AP: 0.3250, F1: 0.3661
2025-07-04 05:21:02,773 - ModelingPipeline - INFO - [normal__random_forest] Cross-Validation (Train): AUC=0.9594, F1=0.3661
2025-07-04 05:21:02,773 - ModelingPipeline - INFO - [normal__random_forest] 평가용 전처리 완료
2025-07-04 05:21:02,897 - ModelingPipeline - INFO - Threshold 최적화 디버깅:
2025-07-04 05:21:02,897 - ModelingPipeline - INFO -   - 검증 데이터 크기: 5462
2025-07-04 05:21:02,898 - ModelingPipeline - INFO -   - 양성 클래스 비율: 0.0077 (42/5462)
2025-07-04 05:21:02,898 - ModelingPipeline - INFO -   - 예측 확률 범위: [0.0000, 0.7883]
2025-07-04 05:21:02,898 - ModelingPipeline - INFO -   - 예측 확률 평균: 0.0321
2025-07-04 05:21:02,898 - ModelingPipeline - INFO -   - F1 점수 범위: [0.0000, 0.3226]
2025-07-04 05:21:02,898 - ModelingPipeline - INFO -   - 0이 아닌 F1 점수 개수: 2725/2726
2025-07-04 05:21:02,901 - ModelingPipeline - INFO - 최적 임계값 검증: 0.4166
2025-07-04 05:21:02,901 - ModelingPipeline - INFO -   - F1: 0.3226, Precision: 0.2941, Recall: 0.3571
2025-07-04 05:21:02,901 - ModelingPipeline - INFO -   - 양성 예측 개수: 51/5462
2025-07-04 05:21:02,905 - ModelingPipeline - INFO - [normal__random_forest] Validation (Optimal Threshold): F1=0.3226, Recall=0.3571
2025-07-04 05:21:02,974 - ModelingPipeline - INFO - [normal__random_forest] Test (Optimal Threshold=0.4166): F1=0.2857, Recall=0.3333
2025-07-04 05:21:02,974 - ModelingPipeline - INFO - [normal__random_forest] Test (Default Threshold=0.5): F1=0.2857, Recall=0.2727
2025-07-04 05:21:02,975 - ModelingPipeline - INFO - 모델 평가 완료: normal__random_forest
2025-07-04 05:21:02,975 - ModelingPipeline - INFO - 모델 평가 시작: normal__xgboost
2025-07-04 05:21:02,975 - ModelingPipeline - INFO - CV 메트릭 계산 시작 (NORMAL)
2025-07-04 05:21:07,518 - ModelingPipeline - INFO - 최적화된 CV 완료: AUC=0.9533(±0.0126), AP=0.3334(±0.0721), F1=0.3604(±0.1035)
2025-07-04 05:21:07,519 - ModelingPipeline - INFO - CV 메트릭 계산 완료 - AUC: 0.9533, AP: 0.3334, F1: 0.3604
2025-07-04 05:21:07,520 - ModelingPipeline - INFO - [normal__xgboost] Cross-Validation (Train): AUC=0.9533, F1=0.3604
2025-07-04 05:21:07,520 - ModelingPipeline - INFO - [normal__xgboost] 평가용 전처리 완료
2025-07-04 05:21:07,534 - ModelingPipeline - INFO - Threshold 최적화 디버깅:
2025-07-04 05:21:07,534 - ModelingPipeline - INFO -   - 검증 데이터 크기: 5462
2025-07-04 05:21:07,534 - ModelingPipeline - INFO -   - 양성 클래스 비율: 0.0077 (42/5462)
2025-07-04 05:21:07,534 - ModelingPipeline - INFO -   - 예측 확률 범위: [0.0001, 0.9767]
2025-07-04 05:21:07,534 - ModelingPipeline - INFO -   - 예측 확률 평균: 0.0113
2025-07-04 05:21:07,535 - ModelingPipeline - INFO -   - F1 점수 범위: [0.0000, 0.2712]
2025-07-04 05:21:07,535 - ModelingPipeline - INFO -   - 0이 아닌 F1 점수 개수: 5453/5454
2025-07-04 05:21:07,538 - ModelingPipeline - INFO - 최적 임계값 검증: 0.2112
2025-07-04 05:21:07,538 - ModelingPipeline - INFO -   - F1: 0.2712, Precision: 0.2105, Recall: 0.3810
2025-07-04 05:21:07,538 - ModelingPipeline - INFO -   - 양성 예측 개수: 76/5462
2025-07-04 05:21:07,541 - ModelingPipeline - INFO - [normal__xgboost] Validation (Optimal Threshold): F1=0.2712, Recall=0.3810
2025-07-04 05:21:07,557 - ModelingPipeline - INFO - [normal__xgboost] Test (Optimal Threshold=0.2112): F1=0.2549, Recall=0.3939
2025-07-04 05:21:07,557 - ModelingPipeline - INFO - [normal__xgboost] Test (Default Threshold=0.5): F1=0.2121, Recall=0.2121
2025-07-04 05:21:07,558 - ModelingPipeline - INFO - 모델 평가 완료: normal__xgboost
2025-07-04 05:21:07,559 - ModelingPipeline - INFO - 모델 평가 시작: smote__logistic_regression
2025-07-04 05:21:07,560 - ModelingPipeline - INFO - CV 메트릭 계산 시작 (SMOTE)
2025-07-04 05:21:07,836 - ModelingPipeline - INFO - 최적화된 CV 완료: AUC=0.7396(±0.0827), AP=0.0527(±0.0461), F1=0.0426(±0.0246)
2025-07-04 05:21:07,836 - ModelingPipeline - INFO - CV 메트릭 계산 완료 - AUC: 0.7396, AP: 0.0527, F1: 0.0426
2025-07-04 05:21:07,836 - ModelingPipeline - INFO - [smote__logistic_regression] Cross-Validation (Train): AUC=0.7396, F1=0.0426
2025-07-04 05:21:07,836 - ModelingPipeline - INFO - [smote__logistic_regression] 평가용 전처리 완료
2025-07-04 05:21:07,838 - ModelingPipeline - INFO - Threshold 최적화 디버깅:
2025-07-04 05:21:07,838 - ModelingPipeline - INFO -   - 검증 데이터 크기: 5462
2025-07-04 05:21:07,838 - ModelingPipeline - INFO -   - 양성 클래스 비율: 0.0077 (42/5462)
2025-07-04 05:21:07,838 - ModelingPipeline - INFO -   - 예측 확률 범위: [0.0000, 1.0000]
2025-07-04 05:21:07,838 - ModelingPipeline - INFO -   - 예측 확률 평균: 0.3020
2025-07-04 05:21:07,839 - ModelingPipeline - INFO -   - F1 점수 범위: [0.0000, 0.1233]
2025-07-04 05:21:07,839 - ModelingPipeline - INFO -   - 0이 아닌 F1 점수 개수: 5419/5462
2025-07-04 05:21:07,842 - ModelingPipeline - INFO - 최적 임계값 검증: 0.8877
2025-07-04 05:21:07,842 - ModelingPipeline - INFO -   - F1: 0.1233, Precision: 0.0865, Recall: 0.2143
2025-07-04 05:21:07,842 - ModelingPipeline - INFO -   - 양성 예측 개수: 104/5462
2025-07-04 05:21:07,847 - ModelingPipeline - INFO - [smote__logistic_regression] Validation (Optimal Threshold): F1=0.1233, Recall=0.2143
2025-07-04 05:21:07,855 - ModelingPipeline - INFO - [smote__logistic_regression] Test (Optimal Threshold=0.8877): F1=0.0654, Recall=0.1515
2025-07-04 05:21:07,855 - ModelingPipeline - INFO - [smote__logistic_regression] Test (Default Threshold=0.5): F1=0.0589, Recall=0.7879
2025-07-04 05:21:07,856 - ModelingPipeline - INFO - 모델 평가 완료: smote__logistic_regression
2025-07-04 05:21:07,857 - ModelingPipeline - INFO - 모델 평가 시작: smote__random_forest
2025-07-04 05:21:07,857 - ModelingPipeline - INFO - CV 메트릭 계산 시작 (SMOTE)
2025-07-04 05:21:12,456 - ModelingPipeline - INFO - 최적화된 CV 완료: AUC=0.9501(±0.0228), AP=0.2136(±0.0715), F1=0.2432(±0.0592)
2025-07-04 05:21:12,457 - ModelingPipeline - INFO - CV 메트릭 계산 완료 - AUC: 0.9501, AP: 0.2136, F1: 0.2432
2025-07-04 05:21:12,458 - ModelingPipeline - INFO - [smote__random_forest] Cross-Validation (Train): AUC=0.9501, F1=0.2432
2025-07-04 05:21:12,458 - ModelingPipeline - INFO - [smote__random_forest] 평가용 전처리 완료
2025-07-04 05:21:12,497 - ModelingPipeline - INFO - Threshold 최적화 디버깅:
2025-07-04 05:21:12,497 - ModelingPipeline - INFO -   - 검증 데이터 크기: 5462
2025-07-04 05:21:12,498 - ModelingPipeline - INFO -   - 양성 클래스 비율: 0.0077 (42/5462)
2025-07-04 05:21:12,498 - ModelingPipeline - INFO -   - 예측 확률 범위: [0.0000, 0.8948]
2025-07-04 05:21:12,498 - ModelingPipeline - INFO -   - 예측 확률 평균: 0.0444
2025-07-04 05:21:12,498 - ModelingPipeline - INFO -   - F1 점수 범위: [0.0000, 0.2200]
2025-07-04 05:21:12,498 - ModelingPipeline - INFO -   - 0이 아닌 F1 점수 개수: 2028/2032
2025-07-04 05:21:12,501 - ModelingPipeline - INFO - 최적 임계값 검증: 0.5710
2025-07-04 05:21:12,501 - ModelingPipeline - INFO -   - F1: 0.2200, Precision: 0.1897, Recall: 0.2619
2025-07-04 05:21:12,501 - ModelingPipeline - INFO -   - 양성 예측 개수: 58/5462
2025-07-04 05:21:12,505 - ModelingPipeline - INFO - [smote__random_forest] Validation (Optimal Threshold): F1=0.2200, Recall=0.2619
2025-07-04 05:21:12,531 - ModelingPipeline - INFO - [smote__random_forest] Test (Optimal Threshold=0.5710): F1=0.2588, Recall=0.3333
2025-07-04 05:21:12,531 - ModelingPipeline - INFO - [smote__random_forest] Test (Default Threshold=0.5): F1=0.2301, Recall=0.3939
2025-07-04 05:21:12,533 - ModelingPipeline - INFO - 모델 평가 완료: smote__random_forest
2025-07-04 05:21:12,533 - ModelingPipeline - INFO - 모델 평가 시작: smote__xgboost
2025-07-04 05:21:12,533 - ModelingPipeline - INFO - CV 메트릭 계산 시작 (SMOTE)
2025-07-04 05:21:16,016 - ModelingPipeline - INFO - 최적화된 CV 완료: AUC=0.9472(±0.0178), AP=0.2629(±0.0699), F1=0.2768(±0.0731)
2025-07-04 05:21:16,017 - ModelingPipeline - INFO - CV 메트릭 계산 완료 - AUC: 0.9472, AP: 0.2629, F1: 0.2768
2025-07-04 05:21:16,017 - ModelingPipeline - INFO - [smote__xgboost] Cross-Validation (Train): AUC=0.9472, F1=0.2768
2025-07-04 05:21:16,017 - ModelingPipeline - INFO - [smote__xgboost] 평가용 전처리 완료
2025-07-04 05:21:16,030 - ModelingPipeline - INFO - Threshold 최적화 디버깅:
2025-07-04 05:21:16,030 - ModelingPipeline - INFO -   - 검증 데이터 크기: 5462
2025-07-04 05:21:16,030 - ModelingPipeline - INFO -   - 양성 클래스 비율: 0.0077 (42/5462)
2025-07-04 05:21:16,030 - ModelingPipeline - INFO -   - 예측 확률 범위: [0.0000, 0.9985]
2025-07-04 05:21:16,030 - ModelingPipeline - INFO -   - 예측 확률 평균: 0.0206
2025-07-04 05:21:16,031 - ModelingPipeline - INFO -   - F1 점수 범위: [0.0153, 0.2514]
2025-07-04 05:21:16,031 - ModelingPipeline - INFO -   - 0이 아닌 F1 점수 개수: 5461/5461
2025-07-04 05:21:16,035 - ModelingPipeline - INFO - 최적 임계값 검증: 0.3264
2025-07-04 05:21:16,035 - ModelingPipeline - INFO -   - F1: 0.2514, Precision: 0.1654, Recall: 0.5238
2025-07-04 05:21:16,035 - ModelingPipeline - INFO -   - 양성 예측 개수: 133/5462
2025-07-04 05:21:16,040 - ModelingPipeline - INFO - [smote__xgboost] Validation (Optimal Threshold): F1=0.2514, Recall=0.5238
2025-07-04 05:21:16,056 - ModelingPipeline - INFO - [smote__xgboost] Test (Optimal Threshold=0.3264): F1=0.2174, Recall=0.4545
2025-07-04 05:21:16,056 - ModelingPipeline - INFO - [smote__xgboost] Test (Default Threshold=0.5): F1=0.2569, Recall=0.4242
2025-07-04 05:21:16,058 - ModelingPipeline - INFO - 모델 평가 완료: smote__xgboost
2025-07-04 05:21:16,059 - ModelingPipeline - INFO - 모델 평가 시작: undersampling__logistic_regression
2025-07-04 05:21:16,060 - ModelingPipeline - INFO - CV 메트릭 계산 시작 (UNDERSAMPLING)
2025-07-04 05:21:16,888 - ModelingPipeline - INFO - 최적화된 CV 완료: AUC=0.7188(±0.1229), AP=0.0361(±0.0323), F1=0.0381(±0.0335)
2025-07-04 05:21:16,889 - ModelingPipeline - INFO - CV 메트릭 계산 완료 - AUC: 0.7188, AP: 0.0361, F1: 0.0381
2025-07-04 05:21:16,889 - ModelingPipeline - INFO - [undersampling__logistic_regression] Cross-Validation (Train): AUC=0.7188, F1=0.0381
2025-07-04 05:21:16,889 - ModelingPipeline - INFO - [undersampling__logistic_regression] 평가용 전처리 완료
2025-07-04 05:21:16,890 - ModelingPipeline - INFO - Threshold 최적화 디버깅:
2025-07-04 05:21:16,890 - ModelingPipeline - INFO -   - 검증 데이터 크기: 5462
2025-07-04 05:21:16,890 - ModelingPipeline - INFO -   - 양성 클래스 비율: 0.0077 (42/5462)
2025-07-04 05:21:16,890 - ModelingPipeline - INFO -   - 예측 확률 범위: [0.0003, 0.9981]
2025-07-04 05:21:16,890 - ModelingPipeline - INFO -   - 예측 확률 평균: 0.2857
2025-07-04 05:21:16,891 - ModelingPipeline - INFO -   - F1 점수 범위: [0.0000, 0.2143]
2025-07-04 05:21:16,891 - ModelingPipeline - INFO -   - 0이 아닌 F1 점수 개수: 5460/5462
2025-07-04 05:21:16,894 - ModelingPipeline - INFO - 최적 임계값 검증: 0.9088
2025-07-04 05:21:16,894 - ModelingPipeline - INFO -   - F1: 0.2143, Precision: 0.2143, Recall: 0.2143
2025-07-04 05:21:16,894 - ModelingPipeline - INFO -   - 양성 예측 개수: 42/5462
2025-07-04 05:21:16,898 - ModelingPipeline - INFO - [undersampling__logistic_regression] Validation (Optimal Threshold): F1=0.2143, Recall=0.2143
2025-07-04 05:21:16,906 - ModelingPipeline - INFO - [undersampling__logistic_regression] Test (Optimal Threshold=0.9088): F1=0.0896, Recall=0.0909
2025-07-04 05:21:16,906 - ModelingPipeline - INFO - [undersampling__logistic_regression] Test (Default Threshold=0.5): F1=0.0726, Recall=0.8485
2025-07-04 05:21:16,907 - ModelingPipeline - INFO - 모델 평가 완료: undersampling__logistic_regression
2025-07-04 05:21:16,907 - ModelingPipeline - INFO - 모델 평가 시작: undersampling__random_forest
2025-07-04 05:21:16,908 - ModelingPipeline - INFO - CV 메트릭 계산 시작 (UNDERSAMPLING)
2025-07-04 05:21:24,844 - ModelingPipeline - INFO - 최적화된 CV 완료: AUC=0.9558(±0.0181), AP=0.3351(±0.0948), F1=0.3175(±0.1011)
2025-07-04 05:21:24,846 - ModelingPipeline - INFO - CV 메트릭 계산 완료 - AUC: 0.9558, AP: 0.3351, F1: 0.3175
2025-07-04 05:21:24,847 - ModelingPipeline - INFO - [undersampling__random_forest] Cross-Validation (Train): AUC=0.9558, F1=0.3175
2025-07-04 05:21:24,847 - ModelingPipeline - INFO - [undersampling__random_forest] 평가용 전처리 완료
2025-07-04 05:21:24,920 - ModelingPipeline - INFO - Threshold 최적화 디버깅:
2025-07-04 05:21:24,920 - ModelingPipeline - INFO -   - 검증 데이터 크기: 5462
2025-07-04 05:21:24,920 - ModelingPipeline - INFO -   - 양성 클래스 비율: 0.0077 (42/5462)
2025-07-04 05:21:24,920 - ModelingPipeline - INFO -   - 예측 확률 범위: [0.0000, 0.8011]
2025-07-04 05:21:24,920 - ModelingPipeline - INFO -   - 예측 확률 평균: 0.0282
2025-07-04 05:21:24,921 - ModelingPipeline - INFO -   - F1 점수 범위: [0.0000, 0.2833]
2025-07-04 05:21:24,921 - ModelingPipeline - INFO -   - 0이 아닌 F1 점수 개수: 2040/2042
2025-07-04 05:21:24,924 - ModelingPipeline - INFO - 최적 임계값 검증: 0.3542
2025-07-04 05:21:24,924 - ModelingPipeline - INFO -   - F1: 0.2833, Precision: 0.2179, Recall: 0.4048
2025-07-04 05:21:24,924 - ModelingPipeline - INFO -   - 양성 예측 개수: 78/5462
2025-07-04 05:21:24,928 - ModelingPipeline - INFO - [undersampling__random_forest] Validation (Optimal Threshold): F1=0.2833, Recall=0.4048
2025-07-04 05:21:24,971 - ModelingPipeline - INFO - [undersampling__random_forest] Test (Optimal Threshold=0.3542): F1=0.2917, Recall=0.4242
2025-07-04 05:21:24,971 - ModelingPipeline - INFO - [undersampling__random_forest] Test (Default Threshold=0.5): F1=0.3125, Recall=0.3030
2025-07-04 05:21:24,973 - ModelingPipeline - INFO - 모델 평가 완료: undersampling__random_forest
2025-07-04 05:21:24,973 - ModelingPipeline - INFO - 모델 평가 시작: undersampling__xgboost
2025-07-04 05:21:24,973 - ModelingPipeline - INFO - CV 메트릭 계산 시작 (UNDERSAMPLING)
2025-07-04 05:21:29,773 - ModelingPipeline - INFO - 최적화된 CV 완료: AUC=0.9512(±0.0140), AP=0.3523(±0.0432), F1=0.3548(±0.0769)
2025-07-04 05:21:29,773 - ModelingPipeline - INFO - CV 메트릭 계산 완료 - AUC: 0.9512, AP: 0.3523, F1: 0.3548
2025-07-04 05:21:29,774 - ModelingPipeline - INFO - [undersampling__xgboost] Cross-Validation (Train): AUC=0.9512, F1=0.3548
2025-07-04 05:21:29,774 - ModelingPipeline - INFO - [undersampling__xgboost] 평가용 전처리 완료
2025-07-04 05:21:29,788 - ModelingPipeline - INFO - Threshold 최적화 디버깅:
2025-07-04 05:21:29,789 - ModelingPipeline - INFO -   - 검증 데이터 크기: 5462
2025-07-04 05:21:29,789 - ModelingPipeline - INFO -   - 양성 클래스 비율: 0.0077 (42/5462)
2025-07-04 05:21:29,789 - ModelingPipeline - INFO -   - 예측 확률 범위: [0.0000, 0.9911]
2025-07-04 05:21:29,789 - ModelingPipeline - INFO -   - 예측 확률 평균: 0.0100
2025-07-04 05:21:29,790 - ModelingPipeline - INFO -   - F1 점수 범위: [0.0153, 0.3175]
2025-07-04 05:21:29,790 - ModelingPipeline - INFO -   - 0이 아닌 F1 점수 개수: 5458/5458
2025-07-04 05:21:29,792 - ModelingPipeline - INFO - 최적 임계값 검증: 0.1645
2025-07-04 05:21:29,792 - ModelingPipeline - INFO -   - F1: 0.3175, Precision: 0.2381, Recall: 0.4762
2025-07-04 05:21:29,792 - ModelingPipeline - INFO -   - 양성 예측 개수: 84/5462
2025-07-04 05:21:29,796 - ModelingPipeline - INFO - [undersampling__xgboost] Validation (Optimal Threshold): F1=0.3175, Recall=0.4762
2025-07-04 05:21:29,813 - ModelingPipeline - INFO - [undersampling__xgboost] Test (Optimal Threshold=0.1645): F1=0.2143, Recall=0.3636
2025-07-04 05:21:29,813 - ModelingPipeline - INFO - [undersampling__xgboost] Test (Default Threshold=0.5): F1=0.1639, Recall=0.1515
2025-07-04 05:21:29,814 - ModelingPipeline - INFO - 모델 평가 완료: undersampling__xgboost
2025-07-04 05:21:29,814 - ModelingPipeline - INFO - 모델 평가 시작: combined__logistic_regression
2025-07-04 05:21:29,815 - ModelingPipeline - INFO - CV 메트릭 계산 시작 (COMBINED)
2025-07-04 05:21:30,998 - ModelingPipeline - INFO - 최적화된 CV 완료: AUC=0.7321(±0.0936), AP=0.0384(±0.0382), F1=0.0230(±0.0461)
2025-07-04 05:21:30,999 - ModelingPipeline - INFO - CV 메트릭 계산 완료 - AUC: 0.7321, AP: 0.0384, F1: 0.0230
2025-07-04 05:21:31,000 - ModelingPipeline - INFO - [combined__logistic_regression] Cross-Validation (Train): AUC=0.7321, F1=0.0230
2025-07-04 05:21:31,000 - ModelingPipeline - INFO - [combined__logistic_regression] 평가용 전처리 완료
2025-07-04 05:21:31,002 - ModelingPipeline - INFO - Threshold 최적화 디버깅:
2025-07-04 05:21:31,002 - ModelingPipeline - INFO -   - 검증 데이터 크기: 5462
2025-07-04 05:21:31,002 - ModelingPipeline - INFO -   - 양성 클래스 비율: 0.0077 (42/5462)
2025-07-04 05:21:31,002 - ModelingPipeline - INFO -   - 예측 확률 범위: [0.0000, 0.9995]
2025-07-04 05:21:31,002 - ModelingPipeline - INFO -   - 예측 확률 평균: 0.3415
2025-07-04 05:21:31,003 - ModelingPipeline - INFO -   - F1 점수 범위: [0.0000, 0.1224]
2025-07-04 05:21:31,003 - ModelingPipeline - INFO -   - 0이 아닌 F1 점수 개수: 5435/5462
2025-07-04 05:21:31,007 - ModelingPipeline - INFO - 최적 임계값 검증: 0.8257
2025-07-04 05:21:31,007 - ModelingPipeline - INFO -   - F1: 0.1224, Precision: 0.0857, Recall: 0.2143
2025-07-04 05:21:31,007 - ModelingPipeline - INFO -   - 양성 예측 개수: 105/5462
2025-07-04 05:21:31,011 - ModelingPipeline - INFO - [combined__logistic_regression] Validation (Optimal Threshold): F1=0.1224, Recall=0.2143
2025-07-04 05:21:31,021 - ModelingPipeline - INFO - [combined__logistic_regression] Test (Optimal Threshold=0.8257): F1=0.0595, Recall=0.1515
2025-07-04 05:21:31,021 - ModelingPipeline - INFO - [combined__logistic_regression] Test (Default Threshold=0.5): F1=0.0415, Recall=0.6667
2025-07-04 05:21:31,022 - ModelingPipeline - INFO - 모델 평가 완료: combined__logistic_regression
2025-07-04 05:21:31,022 - ModelingPipeline - INFO - 모델 평가 시작: combined__random_forest
2025-07-04 05:21:31,023 - ModelingPipeline - INFO - CV 메트릭 계산 시작 (COMBINED)
2025-07-04 05:24:11,439 - ModelingPipeline - INFO - 최적화된 CV 완료: AUC=0.9313(±0.0267), AP=0.1033(±0.0139), F1=0.1680(±0.0248)
2025-07-04 05:24:11,441 - ModelingPipeline - INFO - CV 메트릭 계산 완료 - AUC: 0.9313, AP: 0.1033, F1: 0.1680
2025-07-04 05:24:11,442 - ModelingPipeline - INFO - [combined__random_forest] Cross-Validation (Train): AUC=0.9313, F1=0.1680
2025-07-04 05:24:11,442 - ModelingPipeline - INFO - [combined__random_forest] 평가용 전처리 완료
2025-07-04 05:24:11,539 - ModelingPipeline - INFO - Threshold 최적화 디버깅:
2025-07-04 05:24:11,539 - ModelingPipeline - INFO -   - 검증 데이터 크기: 5462
2025-07-04 05:24:11,539 - ModelingPipeline - INFO -   - 양성 클래스 비율: 0.0077 (42/5462)
2025-07-04 05:24:11,539 - ModelingPipeline - INFO -   - 예측 확률 범위: [0.0000, 0.9993]
2025-07-04 05:24:11,539 - ModelingPipeline - INFO -   - 예측 확률 평균: 0.0310
2025-07-04 05:24:11,540 - ModelingPipeline - INFO -   - F1 점수 범위: [0.0000, 0.1905]
2025-07-04 05:24:11,540 - ModelingPipeline - INFO -   - 0이 아닌 F1 점수 개수: 1022/1052
2025-07-04 05:24:11,542 - ModelingPipeline - INFO - 최적 임계값 검증: 0.2909
2025-07-04 05:24:11,542 - ModelingPipeline - INFO -   - F1: 0.1905, Precision: 0.1190, Recall: 0.4762
2025-07-04 05:24:11,542 - ModelingPipeline - INFO -   - 양성 예측 개수: 168/5462
2025-07-04 05:24:11,546 - ModelingPipeline - INFO - [combined__random_forest] Validation (Optimal Threshold): F1=0.1905, Recall=0.4762
2025-07-04 05:24:11,600 - ModelingPipeline - INFO - [combined__random_forest] Test (Optimal Threshold=0.2909): F1=0.1216, Recall=0.2727
2025-07-04 05:24:11,600 - ModelingPipeline - INFO - [combined__random_forest] Test (Default Threshold=0.5): F1=0.1064, Recall=0.1515
2025-07-04 05:24:11,601 - ModelingPipeline - INFO - 모델 평가 완료: combined__random_forest
2025-07-04 05:24:11,601 - ModelingPipeline - INFO - 모델 평가 시작: combined__xgboost
2025-07-04 05:24:11,602 - ModelingPipeline - INFO - CV 메트릭 계산 시작 (COMBINED)
2025-07-04 05:24:15,115 - ModelingPipeline - INFO - 최적화된 CV 완료: AUC=0.9435(±0.0149), AP=0.2545(±0.0551), F1=0.2931(±0.0925)
2025-07-04 05:24:15,116 - ModelingPipeline - INFO - CV 메트릭 계산 완료 - AUC: 0.9435, AP: 0.2545, F1: 0.2931
2025-07-04 05:24:15,116 - ModelingPipeline - INFO - [combined__xgboost] Cross-Validation (Train): AUC=0.9435, F1=0.2931
2025-07-04 05:24:15,116 - ModelingPipeline - INFO - [combined__xgboost] 평가용 전처리 완료
2025-07-04 05:24:15,128 - ModelingPipeline - INFO - Threshold 최적화 디버깅:
2025-07-04 05:24:15,128 - ModelingPipeline - INFO -   - 검증 데이터 크기: 5462
2025-07-04 05:24:15,128 - ModelingPipeline - INFO -   - 양성 클래스 비율: 0.0077 (42/5462)
2025-07-04 05:24:15,128 - ModelingPipeline - INFO -   - 예측 확률 범위: [0.0000, 0.9999]
2025-07-04 05:24:15,128 - ModelingPipeline - INFO -   - 예측 확률 평균: 0.0150
2025-07-04 05:24:15,129 - ModelingPipeline - INFO -   - F1 점수 범위: [0.0000, 0.2698]
2025-07-04 05:24:15,129 - ModelingPipeline - INFO -   - 0이 아닌 F1 점수 개수: 5456/5458
2025-07-04 05:24:15,131 - ModelingPipeline - INFO - 최적 임계값 검증: 0.3751
2025-07-04 05:24:15,131 - ModelingPipeline - INFO -   - F1: 0.2698, Precision: 0.2024, Recall: 0.4048
2025-07-04 05:24:15,131 - ModelingPipeline - INFO -   - 양성 예측 개수: 84/5462
2025-07-04 05:24:15,135 - ModelingPipeline - INFO - [combined__xgboost] Validation (Optimal Threshold): F1=0.2698, Recall=0.4048
2025-07-04 05:24:15,148 - ModelingPipeline - INFO - [combined__xgboost] Test (Optimal Threshold=0.3751): F1=0.2000, Recall=0.2727
2025-07-04 05:24:15,149 - ModelingPipeline - INFO - [combined__xgboost] Test (Default Threshold=0.5): F1=0.1975, Recall=0.2424
2025-07-04 05:24:15,150 - ModelingPipeline - INFO - 모델 평가 완료: combined__xgboost
2025-07-04 05:24:15,150 - ModelingPipeline - INFO - 앙상블 모델 실행 시작
2025-07-04 05:24:15,152 - ModelingPipeline - INFO - 앙상블에 추가: normal__logistic_regression
2025-07-04 05:24:15,152 - ModelingPipeline - INFO - 앙상블에 추가: smote__logistic_regression
2025-07-04 05:24:15,152 - ModelingPipeline - INFO - 앙상블에 추가: undersampling__logistic_regression
2025-07-04 05:24:15,152 - ModelingPipeline - INFO - 앙상블에 추가: combined__logistic_regression
2025-07-04 05:24:15,152 - ModelingPipeline - INFO - 앙상블에 추가: normal__random_forest
2025-07-04 05:24:15,152 - ModelingPipeline - INFO - 앙상블에 추가: smote__random_forest
2025-07-04 05:24:15,152 - ModelingPipeline - INFO - 앙상블에 추가: undersampling__random_forest
2025-07-04 05:24:15,152 - ModelingPipeline - INFO - 앙상블에 추가: combined__random_forest
2025-07-04 05:24:15,152 - ModelingPipeline - INFO - 앙상블에 추가: normal__xgboost
2025-07-04 05:24:15,152 - ModelingPipeline - INFO - 앙상블에 추가: smote__xgboost
2025-07-04 05:24:15,152 - ModelingPipeline - INFO - 앙상블에 추가: undersampling__xgboost
2025-07-04 05:24:15,152 - ModelingPipeline - INFO - 앙상블에 추가: combined__xgboost
2025-07-04 05:24:15,799 - ModelingPipeline - INFO - 앙상블 모델 완료 - Test AUC: 0.9209, F1: 0.2642
2025-07-04 05:24:15,998 - ModelingPipeline - INFO - 앙상블 모델 저장: /Users/jojongho/KDT/P2_Default-invest/outputs/modeling_runs/default_modeling_run_20250704_001338/models/combined_models__ensemble_model.joblib
2025-07-04 05:24:15,998 - ModelingPipeline - INFO - 시각화 생성 시작
2025-07-04 05:24:16,523 - ModelingPipeline - INFO - ROC 곡선 저장 완료: /Users/jojongho/KDT/P2_Default-invest/outputs/modeling_runs/default_modeling_run_20250704_001338/visualizations/roc_curves_comparison.png
2025-07-04 05:24:16,980 - ModelingPipeline - INFO - PR 곡선 저장 완료: /Users/jojongho/KDT/P2_Default-invest/outputs/modeling_runs/default_modeling_run_20250704_001338/visualizations/pr_curves_comparison.png
2025-07-04 05:24:17,717 - ModelingPipeline - INFO - 성능 비교 차트 저장 완료: /Users/jojongho/KDT/P2_Default-invest/outputs/modeling_runs/default_modeling_run_20250704_001338/visualizations/performance_comparison.png
2025-07-04 05:24:17,718 - ModelingPipeline - INFO - 특성 중요도를 시각화할 tree 기반 모델이 없습니다.
2025-07-04 05:24:17,718 - ModelingPipeline - INFO - Threshold 분석을 위한 유효한 모델이 없습니다.
2025-07-04 05:24:17,718 - ModelingPipeline - INFO - Train vs Test 비교를 위한 모델이 없습니다.
2025-07-04 05:24:18,277 - ModelingPipeline - INFO - 앙상블 가중치 차트 저장 완료: /Users/jojongho/KDT/P2_Default-invest/outputs/modeling_runs/default_modeling_run_20250704_001338/visualizations/ensemble_weights.png
2025-07-04 05:24:18,277 - ModelingPipeline - INFO - 시각화 생성 완료
2025-07-04 05:24:18,277 - ModelingPipeline - INFO - 결과 저장 시작
2025-07-04 05:24:18,278 - ModelingPipeline - INFO - normal__logistic_regression 모델 저장: /Users/jojongho/KDT/P2_Default-invest/outputs/modeling_runs/default_modeling_run_20250704_001338/models/normal__logistic_regression_model.joblib
2025-07-04 05:24:18,341 - ModelingPipeline - INFO - normal__random_forest 모델 저장: /Users/jojongho/KDT/P2_Default-invest/outputs/modeling_runs/default_modeling_run_20250704_001338/models/normal__random_forest_model.joblib
2025-07-04 05:24:18,344 - ModelingPipeline - INFO - normal__xgboost 모델 저장: /Users/jojongho/KDT/P2_Default-invest/outputs/modeling_runs/default_modeling_run_20250704_001338/models/normal__xgboost_model.joblib
2025-07-04 05:24:18,345 - ModelingPipeline - INFO - smote__logistic_regression 모델 저장: /Users/jojongho/KDT/P2_Default-invest/outputs/modeling_runs/default_modeling_run_20250704_001338/models/smote__logistic_regression_model.joblib
2025-07-04 05:24:18,364 - ModelingPipeline - INFO - smote__random_forest 모델 저장: /Users/jojongho/KDT/P2_Default-invest/outputs/modeling_runs/default_modeling_run_20250704_001338/models/smote__random_forest_model.joblib
2025-07-04 05:24:18,366 - ModelingPipeline - INFO - smote__xgboost 모델 저장: /Users/jojongho/KDT/P2_Default-invest/outputs/modeling_runs/default_modeling_run_20250704_001338/models/smote__xgboost_model.joblib
2025-07-04 05:24:18,366 - ModelingPipeline - INFO - undersampling__logistic_regression 모델 저장: /Users/jojongho/KDT/P2_Default-invest/outputs/modeling_runs/default_modeling_run_20250704_001338/models/undersampling__logistic_regression_model.joblib
2025-07-04 05:24:18,406 - ModelingPipeline - INFO - undersampling__random_forest 모델 저장: /Users/jojongho/KDT/P2_Default-invest/outputs/modeling_runs/default_modeling_run_20250704_001338/models/undersampling__random_forest_model.joblib
2025-07-04 05:24:18,408 - ModelingPipeline - INFO - undersampling__xgboost 모델 저장: /Users/jojongho/KDT/P2_Default-invest/outputs/modeling_runs/default_modeling_run_20250704_001338/models/undersampling__xgboost_model.joblib
2025-07-04 05:24:18,408 - ModelingPipeline - INFO - combined__logistic_regression 모델 저장: /Users/jojongho/KDT/P2_Default-invest/outputs/modeling_runs/default_modeling_run_20250704_001338/models/combined__logistic_regression_model.joblib
2025-07-04 05:24:18,470 - ModelingPipeline - INFO - combined__random_forest 모델 저장: /Users/jojongho/KDT/P2_Default-invest/outputs/modeling_runs/default_modeling_run_20250704_001338/models/combined__random_forest_model.joblib
2025-07-04 05:24:18,472 - ModelingPipeline - INFO - combined__xgboost 모델 저장: /Users/jojongho/KDT/P2_Default-invest/outputs/modeling_runs/default_modeling_run_20250704_001338/models/combined__xgboost_model.joblib
2025-07-04 05:24:18,655 - ModelingPipeline - INFO - combined_models__ensemble 모델 저장: /Users/jojongho/KDT/P2_Default-invest/outputs/modeling_runs/default_modeling_run_20250704_001338/models/combined_models__ensemble_model.joblib
2025-07-04 05:24:18,802 - ModelingPipeline - INFO - 전체 결과 저장: /Users/jojongho/KDT/P2_Default-invest/outputs/modeling_runs/default_modeling_run_20250704_001338/results/modeling_results.json
2025-07-04 05:24:18,803 - ModelingPipeline - INFO - 설정 저장: /Users/jojongho/KDT/P2_Default-invest/outputs/modeling_runs/default_modeling_run_20250704_001338/modeling_config.json
2025-07-04 05:24:18,804 - ModelingPipeline - INFO - 실행 결과 요약:
2025-07-04 05:24:18,807 - ModelingPipeline - INFO - 
                  Model        Data_Type  Optimal_Threshold  CV_AUC  CV_AUC_Mean  CV_AP_Mean  CV_F1_Mean  Val_AUC  Val_F1  Test_AUC  Test_Precision  Test_Recall  Test_F1  Test_Balanced_Acc  Test_Average_Precision
0   logistic_regression           NORMAL             0.9268  0.0398       0.0398           0           0   0.9110  0.2376    0.9101          0.1607       0.2727   0.2022             0.6319                  0.1038
1         random_forest           NORMAL             0.4166  0.3661       0.3661           0           0   0.9370  0.3226    0.9306          0.2500       0.3333   0.2857             0.6636                  0.1678
2               xgboost           NORMAL             0.2112  0.3604       0.3604           0           0   0.9408  0.2712    0.9219          0.1884       0.3939   0.2549             0.6917                  0.1369
3   logistic_regression            SMOTE             0.8877  0.0426       0.0426           0           0   0.8782  0.1233    0.8631          0.0417       0.1515   0.0654             0.5649                  0.0418
4         random_forest            SMOTE             0.5710  0.2432       0.2432           0           0   0.9230  0.2200    0.9219          0.2115       0.3333   0.2588             0.6628                  0.1431
5               xgboost            SMOTE             0.3264  0.2768       0.2768           0           0   0.9321  0.2514    0.9153          0.1429       0.4545   0.2174             0.7188                  0.1636
6   logistic_regression    UNDERSAMPLING             0.9088  0.0381       0.0381           0           0   0.9064  0.2143    0.8998          0.0882       0.0909   0.0896             0.5425                  0.0834
7         random_forest    UNDERSAMPLING             0.3542  0.3175       0.3175           0           0   0.9266  0.2833    0.9155          0.2222       0.4242   0.2917             0.7075                  0.1618
8               xgboost    UNDERSAMPLING             0.1645  0.3548       0.3548           0           0   0.9371  0.3175    0.9177          0.1519       0.3636   0.2143             0.6755                  0.1369
9   logistic_regression         COMBINED             0.8257  0.0230       0.0230           0           0   0.8162  0.1224    0.7915          0.0370       0.1515   0.0595             0.5635                  0.0293
10        random_forest         COMBINED             0.2909  0.1680       0.1680           0           0   0.8655  0.1905    0.8650          0.0783       0.2727   0.1216             0.6264                  0.0551
11              xgboost         COMBINED             0.3751  0.2931       0.2931           0           0   0.9047  0.2698    0.9164          0.1579       0.2727   0.2000             0.6318                  0.1540
12             ensemble  COMBINED_MODELS             0.4500  0.3661       0.3661           0           0   0.0000  0.0000    0.9209          0.1918       0.4242   0.2642             0.7066                  0.1585
2025-07-04 05:24:18,808 - ModelingPipeline - INFO - 요약 테이블 저장: /Users/jojongho/KDT/P2_Default-invest/outputs/modeling_runs/default_modeling_run_20250704_001338/results/summary_table.csv
2025-07-04 05:24:18,808 - ModelingPipeline - INFO - === 모델링 파이프라인 완료 ===
