2025-06-29 11:09:29,320 - ModelingPipeline - INFO - 모델링 파이프라인이 초기화되었습니다.
2025-06-29 11:09:29,320 - ModelingPipeline - INFO - 실행 이름: default_modeling_run_20250629_110929
2025-06-29 11:09:29,320 - ModelingPipeline - INFO - 출력 경로: /Users/jojongho/KDT/P2_Default-invest/outputs/modeling_runs/default_modeling_run_20250629_110929
2025-06-29 11:09:29,320 - ModelingPipeline - INFO - === 모델링 파이프라인 시작 ===
2025-06-29 11:09:29,320 - ModelingPipeline - INFO - 데이터 로드 시작
2025-06-29 11:09:29,320 - ModelingPipeline - INFO - 오버라이드된 데이터 경로 사용: data/final
2025-06-29 11:09:29,472 - ModelingPipeline - INFO - Train: (13300, 118), 부실비율: 0.71%
2025-06-29 11:09:29,473 - ModelingPipeline - INFO - Validation: (4672, 118), 부실비율: 0.68%
2025-06-29 11:09:29,473 - ModelingPipeline - INFO - Test: (4513, 118), 부실비율: 0.60%
2025-06-29 11:09:29,473 - ModelingPipeline - INFO - 모든 모델 실행 시작
2025-06-29 11:09:29,473 - ModelingPipeline - INFO - 특성 선택 방법: SHAP (NORMAL)
2025-06-29 11:09:29,996 - ModelingPipeline - INFO - SHAP 기본 모델: random_forest
2025-06-29 11:09:29,996 - ModelingPipeline - INFO - 기본 모델 훈련 중...
2025-06-29 11:09:31,235 - ModelingPipeline - INFO - SHAP Explainer 생성 중...
2025-06-29 11:09:31,242 - ModelingPipeline - INFO - SHAP 값 계산 중...
2025-06-29 11:09:47,193 - ModelingPipeline - INFO - SHAP 값 배열 형태: (13300, 118)
2025-06-29 11:09:47,193 - ModelingPipeline - INFO - 평균 절댓값 SHAP 형태: (118,)
2025-06-29 11:09:47,193 - ModelingPipeline - INFO - 특성 개수: 118
2025-06-29 11:09:47,194 - ModelingPipeline - INFO - 임계값: 0.002535
2025-06-29 11:09:47,194 - ModelingPipeline - INFO - 평균 |SHAP|: 0.004555 (±0.004944)
2025-06-29 11:09:47,202 - ModelingPipeline - INFO - 선택된 특성: 10/118
2025-06-29 11:09:47,203 - ModelingPipeline - INFO - 활성화된 데이터 타입: ['normal', 'smote', 'undersampling', 'combined']
2025-06-29 11:09:47,203 - ModelingPipeline - INFO - 활성화된 모델: ['logistic_regression', 'random_forest', 'xgboost']
2025-06-29 11:09:47,203 - ModelingPipeline - INFO - NORMAL 데이터 처리
2025-06-29 11:09:47,203 - ModelingPipeline - INFO - logistic_regression 최적화 시작 (NORMAL)
2025-06-29 11:09:47,203 - ModelingPipeline - INFO - Logistic Regression 클래스 불균형 가중치: class_weight=None
2025-06-29 11:09:47,203 - ModelingPipeline - INFO - 최적화 메트릭: AVERAGE_PRECISION
2025-06-29 11:09:47,213 - ModelingPipeline - WARNING - Fold 1 NORMAL 처리 실패: 'NoneType' object is not iterable
2025-06-29 11:09:47,301 - ModelingPipeline - INFO - Fold 1 백업 처리 완료: 0.1943
2025-06-29 11:09:47,305 - ModelingPipeline - WARNING - Fold 2 NORMAL 처리 실패: 'NoneType' object is not iterable
2025-06-29 11:09:47,732 - ModelingPipeline - INFO - Fold 2 백업 처리 완료: 0.1087
2025-06-29 11:09:47,737 - ModelingPipeline - WARNING - Fold 3 NORMAL 처리 실패: 'NoneType' object is not iterable
2025-06-29 11:09:48,146 - ModelingPipeline - INFO - Fold 3 백업 처리 완료: 0.1190
2025-06-29 11:09:48,150 - ModelingPipeline - WARNING - Fold 4 NORMAL 처리 실패: 'NoneType' object is not iterable
2025-06-29 11:09:48,574 - ModelingPipeline - INFO - Fold 4 백업 처리 완료: 0.2585
2025-06-29 11:09:48,580 - ModelingPipeline - WARNING - Fold 5 NORMAL 처리 실패: 'NoneType' object is not iterable
2025-06-29 11:09:49,004 - ModelingPipeline - INFO - Fold 5 백업 처리 완료: 0.2530
2025-06-29 11:09:49,005 - ModelingPipeline - INFO - Trial 1/25 - Current: 0.1867, Best: 0.1867
2025-06-29 11:09:49,010 - ModelingPipeline - WARNING - Fold 1 NORMAL 처리 실패: 'NoneType' object is not iterable
2025-06-29 11:09:49,038 - ModelingPipeline - INFO - Fold 1 백업 처리 완료: 0.1950
2025-06-29 11:09:49,042 - ModelingPipeline - WARNING - Fold 2 NORMAL 처리 실패: 'NoneType' object is not iterable
2025-06-29 11:09:49,080 - ModelingPipeline - INFO - Fold 2 백업 처리 완료: 0.1092
2025-06-29 11:09:49,083 - ModelingPipeline - WARNING - Fold 3 NORMAL 처리 실패: 'NoneType' object is not iterable
2025-06-29 11:09:49,121 - ModelingPipeline - INFO - Fold 3 백업 처리 완료: 0.1235
2025-06-29 11:09:49,125 - ModelingPipeline - WARNING - Fold 4 NORMAL 처리 실패: 'NoneType' object is not iterable
2025-06-29 11:09:49,159 - ModelingPipeline - INFO - Fold 4 백업 처리 완료: 0.2113
2025-06-29 11:09:49,163 - ModelingPipeline - WARNING - Fold 5 NORMAL 처리 실패: 'NoneType' object is not iterable
2025-06-29 11:09:49,197 - ModelingPipeline - INFO - Fold 5 백업 처리 완료: 0.3014
2025-06-29 11:09:49,202 - ModelingPipeline - WARNING - Fold 1 NORMAL 처리 실패: 'NoneType' object is not iterable
2025-06-29 11:09:49,237 - ModelingPipeline - INFO - Fold 1 백업 처리 완료: 0.1879
2025-06-29 11:09:49,241 - ModelingPipeline - WARNING - Fold 2 NORMAL 처리 실패: 'NoneType' object is not iterable
2025-06-29 11:09:49,723 - ModelingPipeline - INFO - Fold 2 백업 처리 완료: 0.1199
2025-06-29 11:09:49,727 - ModelingPipeline - WARNING - Fold 3 NORMAL 처리 실패: 'NoneType' object is not iterable
