2025-06-28 21:59:28,978 - ModelingPipeline - INFO - 모델링 파이프라인이 초기화되었습니다.
2025-06-28 21:59:28,978 - ModelingPipeline - INFO - 실행 이름: default_modeling_run_20250628_215928
2025-06-28 21:59:28,978 - ModelingPipeline - INFO - 출력 경로: /Users/jojongho/KDT/P2_Default-invest/outputs/modeling_runs/default_modeling_run_20250628_215928
2025-06-28 21:59:28,979 - ModelingPipeline - INFO - === 모델링 파이프라인 시작 ===
2025-06-28 21:59:28,979 - ModelingPipeline - INFO - 데이터 로드 시작
2025-06-28 21:59:28,979 - ModelingPipeline - INFO - 오버라이드된 데이터 경로 사용: data/final
2025-06-28 21:59:29,127 - ModelingPipeline - INFO - Train: (9795, 118), 부실비율: 0.97%
2025-06-28 21:59:29,127 - ModelingPipeline - INFO - Validation: (5984, 118), 부실비율: 0.64%
2025-06-28 21:59:29,127 - ModelingPipeline - INFO - Test: (6706, 118), 부실비율: 0.30%
2025-06-28 21:59:29,127 - ModelingPipeline - INFO - 모든 모델 실행 시작
2025-06-28 21:59:29,127 - ModelingPipeline - INFO - 특성 선택 방법: SHAP (NORMAL)
2025-06-28 21:59:29,588 - ModelingPipeline - INFO - SHAP 기본 모델: random_forest
2025-06-28 21:59:29,588 - ModelingPipeline - INFO - 기본 모델 훈련 중...
2025-06-28 21:59:31,268 - ModelingPipeline - INFO - SHAP Explainer 생성 중...
2025-06-28 21:59:31,277 - ModelingPipeline - INFO - SHAP 값 계산 중...
2025-06-28 21:59:35,320 - ModelingPipeline - INFO - SHAP 값 배열 형태: (2000, 118)
2025-06-28 21:59:35,320 - ModelingPipeline - INFO - 평균 절댓값 SHAP 형태: (118,)
2025-06-28 21:59:35,320 - ModelingPipeline - INFO - 특성 개수: 118
2025-06-28 21:59:35,321 - ModelingPipeline - INFO - 임계값: 0.002397
2025-06-28 21:59:35,321 - ModelingPipeline - INFO - 평균 |SHAP|: 0.004457 (±0.005012)
2025-06-28 21:59:35,324 - ModelingPipeline - INFO - 선택된 특성: 10/118
2025-06-28 21:59:35,324 - ModelingPipeline - INFO - 활성화된 데이터 타입: ['normal', 'smote', 'undersampling']
2025-06-28 21:59:35,324 - ModelingPipeline - INFO - 활성화된 모델: ['logistic_regression', 'random_forest', 'xgboost']
2025-06-28 21:59:35,324 - ModelingPipeline - INFO - NORMAL 데이터 처리
2025-06-28 21:59:35,325 - ModelingPipeline - INFO - logistic_regression 최적화 시작 (NORMAL)
2025-06-28 21:59:35,325 - ModelingPipeline - INFO - Logistic Regression 클래스 불균형 가중치: class_weight=None
2025-06-28 21:59:35,325 - ModelingPipeline - INFO - 최적화 메트릭: F1
2025-06-28 21:59:35,418 - ModelingPipeline - INFO - CV 완료: 평균 0.1599 (±0.0658)
2025-06-28 21:59:35,418 - ModelingPipeline - INFO - Trial 1/5 - Current: 0.1599, Best: 0.1599
2025-06-28 21:59:35,508 - ModelingPipeline - INFO - CV 완료: 평균 0.1599 (±0.0658)
2025-06-28 21:59:35,570 - ModelingPipeline - INFO - CV 완료: 평균 0.1598 (±0.0675)
2025-06-28 21:59:35,652 - ModelingPipeline - INFO - CV 완료: 평균 0.1612 (±0.0658)
2025-06-28 21:59:35,731 - ModelingPipeline - INFO - CV 완료: 평균 0.1584 (±0.0674)
2025-06-28 21:59:35,731 - ModelingPipeline - INFO - Trial 5/5 - Current: 0.1584, Best: 0.1612
2025-06-28 21:59:35,750 - ModelingPipeline - INFO - 최적 AUC: 0.1612
2025-06-28 21:59:35,750 - ModelingPipeline - INFO - 최적 파라미터: {'C': 0.5342937261279777, 'max_iter': 2983, 'penalty': 'l2', 'solver': 'liblinear', 'tol': 0.0001, 'class_weight': None}
2025-06-28 21:59:35,750 - ModelingPipeline - INFO - CV 메트릭 계산 시작 (NORMAL)
2025-06-28 21:59:35,750 - ModelingPipeline - INFO - 최적화된 CV 시작: 5개 fold, 모든 메트릭 동시 계산, NORMAL 데이터
2025-06-28 21:59:35,837 - ModelingPipeline - INFO - 최적화된 CV 완료: AUC=0.9253(±0.0336), AP=0.2763(±0.0607), F1=0.1612(±0.0658)
2025-06-28 21:59:35,837 - ModelingPipeline - INFO - CV 메트릭 계산 완료 - AUC: 0.9253, AP: 0.2763, F1: 0.1612
2025-06-28 21:59:35,837 - ModelingPipeline - INFO - random_forest 최적화 시작 (NORMAL)
2025-06-28 21:59:35,837 - ModelingPipeline - INFO - Random Forest 클래스 불균형 가중치: class_weight=None
2025-06-28 21:59:35,837 - ModelingPipeline - INFO - 최적화 메트릭: F1
2025-06-28 21:59:39,208 - ModelingPipeline - INFO - CV 완료: 평균 0.2002 (±0.1278)
2025-06-28 21:59:39,209 - ModelingPipeline - INFO - Trial 1/5 - Current: 0.2002, Best: 0.2002
2025-06-28 21:59:42,297 - ModelingPipeline - INFO - CV 완료: 평균 0.2509 (±0.1586)
2025-06-28 21:59:43,838 - ModelingPipeline - INFO - CV 완료: 평균 0.1692 (±0.1184)
2025-06-28 21:59:46,912 - ModelingPipeline - INFO - CV 완료: 평균 0.2096 (±0.1213)
2025-06-28 21:59:53,514 - ModelingPipeline - INFO - CV 완료: 평균 0.2438 (±0.1452)
2025-06-28 21:59:53,515 - ModelingPipeline - INFO - Trial 5/5 - Current: 0.2438, Best: 0.2509
2025-06-28 21:59:57,990 - ModelingPipeline - INFO - 최적 AUC: 0.2509
2025-06-28 21:59:57,990 - ModelingPipeline - INFO - 최적 파라미터: {'n_estimators': 324, 'max_depth': 4, 'min_samples_split': 18, 'min_samples_leaf': 7, 'max_features': 0.737265320016441, 'class_weight': None}
2025-06-28 21:59:57,990 - ModelingPipeline - INFO - CV 메트릭 계산 시작 (NORMAL)
2025-06-28 21:59:57,990 - ModelingPipeline - INFO - 최적화된 CV 시작: 5개 fold, 모든 메트릭 동시 계산, NORMAL 데이터
2025-06-28 22:00:15,967 - ModelingPipeline - INFO - 최적화된 CV 완료: AUC=0.9363(±0.0294), AP=0.3170(±0.0706), F1=0.2472(±0.1509)
2025-06-28 22:00:15,967 - ModelingPipeline - INFO - CV 메트릭 계산 완료 - AUC: 0.9363, AP: 0.3170, F1: 0.2472
2025-06-28 22:00:15,982 - ModelingPipeline - INFO - xgboost 최적화 시작 (NORMAL)
2025-06-28 22:00:15,982 - ModelingPipeline - INFO - XGBoost 클래스 불균형 처리: scale_pos_weight
2025-06-28 22:00:15,982 - ModelingPipeline - INFO - scale_pos_weight = 8.00 (설정: 8.0)
2025-06-28 22:00:15,982 - ModelingPipeline - INFO - 최적화 메트릭: F1
2025-06-28 22:00:19,704 - ModelingPipeline - INFO - CV 완료: 평균 0.2599 (±0.0996)
2025-06-28 22:00:19,705 - ModelingPipeline - INFO - Trial 1/5 - Current: 0.2599, Best: 0.2599
2025-06-28 22:00:24,276 - ModelingPipeline - INFO - CV 완료: 평균 0.3268 (±0.0390)
2025-06-28 22:00:26,357 - ModelingPipeline - INFO - CV 완료: 평균 0.3354 (±0.0297)
2025-06-28 22:00:28,666 - ModelingPipeline - INFO - CV 완료: 평균 0.2967 (±0.0778)
2025-06-28 22:00:31,475 - ModelingPipeline - INFO - CV 완료: 평균 0.3408 (±0.0720)
2025-06-28 22:00:31,476 - ModelingPipeline - INFO - Trial 5/5 - Current: 0.3408, Best: 0.3408
2025-06-28 22:00:32,072 - ModelingPipeline - INFO - 최적 AUC: 0.3408
2025-06-28 22:00:32,072 - ModelingPipeline - INFO - 최적 파라미터: {'n_estimators': 556, 'max_depth': 3, 'learning_rate': 0.18422573131092432, 'subsample': 0.6682096494749166, 'colsample_bytree': 0.6260206371941118, 'reg_alpha': 9.488855372533333, 'reg_lambda': 9.690688297671034, 'scale_pos_weight': 8.0}
2025-06-28 22:00:32,072 - ModelingPipeline - INFO - CV 메트릭 계산 시작 (NORMAL)
2025-06-28 22:00:32,072 - ModelingPipeline - INFO - 최적화된 CV 시작: 5개 fold, 모든 메트릭 동시 계산, NORMAL 데이터
2025-06-28 22:00:34,889 - ModelingPipeline - INFO - 최적화된 CV 완료: AUC=0.9358(±0.0310), AP=0.2920(±0.0825), F1=0.3605(±0.0550)
2025-06-28 22:00:34,889 - ModelingPipeline - INFO - CV 메트릭 계산 완료 - AUC: 0.9358, AP: 0.2920, F1: 0.3605
2025-06-28 22:00:34,890 - ModelingPipeline - INFO - SMOTE 데이터 처리
2025-06-28 22:00:34,890 - ModelingPipeline - INFO - logistic_regression 최적화 시작 (SMOTE)
2025-06-28 22:00:34,890 - ModelingPipeline - INFO - Logistic Regression 클래스 불균형 가중치: class_weight=None
2025-06-28 22:00:34,890 - ModelingPipeline - INFO - 최적화 메트릭: F1
2025-06-28 22:00:35,006 - ModelingPipeline - INFO - CV 완료: 평균 0.2327 (±0.0441)
2025-06-28 22:00:35,007 - ModelingPipeline - INFO - Trial 1/5 - Current: 0.2327, Best: 0.2327
2025-06-28 22:00:35,116 - ModelingPipeline - INFO - CV 완료: 평균 0.2327 (±0.0441)
2025-06-28 22:00:35,207 - ModelingPipeline - INFO - CV 완료: 평균 0.2366 (±0.0386)
2025-06-28 22:00:35,308 - ModelingPipeline - INFO - CV 완료: 평균 0.2354 (±0.0424)
2025-06-28 22:00:35,408 - ModelingPipeline - INFO - CV 완료: 평균 0.2352 (±0.0419)
2025-06-28 22:00:35,408 - ModelingPipeline - INFO - Trial 5/5 - Current: 0.2352, Best: 0.2366
2025-06-28 22:00:35,426 - ModelingPipeline - INFO - 최적 AUC: 0.2366
2025-06-28 22:00:35,426 - ModelingPipeline - INFO - 최적 파라미터: {'C': 0.07068974950624607, 'max_iter': 1900, 'penalty': 'l2', 'solver': 'lbfgs', 'tol': 0.0001, 'class_weight': None}
2025-06-28 22:00:35,426 - ModelingPipeline - INFO - CV 메트릭 계산 시작 (SMOTE)
2025-06-28 22:00:35,426 - ModelingPipeline - INFO - 최적화된 CV 시작: 5개 fold, 모든 메트릭 동시 계산, SMOTE 데이터
2025-06-28 22:00:35,521 - ModelingPipeline - INFO - 최적화된 CV 완료: AUC=0.9234(±0.0352), AP=0.2621(±0.0682), F1=0.2366(±0.0386)
2025-06-28 22:00:35,521 - ModelingPipeline - INFO - CV 메트릭 계산 완료 - AUC: 0.9234, AP: 0.2621, F1: 0.2366
2025-06-28 22:00:35,521 - ModelingPipeline - INFO - random_forest 최적화 시작 (SMOTE)
2025-06-28 22:00:35,521 - ModelingPipeline - INFO - Random Forest 클래스 불균형 가중치: class_weight=None
2025-06-28 22:00:35,521 - ModelingPipeline - INFO - 최적화 메트릭: F1
2025-06-28 22:00:38,828 - ModelingPipeline - INFO - CV 완료: 평균 0.3376 (±0.0765)
2025-06-28 22:00:38,829 - ModelingPipeline - INFO - Trial 1/5 - Current: 0.3376, Best: 0.3376
2025-06-28 22:00:41,929 - ModelingPipeline - INFO - CV 완료: 평균 0.3824 (±0.1101)
2025-06-28 22:00:43,466 - ModelingPipeline - INFO - CV 완료: 평균 0.3092 (±0.0910)
2025-06-28 22:00:46,193 - ModelingPipeline - INFO - CV 완료: 평균 0.3530 (±0.0696)
2025-06-28 22:00:51,983 - ModelingPipeline - INFO - CV 완료: 평균 0.3338 (±0.0973)
2025-06-28 22:00:51,984 - ModelingPipeline - INFO - Trial 5/5 - Current: 0.3338, Best: 0.3824
2025-06-28 22:00:56,432 - ModelingPipeline - INFO - 최적 AUC: 0.3824
2025-06-28 22:00:56,432 - ModelingPipeline - INFO - 최적 파라미터: {'n_estimators': 324, 'max_depth': 4, 'min_samples_split': 18, 'min_samples_leaf': 7, 'max_features': 0.737265320016441, 'class_weight': None}
2025-06-28 22:00:56,432 - ModelingPipeline - INFO - CV 메트릭 계산 시작 (SMOTE)
2025-06-28 22:00:56,432 - ModelingPipeline - INFO - 최적화된 CV 시작: 5개 fold, 모든 메트릭 동시 계산, SMOTE 데이터
2025-06-28 22:01:14,452 - ModelingPipeline - INFO - 최적화된 CV 완료: AUC=0.9354(±0.0275), AP=0.3139(±0.1003), F1=0.3686(±0.1047)
2025-06-28 22:01:14,453 - ModelingPipeline - INFO - CV 메트릭 계산 완료 - AUC: 0.9354, AP: 0.3139, F1: 0.3686
2025-06-28 22:01:14,466 - ModelingPipeline - INFO - xgboost 최적화 시작 (SMOTE)
2025-06-28 22:01:14,466 - ModelingPipeline - INFO - XGBoost 클래스 불균형 처리: scale_pos_weight
2025-06-28 22:01:14,466 - ModelingPipeline - INFO - scale_pos_weight = 8.00 (설정: 8.0)
2025-06-28 22:01:14,466 - ModelingPipeline - INFO - 최적화 메트릭: F1
2025-06-28 22:01:18,305 - ModelingPipeline - INFO - CV 완료: 평균 0.3470 (±0.0759)
2025-06-28 22:01:18,305 - ModelingPipeline - INFO - Trial 1/5 - Current: 0.3470, Best: 0.3470
2025-06-28 22:01:23,241 - ModelingPipeline - INFO - CV 완료: 평균 0.3472 (±0.0516)
2025-06-28 22:01:25,422 - ModelingPipeline - INFO - CV 완료: 평균 0.3431 (±0.0512)
2025-06-28 22:01:27,861 - ModelingPipeline - INFO - CV 완료: 평균 0.3270 (±0.0586)
2025-06-28 22:01:30,898 - ModelingPipeline - INFO - CV 완료: 평균 0.3112 (±0.0594)
2025-06-28 22:01:30,899 - ModelingPipeline - INFO - Trial 5/5 - Current: 0.3112, Best: 0.3472
2025-06-28 22:01:31,988 - ModelingPipeline - INFO - 최적 AUC: 0.3472
2025-06-28 22:01:31,989 - ModelingPipeline - INFO - 최적 파라미터: {'n_estimators': 720, 'max_depth': 7, 'learning_rate': 0.21388141044983341, 'subsample': 0.608233797718321, 'colsample_bytree': 0.9879639408647978, 'reg_alpha': 8.324426408004218, 'reg_lambda': 2.9110519961044856, 'scale_pos_weight': 8.0}
2025-06-28 22:01:31,990 - ModelingPipeline - INFO - CV 메트릭 계산 시작 (SMOTE)
2025-06-28 22:01:31,990 - ModelingPipeline - INFO - 최적화된 CV 시작: 5개 fold, 모든 메트릭 동시 계산, SMOTE 데이터
2025-06-28 22:01:36,696 - ModelingPipeline - INFO - 최적화된 CV 완료: AUC=0.9279(±0.0311), AP=0.2391(±0.0651), F1=0.3362(±0.0303)
2025-06-28 22:01:36,697 - ModelingPipeline - INFO - CV 메트릭 계산 완료 - AUC: 0.9279, AP: 0.2391, F1: 0.3362
2025-06-28 22:01:36,697 - ModelingPipeline - INFO - UNDERSAMPLING 데이터 처리
2025-06-28 22:01:36,698 - ModelingPipeline - INFO - logistic_regression 최적화 시작 (UNDERSAMPLING)
2025-06-28 22:01:36,698 - ModelingPipeline - INFO - Logistic Regression 클래스 불균형 가중치: class_weight=None
2025-06-28 22:01:36,698 - ModelingPipeline - INFO - 최적화 메트릭: F1
2025-06-28 22:01:37,023 - ModelingPipeline - INFO - CV 완료: 평균 0.1665 (±0.0539)
2025-06-28 22:01:37,023 - ModelingPipeline - INFO - Trial 1/5 - Current: 0.1665, Best: 0.1665
2025-06-28 22:01:37,360 - ModelingPipeline - INFO - CV 완료: 평균 0.1665 (±0.0539)
2025-06-28 22:01:37,679 - ModelingPipeline - INFO - CV 완료: 평균 0.1725 (±0.0538)
2025-06-28 22:01:38,017 - ModelingPipeline - INFO - CV 완료: 평균 0.1711 (±0.0530)
2025-06-28 22:01:38,353 - ModelingPipeline - INFO - CV 완료: 평균 0.1690 (±0.0543)
2025-06-28 22:01:38,353 - ModelingPipeline - INFO - Trial 5/5 - Current: 0.1690, Best: 0.1725
2025-06-28 22:01:38,436 - ModelingPipeline - INFO - 최적 AUC: 0.1725
2025-06-28 22:01:38,436 - ModelingPipeline - INFO - 최적 파라미터: {'C': 0.07068974950624607, 'max_iter': 1900, 'penalty': 'l2', 'solver': 'lbfgs', 'tol': 0.0001, 'class_weight': None}
2025-06-28 22:01:38,437 - ModelingPipeline - INFO - CV 메트릭 계산 시작 (UNDERSAMPLING)
2025-06-28 22:01:38,437 - ModelingPipeline - INFO - 최적화된 CV 시작: 5개 fold, 모든 메트릭 동시 계산, UNDERSAMPLING 데이터
2025-06-28 22:01:38,759 - ModelingPipeline - INFO - 최적화된 CV 완료: AUC=0.9253(±0.0337), AP=0.2697(±0.0626), F1=0.1725(±0.0538)
2025-06-28 22:01:38,759 - ModelingPipeline - INFO - CV 메트릭 계산 완료 - AUC: 0.9253, AP: 0.2697, F1: 0.1725
2025-06-28 22:01:38,759 - ModelingPipeline - INFO - random_forest 최적화 시작 (UNDERSAMPLING)
2025-06-28 22:01:38,759 - ModelingPipeline - INFO - Random Forest 클래스 불균형 가중치: class_weight=None
2025-06-28 22:01:38,759 - ModelingPipeline - INFO - 최적화 메트릭: F1
2025-06-28 22:01:42,390 - ModelingPipeline - INFO - CV 완료: 평균 0.2279 (±0.0798)
2025-06-28 22:01:42,391 - ModelingPipeline - INFO - Trial 1/5 - Current: 0.2279, Best: 0.2279
2025-06-28 22:01:45,769 - ModelingPipeline - INFO - CV 완료: 평균 0.2989 (±0.1139)
2025-06-28 22:01:47,570 - ModelingPipeline - INFO - CV 완료: 평균 0.2547 (±0.0629)
2025-06-28 22:01:50,640 - ModelingPipeline - INFO - CV 완료: 평균 0.2983 (±0.1002)
2025-06-28 22:01:56,939 - ModelingPipeline - INFO - CV 완료: 평균 0.3110 (±0.1224)
2025-06-28 22:01:56,940 - ModelingPipeline - INFO - Trial 5/5 - Current: 0.3110, Best: 0.3110
2025-06-28 22:02:05,884 - ModelingPipeline - INFO - 최적 AUC: 0.3110
2025-06-28 22:02:05,884 - ModelingPipeline - INFO - 최적 파라미터: {'n_estimators': 690, 'max_depth': 5, 'min_samples_split': 7, 'min_samples_leaf': 4, 'max_features': 0.5104629857953323, 'class_weight': None}
2025-06-28 22:02:05,885 - ModelingPipeline - INFO - CV 메트릭 계산 시작 (UNDERSAMPLING)
2025-06-28 22:02:05,885 - ModelingPipeline - INFO - 최적화된 CV 시작: 5개 fold, 모든 메트릭 동시 계산, UNDERSAMPLING 데이터
2025-06-28 22:02:41,284 - ModelingPipeline - INFO - 최적화된 CV 완료: AUC=0.9349(±0.0313), AP=0.3305(±0.0500), F1=0.3007(±0.1081)
2025-06-28 22:02:41,285 - ModelingPipeline - INFO - CV 메트릭 계산 완료 - AUC: 0.9349, AP: 0.3305, F1: 0.3007
2025-06-28 22:02:41,318 - ModelingPipeline - INFO - xgboost 최적화 시작 (UNDERSAMPLING)
2025-06-28 22:02:41,318 - ModelingPipeline - INFO - XGBoost 클래스 불균형 처리: scale_pos_weight
2025-06-28 22:02:41,318 - ModelingPipeline - INFO - scale_pos_weight = 8.00 (설정: 8.0)
2025-06-28 22:02:41,318 - ModelingPipeline - INFO - 최적화 메트릭: F1
2025-06-28 22:02:45,240 - ModelingPipeline - INFO - CV 완료: 평균 0.2573 (±0.0808)
2025-06-28 22:02:45,241 - ModelingPipeline - INFO - Trial 1/5 - Current: 0.2573, Best: 0.2573
2025-06-28 22:02:49,970 - ModelingPipeline - INFO - CV 완료: 평균 0.3493 (±0.0808)
2025-06-28 22:02:52,429 - ModelingPipeline - INFO - CV 완료: 평균 0.3583 (±0.0648)
2025-06-28 22:02:55,069 - ModelingPipeline - INFO - CV 완료: 평균 0.3148 (±0.0672)
2025-06-28 22:02:58,600 - ModelingPipeline - INFO - CV 완료: 평균 0.3321 (±0.0645)
2025-06-28 22:02:58,601 - ModelingPipeline - INFO - Trial 5/5 - Current: 0.3321, Best: 0.3583
2025-06-28 22:02:59,126 - ModelingPipeline - INFO - 최적 AUC: 0.3583
2025-06-28 22:02:59,126 - ModelingPipeline - INFO - 최적 파라미터: {'n_estimators': 309, 'max_depth': 4, 'learning_rate': 0.09475146167306363, 'subsample': 0.8099025726528951, 'colsample_bytree': 0.7727780074568463, 'reg_alpha': 2.9122914019804194, 'reg_lambda': 6.506676052501415, 'scale_pos_weight': 8.0}
2025-06-28 22:02:59,126 - ModelingPipeline - INFO - CV 메트릭 계산 시작 (UNDERSAMPLING)
2025-06-28 22:02:59,126 - ModelingPipeline - INFO - 최적화된 CV 시작: 5개 fold, 모든 메트릭 동시 계산, UNDERSAMPLING 데이터
2025-06-28 22:03:01,600 - ModelingPipeline - INFO - 최적화된 CV 완료: AUC=0.9368(±0.0244), AP=0.2618(±0.0738), F1=0.3370(±0.0748)
2025-06-28 22:03:01,600 - ModelingPipeline - INFO - CV 메트릭 계산 완료 - AUC: 0.9368, AP: 0.2618, F1: 0.3370
2025-06-28 22:03:01,601 - ModelingPipeline - INFO - 모든 모델 평가 및 Threshold 최적화
2025-06-28 22:03:01,616 - ModelingPipeline - INFO - logistic_regression_normal 최적 Threshold 탐색
2025-06-28 22:03:01,616 - ModelingPipeline - INFO - 임계값 범위: 0.0013 ~ 0.3000 (300개 점)
2025-06-28 22:03:02,529 - ModelingPipeline - INFO - 최종 선택: 0.146 (F1: 0.1852)
2025-06-28 22:03:02,549 - ModelingPipeline - INFO - logistic_regression_normal 최종 평가 (Threshold: 0.146):
2025-06-28 22:03:02,549 - ModelingPipeline - INFO - 검증 - AUC: 0.9497, F1: 0.1852
2025-06-28 22:03:02,549 - ModelingPipeline - INFO - 테스트 - AUC: 0.8866, F1: 0.0847
2025-06-28 22:03:02,588 - ModelingPipeline - INFO - random_forest_normal 최적 Threshold 탐색
2025-06-28 22:03:02,588 - ModelingPipeline - INFO - 임계값 범위: 0.0013 ~ 0.3000 (300개 점)
2025-06-28 22:03:03,621 - ModelingPipeline - INFO - 최종 선택: 0.240 (F1: 0.2469)
2025-06-28 22:03:03,708 - ModelingPipeline - INFO - random_forest_normal 최종 평가 (Threshold: 0.240):
2025-06-28 22:03:03,708 - ModelingPipeline - INFO - 검증 - AUC: 0.9433, F1: 0.2469
2025-06-28 22:03:03,708 - ModelingPipeline - INFO - 테스트 - AUC: 0.8850, F1: 0.1728
2025-06-28 22:03:03,724 - ModelingPipeline - INFO - xgboost_normal 최적 Threshold 탐색
2025-06-28 22:03:03,724 - ModelingPipeline - INFO - 임계값 범위: 0.0013 ~ 0.3000 (300개 점)
2025-06-28 22:03:04,700 - ModelingPipeline - INFO - 최종 선택: 0.297 (F1: 0.1667)
2025-06-28 22:03:04,730 - ModelingPipeline - INFO - xgboost_normal 최종 평가 (Threshold: 0.297):
2025-06-28 22:03:04,730 - ModelingPipeline - INFO - 검증 - AUC: 0.9391, F1: 0.1667
2025-06-28 22:03:04,730 - ModelingPipeline - INFO - 테스트 - AUC: 0.8829, F1: 0.0893
2025-06-28 22:03:04,744 - ModelingPipeline - INFO - logistic_regression_smote 최적 Threshold 탐색
2025-06-28 22:03:04,745 - ModelingPipeline - INFO - 임계값 범위: 0.0013 ~ 0.3000 (300개 점)
2025-06-28 22:03:05,623 - ModelingPipeline - INFO - 최종 선택: 0.282 (F1: 0.1947)
2025-06-28 22:03:05,643 - ModelingPipeline - INFO - logistic_regression_smote 최종 평가 (Threshold: 0.282):
2025-06-28 22:03:05,643 - ModelingPipeline - INFO - 검증 - AUC: 0.9489, F1: 0.1947
2025-06-28 22:03:05,644 - ModelingPipeline - INFO - 테스트 - AUC: 0.9131, F1: 0.0976
2025-06-28 22:03:05,686 - ModelingPipeline - INFO - random_forest_smote 최적 Threshold 탐색
2025-06-28 22:03:05,686 - ModelingPipeline - INFO - 임계값 범위: 0.0013 ~ 0.3000 (300개 점)
2025-06-28 22:03:06,563 - ModelingPipeline - INFO - 최종 선택: 0.235 (F1: 0.2326)
2025-06-28 22:03:06,659 - ModelingPipeline - INFO - random_forest_smote 최종 평가 (Threshold: 0.235):
2025-06-28 22:03:06,660 - ModelingPipeline - INFO - 검증 - AUC: 0.9454, F1: 0.2326
2025-06-28 22:03:06,660 - ModelingPipeline - INFO - 테스트 - AUC: 0.8816, F1: 0.1208
2025-06-28 22:03:06,682 - ModelingPipeline - INFO - xgboost_smote 최적 Threshold 탐색
2025-06-28 22:03:06,682 - ModelingPipeline - INFO - 임계값 범위: 0.0013 ~ 0.3000 (300개 점)
2025-06-28 22:03:07,552 - ModelingPipeline - INFO - 최종 선택: 0.274 (F1: 0.2105)
2025-06-28 22:03:07,590 - ModelingPipeline - INFO - xgboost_smote 최종 평가 (Threshold: 0.274):
2025-06-28 22:03:07,591 - ModelingPipeline - INFO - 검증 - AUC: 0.9254, F1: 0.2105
2025-06-28 22:03:07,591 - ModelingPipeline - INFO - 테스트 - AUC: 0.8745, F1: 0.0957
2025-06-28 22:03:07,666 - ModelingPipeline - INFO - logistic_regression_undersampling 최적 Threshold 탐색
2025-06-28 22:03:07,666 - ModelingPipeline - INFO - 임계값 범위: 0.0013 ~ 0.3000 (300개 점)
2025-06-28 22:03:08,520 - ModelingPipeline - INFO - 최종 선택: 0.262 (F1: 0.2025)
2025-06-28 22:03:08,537 - ModelingPipeline - INFO - logistic_regression_undersampling 최종 평가 (Threshold: 0.262):
2025-06-28 22:03:08,538 - ModelingPipeline - INFO - 검증 - AUC: 0.9494, F1: 0.2025
2025-06-28 22:03:08,538 - ModelingPipeline - INFO - 테스트 - AUC: 0.8926, F1: 0.0899
2025-06-28 22:03:08,679 - ModelingPipeline - INFO - random_forest_undersampling 최적 Threshold 탐색
2025-06-28 22:03:08,679 - ModelingPipeline - INFO - 임계값 범위: 0.0013 ~ 0.3000 (300개 점)
2025-06-28 22:03:09,516 - ModelingPipeline - INFO - 최종 선택: 0.298 (F1: 0.2469)
2025-06-28 22:03:09,696 - ModelingPipeline - INFO - random_forest_undersampling 최종 평가 (Threshold: 0.298):
2025-06-28 22:03:09,696 - ModelingPipeline - INFO - 검증 - AUC: 0.9442, F1: 0.2469
2025-06-28 22:03:09,696 - ModelingPipeline - INFO - 테스트 - AUC: 0.9036, F1: 0.2025
2025-06-28 22:03:09,774 - ModelingPipeline - INFO - xgboost_undersampling 최적 Threshold 탐색
2025-06-28 22:03:09,775 - ModelingPipeline - INFO - 임계값 범위: 0.0013 ~ 0.3000 (300개 점)
2025-06-28 22:03:10,603 - ModelingPipeline - INFO - 최종 선택: 0.198 (F1: 0.1973)
2025-06-28 22:03:10,630 - ModelingPipeline - INFO - xgboost_undersampling 최종 평가 (Threshold: 0.198):
2025-06-28 22:03:10,630 - ModelingPipeline - INFO - 검증 - AUC: 0.9451, F1: 0.1973
2025-06-28 22:03:10,630 - ModelingPipeline - INFO - 테스트 - AUC: 0.8835, F1: 0.0935
2025-06-28 22:03:10,631 - ModelingPipeline - INFO - 앙상블 모델 실행 시작
2025-06-28 22:03:10,633 - ModelingPipeline - INFO - 앙상블에 추가: logistic_regression_normal
2025-06-28 22:03:10,633 - ModelingPipeline - INFO - 앙상블에 추가: logistic_regression_smote
2025-06-28 22:03:10,633 - ModelingPipeline - INFO - 앙상블에 추가: logistic_regression_undersampling
2025-06-28 22:03:10,633 - ModelingPipeline - INFO - 앙상블에 추가: random_forest_normal
2025-06-28 22:03:10,633 - ModelingPipeline - INFO - 앙상블에 추가: random_forest_smote
2025-06-28 22:03:10,633 - ModelingPipeline - INFO - 앙상블에 추가: random_forest_undersampling
2025-06-28 22:03:10,633 - ModelingPipeline - INFO - 앙상블에 추가: xgboost_normal
2025-06-28 22:03:10,633 - ModelingPipeline - INFO - 앙상블에 추가: xgboost_smote
2025-06-28 22:03:10,633 - ModelingPipeline - INFO - 앙상블에 추가: xgboost_undersampling
2025-06-28 22:03:11,108 - ModelingPipeline - INFO - 앙상블 모델 완료 - Test AUC: 0.8248, F1: 0.1628
2025-06-28 22:03:11,301 - ModelingPipeline - INFO - 앙상블 모델 저장: /Users/jojongho/KDT/P2_Default-invest/outputs/modeling_runs/default_modeling_run_20250628_215928/models/ensemble_model_model.joblib
2025-06-28 22:03:11,301 - ModelingPipeline - INFO - 시각화 생성 시작
2025-06-28 22:03:17,445 - ModelingPipeline - INFO - Train vs Test 비교 시각화 완료
2025-06-28 22:03:17,445 - ModelingPipeline - INFO - 시각화 생성 완료
2025-06-28 22:03:17,445 - ModelingPipeline - INFO - 결과 저장 시작
2025-06-28 22:03:17,446 - ModelingPipeline - INFO - logistic_regression_normal 모델 저장: /Users/jojongho/KDT/P2_Default-invest/outputs/modeling_runs/default_modeling_run_20250628_215928/models/logistic_regression_normal_model.joblib
2025-06-28 22:03:17,489 - ModelingPipeline - INFO - random_forest_normal 모델 저장: /Users/jojongho/KDT/P2_Default-invest/outputs/modeling_runs/default_modeling_run_20250628_215928/models/random_forest_normal_model.joblib
2025-06-28 22:03:17,492 - ModelingPipeline - INFO - xgboost_normal 모델 저장: /Users/jojongho/KDT/P2_Default-invest/outputs/modeling_runs/default_modeling_run_20250628_215928/models/xgboost_normal_model.joblib
2025-06-28 22:03:17,493 - ModelingPipeline - INFO - logistic_regression_smote 모델 저장: /Users/jojongho/KDT/P2_Default-invest/outputs/modeling_runs/default_modeling_run_20250628_215928/models/logistic_regression_smote_model.joblib
2025-06-28 22:03:17,538 - ModelingPipeline - INFO - random_forest_smote 모델 저장: /Users/jojongho/KDT/P2_Default-invest/outputs/modeling_runs/default_modeling_run_20250628_215928/models/random_forest_smote_model.joblib
2025-06-28 22:03:17,541 - ModelingPipeline - INFO - xgboost_smote 모델 저장: /Users/jojongho/KDT/P2_Default-invest/outputs/modeling_runs/default_modeling_run_20250628_215928/models/xgboost_smote_model.joblib
2025-06-28 22:03:17,542 - ModelingPipeline - INFO - logistic_regression_undersampling 모델 저장: /Users/jojongho/KDT/P2_Default-invest/outputs/modeling_runs/default_modeling_run_20250628_215928/models/logistic_regression_undersampling_model.joblib
2025-06-28 22:03:17,635 - ModelingPipeline - INFO - random_forest_undersampling 모델 저장: /Users/jojongho/KDT/P2_Default-invest/outputs/modeling_runs/default_modeling_run_20250628_215928/models/random_forest_undersampling_model.joblib
2025-06-28 22:03:17,637 - ModelingPipeline - INFO - xgboost_undersampling 모델 저장: /Users/jojongho/KDT/P2_Default-invest/outputs/modeling_runs/default_modeling_run_20250628_215928/models/xgboost_undersampling_model.joblib
2025-06-28 22:03:17,822 - ModelingPipeline - INFO - ensemble_model 모델 저장: /Users/jojongho/KDT/P2_Default-invest/outputs/modeling_runs/default_modeling_run_20250628_215928/models/ensemble_model_model.joblib
2025-06-28 22:03:18,196 - ModelingPipeline - INFO - 전체 결과 저장: /Users/jojongho/KDT/P2_Default-invest/outputs/modeling_runs/default_modeling_run_20250628_215928/results/modeling_results.json
2025-06-28 22:03:18,197 - ModelingPipeline - INFO - 설정 저장: /Users/jojongho/KDT/P2_Default-invest/outputs/modeling_runs/default_modeling_run_20250628_215928/modeling_config.json
2025-06-28 22:03:18,198 - ModelingPipeline - INFO - 실행 결과 요약:
2025-06-28 22:03:18,201 - ModelingPipeline - INFO - 
                 Model        Data_Type  Optimal_Threshold  CV_AUC  CV_AUC_Mean  CV_AP_Mean  CV_F1_Mean  Val_AUC  Val_F1  Test_AUC  Test_Precision  Test_Recall  Test_F1  Test_Balanced_Acc  Test_Average_Precision
0  logistic_regression           NORMAL             0.1461  0.1612       0.9253      0.2763      0.1612   0.9497  0.1852    0.8866          0.0510         0.25   0.0847             0.6180                  0.0639
1        random_forest           NORMAL             0.2401  0.2509       0.9363      0.3170      0.2472   0.9433  0.2469    0.8850          0.1148         0.35   0.1728             0.6710                  0.0976
2              xgboost           NORMAL             0.2970  0.3408       0.9358      0.2920      0.3605   0.9391  0.1667    0.8829          0.0490         0.50   0.0893             0.7355                  0.1812
3  logistic_regression            SMOTE             0.2820  0.2366       0.9234      0.2621      0.2366   0.9489  0.1947    0.9131          0.0583         0.30   0.0976             0.6427                  0.0643
4        random_forest            SMOTE             0.2351  0.3824       0.9354      0.3139      0.3686   0.9454  0.2326    0.8816          0.0698         0.45   0.1208             0.7160                  0.1120
5              xgboost            SMOTE             0.2740  0.3472       0.9279      0.2391      0.3362   0.9254  0.2105    0.8745          0.0529         0.50   0.0957             0.7366                  0.1116
6  logistic_regression    UNDERSAMPLING             0.2620  0.1725       0.9253      0.2697      0.1725   0.9494  0.2025    0.8926          0.0580         0.20   0.0899             0.5951                  0.0716
7        random_forest    UNDERSAMPLING             0.2980  0.3110       0.9349      0.3305      0.3007   0.9442  0.2469    0.9036          0.1356         0.40   0.2025             0.6962                  0.0916
8              xgboost    UNDERSAMPLING             0.1981  0.3583       0.9368      0.2618      0.3370   0.9451  0.1973    0.8835          0.0504         0.65   0.0935             0.8067                  0.1092
9             ensemble  COMBINED_MODELS             0.1500  0.3824       0.3824      0.0000      0.0000   0.8248  0.2157    0.8248          0.1061         0.35   0.1628             0.6706                  0.0692
2025-06-28 22:03:18,201 - ModelingPipeline - INFO - 요약 테이블 저장: /Users/jojongho/KDT/P2_Default-invest/outputs/modeling_runs/default_modeling_run_20250628_215928/results/summary_table.csv
2025-06-28 22:03:18,202 - ModelingPipeline - INFO - === 모델링 파이프라인 완료 ===
