2025-07-03 13:35:52,659 - ModelingPipeline - INFO - 모델링 파이프라인이 초기화되었습니다.
2025-07-03 13:35:52,659 - ModelingPipeline - INFO - 실행 이름: default_modeling_run_20250703_133552
2025-07-03 13:35:52,659 - ModelingPipeline - INFO - 출력 경로: /Users/jojongho/KDT/P2_Default-invest/outputs/modeling_runs/default_modeling_run_20250703_133552
2025-07-03 13:35:52,659 - ModelingPipeline - INFO - === 모델링 파이프라인 시작 ===
2025-07-03 13:35:52,659 - ModelingPipeline - INFO - 데이터 로드 시작
2025-07-03 13:35:52,659 - ModelingPipeline - INFO - 오버라이드된 데이터 경로 사용: data/final
2025-07-03 13:35:52,745 - ModelingPipeline - INFO - Train: (10905, 34), 부실비율: 0.72%
2025-07-03 13:35:52,745 - ModelingPipeline - INFO - Validation: (5461, 34), 부실비율: 0.77%
2025-07-03 13:35:52,746 - ModelingPipeline - INFO - Test: (5329, 34), 부실비율: 0.62%
2025-07-03 13:35:52,746 - ModelingPipeline - INFO - 모든 모델 실행 시작
2025-07-03 13:35:52,746 - ModelingPipeline - INFO - 활성화된 데이터 타입: ['normal']
2025-07-03 13:35:52,746 - ModelingPipeline - INFO - 활성화된 모델: ['logistic_regression', 'random_forest', 'xgboost']
2025-07-03 13:35:52,746 - ModelingPipeline - INFO - NORMAL 데이터 처리
2025-07-03 13:35:52,747 - ModelingPipeline - INFO - logistic_regression 최적화 시작 (NORMAL)
2025-07-03 13:35:52,747 - ModelingPipeline - INFO - Logistic Regression 클래스 불균형 가중치: class_weight=balanced
2025-07-03 13:35:52,747 - ModelingPipeline - INFO - 최적화 메트릭: F1
2025-07-03 13:35:52,754 - ModelingPipeline - INFO - 스케일링이 비활성화되어 있어 로그 변환도 건너뜁니다
2025-07-03 13:35:52,754 - ModelingPipeline - INFO - 스케일링이 비활성화되어 있습니다
2025-07-03 13:35:53,258 - ModelingPipeline - INFO -   Trial 1/10 - Current: 0.0000, Best: 0.0000
2025-07-03 13:36:11,397 - ModelingPipeline - INFO -   Trial 6/10 - Current: 0.0000, Best: 0.0290
2025-07-03 13:36:13,301 - ModelingPipeline - INFO -   Trial 10/10 - Current: 0.0000, Best: 0.0290
2025-07-03 13:36:13,397 - ModelingPipeline - INFO - 최적 AUC: 0.0290
2025-07-03 13:36:13,397 - ModelingPipeline - INFO - 최적 파라미터: {'C': 0.1648044642797898, 'max_iter': 5295, 'penalty': 'l2', 'solver': 'newton-cg', 'tol': 0.0001, 'class_weight': 'balanced'}
2025-07-03 13:36:13,397 - ModelingPipeline - INFO - CV 메트릭 계산 시작 (NORMAL)
2025-07-03 13:36:14,555 - ModelingPipeline - INFO - 최적화된 CV 완료: AUC=0.8003(±0.0643), AP=0.0654(±0.0607), F1=0.0619(±0.0183)
2025-07-03 13:36:14,556 - ModelingPipeline - INFO - CV 메트릭 계산 완료 - AUC: 0.8003, AP: 0.0654, F1: 0.0619
2025-07-03 13:36:14,556 - ModelingPipeline - INFO - random_forest 최적화 시작 (NORMAL)
2025-07-03 13:36:14,556 - ModelingPipeline - INFO - Random Forest 클래스 불균형 가중치: class_weight=balanced
2025-07-03 13:36:14,556 - ModelingPipeline - INFO - 최적화 메트릭: F1
2025-07-03 13:36:28,309 - ModelingPipeline - INFO -   Trial 1/10 - Current: 0.2200, Best: 0.2200
2025-07-03 13:37:46,317 - ModelingPipeline - INFO -   Trial 6/10 - Current: 0.2643, Best: 0.2643
2025-07-03 13:39:21,472 - ModelingPipeline - INFO -   Trial 10/10 - Current: 0.2348, Best: 0.2643
2025-07-03 13:39:24,534 - ModelingPipeline - INFO - 최적 AUC: 0.2643
2025-07-03 13:39:24,534 - ModelingPipeline - INFO - 최적 파라미터: {'n_estimators': 257, 'max_depth': 6, 'min_samples_split': 11, 'min_samples_leaf': 6, 'max_features': 0.14180537144799796, 'class_weight': 'balanced'}
2025-07-03 13:39:24,534 - ModelingPipeline - INFO - CV 메트릭 계산 시작 (NORMAL)
2025-07-03 13:39:35,256 - ModelingPipeline - INFO - 최적화된 CV 완료: AUC=0.9504(±0.0182), AP=0.2840(±0.1077), F1=0.2341(±0.0234)
2025-07-03 13:39:35,257 - ModelingPipeline - INFO - CV 메트릭 계산 완료 - AUC: 0.9504, AP: 0.2840, F1: 0.2341
2025-07-03 13:39:35,269 - ModelingPipeline - INFO - xgboost 최적화 시작 (NORMAL)
2025-07-03 13:39:35,269 - ModelingPipeline - INFO - XGBoost 클래스 불균형 처리: scale_pos_weight
2025-07-03 13:39:35,269 - ModelingPipeline - INFO - scale_pos_weight = 138.81 (설정: auto)
2025-07-03 13:39:35,269 - ModelingPipeline - INFO - 최적화 메트릭: F1
2025-07-03 13:39:47,519 - ModelingPipeline - INFO -   Trial 1/10 - Current: 0.3015, Best: 0.3015
2025-07-03 13:40:46,979 - ModelingPipeline - INFO -   Trial 6/10 - Current: 0.3172, Best: 0.3281
2025-07-03 13:41:26,790 - ModelingPipeline - INFO -   Trial 10/10 - Current: 0.3090, Best: 0.3308
2025-07-03 13:41:26,792 - ModelingPipeline - INFO - Using XGBoost ≥ 2.0 callbacks
2025-07-03 13:41:26,792 - ModelingPipeline - WARNING - Early stopping failed, using fallback: XGBClassifier.fit() got an unexpected keyword argument 'callbacks'
2025-07-03 13:41:27,122 - ModelingPipeline - INFO - 최적 AUC: 0.3308
2025-07-03 13:41:27,123 - ModelingPipeline - INFO - 최적 파라미터: {'n_estimators': 137, 'max_depth': 10, 'learning_rate': 0.2336641828915288, 'subsample': 0.9757995766256756, 'colsample_bytree': 0.9579309401710595, 'reg_alpha': 5.978999788110851, 'reg_lambda': 9.296868115208051, 'scale_pos_weight': np.float64(138.80769230769232)}
2025-07-03 13:41:27,123 - ModelingPipeline - INFO - CV 메트릭 계산 시작 (NORMAL)
2025-07-03 13:41:28,730 - ModelingPipeline - INFO - 최적화된 CV 완료: AUC=0.9513(±0.0162), AP=0.3078(±0.1106), F1=0.3158(±0.1145)
2025-07-03 13:41:28,731 - ModelingPipeline - INFO - CV 메트릭 계산 완료 - AUC: 0.9513, AP: 0.3078, F1: 0.3158
2025-07-03 13:41:28,732 - ModelingPipeline - INFO - 모든 모델 평가 및 Threshold 최적화
2025-07-03 13:41:28,732 - ModelingPipeline - INFO - 모델 평가 시작: normal__logistic_regression
2025-07-03 13:41:28,732 - ModelingPipeline - INFO - CV 메트릭 계산 시작 (NORMAL)
2025-07-03 13:41:29,906 - ModelingPipeline - INFO - 최적화된 CV 완료: AUC=0.8003(±0.0643), AP=0.0654(±0.0607), F1=0.0619(±0.0183)
2025-07-03 13:41:29,907 - ModelingPipeline - INFO - CV 메트릭 계산 완료 - AUC: 0.8003, AP: 0.0654, F1: 0.0619
2025-07-03 13:41:29,907 - ModelingPipeline - INFO - [normal__logistic_regression] Cross-Validation (Train): {'cv_auc_mean': 0.8002913651882227, 'cv_auc_std': 0.064301112526824, 'cv_average_precision_mean': 0.06538157506768486, 'cv_average_precision_std': 0.06072084249062875, 'cv_f1_mean': 0.061871812024185735, 'cv_f1_std': 0.018280995229006964}
2025-07-03 13:41:29,911 - ModelingPipeline - INFO - Optimal threshold found: 0.6349 (F1: 0.0548)
2025-07-03 13:41:29,916 - ModelingPipeline - INFO - [normal__logistic_regression] Validation (Optimal Threshold): F1=0.0548, Recall=0.0476
2025-07-03 13:41:29,927 - ModelingPipeline - INFO - [normal__logistic_regression] Test (Optimal Threshold=0.6349): F1=0.0000, Recall=0.0000
2025-07-03 13:41:29,927 - ModelingPipeline - INFO - [normal__logistic_regression] Test (Default Threshold=0.5): F1=0.0316, Recall=0.4242
2025-07-03 13:41:29,927 - ModelingPipeline - INFO - 모델 평가 완료: normal__logistic_regression
2025-07-03 13:41:29,927 - ModelingPipeline - INFO - 모델 평가 시작: normal__random_forest
2025-07-03 13:41:29,927 - ModelingPipeline - INFO - CV 메트릭 계산 시작 (NORMAL)
2025-07-03 13:41:40,801 - ModelingPipeline - INFO - 최적화된 CV 완료: AUC=0.9549(±0.0106), AP=0.2693(±0.0798), F1=0.2509(±0.0271)
2025-07-03 13:41:40,802 - ModelingPipeline - INFO - CV 메트릭 계산 완료 - AUC: 0.9549, AP: 0.2693, F1: 0.2509
2025-07-03 13:41:40,802 - ModelingPipeline - INFO - [normal__random_forest] Cross-Validation (Train): {'cv_auc_mean': 0.9548981370711329, 'cv_auc_std': 0.010593719827234385, 'cv_average_precision_mean': 0.2693441076783669, 'cv_average_precision_std': 0.07983241731321973, 'cv_f1_mean': 0.25088928911357156, 'cv_f1_std': 0.02706772710002784}
2025-07-03 13:41:40,861 - ModelingPipeline - INFO - Optimal threshold found: 0.7094 (F1: 0.2667)
2025-07-03 13:41:40,866 - ModelingPipeline - INFO - [normal__random_forest] Validation (Optimal Threshold): F1=0.2667, Recall=0.2381
2025-07-03 13:41:40,902 - ModelingPipeline - INFO - [normal__random_forest] Test (Optimal Threshold=0.7094): F1=0.3000, Recall=0.2727
2025-07-03 13:41:40,902 - ModelingPipeline - INFO - [normal__random_forest] Test (Default Threshold=0.5): F1=0.1949, Recall=0.5758
2025-07-03 13:41:40,903 - ModelingPipeline - INFO - 모델 평가 완료: normal__random_forest
2025-07-03 13:41:40,903 - ModelingPipeline - INFO - 모델 평가 시작: normal__xgboost
2025-07-03 13:41:40,903 - ModelingPipeline - INFO - CV 메트릭 계산 시작 (NORMAL)
2025-07-03 13:41:42,512 - ModelingPipeline - INFO - 최적화된 CV 완료: AUC=0.9513(±0.0162), AP=0.3078(±0.1106), F1=0.3158(±0.1145)
2025-07-03 13:41:42,513 - ModelingPipeline - INFO - CV 메트릭 계산 완료 - AUC: 0.9513, AP: 0.3078, F1: 0.3158
2025-07-03 13:41:42,513 - ModelingPipeline - INFO - [normal__xgboost] Cross-Validation (Train): {'cv_auc_mean': 0.9512899900982147, 'cv_auc_std': 0.016244986219344244, 'cv_average_precision_mean': 0.3077520722496989, 'cv_average_precision_std': 0.11055224943901366, 'cv_f1_mean': 0.3158333333333333, 'cv_f1_std': 0.11451588924201257}
2025-07-03 13:41:42,521 - ModelingPipeline - INFO - Optimal threshold found: 0.3603 (F1: 0.4086)
2025-07-03 13:41:42,525 - ModelingPipeline - INFO - [normal__xgboost] Validation (Optimal Threshold): F1=0.4086, Recall=0.4524
2025-07-03 13:41:42,534 - ModelingPipeline - INFO - [normal__xgboost] Test (Optimal Threshold=0.3603): F1=0.2796, Recall=0.3939
2025-07-03 13:41:42,534 - ModelingPipeline - INFO - [normal__xgboost] Test (Default Threshold=0.5): F1=0.3200, Recall=0.3636
2025-07-03 13:41:42,535 - ModelingPipeline - INFO - 모델 평가 완료: normal__xgboost
2025-07-03 13:41:42,535 - ModelingPipeline - INFO - 앙상블 모델 실행 시작
2025-07-03 13:41:42,537 - ModelingPipeline - INFO - 앙상블에 추가: normal__logistic_regression
2025-07-03 13:41:42,537 - ModelingPipeline - INFO - 앙상블에 추가: normal__random_forest
2025-07-03 13:41:42,537 - ModelingPipeline - INFO - 앙상블에 추가: normal__xgboost
2025-07-03 13:41:42,677 - ModelingPipeline - INFO - 앙상블 모델 완료 - Test AUC: 0.9442, F1: 0.2574
2025-07-03 13:41:42,717 - ModelingPipeline - INFO - 앙상블 모델 저장: /Users/jojongho/KDT/P2_Default-invest/outputs/modeling_runs/default_modeling_run_20250703_133552/models/combined_models__ensemble_model.joblib
2025-07-03 13:41:42,717 - ModelingPipeline - INFO - 시각화 생성 시작
2025-07-03 13:41:43,063 - ModelingPipeline - INFO - ROC 곡선 저장 완료: /Users/jojongho/KDT/P2_Default-invest/outputs/modeling_runs/default_modeling_run_20250703_133552/visualizations/roc_curves_comparison.png
2025-07-03 13:41:43,331 - ModelingPipeline - INFO - PR 곡선 저장 완료: /Users/jojongho/KDT/P2_Default-invest/outputs/modeling_runs/default_modeling_run_20250703_133552/visualizations/pr_curves_comparison.png
2025-07-03 13:41:43,785 - ModelingPipeline - INFO - 성능 비교 차트 저장 완료: /Users/jojongho/KDT/P2_Default-invest/outputs/modeling_runs/default_modeling_run_20250703_133552/visualizations/performance_comparison.png
2025-07-03 13:41:43,785 - ModelingPipeline - INFO - 특성 중요도를 시각화할 tree 기반 모델이 없습니다.
2025-07-03 13:41:43,785 - ModelingPipeline - INFO - Threshold 분석을 위한 유효한 모델이 없습니다.
2025-07-03 13:41:43,785 - ModelingPipeline - INFO - Train vs Test 비교를 위한 모델이 없습니다.
2025-07-03 13:41:44,185 - ModelingPipeline - INFO - 앙상블 가중치 차트 저장 완료: /Users/jojongho/KDT/P2_Default-invest/outputs/modeling_runs/default_modeling_run_20250703_133552/visualizations/ensemble_weights.png
2025-07-03 13:41:44,185 - ModelingPipeline - INFO - 시각화 생성 완료
2025-07-03 13:41:44,185 - ModelingPipeline - INFO - 결과 저장 시작
2025-07-03 13:41:44,186 - ModelingPipeline - INFO - normal__logistic_regression 모델 저장: /Users/jojongho/KDT/P2_Default-invest/outputs/modeling_runs/default_modeling_run_20250703_133552/models/normal__logistic_regression_model.joblib
2025-07-03 13:41:44,220 - ModelingPipeline - INFO - normal__random_forest 모델 저장: /Users/jojongho/KDT/P2_Default-invest/outputs/modeling_runs/default_modeling_run_20250703_133552/models/normal__random_forest_model.joblib
2025-07-03 13:41:44,222 - ModelingPipeline - INFO - normal__xgboost 모델 저장: /Users/jojongho/KDT/P2_Default-invest/outputs/modeling_runs/default_modeling_run_20250703_133552/models/normal__xgboost_model.joblib
2025-07-03 13:41:44,258 - ModelingPipeline - INFO - combined_models__ensemble 모델 저장: /Users/jojongho/KDT/P2_Default-invest/outputs/modeling_runs/default_modeling_run_20250703_133552/models/combined_models__ensemble_model.joblib
2025-07-03 13:41:44,306 - ModelingPipeline - INFO - 전체 결과 저장: /Users/jojongho/KDT/P2_Default-invest/outputs/modeling_runs/default_modeling_run_20250703_133552/results/modeling_results.json
2025-07-03 13:41:44,307 - ModelingPipeline - INFO - 설정 저장: /Users/jojongho/KDT/P2_Default-invest/outputs/modeling_runs/default_modeling_run_20250703_133552/modeling_config.json
2025-07-03 13:41:44,308 - ModelingPipeline - INFO - 실행 결과 요약:
2025-07-03 13:41:44,310 - ModelingPipeline - INFO - 
                 Model        Data_Type  Optimal_Threshold  CV_AUC  CV_AUC_Mean  CV_AP_Mean  CV_F1_Mean  Val_AUC  Val_F1  Test_AUC  Test_Precision  Test_Recall  Test_F1  Test_Balanced_Acc  Test_Average_Precision
0  logistic_regression           NORMAL               0.50       0            0           0           0   0.0000  0.0000    0.7473          0.0000       0.0000   0.0000             0.4972                  0.0000
1        random_forest           NORMAL               0.50       0            0           0           0   0.0000  0.0000    0.9388          0.3333       0.2727   0.3000             0.6347                  0.0000
2              xgboost           NORMAL               0.50       0            0           0           0   0.0000  0.0000    0.9260          0.2167       0.3939   0.2796             0.6925                  0.0000
3             ensemble  COMBINED_MODELS               0.45       0            0           0           0   0.9442  0.3738    0.0000          0.0000       0.0000   0.0000             0.0000                  0.2179
2025-07-03 13:41:44,310 - ModelingPipeline - INFO - 요약 테이블 저장: /Users/jojongho/KDT/P2_Default-invest/outputs/modeling_runs/default_modeling_run_20250703_133552/results/summary_table.csv
2025-07-03 13:41:44,310 - ModelingPipeline - INFO - === 모델링 파이프라인 완료 ===
