2025-07-01 09:41:38,101 - ModelingPipeline - INFO - 모델링 파이프라인이 초기화되었습니다.
2025-07-01 09:41:38,101 - ModelingPipeline - INFO - 실행 이름: default_modeling_run_20250701_094138
2025-07-01 09:41:38,101 - ModelingPipeline - INFO - 출력 경로: /Users/jojongho/KDT/P2_Default-invest/outputs/modeling_runs/default_modeling_run_20250701_094138
2025-07-01 09:41:38,101 - ModelingPipeline - INFO - === 모델링 파이프라인 시작 ===
2025-07-01 09:41:38,101 - ModelingPipeline - INFO - 데이터 로드 시작
2025-07-01 09:41:38,101 - ModelingPipeline - INFO - 오버라이드된 데이터 경로 사용: data/final
2025-07-01 09:41:38,153 - ModelingPipeline - INFO - Train: (17263, 43), 부실비율: 0.76%
2025-07-01 09:41:38,153 - ModelingPipeline - INFO - Validation: (2225, 43), 부실비율: 0.40%
2025-07-01 09:41:38,153 - ModelingPipeline - INFO - Test: (2197, 43), 부실비율: 0.55%
2025-07-01 09:41:38,154 - ModelingPipeline - INFO - 모든 모델 실행 시작
2025-07-01 09:41:38,154 - ModelingPipeline - INFO - 특성 선택 방법: LOGISTIC_REGRESSION_CV (NORMAL)
2025-07-01 09:42:14,085 - ModelingPipeline - INFO - 최적 C: 0.100000
2025-07-01 09:42:14,085 - ModelingPipeline - INFO - CV 점수: 0.0877 (±0.0815)
2025-07-01 09:42:14,091 - ModelingPipeline - INFO - 선택된 특성: 19/43
2025-07-01 09:42:14,092 - ModelingPipeline - INFO - 활성화된 데이터 타입: ['normal', 'smote', 'undersampling', 'combined']
2025-07-01 09:42:14,092 - ModelingPipeline - INFO - 활성화된 모델: ['logistic_regression', 'random_forest', 'xgboost']
2025-07-01 09:42:14,092 - ModelingPipeline - INFO - NORMAL 데이터 처리
2025-07-01 09:42:14,093 - ModelingPipeline - INFO - logistic_regression 최적화 시작 (NORMAL)
2025-07-01 09:42:14,093 - ModelingPipeline - INFO - Logistic Regression 클래스 불균형 가중치: class_weight=None
2025-07-01 09:42:14,093 - ModelingPipeline - INFO - 최적화 메트릭: F1
2025-07-01 09:42:14,272 - ModelingPipeline - INFO - Trial 1/20 - Current: 0.0152, Best: 0.0152
2025-07-01 09:42:15,262 - ModelingPipeline - INFO - Trial 6/20 - Current: 0.0152, Best: 0.0160
2025-07-01 09:42:16,109 - ModelingPipeline - INFO - Trial 11/20 - Current: 0.0143, Best: 0.0160
2025-07-01 09:42:16,899 - ModelingPipeline - INFO - Trial 16/20 - Current: 0.0266, Best: 0.0944
2025-07-01 09:42:17,622 - ModelingPipeline - INFO - Trial 20/20 - Current: 0.0153, Best: 0.1031
2025-07-01 09:42:17,659 - ModelingPipeline - INFO - 최적 AUC: 0.1031
2025-07-01 09:42:17,659 - ModelingPipeline - INFO - 최적 파라미터: {'C': 0.027620098217843548, 'max_iter': 9213, 'penalty': 'l2', 'solver': 'lbfgs', 'tol': 0.0001, 'class_weight': None}
2025-07-01 09:42:17,660 - ModelingPipeline - INFO - CV 메트릭 계산 시작 (NORMAL)
2025-07-01 09:42:17,820 - ModelingPipeline - INFO - 최적화된 CV 완료: AUC=0.8495(±0.0537), AP=0.1001(±0.0617), F1=0.1031(±0.0457)
2025-07-01 09:42:17,820 - ModelingPipeline - INFO - CV 메트릭 계산 완료 - AUC: 0.8495, AP: 0.1001, F1: 0.1031
2025-07-01 09:42:17,820 - ModelingPipeline - INFO - random_forest 최적화 시작 (NORMAL)
2025-07-01 09:42:17,820 - ModelingPipeline - INFO - Random Forest 클래스 불균형 가중치: class_weight=None
2025-07-01 09:42:17,820 - ModelingPipeline - INFO - 최적화 메트릭: F1
2025-07-01 09:42:25,728 - ModelingPipeline - INFO - Trial 1/20 - Current: 0.0000, Best: 0.0000
2025-07-01 09:43:05,548 - ModelingPipeline - INFO - Trial 6/20 - Current: 0.0000, Best: 0.0000
2025-07-01 09:44:23,705 - ModelingPipeline - INFO - Trial 11/20 - Current: 0.0000, Best: 0.0000
2025-07-01 09:46:34,893 - ModelingPipeline - INFO - Trial 16/20 - Current: 0.0000, Best: 0.0000
2025-07-01 09:47:21,800 - ModelingPipeline - INFO - Trial 20/20 - Current: 0.0000, Best: 0.0000
2025-07-01 09:47:35,665 - ModelingPipeline - INFO - 최적 AUC: 0.0000
2025-07-01 09:47:35,665 - ModelingPipeline - INFO - 최적 파라미터: {'n_estimators': 500, 'max_depth': 20, 'min_samples_split': 15, 'min_samples_leaf': 6, 'max_features': 0.24041677639819287, 'class_weight': None}
2025-07-01 09:47:35,666 - ModelingPipeline - INFO - CV 메트릭 계산 시작 (NORMAL)
2025-07-01 09:48:28,813 - ModelingPipeline - INFO - 최적화된 CV 완료: AUC=0.8070(±0.0727), AP=0.0995(±0.0290), F1=0.0000(±0.0000)
2025-07-01 09:48:28,815 - ModelingPipeline - INFO - CV 메트릭 계산 완료 - AUC: 0.8070, AP: 0.0995, F1: 0.0000
2025-07-01 09:48:28,839 - ModelingPipeline - INFO - xgboost 최적화 시작 (NORMAL)
2025-07-01 09:48:28,840 - ModelingPipeline - INFO - XGBoost 클래스 불균형 처리: scale_pos_weight
2025-07-01 09:48:28,840 - ModelingPipeline - INFO - scale_pos_weight = 129.78 (설정: auto)
2025-07-01 09:48:28,840 - ModelingPipeline - INFO - 최적화 메트릭: F1
2025-07-01 09:48:32,399 - ModelingPipeline - INFO - Trial 1/20 - Current: 0.0148, Best: 0.0148
2025-07-01 09:48:52,247 - ModelingPipeline - INFO - Trial 6/20 - Current: 0.0229, Best: 0.0561
2025-07-01 09:49:07,876 - ModelingPipeline - INFO - Trial 11/20 - Current: 0.0143, Best: 0.1529
2025-07-01 09:49:24,699 - ModelingPipeline - INFO - Trial 16/20 - Current: 0.0229, Best: 0.1529
2025-07-01 09:49:37,843 - ModelingPipeline - INFO - Trial 20/20 - Current: 0.0440, Best: 0.1529
2025-07-01 09:49:38,262 - ModelingPipeline - INFO - 최적 AUC: 0.1529
2025-07-01 09:49:38,262 - ModelingPipeline - INFO - 최적 파라미터: {'n_estimators': 253, 'max_depth': 4, 'learning_rate': 0.018342050228608728, 'subsample': 0.7301321323053057, 'colsample_bytree': 0.7554709158757927, 'reg_alpha': 2.713490317738959, 'reg_lambda': 8.458637582367365, 'scale_pos_weight': np.float64(129.78030303030303)}
2025-07-01 09:49:38,262 - ModelingPipeline - INFO - CV 메트릭 계산 시작 (NORMAL)
2025-07-01 09:49:40,357 - ModelingPipeline - INFO - 최적화된 CV 완료: AUC=0.8504(±0.0957), AP=0.1176(±0.0453), F1=0.1333(±0.0882)
2025-07-01 09:49:40,357 - ModelingPipeline - INFO - CV 메트릭 계산 완료 - AUC: 0.8504, AP: 0.1176, F1: 0.1333
2025-07-01 09:49:40,358 - ModelingPipeline - INFO - SMOTE 데이터 처리
2025-07-01 09:49:40,359 - ModelingPipeline - INFO - logistic_regression 최적화 시작 (SMOTE)
2025-07-01 09:49:40,359 - ModelingPipeline - INFO - Logistic Regression 클래스 불균형 가중치: class_weight=None
2025-07-01 09:49:40,359 - ModelingPipeline - INFO - 최적화 메트릭: F1
2025-07-01 09:49:40,745 - ModelingPipeline - INFO - Trial 1/20 - Current: 0.0157, Best: 0.0157
2025-07-01 09:49:42,211 - ModelingPipeline - INFO - Trial 6/20 - Current: 0.0157, Best: 0.0165
2025-07-01 09:49:43,510 - ModelingPipeline - INFO - Trial 11/20 - Current: 0.0167, Best: 0.0167
2025-07-01 09:49:45,026 - ModelingPipeline - INFO - Trial 16/20 - Current: 0.0178, Best: 0.0478
2025-07-01 09:49:46,188 - ModelingPipeline - INFO - Trial 20/20 - Current: 0.0160, Best: 0.0478
2025-07-01 09:49:46,351 - ModelingPipeline - INFO - 최적 AUC: 0.0478
2025-07-01 09:49:46,351 - ModelingPipeline - INFO - 최적 파라미터: {'C': 0.010819426002640657, 'max_iter': 7499, 'penalty': 'l2', 'solver': 'lbfgs', 'tol': 0.0001, 'class_weight': None}
2025-07-01 09:49:46,352 - ModelingPipeline - INFO - CV 메트릭 계산 시작 (SMOTE)
2025-07-01 09:49:46,640 - ModelingPipeline - INFO - 최적화된 CV 완료: AUC=0.8181(±0.0505), AP=0.1351(±0.0918), F1=0.0478(±0.0416)
2025-07-01 09:49:46,641 - ModelingPipeline - INFO - CV 메트릭 계산 완료 - AUC: 0.8181, AP: 0.1351, F1: 0.0478
2025-07-01 09:49:46,641 - ModelingPipeline - INFO - random_forest 최적화 시작 (SMOTE)
2025-07-01 09:49:46,641 - ModelingPipeline - INFO - Random Forest 클래스 불균형 가중치: class_weight=None
2025-07-01 09:49:46,641 - ModelingPipeline - INFO - 최적화 메트릭: F1
2025-07-01 09:49:56,136 - ModelingPipeline - INFO - Trial 1/20 - Current: 0.0000, Best: 0.0000
2025-07-01 09:50:39,301 - ModelingPipeline - INFO - Trial 6/20 - Current: 0.0000, Best: 0.0000
2025-07-01 09:52:04,816 - ModelingPipeline - INFO - Trial 11/20 - Current: 0.0000, Best: 0.0000
2025-07-01 09:54:37,905 - ModelingPipeline - INFO - Trial 16/20 - Current: 0.0000, Best: 0.0000
2025-07-01 09:55:36,489 - ModelingPipeline - INFO - Trial 20/20 - Current: 0.0000, Best: 0.0000
2025-07-01 09:55:53,488 - ModelingPipeline - INFO - 최적 AUC: 0.0000
2025-07-01 09:55:53,488 - ModelingPipeline - INFO - 최적 파라미터: {'n_estimators': 500, 'max_depth': 20, 'min_samples_split': 15, 'min_samples_leaf': 6, 'max_features': 0.24041677639819287, 'class_weight': None}
2025-07-01 09:55:53,489 - ModelingPipeline - INFO - CV 메트릭 계산 시작 (SMOTE)
2025-07-01 09:56:59,816 - ModelingPipeline - INFO - 최적화된 CV 완료: AUC=0.8289(±0.0791), AP=0.0979(±0.0442), F1=0.0000(±0.0000)
2025-07-01 09:56:59,818 - ModelingPipeline - INFO - CV 메트릭 계산 완료 - AUC: 0.8289, AP: 0.0979, F1: 0.0000
2025-07-01 09:56:59,844 - ModelingPipeline - INFO - xgboost 최적화 시작 (SMOTE)
2025-07-01 09:56:59,845 - ModelingPipeline - INFO - XGBoost 클래스 불균형 처리: scale_pos_weight
2025-07-01 09:56:59,845 - ModelingPipeline - INFO - scale_pos_weight = 129.78 (설정: auto)
2025-07-01 09:56:59,845 - ModelingPipeline - INFO - 최적화 메트릭: F1
2025-07-01 09:57:04,181 - ModelingPipeline - INFO - Trial 1/20 - Current: 0.0000, Best: 0.0000
2025-07-01 09:57:26,723 - ModelingPipeline - INFO - Trial 6/20 - Current: 0.0000, Best: 0.0908
2025-07-01 09:57:45,684 - ModelingPipeline - INFO - Trial 11/20 - Current: 0.0308, Best: 0.1304
2025-07-01 09:58:12,384 - ModelingPipeline - INFO - Trial 16/20 - Current: 0.0778, Best: 0.1547
2025-07-01 09:58:38,831 - ModelingPipeline - INFO - Trial 20/20 - Current: 0.0674, Best: 0.1547
2025-07-01 09:58:39,714 - ModelingPipeline - INFO - 최적 AUC: 0.1547
2025-07-01 09:58:39,714 - ModelingPipeline - INFO - 최적 파라미터: {'n_estimators': 614, 'max_depth': 3, 'learning_rate': 0.012193229652850723, 'subsample': 0.6948420730931092, 'colsample_bytree': 0.6888304787762203, 'reg_alpha': 7.321861704297194, 'reg_lambda': 7.407800219920706, 'scale_pos_weight': np.float64(129.78030303030303)}
2025-07-01 09:58:39,715 - ModelingPipeline - INFO - CV 메트릭 계산 시작 (SMOTE)
2025-07-01 09:58:44,111 - ModelingPipeline - INFO - 최적화된 CV 완료: AUC=0.8483(±0.1113), AP=0.1157(±0.0456), F1=0.1304(±0.0836)
2025-07-01 09:58:44,111 - ModelingPipeline - INFO - CV 메트릭 계산 완료 - AUC: 0.8483, AP: 0.1157, F1: 0.1304
2025-07-01 09:58:44,112 - ModelingPipeline - INFO - UNDERSAMPLING 데이터 처리
2025-07-01 09:58:44,113 - ModelingPipeline - INFO - logistic_regression 최적화 시작 (UNDERSAMPLING)
2025-07-01 09:58:44,113 - ModelingPipeline - INFO - Logistic Regression 클래스 불균형 가중치: class_weight=None
2025-07-01 09:58:44,113 - ModelingPipeline - INFO - 최적화 메트릭: F1
2025-07-01 09:58:44,694 - ModelingPipeline - INFO - Trial 1/20 - Current: 0.0152, Best: 0.0152
2025-07-01 09:58:47,789 - ModelingPipeline - INFO - Trial 6/20 - Current: 0.0152, Best: 0.0161
2025-07-01 09:58:50,764 - ModelingPipeline - INFO - Trial 11/20 - Current: 0.0143, Best: 0.0161
2025-07-01 09:58:53,638 - ModelingPipeline - INFO - Trial 16/20 - Current: 0.0268, Best: 0.1069
2025-07-01 09:58:55,966 - ModelingPipeline - INFO - Trial 20/20 - Current: 0.0156, Best: 0.1243
2025-07-01 09:58:56,155 - ModelingPipeline - INFO - 최적 AUC: 0.1243
2025-07-01 09:58:56,155 - ModelingPipeline - INFO - 최적 파라미터: {'C': 0.027620098217843548, 'max_iter': 9213, 'penalty': 'l2', 'solver': 'lbfgs', 'tol': 0.0001, 'class_weight': None}
2025-07-01 09:58:56,156 - ModelingPipeline - INFO - CV 메트릭 계산 시작 (UNDERSAMPLING)
2025-07-01 09:58:56,748 - ModelingPipeline - INFO - 최적화된 CV 완료: AUC=0.8510(±0.0520), AP=0.1009(±0.0691), F1=0.1243(±0.0590)
2025-07-01 09:58:56,748 - ModelingPipeline - INFO - CV 메트릭 계산 완료 - AUC: 0.8510, AP: 0.1009, F1: 0.1243
2025-07-01 09:58:56,748 - ModelingPipeline - INFO - random_forest 최적화 시작 (UNDERSAMPLING)
2025-07-01 09:58:56,748 - ModelingPipeline - INFO - Random Forest 클래스 불균형 가중치: class_weight=None
2025-07-01 09:58:56,748 - ModelingPipeline - INFO - 최적화 메트릭: F1
2025-07-01 09:59:06,229 - ModelingPipeline - INFO - Trial 1/20 - Current: 0.0000, Best: 0.0000
2025-07-01 09:59:50,090 - ModelingPipeline - INFO - Trial 6/20 - Current: 0.0000, Best: 0.0000
2025-07-01 10:01:14,202 - ModelingPipeline - INFO - Trial 11/20 - Current: 0.0000, Best: 0.0000
2025-07-01 10:03:33,189 - ModelingPipeline - INFO - Trial 16/20 - Current: 0.0000, Best: 0.0000
2025-07-01 10:04:26,405 - ModelingPipeline - INFO - Trial 20/20 - Current: 0.0000, Best: 0.0000
2025-07-01 10:04:40,918 - ModelingPipeline - INFO - 최적 AUC: 0.0000
2025-07-01 10:04:40,918 - ModelingPipeline - INFO - 최적 파라미터: {'n_estimators': 500, 'max_depth': 20, 'min_samples_split': 15, 'min_samples_leaf': 6, 'max_features': 0.24041677639819287, 'class_weight': None}
2025-07-01 10:04:40,919 - ModelingPipeline - INFO - CV 메트릭 계산 시작 (UNDERSAMPLING)
2025-07-01 10:05:37,533 - ModelingPipeline - INFO - 최적화된 CV 완료: AUC=0.7972(±0.0867), AP=0.0955(±0.0407), F1=0.0000(±0.0000)
2025-07-01 10:05:37,534 - ModelingPipeline - INFO - CV 메트릭 계산 완료 - AUC: 0.7972, AP: 0.0955, F1: 0.0000
2025-07-01 10:05:37,563 - ModelingPipeline - INFO - xgboost 최적화 시작 (UNDERSAMPLING)
2025-07-01 10:05:37,563 - ModelingPipeline - INFO - XGBoost 클래스 불균형 처리: scale_pos_weight
2025-07-01 10:05:37,564 - ModelingPipeline - INFO - scale_pos_weight = 129.78 (설정: auto)
2025-07-01 10:05:37,564 - ModelingPipeline - INFO - 최적화 메트릭: F1
2025-07-01 10:05:41,838 - ModelingPipeline - INFO - Trial 1/20 - Current: 0.0000, Best: 0.0000
2025-07-01 10:06:06,004 - ModelingPipeline - INFO - Trial 6/20 - Current: 0.0133, Best: 0.0513
2025-07-01 10:06:26,218 - ModelingPipeline - INFO - Trial 11/20 - Current: 0.0218, Best: 0.1284
2025-07-01 10:06:53,444 - ModelingPipeline - INFO - Trial 16/20 - Current: 0.0468, Best: 0.1531
2025-07-01 10:07:18,031 - ModelingPipeline - INFO - Trial 20/20 - Current: 0.0396, Best: 0.1531
2025-07-01 10:07:18,933 - ModelingPipeline - INFO - 최적 AUC: 0.1531
2025-07-01 10:07:18,933 - ModelingPipeline - INFO - 최적 파라미터: {'n_estimators': 583, 'max_depth': 3, 'learning_rate': 0.007000422363423173, 'subsample': 0.7123043816958816, 'colsample_bytree': 0.6027764245791418, 'reg_alpha': 9.247617959939166, 'reg_lambda': 8.673016699722075, 'scale_pos_weight': np.float64(129.78030303030303)}
2025-07-01 10:07:18,934 - ModelingPipeline - INFO - CV 메트릭 계산 시작 (UNDERSAMPLING)
2025-07-01 10:07:23,184 - ModelingPipeline - INFO - 최적화된 CV 완료: AUC=0.8892(±0.0468), AP=0.1047(±0.0344), F1=0.1456(±0.0781)
2025-07-01 10:07:23,185 - ModelingPipeline - INFO - CV 메트릭 계산 완료 - AUC: 0.8892, AP: 0.1047, F1: 0.1456
2025-07-01 10:07:23,185 - ModelingPipeline - INFO - COMBINED 데이터 처리
2025-07-01 10:07:23,187 - ModelingPipeline - INFO - logistic_regression 최적화 시작 (COMBINED)
2025-07-01 10:07:23,187 - ModelingPipeline - INFO - Logistic Regression 클래스 불균형 가중치: class_weight=None
2025-07-01 10:07:23,187 - ModelingPipeline - INFO - 최적화 메트릭: F1
2025-07-01 10:07:23,778 - ModelingPipeline - INFO - Trial 1/20 - Current: 0.0155, Best: 0.0155
2025-07-01 10:07:27,130 - ModelingPipeline - INFO - Trial 6/20 - Current: 0.0155, Best: 0.0161
2025-07-01 10:07:30,071 - ModelingPipeline - INFO - Trial 11/20 - Current: 0.0717, Best: 0.0717
2025-07-01 10:07:33,137 - ModelingPipeline - INFO - Trial 16/20 - Current: 0.0166, Best: 0.1125
2025-07-01 10:07:35,782 - ModelingPipeline - INFO - Trial 20/20 - Current: 0.0158, Best: 0.1125
2025-07-01 10:07:36,077 - ModelingPipeline - INFO - 최적 AUC: 0.1125
2025-07-01 10:07:36,077 - ModelingPipeline - INFO - 최적 파라미터: {'C': 0.010819426002640657, 'max_iter': 7499, 'penalty': 'l2', 'solver': 'lbfgs', 'tol': 0.0001, 'class_weight': None}
2025-07-01 10:07:36,078 - ModelingPipeline - INFO - CV 메트릭 계산 시작 (COMBINED)
2025-07-01 10:07:36,688 - ModelingPipeline - INFO - 최적화된 CV 완료: AUC=0.8224(±0.0509), AP=0.1403(±0.0970), F1=0.1125(±0.0902)
2025-07-01 10:07:36,688 - ModelingPipeline - INFO - CV 메트릭 계산 완료 - AUC: 0.8224, AP: 0.1403, F1: 0.1125
2025-07-01 10:07:36,688 - ModelingPipeline - INFO - random_forest 최적화 시작 (COMBINED)
2025-07-01 10:07:36,688 - ModelingPipeline - INFO - Random Forest 클래스 불균형 가중치: class_weight=None
2025-07-01 10:07:36,688 - ModelingPipeline - INFO - 최적화 메트릭: F1
2025-07-01 10:07:45,470 - ModelingPipeline - INFO - Trial 1/20 - Current: 0.0000, Best: 0.0000
2025-07-01 10:08:28,693 - ModelingPipeline - INFO - Trial 6/20 - Current: 0.0000, Best: 0.0000
2025-07-01 10:09:49,896 - ModelingPipeline - INFO - Trial 11/20 - Current: 0.0000, Best: 0.0000
2025-07-01 10:12:13,819 - ModelingPipeline - INFO - Trial 16/20 - Current: 0.0000, Best: 0.0000
2025-07-01 10:13:08,173 - ModelingPipeline - INFO - Trial 20/20 - Current: 0.0000, Best: 0.0000
2025-07-01 10:13:23,626 - ModelingPipeline - INFO - 최적 AUC: 0.0000
2025-07-01 10:13:23,627 - ModelingPipeline - INFO - 최적 파라미터: {'n_estimators': 500, 'max_depth': 20, 'min_samples_split': 15, 'min_samples_leaf': 6, 'max_features': 0.24041677639819287, 'class_weight': None}
2025-07-01 10:13:23,628 - ModelingPipeline - INFO - CV 메트릭 계산 시작 (COMBINED)
2025-07-01 10:14:24,806 - ModelingPipeline - INFO - 최적화된 CV 완료: AUC=0.8424(±0.0467), AP=0.1148(±0.0452), F1=0.0000(±0.0000)
2025-07-01 10:14:24,809 - ModelingPipeline - INFO - CV 메트릭 계산 완료 - AUC: 0.8424, AP: 0.1148, F1: 0.0000
2025-07-01 10:14:24,833 - ModelingPipeline - INFO - xgboost 최적화 시작 (COMBINED)
2025-07-01 10:14:24,834 - ModelingPipeline - INFO - XGBoost 클래스 불균형 처리: scale_pos_weight
2025-07-01 10:14:24,834 - ModelingPipeline - INFO - scale_pos_weight = 129.78 (설정: auto)
2025-07-01 10:14:24,834 - ModelingPipeline - INFO - 최적화 메트릭: F1
2025-07-01 10:14:29,633 - ModelingPipeline - INFO - Trial 1/20 - Current: 0.0000, Best: 0.0000
2025-07-01 10:14:53,646 - ModelingPipeline - INFO - Trial 6/20 - Current: 0.0129, Best: 0.0767
2025-07-01 10:15:13,987 - ModelingPipeline - INFO - Trial 11/20 - Current: 0.0333, Best: 0.1269
2025-07-01 10:15:45,991 - ModelingPipeline - INFO - Trial 16/20 - Current: 0.0125, Best: 0.1269
2025-07-01 10:16:04,384 - ModelingPipeline - INFO - Trial 20/20 - Current: 0.0000, Best: 0.1269
2025-07-01 10:16:05,041 - ModelingPipeline - INFO - 최적 AUC: 0.1269
2025-07-01 10:16:05,041 - ModelingPipeline - INFO - 최적 파라미터: {'n_estimators': 253, 'max_depth': 4, 'learning_rate': 0.018342050228608728, 'subsample': 0.7301321323053057, 'colsample_bytree': 0.7554709158757927, 'reg_alpha': 2.713490317738959, 'reg_lambda': 8.458637582367365, 'scale_pos_weight': np.float64(129.78030303030303)}
2025-07-01 10:16:05,042 - ModelingPipeline - INFO - CV 메트릭 계산 시작 (COMBINED)
2025-07-01 10:16:07,970 - ModelingPipeline - INFO - 최적화된 CV 완료: AUC=0.8552(±0.0972), AP=0.1148(±0.0409), F1=0.1190(±0.0680)
2025-07-01 10:16:07,971 - ModelingPipeline - INFO - CV 메트릭 계산 완료 - AUC: 0.8552, AP: 0.1148, F1: 0.1190
2025-07-01 10:16:07,971 - ModelingPipeline - INFO - 모든 모델 평가 및 Threshold 최적화
2025-07-01 10:16:07,993 - ModelingPipeline - INFO - logistic_regression_normal 최적 Threshold 탐색
2025-07-01 10:16:07,993 - ModelingPipeline - INFO - 임계값 범위: 0.0008 ~ 0.5000 (3000개 점)
2025-07-01 10:16:15,013 - ModelingPipeline - INFO - 최종 선택: 0.500 (F1: 0.0139)
2025-07-01 10:16:15,031 - ModelingPipeline - INFO - logistic_regression_normal 최종 평가 (Threshold: 0.500):
2025-07-01 10:16:15,031 - ModelingPipeline - INFO - 검증 - AUC: 0.7944, F1: 0.0139
2025-07-01 10:16:15,031 - ModelingPipeline - INFO - 테스트 - AUC: 0.9302, F1: 0.0225
2025-07-01 10:16:15,082 - ModelingPipeline - INFO - random_forest_normal 최적 Threshold 탐색
2025-07-01 10:16:15,082 - ModelingPipeline - INFO - 임계값 범위: 0.0008 ~ 0.5000 (3000개 점)
2025-07-01 10:16:21,218 - ModelingPipeline - INFO - 최종 선택: 0.499 (F1: 0.0690)
2025-07-01 10:16:21,450 - ModelingPipeline - INFO - random_forest_normal 최종 평가 (Threshold: 0.499):
2025-07-01 10:16:21,450 - ModelingPipeline - INFO - 검증 - AUC: 0.7960, F1: 0.0690
2025-07-01 10:16:21,450 - ModelingPipeline - INFO - 테스트 - AUC: 0.9116, F1: 0.2000
2025-07-01 10:16:21,468 - ModelingPipeline - INFO - xgboost_normal 최적 Threshold 탐색
2025-07-01 10:16:21,468 - ModelingPipeline - INFO - 임계값 범위: 0.0008 ~ 0.5000 (3000개 점)
2025-07-01 10:16:27,964 - ModelingPipeline - INFO - 최종 선택: 0.500 (F1: 0.1026)
2025-07-01 10:16:27,991 - ModelingPipeline - INFO - xgboost_normal 최종 평가 (Threshold: 0.500):
2025-07-01 10:16:27,991 - ModelingPipeline - INFO - 검증 - AUC: 0.8601, F1: 0.1026
2025-07-01 10:16:27,991 - ModelingPipeline - INFO - 테스트 - AUC: 0.9475, F1: 0.1967
2025-07-01 10:16:28,021 - ModelingPipeline - INFO - logistic_regression_smote 최적 Threshold 탐색
2025-07-01 10:16:28,021 - ModelingPipeline - INFO - 임계값 범위: 0.0008 ~ 0.5000 (3000개 점)
2025-07-01 10:16:35,117 - ModelingPipeline - INFO - 최종 선택: 0.011 (F1: 0.1667)
2025-07-01 10:16:35,139 - ModelingPipeline - INFO - logistic_regression_smote 최종 평가 (Threshold: 0.011):
2025-07-01 10:16:35,139 - ModelingPipeline - INFO - 검증 - AUC: 0.8757, F1: 0.1667
2025-07-01 10:16:35,139 - ModelingPipeline - INFO - 테스트 - AUC: 0.9559, F1: 0.1026
2025-07-01 10:16:35,215 - ModelingPipeline - INFO - random_forest_smote 최적 Threshold 탐색
2025-07-01 10:16:35,215 - ModelingPipeline - INFO - 임계값 범위: 0.0008 ~ 0.5000 (3000개 점)
2025-07-01 10:16:39,628 - ModelingPipeline - INFO - 최종 선택: 0.304 (F1: 0.0638)
2025-07-01 10:16:39,903 - ModelingPipeline - INFO - random_forest_smote 최종 평가 (Threshold: 0.304):
2025-07-01 10:16:39,903 - ModelingPipeline - INFO - 검증 - AUC: 0.7746, F1: 0.0638
2025-07-01 10:16:39,903 - ModelingPipeline - INFO - 테스트 - AUC: 0.8785, F1: 0.0960
2025-07-01 10:16:39,933 - ModelingPipeline - INFO - xgboost_smote 최적 Threshold 탐색
2025-07-01 10:16:39,933 - ModelingPipeline - INFO - 임계값 범위: 0.0008 ~ 0.5000 (3000개 점)
2025-07-01 10:16:47,323 - ModelingPipeline - INFO - 최종 선택: 0.497 (F1: 0.0684)
2025-07-01 10:16:47,355 - ModelingPipeline - INFO - xgboost_smote 최종 평가 (Threshold: 0.497):
2025-07-01 10:16:47,355 - ModelingPipeline - INFO - 검증 - AUC: 0.8481, F1: 0.0684
2025-07-01 10:16:47,355 - ModelingPipeline - INFO - 테스트 - AUC: 0.9019, F1: 0.1139
2025-07-01 10:16:47,485 - ModelingPipeline - INFO - logistic_regression_undersampling 최적 Threshold 탐색
2025-07-01 10:16:47,485 - ModelingPipeline - INFO - 임계값 범위: 0.0008 ~ 0.5000 (3000개 점)
2025-07-01 10:16:54,688 - ModelingPipeline - INFO - 최종 선택: 0.500 (F1: 0.0149)
2025-07-01 10:16:54,707 - ModelingPipeline - INFO - logistic_regression_undersampling 최종 평가 (Threshold: 0.500):
2025-07-01 10:16:54,707 - ModelingPipeline - INFO - 검증 - AUC: 0.8049, F1: 0.0149
2025-07-01 10:16:54,707 - ModelingPipeline - INFO - 테스트 - AUC: 0.9481, F1: 0.0231
2025-07-01 10:16:54,862 - ModelingPipeline - INFO - random_forest_undersampling 최적 Threshold 탐색
2025-07-01 10:16:54,862 - ModelingPipeline - INFO - 임계값 범위: 0.0008 ~ 0.5000 (3000개 점)
2025-07-01 10:17:01,176 - ModelingPipeline - INFO - 최종 선택: 0.492 (F1: 0.0714)
2025-07-01 10:17:01,410 - ModelingPipeline - INFO - random_forest_undersampling 최종 평가 (Threshold: 0.492):
2025-07-01 10:17:01,411 - ModelingPipeline - INFO - 검증 - AUC: 0.7813, F1: 0.0714
2025-07-01 10:17:01,411 - ModelingPipeline - INFO - 테스트 - AUC: 0.9075, F1: 0.2083
2025-07-01 10:17:01,525 - ModelingPipeline - INFO - xgboost_undersampling 최적 Threshold 탐색
2025-07-01 10:17:01,525 - ModelingPipeline - INFO - 임계값 범위: 0.0008 ~ 0.5000 (3000개 점)
2025-07-01 10:17:07,779 - ModelingPipeline - INFO - 최종 선택: 0.499 (F1: 0.0500)
2025-07-01 10:17:07,808 - ModelingPipeline - INFO - xgboost_undersampling 최종 평가 (Threshold: 0.499):
2025-07-01 10:17:07,808 - ModelingPipeline - INFO - 검증 - AUC: 0.8674, F1: 0.0500
2025-07-01 10:17:07,808 - ModelingPipeline - INFO - 테스트 - AUC: 0.9493, F1: 0.0803
2025-07-01 10:17:07,959 - ModelingPipeline - INFO - logistic_regression_combined 최적 Threshold 탐색
2025-07-01 10:17:07,959 - ModelingPipeline - INFO - 임계값 범위: 0.0008 ~ 0.5000 (3000개 점)
2025-07-01 10:17:15,403 - ModelingPipeline - INFO - 최종 선택: 0.120 (F1: 0.1667)
2025-07-01 10:17:15,422 - ModelingPipeline - INFO - logistic_regression_combined 최종 평가 (Threshold: 0.120):
2025-07-01 10:17:15,422 - ModelingPipeline - INFO - 검증 - AUC: 0.8760, F1: 0.1667
2025-07-01 10:17:15,422 - ModelingPipeline - INFO - 테스트 - AUC: 0.9481, F1: 0.1143
2025-07-01 10:17:15,603 - ModelingPipeline - INFO - random_forest_combined 최적 Threshold 탐색
2025-07-01 10:17:15,603 - ModelingPipeline - INFO - 임계값 범위: 0.0008 ~ 0.5000 (3000개 점)
2025-07-01 10:17:20,261 - ModelingPipeline - INFO - 최종 선택: 0.349 (F1: 0.0984)
2025-07-01 10:17:20,494 - ModelingPipeline - INFO - random_forest_combined 최종 평가 (Threshold: 0.349):
2025-07-01 10:17:20,494 - ModelingPipeline - INFO - 검증 - AUC: 0.7967, F1: 0.0984
2025-07-01 10:17:20,494 - ModelingPipeline - INFO - 테스트 - AUC: 0.9097, F1: 0.1739
2025-07-01 10:17:20,634 - ModelingPipeline - INFO - xgboost_combined 최적 Threshold 탐색
2025-07-01 10:17:20,634 - ModelingPipeline - INFO - 임계값 범위: 0.0008 ~ 0.5000 (3000개 점)
2025-07-01 10:17:27,153 - ModelingPipeline - INFO - 최종 선택: 0.420 (F1: 0.0734)
2025-07-01 10:17:27,179 - ModelingPipeline - INFO - xgboost_combined 최종 평가 (Threshold: 0.420):
2025-07-01 10:17:27,179 - ModelingPipeline - INFO - 검증 - AUC: 0.8437, F1: 0.0734
2025-07-01 10:17:27,179 - ModelingPipeline - INFO - 테스트 - AUC: 0.8663, F1: 0.1139
2025-07-01 10:17:27,179 - ModelingPipeline - INFO - 앙상블 모델 실행 시작
2025-07-01 10:17:27,184 - ModelingPipeline - INFO - 앙상블에 추가: logistic_regression_normal
2025-07-01 10:17:27,184 - ModelingPipeline - INFO - 앙상블에 추가: logistic_regression_smote
2025-07-01 10:17:27,184 - ModelingPipeline - INFO - 앙상블에 추가: logistic_regression_undersampling
2025-07-01 10:17:27,184 - ModelingPipeline - INFO - 앙상블에 추가: logistic_regression_combined
2025-07-01 10:17:27,184 - ModelingPipeline - INFO - 앙상블에 추가: random_forest_normal
2025-07-01 10:17:27,184 - ModelingPipeline - INFO - 앙상블에 추가: random_forest_smote
2025-07-01 10:17:27,184 - ModelingPipeline - INFO - 앙상블에 추가: random_forest_undersampling
2025-07-01 10:17:27,184 - ModelingPipeline - INFO - 앙상블에 추가: random_forest_combined
2025-07-01 10:17:27,184 - ModelingPipeline - INFO - 앙상블에 추가: xgboost_normal
2025-07-01 10:17:27,184 - ModelingPipeline - INFO - 앙상블에 추가: xgboost_smote
2025-07-01 10:17:27,184 - ModelingPipeline - INFO - 앙상블에 추가: xgboost_undersampling
2025-07-01 10:17:27,184 - ModelingPipeline - INFO - 앙상블에 추가: xgboost_combined
2025-07-01 10:17:27,641 - ModelingPipeline - INFO - 앙상블 모델 완료 - Test AUC: 0.9272, F1: 0.1374
2025-07-01 10:17:28,005 - ModelingPipeline - INFO - 앙상블 모델 저장: /Users/jojongho/KDT/P2_Default-invest/outputs/modeling_runs/default_modeling_run_20250701_094138/models/ensemble_model_model.joblib
2025-07-01 10:17:28,005 - ModelingPipeline - INFO - 시각화 생성 시작
2025-07-01 10:17:35,094 - ModelingPipeline - INFO - Train vs Test 비교 시각화 완료
2025-07-01 10:17:35,217 - ModelingPipeline - INFO - 시각화 생성 완료
2025-07-01 10:17:35,217 - ModelingPipeline - INFO - 결과 저장 시작
2025-07-01 10:17:35,217 - ModelingPipeline - INFO - logistic_regression_normal 모델 저장: /Users/jojongho/KDT/P2_Default-invest/outputs/modeling_runs/default_modeling_run_20250701_094138/models/logistic_regression_normal_model.joblib
2025-07-01 10:17:35,286 - ModelingPipeline - INFO - random_forest_normal 모델 저장: /Users/jojongho/KDT/P2_Default-invest/outputs/modeling_runs/default_modeling_run_20250701_094138/models/random_forest_normal_model.joblib
2025-07-01 10:17:35,289 - ModelingPipeline - INFO - xgboost_normal 모델 저장: /Users/jojongho/KDT/P2_Default-invest/outputs/modeling_runs/default_modeling_run_20250701_094138/models/xgboost_normal_model.joblib
2025-07-01 10:17:35,289 - ModelingPipeline - INFO - logistic_regression_smote 모델 저장: /Users/jojongho/KDT/P2_Default-invest/outputs/modeling_runs/default_modeling_run_20250701_094138/models/logistic_regression_smote_model.joblib
2025-07-01 10:17:35,521 - ModelingPipeline - INFO - random_forest_smote 모델 저장: /Users/jojongho/KDT/P2_Default-invest/outputs/modeling_runs/default_modeling_run_20250701_094138/models/random_forest_smote_model.joblib
2025-07-01 10:17:35,524 - ModelingPipeline - INFO - xgboost_smote 모델 저장: /Users/jojongho/KDT/P2_Default-invest/outputs/modeling_runs/default_modeling_run_20250701_094138/models/xgboost_smote_model.joblib
2025-07-01 10:17:35,525 - ModelingPipeline - INFO - logistic_regression_undersampling 모델 저장: /Users/jojongho/KDT/P2_Default-invest/outputs/modeling_runs/default_modeling_run_20250701_094138/models/logistic_regression_undersampling_model.joblib
2025-07-01 10:17:35,599 - ModelingPipeline - INFO - random_forest_undersampling 모델 저장: /Users/jojongho/KDT/P2_Default-invest/outputs/modeling_runs/default_modeling_run_20250701_094138/models/random_forest_undersampling_model.joblib
2025-07-01 10:17:35,602 - ModelingPipeline - INFO - xgboost_undersampling 모델 저장: /Users/jojongho/KDT/P2_Default-invest/outputs/modeling_runs/default_modeling_run_20250701_094138/models/xgboost_undersampling_model.joblib
2025-07-01 10:17:35,603 - ModelingPipeline - INFO - logistic_regression_combined 모델 저장: /Users/jojongho/KDT/P2_Default-invest/outputs/modeling_runs/default_modeling_run_20250701_094138/models/logistic_regression_combined_model.joblib
2025-07-01 10:17:35,678 - ModelingPipeline - INFO - random_forest_combined 모델 저장: /Users/jojongho/KDT/P2_Default-invest/outputs/modeling_runs/default_modeling_run_20250701_094138/models/random_forest_combined_model.joblib
2025-07-01 10:17:35,680 - ModelingPipeline - INFO - xgboost_combined 모델 저장: /Users/jojongho/KDT/P2_Default-invest/outputs/modeling_runs/default_modeling_run_20250701_094138/models/xgboost_combined_model.joblib
2025-07-01 10:17:35,970 - ModelingPipeline - INFO - ensemble_model 모델 저장: /Users/jojongho/KDT/P2_Default-invest/outputs/modeling_runs/default_modeling_run_20250701_094138/models/ensemble_model_model.joblib
2025-07-01 10:17:36,704 - ModelingPipeline - INFO - 전체 결과 저장: /Users/jojongho/KDT/P2_Default-invest/outputs/modeling_runs/default_modeling_run_20250701_094138/results/modeling_results.json
2025-07-01 10:17:36,705 - ModelingPipeline - INFO - 설정 저장: /Users/jojongho/KDT/P2_Default-invest/outputs/modeling_runs/default_modeling_run_20250701_094138/modeling_config.json
2025-07-01 10:17:36,706 - ModelingPipeline - INFO - 실행 결과 요약:
2025-07-01 10:17:36,710 - ModelingPipeline - INFO - 
                  Model        Data_Type  Optimal_Threshold  CV_AUC  CV_AUC_Mean  CV_AP_Mean  CV_F1_Mean  Val_AUC  Val_F1  Test_AUC  Test_Precision  Test_Recall  Test_F1  Test_Balanced_Acc  Test_Average_Precision
0   logistic_regression           NORMAL             0.5000  0.1031       0.8495      0.1001      0.1031   0.7944  0.0139    0.9302          0.0114       1.0000   0.0225             0.7616                  0.1503
1         random_forest           NORMAL             0.4985  0.0000       0.8070      0.0995      0.0000   0.7960  0.0690    0.9116          0.1316       0.4167   0.2000             0.7008                  0.1816
2               xgboost           NORMAL             0.5000  0.1529       0.8504      0.1176      0.1333   0.8601  0.1026    0.9475          0.1224       0.5000   0.1967             0.7402                  0.0937
3   logistic_regression            SMOTE             0.0108  0.0478       0.8181      0.1351      0.0478   0.8757  0.1667    0.9559          0.0741       0.1667   0.1026             0.5776                  0.1324
4         random_forest            SMOTE             0.3043  0.0000       0.8289      0.0979      0.0000   0.7746  0.0638    0.8785          0.0531       0.5000   0.0960             0.7255                  0.1477
5               xgboost            SMOTE             0.4973  0.1547       0.8483      0.1157      0.1304   0.8481  0.0684    0.9019          0.0616       0.7500   0.1139             0.8436                  0.0873
6   logistic_regression    UNDERSAMPLING             0.4997  0.1243       0.8510      0.1009      0.1243   0.8049  0.0149    0.9481          0.0117       1.0000   0.0231             0.7675                  0.1570
7         random_forest    UNDERSAMPLING             0.4920  0.0000       0.7972      0.0955      0.0000   0.7813  0.0714    0.9075          0.1389       0.4167   0.2083             0.7012                  0.1667
8               xgboost    UNDERSAMPLING             0.4990  0.1531       0.8892      0.1047      0.1456   0.8674  0.0500    0.9493          0.0422       0.8333   0.0803             0.8647                  0.1186
9   logistic_regression         COMBINED             0.1205  0.1125       0.8224      0.1403      0.1125   0.8760  0.1667    0.9481          0.0870       0.1667   0.1143             0.5785                  0.1281
10        random_forest         COMBINED             0.3492  0.0000       0.8424      0.1148      0.0000   0.7967  0.0984    0.9097          0.1000       0.6667   0.1739             0.8169                  0.2033
11              xgboost         COMBINED             0.4204  0.1269       0.8552      0.1148      0.1190   0.8437  0.0734    0.8663          0.0616       0.7500   0.1139             0.8436                  0.0876
12             ensemble  COMBINED_MODELS             0.4500  0.1547       0.1547      0.0000      0.0000   0.9272  0.0723    0.9272          0.0756       0.7500   0.1374             0.8498                  0.1396
2025-07-01 10:17:36,710 - ModelingPipeline - INFO - 요약 테이블 저장: /Users/jojongho/KDT/P2_Default-invest/outputs/modeling_runs/default_modeling_run_20250701_094138/results/summary_table.csv
2025-07-01 10:17:36,713 - ModelingPipeline - INFO - === 모델링 파이프라인 완료 ===
