2025-06-26 17:17:52,903 - ModelingPipeline - INFO - 모델링 파이프라인이 초기화되었습니다.
2025-06-26 17:17:52,903 - ModelingPipeline - INFO - 실행 이름: default_modeling_run_20250626_171752
2025-06-26 17:17:52,904 - ModelingPipeline - INFO - 출력 경로: /Users/jojongho/KDT/P2_Default-invest/outputs/modeling_runs/default_modeling_run_20250626_171752
2025-06-26 17:17:52,904 - ModelingPipeline - INFO - === 모델링 파이프라인 시작 ===
2025-06-26 17:17:52,904 - ModelingPipeline - INFO - 데이터 로드 시작
2025-06-26 17:17:52,935 - ModelingPipeline - INFO - Train: (11241, 16), 부실비율: 0.68%
2025-06-26 17:17:52,935 - ModelingPipeline - INFO - Validation: (6749, 16), 부실비율: 0.68%
2025-06-26 17:17:52,935 - ModelingPipeline - INFO - Test: (4495, 16), 부실비율: 0.69%
2025-06-26 17:17:52,936 - ModelingPipeline - INFO - 모든 모델 실행 시작
2025-06-26 17:17:52,936 - ModelingPipeline - INFO - Lasso 특성 선택 적용 (NORMAL)
2025-06-26 17:17:52,970 - ModelingPipeline - INFO - 최적 alpha: 0.001000
2025-06-26 17:17:52,970 - ModelingPipeline - INFO - 선택된 특성: 10/16
2025-06-26 17:17:52,972 - ModelingPipeline - INFO - 활성화된 데이터 타입: ['normal', 'combined']
2025-06-26 17:17:52,972 - ModelingPipeline - INFO - 활성화된 모델: ['logistic_regression', 'random_forest', 'xgboost']
2025-06-26 17:17:52,972 - ModelingPipeline - INFO - NORMAL 데이터 처리
2025-06-26 17:17:52,972 - ModelingPipeline - INFO - 스케일링 적용 시작 (NORMAL)
2025-06-26 17:17:52,972 - ModelingPipeline - INFO - Standard 그룹 - 데이터에 없는 컬럼 (32개): ['총자산', '총부채', '총자본', '유동자산', '유동부채']...
2025-06-26 17:17:52,975 - ModelingPipeline - INFO - Standard 스케일링 적용 완료: 1개 컬럼 처리
2025-06-26 17:17:52,975 - ModelingPipeline - INFO - Robust 그룹 - 데이터에 없는 컬럼 (61개): ['매출액증가율', '총자본증가율', '유형자산증가율', '비유동생물자산증가율', '투자부동산증가율']...
2025-06-26 17:17:52,979 - ModelingPipeline - INFO - Robust 스케일링 적용 완료: 4개 컬럼 처리
2025-06-26 17:17:52,979 - ModelingPipeline - INFO - MinMax 그룹 - 데이터에 없는 컬럼 (65개): ['매출액총이익률', '매출액영업이익률', '매출액순이익률', '자기자본순이익률', '총자본영업이익률']...
2025-06-26 17:17:52,982 - ModelingPipeline - INFO - MinMax 스케일링 적용 완료: 5개 컬럼 처리
2025-06-26 17:17:52,982 - ModelingPipeline - INFO - 스케일링 완료 요약 (NORMAL):
2025-06-26 17:17:52,982 - ModelingPipeline - INFO -   - 총 컬럼 수: 10
2025-06-26 17:17:52,982 - ModelingPipeline - INFO -   - 스케일링 적용: 10개 컬럼
2025-06-26 17:17:52,982 - ModelingPipeline - INFO -   - 스케일링 미적용: 0개 컬럼
2025-06-26 17:17:52,982 - ModelingPipeline - INFO - logistic_regression 최적화 시작 (NORMAL)
2025-06-26 17:17:52,983 - ModelingPipeline - INFO - Optuna 최적화 시작: 100회 시도
2025-06-26 17:18:19,018 - ModelingPipeline - INFO - Optuna 최적화 완료: 최적 점수 0.8920
2025-06-26 17:18:19,045 - ModelingPipeline - INFO - 최적 AUC: 0.8920
2025-06-26 17:18:19,045 - ModelingPipeline - INFO - 최적 파라미터: {'C': 14.91308515854551, 'max_iter': 1298, 'penalty': 'l2', 'solver': 'lbfgs', 'tol': 0.0001}
2025-06-26 17:18:19,045 - ModelingPipeline - INFO - random_forest 최적화 시작 (NORMAL)
2025-06-26 17:18:19,045 - ModelingPipeline - INFO - Optuna 최적화 시작: 100회 시도
2025-06-26 17:20:07,069 - ModelingPipeline - INFO - Optuna 최적화 완료: 최적 점수 0.9383
2025-06-26 17:20:08,191 - ModelingPipeline - INFO - 최적 AUC: 0.9383
2025-06-26 17:20:08,192 - ModelingPipeline - INFO - 최적 파라미터: {'n_estimators': 265, 'max_depth': 7, 'min_samples_split': 12, 'min_samples_leaf': 10, 'max_features': 0.1159729865325907}
2025-06-26 17:20:08,203 - ModelingPipeline - INFO - xgboost 최적화 시작 (NORMAL)
2025-06-26 17:20:08,204 - ModelingPipeline - INFO - Optuna 최적화 시작: 100회 시도
2025-06-26 17:20:19,360 - ModelingPipeline - INFO - Optuna 최적화 완료: 최적 점수 0.9322
2025-06-26 17:20:19,652 - ModelingPipeline - INFO - 최적 AUC: 0.9322
2025-06-26 17:20:19,652 - ModelingPipeline - INFO - 최적 파라미터: {'n_estimators': 221, 'max_depth': 8, 'learning_rate': 0.1297020558700546, 'subsample': 0.6137373602893279, 'colsample_bytree': 0.6407967756314852, 'reg_alpha': 7.590856609565409, 'reg_lambda': 4.073792072616392}
2025-06-26 17:20:19,653 - ModelingPipeline - INFO - COMBINED 데이터 처리
2025-06-26 17:20:19,670 - ModelingPipeline - INFO - COMBINED 샘플링 적용 완료: 1,221개 샘플
2025-06-26 17:20:19,671 - ModelingPipeline - INFO - 스케일링 적용 시작 (COMBINED)
2025-06-26 17:20:19,671 - ModelingPipeline - INFO - Standard 그룹 - 데이터에 없는 컬럼 (32개): ['총자산', '총부채', '총자본', '유동자산', '유동부채']...
2025-06-26 17:20:19,675 - ModelingPipeline - INFO - Standard 스케일링 적용 완료: 1개 컬럼 처리
2025-06-26 17:20:19,675 - ModelingPipeline - INFO - Robust 그룹 - 데이터에 없는 컬럼 (61개): ['매출액증가율', '총자본증가율', '유형자산증가율', '비유동생물자산증가율', '투자부동산증가율']...
2025-06-26 17:20:19,678 - ModelingPipeline - INFO - Robust 스케일링 적용 완료: 4개 컬럼 처리
2025-06-26 17:20:19,678 - ModelingPipeline - INFO - MinMax 그룹 - 데이터에 없는 컬럼 (65개): ['매출액총이익률', '매출액영업이익률', '매출액순이익률', '자기자본순이익률', '총자본영업이익률']...
2025-06-26 17:20:19,681 - ModelingPipeline - INFO - MinMax 스케일링 적용 완료: 5개 컬럼 처리
2025-06-26 17:20:19,681 - ModelingPipeline - INFO - 스케일링 완료 요약 (COMBINED):
2025-06-26 17:20:19,681 - ModelingPipeline - INFO -   - 총 컬럼 수: 10
2025-06-26 17:20:19,681 - ModelingPipeline - INFO -   - 스케일링 적용: 10개 컬럼
2025-06-26 17:20:19,681 - ModelingPipeline - INFO -   - 스케일링 미적용: 0개 컬럼
2025-06-26 17:20:19,681 - ModelingPipeline - INFO - logistic_regression 최적화 시작 (COMBINED)
2025-06-26 17:20:19,685 - ModelingPipeline - INFO - Optuna 최적화 시작: 100회 시도
2025-06-26 17:20:26,081 - ModelingPipeline - INFO - Optuna 최적화 완료: 최적 점수 0.9129
2025-06-26 17:20:26,087 - ModelingPipeline - INFO - 최적 AUC: 0.9129
2025-06-26 17:20:26,088 - ModelingPipeline - INFO - 최적 파라미터: {'C': 0.014434159449524283, 'max_iter': 927, 'penalty': 'l2', 'solver': 'lbfgs', 'tol': 0.0001}
2025-06-26 17:20:26,088 - ModelingPipeline - INFO - random_forest 최적화 시작 (COMBINED)
2025-06-26 17:20:26,089 - ModelingPipeline - INFO - Optuna 최적화 시작: 100회 시도
2025-06-26 17:21:05,713 - ModelingPipeline - INFO - Optuna 최적화 완료: 최적 점수 0.9667
2025-06-26 17:21:06,143 - ModelingPipeline - INFO - 최적 AUC: 0.9667
2025-06-26 17:21:06,143 - ModelingPipeline - INFO - 최적 파라미터: {'n_estimators': 284, 'max_depth': 10, 'min_samples_split': 5, 'min_samples_leaf': 1, 'max_features': 0.2334132149978706}
2025-06-26 17:21:06,158 - ModelingPipeline - INFO - xgboost 최적화 시작 (COMBINED)
2025-06-26 17:21:06,159 - ModelingPipeline - INFO - Optuna 최적화 시작: 100회 시도
2025-06-26 17:21:14,587 - ModelingPipeline - INFO - Optuna 최적화 완료: 최적 점수 0.9608
2025-06-26 17:21:16,380 - ModelingPipeline - INFO - 최적 AUC: 0.9608
2025-06-26 17:21:16,380 - ModelingPipeline - INFO - 최적 파라미터: {'n_estimators': 228, 'max_depth': 7, 'learning_rate': 0.17981947917139132, 'subsample': 0.8379779879268908, 'colsample_bytree': 0.704050027183815, 'reg_alpha': 1.6695858703955326, 'reg_lambda': 1.9351753338650717}
2025-06-26 17:21:16,380 - ModelingPipeline - INFO - 모든 모델 평가 및 Threshold 최적화
2025-06-26 17:21:16,381 - ModelingPipeline - INFO - logistic_regression_normal 최적 Threshold 탐색
2025-06-26 17:21:16,414 - ModelingPipeline - INFO - 최종 선택: 0.050 (F1: 0.1497)
2025-06-26 17:21:16,434 - ModelingPipeline - INFO - logistic_regression_normal 최종 평가 (Threshold: 0.050):
2025-06-26 17:21:16,435 - ModelingPipeline - INFO - 검증 - AUC: 0.8296, F1: 0.1497
2025-06-26 17:21:16,435 - ModelingPipeline - INFO - 테스트 - AUC: 0.8037, F1: 0.1301
2025-06-26 17:21:16,435 - ModelingPipeline - INFO - random_forest_normal 최적 Threshold 탐색
2025-06-26 17:21:16,506 - ModelingPipeline - INFO - 최종 선택: 0.100 (F1: 0.2774)
2025-06-26 17:21:16,851 - ModelingPipeline - INFO - random_forest_normal 최종 평가 (Threshold: 0.100):
2025-06-26 17:21:16,851 - ModelingPipeline - INFO - 검증 - AUC: 0.9518, F1: 0.2774
2025-06-26 17:21:16,851 - ModelingPipeline - INFO - 테스트 - AUC: 0.9110, F1: 0.2955
2025-06-26 17:21:16,851 - ModelingPipeline - INFO - xgboost_normal 최적 Threshold 탐색
2025-06-26 17:21:16,912 - ModelingPipeline - INFO - 최종 선택: 0.150 (F1: 0.2951)
2025-06-26 17:21:16,991 - ModelingPipeline - INFO - xgboost_normal 최종 평가 (Threshold: 0.150):
2025-06-26 17:21:16,992 - ModelingPipeline - INFO - 검증 - AUC: 0.9497, F1: 0.2951
2025-06-26 17:21:16,992 - ModelingPipeline - INFO - 테스트 - AUC: 0.9066, F1: 0.3492
2025-06-26 17:21:16,992 - ModelingPipeline - INFO - logistic_regression_combined 최적 Threshold 탐색
2025-06-26 17:21:17,043 - ModelingPipeline - INFO - 최종 선택: 0.400 (F1: 0.1887)
2025-06-26 17:21:17,069 - ModelingPipeline - INFO - logistic_regression_combined 최종 평가 (Threshold: 0.400):
2025-06-26 17:21:17,069 - ModelingPipeline - INFO - 검증 - AUC: 0.8895, F1: 0.1887
2025-06-26 17:21:17,070 - ModelingPipeline - INFO - 테스트 - AUC: 0.8329, F1: 0.2069
2025-06-26 17:21:17,070 - ModelingPipeline - INFO - random_forest_combined 최적 Threshold 탐색
2025-06-26 17:21:17,177 - ModelingPipeline - INFO - 최종 선택: 0.450 (F1: 0.1961)
2025-06-26 17:21:17,340 - ModelingPipeline - INFO - random_forest_combined 최종 평가 (Threshold: 0.450):
2025-06-26 17:21:17,340 - ModelingPipeline - INFO - 검증 - AUC: 0.9444, F1: 0.1961
2025-06-26 17:21:17,340 - ModelingPipeline - INFO - 테스트 - AUC: 0.9070, F1: 0.2105
2025-06-26 17:21:17,340 - ModelingPipeline - INFO - xgboost_combined 최적 Threshold 탐색
2025-06-26 17:21:17,395 - ModelingPipeline - INFO - 최종 선택: 0.400 (F1: 0.2039)
2025-06-26 17:21:17,450 - ModelingPipeline - INFO - xgboost_combined 최종 평가 (Threshold: 0.400):
2025-06-26 17:21:17,450 - ModelingPipeline - INFO - 검증 - AUC: 0.9434, F1: 0.2039
2025-06-26 17:21:17,450 - ModelingPipeline - INFO - 테스트 - AUC: 0.8884, F1: 0.1939
2025-06-26 17:21:17,450 - ModelingPipeline - INFO - 앙상블 모델 실행 시작
2025-06-26 17:21:17,450 - ModelingPipeline - INFO - 앙상블에 추가: logistic_regression_normal
2025-06-26 17:21:17,450 - ModelingPipeline - INFO - 앙상블에 추가: logistic_regression_combined
2025-06-26 17:21:17,450 - ModelingPipeline - INFO - 앙상블에 추가: random_forest_normal
2025-06-26 17:21:17,450 - ModelingPipeline - INFO - 앙상블에 추가: random_forest_combined
2025-06-26 17:21:17,450 - ModelingPipeline - INFO - 앙상블에 추가: xgboost_normal
2025-06-26 17:21:17,450 - ModelingPipeline - INFO - 앙상블에 추가: xgboost_combined
2025-06-26 17:21:17,986 - ModelingPipeline - INFO - 앙상블 모델 완료 - Test AUC: 0.9000, F1: 0.2740
2025-06-26 17:21:18,109 - ModelingPipeline - INFO - 앙상블 모델 저장: /Users/jojongho/KDT/P2_Default-invest/outputs/modeling_runs/default_modeling_run_20250626_171752/models/ensemble_model_model.joblib
2025-06-26 17:21:18,109 - ModelingPipeline - INFO - 시각화 생성 시작
2025-06-26 17:21:23,019 - ModelingPipeline - INFO - Train vs Test 비교 시각화 완료
2025-06-26 17:21:23,019 - ModelingPipeline - INFO - 시각화 생성 완료
2025-06-26 17:21:23,019 - ModelingPipeline - INFO - 결과 저장 시작
2025-06-26 17:21:23,020 - ModelingPipeline - INFO - logistic_regression_normal 모델 저장: /Users/jojongho/KDT/P2_Default-invest/outputs/modeling_runs/default_modeling_run_20250626_171752/models/logistic_regression_normal_model.joblib
2025-06-26 17:21:23,058 - ModelingPipeline - INFO - random_forest_normal 모델 저장: /Users/jojongho/KDT/P2_Default-invest/outputs/modeling_runs/default_modeling_run_20250626_171752/models/random_forest_normal_model.joblib
2025-06-26 17:21:23,061 - ModelingPipeline - INFO - xgboost_normal 모델 저장: /Users/jojongho/KDT/P2_Default-invest/outputs/modeling_runs/default_modeling_run_20250626_171752/models/xgboost_normal_model.joblib
2025-06-26 17:21:23,062 - ModelingPipeline - INFO - logistic_regression_combined 모델 저장: /Users/jojongho/KDT/P2_Default-invest/outputs/modeling_runs/default_modeling_run_20250626_171752/models/logistic_regression_combined_model.joblib
2025-06-26 17:21:23,101 - ModelingPipeline - INFO - random_forest_combined 모델 저장: /Users/jojongho/KDT/P2_Default-invest/outputs/modeling_runs/default_modeling_run_20250626_171752/models/random_forest_combined_model.joblib
2025-06-26 17:21:23,103 - ModelingPipeline - INFO - xgboost_combined 모델 저장: /Users/jojongho/KDT/P2_Default-invest/outputs/modeling_runs/default_modeling_run_20250626_171752/models/xgboost_combined_model.joblib
2025-06-26 17:21:23,181 - ModelingPipeline - INFO - ensemble_model 모델 저장: /Users/jojongho/KDT/P2_Default-invest/outputs/modeling_runs/default_modeling_run_20250626_171752/models/ensemble_model_model.joblib
2025-06-26 17:21:23,434 - ModelingPipeline - INFO - 전체 결과 저장: /Users/jojongho/KDT/P2_Default-invest/outputs/modeling_runs/default_modeling_run_20250626_171752/results/modeling_results.json
2025-06-26 17:21:23,435 - ModelingPipeline - INFO - 설정 저장: /Users/jojongho/KDT/P2_Default-invest/outputs/modeling_runs/default_modeling_run_20250626_171752/modeling_config.json
2025-06-26 17:21:23,439 - ModelingPipeline - INFO - 실행 결과 요약:
2025-06-26 17:21:23,441 - ModelingPipeline - INFO - 
                 Model        Data_Type  Optimal_Threshold  CV_AUC  Val_AUC  Val_F1  Test_AUC  Test_Precision  Test_Recall  Test_F1  Test_Balanced_Acc  Average_Precision
0  logistic_regression           NORMAL               0.05  0.8920   0.8296  0.1497    0.8037          0.0870       0.2581   0.1301             0.6196             0.0508
1        random_forest           NORMAL               0.10  0.9383   0.9518  0.2774    0.9110          0.2281       0.4194   0.2955             0.7047             0.2320
2              xgboost           NORMAL               0.15  0.9322   0.9497  0.2951    0.9066          0.3438       0.3548   0.3492             0.6751             0.2709
3  logistic_regression         COMBINED               0.40  0.9129   0.8895  0.1887    0.8329          0.1607       0.2903   0.2069             0.6399             0.0925
4        random_forest         COMBINED               0.45  0.9667   0.9444  0.1961    0.9070          0.1322       0.5161   0.2105             0.7463             0.1822
5              xgboost         COMBINED               0.40  0.9608   0.9434  0.2039    0.8884          0.1152       0.6129   0.1939             0.7901             0.1918
6             ensemble  COMBINED_MODELS               0.40  0.9667   0.9000  0.2677    0.9000          0.2381       0.3226   0.2740             0.6577             0.2655
2025-06-26 17:21:23,441 - ModelingPipeline - INFO - 요약 테이블 저장: /Users/jojongho/KDT/P2_Default-invest/outputs/modeling_runs/default_modeling_run_20250626_171752/results/summary_table.csv
2025-06-26 17:21:23,442 - ModelingPipeline - INFO - === 모델링 파이프라인 완료 ===
