2025-07-08 08:38:13,590 - ModelingPipeline - INFO - 모델링 파이프라인이 초기화되었습니다.
2025-07-08 08:38:13,590 - ModelingPipeline - INFO - 실행 이름: default_modeling_run_20250708_083813
2025-07-08 08:38:13,590 - ModelingPipeline - INFO - 출력 경로: /Users/jojongho/KDT/P2_Default-invest/outputs/modeling_runs/default_modeling_run_20250708_083813
2025-07-08 08:38:13,591 - ModelingPipeline - INFO - === 모델링 파이프라인 시작 ===
2025-07-08 08:38:13,591 - ModelingPipeline - INFO - 데이터 로드 시작
2025-07-08 08:38:13,591 - ModelingPipeline - INFO - 오버라이드된 데이터 경로 사용: data/final
2025-07-08 08:38:13,632 - ModelingPipeline - INFO - Train: (13326, 17), 부실비율: 3.20%
2025-07-08 08:38:13,632 - ModelingPipeline - INFO - Validation: (4580, 17), 부실비율: 4.43%
2025-07-08 08:38:13,632 - ModelingPipeline - INFO - Test: (4377, 17), 부실비율: 2.67%
2025-07-08 08:38:13,632 - ModelingPipeline - INFO - 모든 모델 실행 시작
2025-07-08 08:38:13,632 - ModelingPipeline - INFO - 특성 선택 방법: LOGISTIC_REGRESSION_CV (NORMAL)
2025-07-08 08:38:15,761 - ModelingPipeline - INFO - 최적 C: 1.000000
2025-07-08 08:38:15,761 - ModelingPipeline - INFO - CV 점수: 0.0534 (±0.0528)
2025-07-08 08:38:15,765 - ModelingPipeline - INFO - 선택된 특성: 9/17
2025-07-08 08:38:15,765 - ModelingPipeline - INFO - 활성화된 데이터 타입: ['normal', 'smote', 'undersampling', 'combined']
2025-07-08 08:38:15,765 - ModelingPipeline - INFO - 활성화된 모델: ['logistic_regression', 'random_forest', 'xgboost']
2025-07-08 08:38:15,765 - ModelingPipeline - INFO - NORMAL 데이터 처리
2025-07-08 08:38:15,765 - ModelingPipeline - INFO - logistic_regression 최적화 시작 (NORMAL)
2025-07-08 08:38:15,766 - ModelingPipeline - INFO - Logistic Regression 클래스 불균형 가중치: class_weight=balanced
2025-07-08 08:38:15,766 - ModelingPipeline - INFO - 최적화 메트릭: F1
2025-07-08 08:38:15,770 - ModelingPipeline - INFO - 스케일링이 비활성화되어 있어 로그 변환도 건너뜁니다
2025-07-08 08:38:15,770 - ModelingPipeline - INFO - 스케일링이 비활성화되어 있습니다
2025-07-08 08:38:16,109 - ModelingPipeline - INFO -   Trial 1/100 - Current: 0.0670, Best: 0.0670
2025-07-08 08:38:48,959 - ModelingPipeline - INFO -   Trial 51/100 - Current: 0.0821, Best: 0.0841
2025-07-08 08:39:21,228 - ModelingPipeline - INFO -   Trial 100/100 - Current: 0.0670, Best: 0.0853
2025-07-08 08:39:21,238 - ModelingPipeline - INFO - 최적 AUC: 0.0853
2025-07-08 08:39:21,238 - ModelingPipeline - INFO - 최적 파라미터: {'C': 0.19215975248067474, 'max_iter': 4149, 'penalty': 'l2', 'solver': 'newton-cg', 'tol': 0.0001, 'class_weight': 'balanced'}
2025-07-08 08:39:21,238 - ModelingPipeline - INFO - CV 메트릭 계산 시작 (NORMAL)
2025-07-08 08:39:21,305 - ModelingPipeline - INFO - 최적화된 CV 완료: AUC=0.5211(±0.0287), AP=0.0348(±0.0031), F1=0.0640(±0.0114)
2025-07-08 08:39:21,305 - ModelingPipeline - INFO - CV 메트릭 계산 완료 - AUC: 0.5211, AP: 0.0348, F1: 0.0640
2025-07-08 08:39:21,305 - ModelingPipeline - INFO - random_forest 최적화 시작 (NORMAL)
2025-07-08 08:39:21,305 - ModelingPipeline - INFO - Random Forest 클래스 불균형 가중치: class_weight=balanced
2025-07-08 08:39:21,305 - ModelingPipeline - INFO - 최적화 메트릭: F1
2025-07-08 08:39:37,976 - ModelingPipeline - INFO -   Trial 1/10 - Current: 0.2898, Best: 0.2898
2025-07-08 08:40:57,803 - ModelingPipeline - INFO -   Trial 6/10 - Current: 0.2304, Best: 0.2898
2025-07-08 08:43:05,893 - ModelingPipeline - INFO -   Trial 10/10 - Current: 0.2772, Best: 0.2987
2025-07-08 08:43:08,057 - ModelingPipeline - INFO - 최적 AUC: 0.2987
2025-07-08 08:43:08,057 - ModelingPipeline - INFO - 최적 파라미터: {'n_estimators': 173, 'max_depth': 11, 'min_samples_split': 2, 'min_samples_leaf': 10, 'max_features': 0.33290198344001526, 'class_weight': 'balanced'}
2025-07-08 08:43:08,057 - ModelingPipeline - INFO - CV 메트릭 계산 시작 (NORMAL)
2025-07-08 08:43:16,106 - ModelingPipeline - INFO - 최적화된 CV 완료: AUC=0.8845(±0.0160), AP=0.2615(±0.0580), F1=0.2896(±0.0428)
2025-07-08 08:43:16,106 - ModelingPipeline - INFO - CV 메트릭 계산 완료 - AUC: 0.8845, AP: 0.2615, F1: 0.2896
2025-07-08 08:43:16,114 - ModelingPipeline - INFO - xgboost 최적화 시작 (NORMAL)
2025-07-08 08:43:16,115 - ModelingPipeline - INFO - XGBoost 클래스 불균형 처리: scale_pos_weight
2025-07-08 08:43:16,115 - ModelingPipeline - INFO - scale_pos_weight = 30.28 (설정: auto)
2025-07-08 08:43:16,115 - ModelingPipeline - INFO - 최적화 메트릭: F1
2025-07-08 08:43:47,298 - ModelingPipeline - INFO -   Trial 1/10 - Current: 0.2405, Best: 0.2405
2025-07-08 08:46:10,184 - ModelingPipeline - INFO -   Trial 6/10 - Current: 0.2842, Best: 0.3155
2025-07-08 08:47:28,090 - ModelingPipeline - INFO -   Trial 10/10 - Current: 0.2649, Best: 0.3155
2025-07-08 08:47:28,092 - ModelingPipeline - INFO - Using XGBoost ≥ 2.0 callbacks
2025-07-08 08:47:28,092 - ModelingPipeline - WARNING - Early stopping failed, using fallback: XGBClassifier.fit() got an unexpected keyword argument 'callbacks'
2025-07-08 08:47:28,533 - ModelingPipeline - INFO - 최적 AUC: 0.3155
2025-07-08 08:47:28,534 - ModelingPipeline - INFO - 최적 파라미터: {'n_estimators': 209, 'max_depth': 6, 'learning_rate': 0.09196843064490177, 'subsample': 0.8099025726528951, 'colsample_bytree': 0.7727780074568463, 'reg_alpha': 2.9122914019804194, 'reg_lambda': 6.506676052501415, 'scale_pos_weight': np.float64(30.281690140845072)}
2025-07-08 08:47:28,534 - ModelingPipeline - INFO - CV 메트릭 계산 시작 (NORMAL)
2025-07-08 08:47:30,737 - ModelingPipeline - INFO - 최적화된 CV 완료: AUC=0.8883(±0.0134), AP=0.2684(±0.0383), F1=0.3068(±0.0397)
2025-07-08 08:47:30,738 - ModelingPipeline - INFO - CV 메트릭 계산 완료 - AUC: 0.8883, AP: 0.2684, F1: 0.3068
2025-07-08 08:47:30,738 - ModelingPipeline - INFO - SMOTE 데이터 처리
2025-07-08 08:47:30,739 - ModelingPipeline - INFO - logistic_regression 최적화 시작 (SMOTE)
2025-07-08 08:47:30,739 - ModelingPipeline - INFO - Logistic Regression 클래스 불균형 가중치: class_weight=balanced
2025-07-08 08:47:30,739 - ModelingPipeline - INFO - 최적화 메트릭: F1
2025-07-08 08:47:31,323 - ModelingPipeline - INFO -   Trial 1/100 - Current: 0.0670, Best: 0.0670
2025-07-08 08:48:48,008 - ModelingPipeline - INFO -   Trial 51/100 - Current: 0.0754, Best: 0.0943
2025-07-08 08:50:22,765 - ModelingPipeline - INFO -   Trial 100/100 - Current: 0.0813, Best: 0.0997
2025-07-08 08:50:22,884 - ModelingPipeline - INFO - 최적 AUC: 0.0997
2025-07-08 08:50:22,884 - ModelingPipeline - INFO - 최적 파라미터: {'C': 0.23862417720774562, 'max_iter': 5147, 'penalty': 'l2', 'solver': 'newton-cg', 'tol': 0.0001, 'class_weight': 'balanced'}
2025-07-08 08:50:22,884 - ModelingPipeline - INFO - CV 메트릭 계산 시작 (SMOTE)
2025-07-08 08:50:23,384 - ModelingPipeline - INFO - 최적화된 CV 완료: AUC=0.7301(±0.1142), AP=0.1217(±0.0455), F1=0.1303(±0.0392)
2025-07-08 08:50:23,384 - ModelingPipeline - INFO - CV 메트릭 계산 완료 - AUC: 0.7301, AP: 0.1217, F1: 0.1303
2025-07-08 08:50:23,384 - ModelingPipeline - INFO - random_forest 최적화 시작 (SMOTE)
2025-07-08 08:50:23,384 - ModelingPipeline - INFO - Random Forest 클래스 불균형 가중치: class_weight=balanced
2025-07-08 08:50:23,384 - ModelingPipeline - INFO - 최적화 메트릭: F1
2025-07-08 08:50:46,684 - ModelingPipeline - INFO -   Trial 1/10 - Current: 0.2803, Best: 0.2803
2025-07-08 08:52:24,386 - ModelingPipeline - INFO -   Trial 6/10 - Current: 0.2106, Best: 0.2803
2025-07-08 08:55:04,434 - ModelingPipeline - INFO -   Trial 10/10 - Current: 0.2273, Best: 0.2803
2025-07-08 08:55:10,674 - ModelingPipeline - INFO - 최적 AUC: 0.2803
2025-07-08 08:55:10,674 - ModelingPipeline - INFO - 최적 파라미터: {'n_estimators': 325, 'max_depth': 20, 'min_samples_split': 15, 'min_samples_leaf': 6, 'max_features': 0.24041677639819287, 'class_weight': 'balanced'}
2025-07-08 08:55:10,674 - ModelingPipeline - INFO - CV 메트릭 계산 시작 (SMOTE)
2025-07-08 08:55:34,997 - ModelingPipeline - INFO - 최적화된 CV 완료: AUC=0.8798(±0.0182), AP=0.2245(±0.0371), F1=0.2876(±0.0308)
2025-07-08 08:55:34,999 - ModelingPipeline - INFO - CV 메트릭 계산 완료 - AUC: 0.8798, AP: 0.2245, F1: 0.2876
2025-07-08 08:55:35,015 - ModelingPipeline - INFO - xgboost 최적화 시작 (SMOTE)
2025-07-08 08:55:35,016 - ModelingPipeline - INFO - XGBoost 클래스 불균형 처리: scale_pos_weight
2025-07-08 08:55:35,016 - ModelingPipeline - INFO - scale_pos_weight = 30.28 (설정: auto)
2025-07-08 08:55:35,016 - ModelingPipeline - INFO - 최적화 메트릭: F1
2025-07-08 08:56:15,308 - ModelingPipeline - INFO -   Trial 1/10 - Current: 0.3136, Best: 0.3136
2025-07-08 09:03:29,907 - ModelingPipeline - INFO -   Trial 6/10 - Current: 0.2999, Best: 0.3136
2025-07-08 09:05:00,847 - ModelingPipeline - INFO -   Trial 10/10 - Current: 0.3179, Best: 0.3179
2025-07-08 09:05:00,854 - ModelingPipeline - INFO - Using XGBoost ≥ 2.0 callbacks
2025-07-08 09:05:00,854 - ModelingPipeline - WARNING - Early stopping failed, using fallback: XGBClassifier.fit() got an unexpected keyword argument 'callbacks'
2025-07-08 09:05:01,754 - ModelingPipeline - INFO - 최적 AUC: 0.3179
2025-07-08 09:05:01,754 - ModelingPipeline - INFO - 최적 파라미터: {'n_estimators': 314, 'max_depth': 8, 'learning_rate': 0.1632661288643163, 'subsample': 0.6563696899899051, 'colsample_bytree': 0.9208787923016158, 'reg_alpha': 0.7455064367977082, 'reg_lambda': 9.881982429404655, 'scale_pos_weight': np.float64(30.281690140845072)}
2025-07-08 09:05:01,754 - ModelingPipeline - INFO - CV 메트릭 계산 시작 (SMOTE)
2025-07-08 09:05:06,306 - ModelingPipeline - INFO - 최적화된 CV 완료: AUC=0.8844(±0.0146), AP=0.2578(±0.0352), F1=0.3045(±0.0320)
2025-07-08 09:05:06,306 - ModelingPipeline - INFO - CV 메트릭 계산 완료 - AUC: 0.8844, AP: 0.2578, F1: 0.3045
2025-07-08 09:05:06,307 - ModelingPipeline - INFO - UNDERSAMPLING 데이터 처리
2025-07-08 09:05:06,308 - ModelingPipeline - INFO - logistic_regression 최적화 시작 (UNDERSAMPLING)
2025-07-08 09:05:06,308 - ModelingPipeline - INFO - Logistic Regression 클래스 불균형 가중치: class_weight=balanced
2025-07-08 09:05:06,308 - ModelingPipeline - INFO - 최적화 메트릭: F1
2025-07-08 09:05:07,380 - ModelingPipeline - INFO -   Trial 1/100 - Current: 0.0670, Best: 0.0670
2025-07-08 09:06:14,820 - ModelingPipeline - INFO -   Trial 51/100 - Current: 0.0700, Best: 0.0835
2025-07-08 09:07:25,785 - ModelingPipeline - INFO -   Trial 100/100 - Current: 0.0670, Best: 0.0875
2025-07-08 09:07:25,846 - ModelingPipeline - INFO - 최적 AUC: 0.0875
2025-07-08 09:07:25,846 - ModelingPipeline - INFO - 최적 파라미터: {'C': 3.4552307270693623, 'max_iter': 7335, 'penalty': 'l2', 'solver': 'newton-cg', 'tol': 0.0001, 'class_weight': 'balanced'}
2025-07-08 09:07:25,847 - ModelingPipeline - INFO - CV 메트릭 계산 시작 (UNDERSAMPLING)
2025-07-08 09:07:26,082 - ModelingPipeline - INFO - 최적화된 CV 완료: AUC=0.5787(±0.1120), AP=0.0612(±0.0513), F1=0.0836(±0.0336)
2025-07-08 09:07:26,083 - ModelingPipeline - INFO - CV 메트릭 계산 완료 - AUC: 0.5787, AP: 0.0612, F1: 0.0836
2025-07-08 09:07:26,083 - ModelingPipeline - INFO - random_forest 최적화 시작 (UNDERSAMPLING)
2025-07-08 09:07:26,083 - ModelingPipeline - INFO - Random Forest 클래스 불균형 가중치: class_weight=balanced
2025-07-08 09:07:26,083 - ModelingPipeline - INFO - 최적화 메트릭: F1
2025-07-08 09:07:43,840 - ModelingPipeline - INFO -   Trial 1/10 - Current: 0.2913, Best: 0.2913
2025-07-08 09:09:06,568 - ModelingPipeline - INFO -   Trial 6/10 - Current: 0.2304, Best: 0.2913
2025-07-08 09:11:10,918 - ModelingPipeline - INFO -   Trial 10/10 - Current: 0.2754, Best: 0.2998
2025-07-08 09:11:12,931 - ModelingPipeline - INFO - 최적 AUC: 0.2998
2025-07-08 09:11:12,931 - ModelingPipeline - INFO - 최적 파라미터: {'n_estimators': 173, 'max_depth': 11, 'min_samples_split': 2, 'min_samples_leaf': 10, 'max_features': 0.33290198344001526, 'class_weight': 'balanced'}
2025-07-08 09:11:12,931 - ModelingPipeline - INFO - CV 메트릭 계산 시작 (UNDERSAMPLING)
2025-07-08 09:11:20,973 - ModelingPipeline - INFO - 최적화된 CV 완료: AUC=0.8851(±0.0129), AP=0.2631(±0.0554), F1=0.2971(±0.0353)
2025-07-08 09:11:20,973 - ModelingPipeline - INFO - CV 메트릭 계산 완료 - AUC: 0.8851, AP: 0.2631, F1: 0.2971
2025-07-08 09:11:20,981 - ModelingPipeline - INFO - xgboost 최적화 시작 (UNDERSAMPLING)
2025-07-08 09:11:20,982 - ModelingPipeline - INFO - XGBoost 클래스 불균형 처리: scale_pos_weight
2025-07-08 09:11:20,982 - ModelingPipeline - INFO - scale_pos_weight = 30.28 (설정: auto)
2025-07-08 09:11:20,982 - ModelingPipeline - INFO - 최적화 메트릭: F1
2025-07-08 09:11:51,990 - ModelingPipeline - INFO -   Trial 1/10 - Current: 0.2548, Best: 0.2548
2025-07-08 09:14:16,691 - ModelingPipeline - INFO -   Trial 6/10 - Current: 0.2927, Best: 0.3083
2025-07-08 09:15:34,695 - ModelingPipeline - INFO -   Trial 10/10 - Current: 0.2696, Best: 0.3095
2025-07-08 09:15:34,729 - ModelingPipeline - INFO - Using XGBoost ≥ 2.0 callbacks
2025-07-08 09:15:34,729 - ModelingPipeline - WARNING - Early stopping failed, using fallback: XGBClassifier.fit() got an unexpected keyword argument 'callbacks'
2025-07-08 09:15:35,353 - ModelingPipeline - INFO - 최적 AUC: 0.3095
2025-07-08 09:15:35,354 - ModelingPipeline - INFO - 최적 파라미터: {'n_estimators': 120, 'max_depth': 19, 'learning_rate': 0.07837521449840505, 'subsample': 0.8650089137415928, 'colsample_bytree': 0.7246844304357644, 'reg_alpha': 5.200680211778108, 'reg_lambda': 5.920392514089517, 'scale_pos_weight': np.float64(30.281690140845072)}
2025-07-08 09:15:35,354 - ModelingPipeline - INFO - CV 메트릭 계산 시작 (UNDERSAMPLING)
2025-07-08 09:15:38,465 - ModelingPipeline - INFO - 최적화된 CV 완료: AUC=0.8930(±0.0138), AP=0.2877(±0.0450), F1=0.3010(±0.0536)
2025-07-08 09:15:38,466 - ModelingPipeline - INFO - CV 메트릭 계산 완료 - AUC: 0.8930, AP: 0.2877, F1: 0.3010
2025-07-08 09:15:38,467 - ModelingPipeline - INFO - COMBINED 데이터 처리
2025-07-08 09:15:38,467 - ModelingPipeline - INFO - logistic_regression 최적화 시작 (COMBINED)
2025-07-08 09:15:38,467 - ModelingPipeline - INFO - Logistic Regression 클래스 불균형 가중치: class_weight=balanced
2025-07-08 09:15:38,467 - ModelingPipeline - INFO - 최적화 메트릭: F1
2025-07-08 09:15:39,707 - ModelingPipeline - INFO -   Trial 1/100 - Current: 0.0670, Best: 0.0670
2025-07-08 09:17:14,035 - ModelingPipeline - INFO -   Trial 51/100 - Current: 0.1003, Best: 0.1003
2025-07-08 09:18:58,965 - ModelingPipeline - INFO -   Trial 100/100 - Current: 0.0938, Best: 0.1071
2025-07-08 09:18:59,016 - ModelingPipeline - INFO - 최적 AUC: 0.1071
2025-07-08 09:18:59,017 - ModelingPipeline - INFO - 최적 파라미터: {'C': 10.365017519331417, 'max_iter': 5442, 'penalty': 'l2', 'solver': 'newton-cg', 'tol': 0.0001, 'class_weight': 'balanced'}
2025-07-08 09:18:59,017 - ModelingPipeline - INFO - CV 메트릭 계산 시작 (COMBINED)
2025-07-08 09:18:59,297 - ModelingPipeline - INFO - 최적화된 CV 완료: AUC=0.5195(±0.0280), AP=0.0351(±0.0039), F1=0.0617(±0.0142)
2025-07-08 09:18:59,298 - ModelingPipeline - INFO - CV 메트릭 계산 완료 - AUC: 0.5195, AP: 0.0351, F1: 0.0617
2025-07-08 09:18:59,298 - ModelingPipeline - INFO - random_forest 최적화 시작 (COMBINED)
2025-07-08 09:18:59,298 - ModelingPipeline - INFO - Random Forest 클래스 불균형 가중치: class_weight=balanced
2025-07-08 09:18:59,298 - ModelingPipeline - INFO - 최적화 메트릭: F1
2025-07-08 09:19:17,420 - ModelingPipeline - INFO -   Trial 1/10 - Current: 0.2927, Best: 0.2927
2025-07-08 09:20:48,578 - ModelingPipeline - INFO -   Trial 6/10 - Current: 0.2200, Best: 0.2927
2025-07-08 09:23:07,961 - ModelingPipeline - INFO -   Trial 10/10 - Current: 0.2577, Best: 0.2927
2025-07-08 09:23:12,321 - ModelingPipeline - INFO - 최적 AUC: 0.2927
2025-07-08 09:23:12,321 - ModelingPipeline - INFO - 최적 파라미터: {'n_estimators': 325, 'max_depth': 20, 'min_samples_split': 15, 'min_samples_leaf': 6, 'max_features': 0.24041677639819287, 'class_weight': 'balanced'}
2025-07-08 09:23:12,321 - ModelingPipeline - INFO - CV 메트릭 계산 시작 (COMBINED)
2025-07-08 09:23:29,307 - ModelingPipeline - INFO - 최적화된 CV 완료: AUC=0.8856(±0.0144), AP=0.2546(±0.0428), F1=0.2904(±0.0570)
2025-07-08 09:23:29,307 - ModelingPipeline - INFO - CV 메트릭 계산 완료 - AUC: 0.8856, AP: 0.2546, F1: 0.2904
2025-07-08 09:23:29,323 - ModelingPipeline - INFO - xgboost 최적화 시작 (COMBINED)
2025-07-08 09:23:29,324 - ModelingPipeline - INFO - XGBoost 클래스 불균형 처리: scale_pos_weight
2025-07-08 09:23:29,324 - ModelingPipeline - INFO - scale_pos_weight = 30.28 (설정: auto)
2025-07-08 09:23:29,324 - ModelingPipeline - INFO - 최적화 메트릭: F1
2025-07-08 09:24:03,931 - ModelingPipeline - INFO -   Trial 1/10 - Current: 0.2775, Best: 0.2775
2025-07-08 09:26:40,368 - ModelingPipeline - INFO -   Trial 6/10 - Current: 0.3179, Best: 0.3179
2025-07-08 09:28:07,744 - ModelingPipeline - INFO -   Trial 10/10 - Current: 0.2864, Best: 0.3213
2025-07-08 09:28:07,788 - ModelingPipeline - INFO - Using XGBoost ≥ 2.0 callbacks
2025-07-08 09:28:07,788 - ModelingPipeline - WARNING - Early stopping failed, using fallback: XGBClassifier.fit() got an unexpected keyword argument 'callbacks'
2025-07-08 09:28:08,479 - ModelingPipeline - INFO - 최적 AUC: 0.3213
2025-07-08 09:28:08,479 - ModelingPipeline - INFO - 최적 파라미터: {'n_estimators': 120, 'max_depth': 19, 'learning_rate': 0.07837521449840505, 'subsample': 0.8650089137415928, 'colsample_bytree': 0.7246844304357644, 'reg_alpha': 5.200680211778108, 'reg_lambda': 5.920392514089517, 'scale_pos_weight': np.float64(30.281690140845072)}
2025-07-08 09:28:08,480 - ModelingPipeline - INFO - CV 메트릭 계산 시작 (COMBINED)
2025-07-08 09:28:12,067 - ModelingPipeline - INFO - 최적화된 CV 완료: AUC=0.8941(±0.0105), AP=0.2853(±0.0441), F1=0.3235(±0.0384)
2025-07-08 09:28:12,067 - ModelingPipeline - INFO - CV 메트릭 계산 완료 - AUC: 0.8941, AP: 0.2853, F1: 0.3235
2025-07-08 09:28:12,068 - ModelingPipeline - INFO - 모든 모델 평가 및 Threshold 최적화
2025-07-08 09:28:12,068 - ModelingPipeline - INFO - 모델 평가 시작: normal__logistic_regression
2025-07-08 09:28:12,069 - ModelingPipeline - INFO - CV 메트릭 계산 시작 (NORMAL)
2025-07-08 09:28:12,157 - ModelingPipeline - INFO - 최적화된 CV 완료: AUC=0.5211(±0.0287), AP=0.0348(±0.0031), F1=0.0640(±0.0114)
2025-07-08 09:28:12,157 - ModelingPipeline - INFO - CV 메트릭 계산 완료 - AUC: 0.5211, AP: 0.0348, F1: 0.0640
2025-07-08 09:28:12,157 - ModelingPipeline - INFO - [normal__logistic_regression] Cross-Validation (Train): AUC=0.5211, F1=0.0640
2025-07-08 09:28:12,157 - ModelingPipeline - INFO - [normal__logistic_regression] 평가용 전처리 완료
2025-07-08 09:28:12,160 - ModelingPipeline - INFO - Threshold 최적화 디버깅:
2025-07-08 09:28:12,160 - ModelingPipeline - INFO -   - 검증 데이터 크기: 4580
2025-07-08 09:28:12,160 - ModelingPipeline - INFO -   - 양성 클래스 비율: 0.0443 (203/4580)
2025-07-08 09:28:12,160 - ModelingPipeline - INFO -   - 예측 확률 범위: [0.0035, 0.5000]
2025-07-08 09:28:12,160 - ModelingPipeline - INFO -   - 예측 확률 평균: 0.4699
2025-07-08 09:28:12,161 - ModelingPipeline - INFO -   - 설정된 임계값 탐색 범위: [0.0005, 0.5000] (500개 그리드)
2025-07-08 09:28:12,621 - ModelingPipeline - INFO -   - F1 점수 범위: [0.0780, 0.1034]
2025-07-08 09:28:12,621 - ModelingPipeline - INFO -   - 0이 아닌 F1 점수 개수: 500/500
2025-07-08 09:28:12,624 - ModelingPipeline - INFO - 최적 임계값 검증: 0.4950
2025-07-08 09:28:12,624 - ModelingPipeline - INFO -   - F1: 0.1034, Precision: 0.0598, Recall: 0.3793
2025-07-08 09:28:12,624 - ModelingPipeline - INFO -   - 양성 예측 개수: 1287/4580
2025-07-08 09:28:12,630 - ModelingPipeline - INFO - [normal__logistic_regression] Validation (Optimal Threshold): F1=0.1034, Recall=0.3793
2025-07-08 09:28:12,639 - ModelingPipeline - INFO - [normal__logistic_regression] Test (Optimal Threshold=0.4950): F1=0.0516, Recall=0.2991
2025-07-08 09:28:12,639 - ModelingPipeline - INFO - [normal__logistic_regression] Test (Default Threshold=0.5): F1=0.0524, Recall=0.2393
2025-07-08 09:28:12,639 - ModelingPipeline - INFO - 모델 평가 완료: normal__logistic_regression
2025-07-08 09:28:12,640 - ModelingPipeline - INFO - 모델 평가 시작: normal__random_forest
2025-07-08 09:28:12,640 - ModelingPipeline - INFO - CV 메트릭 계산 시작 (NORMAL)
2025-07-08 09:28:21,181 - ModelingPipeline - INFO - 최적화된 CV 완료: AUC=0.8853(±0.0154), AP=0.2620(±0.0521), F1=0.2914(±0.0271)
2025-07-08 09:28:21,182 - ModelingPipeline - INFO - CV 메트릭 계산 완료 - AUC: 0.8853, AP: 0.2620, F1: 0.2914
2025-07-08 09:28:21,182 - ModelingPipeline - INFO - [normal__random_forest] Cross-Validation (Train): AUC=0.8853, F1=0.2914
2025-07-08 09:28:21,182 - ModelingPipeline - INFO - [normal__random_forest] 평가용 전처리 완료
2025-07-08 09:28:21,271 - ModelingPipeline - INFO - Threshold 최적화 디버깅:
2025-07-08 09:28:21,271 - ModelingPipeline - INFO -   - 검증 데이터 크기: 4580
2025-07-08 09:28:21,271 - ModelingPipeline - INFO -   - 양성 클래스 비율: 0.0443 (203/4580)
2025-07-08 09:28:21,271 - ModelingPipeline - INFO -   - 예측 확률 범위: [0.0000, 0.9107]
2025-07-08 09:28:21,271 - ModelingPipeline - INFO -   - 예측 확률 평균: 0.1519
2025-07-08 09:28:21,271 - ModelingPipeline - INFO -   - 설정된 임계값 탐색 범위: [0.0005, 0.5000] (500개 그리드)
2025-07-08 09:28:21,725 - ModelingPipeline - INFO -   - F1 점수 범위: [0.0876, 0.2884]
2025-07-08 09:28:21,726 - ModelingPipeline - INFO -   - 0이 아닌 F1 점수 개수: 500/500
2025-07-08 09:28:21,728 - ModelingPipeline - INFO - 최적 임계값 검증: 0.3969
2025-07-08 09:28:21,728 - ModelingPipeline - INFO -   - F1: 0.2884, Precision: 0.1978, Recall: 0.5320
2025-07-08 09:28:21,728 - ModelingPipeline - INFO -   - 양성 예측 개수: 546/4580
2025-07-08 09:28:21,732 - ModelingPipeline - INFO - [normal__random_forest] Validation (Optimal Threshold): F1=0.2884, Recall=0.5320
2025-07-08 09:28:21,775 - ModelingPipeline - INFO - [normal__random_forest] Test (Optimal Threshold=0.3969): F1=0.2048, Recall=0.4701
2025-07-08 09:28:21,775 - ModelingPipeline - INFO - [normal__random_forest] Test (Default Threshold=0.5): F1=0.2071, Recall=0.3248
2025-07-08 09:28:21,775 - ModelingPipeline - INFO - 모델 평가 완료: normal__random_forest
2025-07-08 09:28:21,776 - ModelingPipeline - INFO - 모델 평가 시작: normal__xgboost
2025-07-08 09:28:21,776 - ModelingPipeline - INFO - CV 메트릭 계산 시작 (NORMAL)
2025-07-08 09:28:24,019 - ModelingPipeline - INFO - 최적화된 CV 완료: AUC=0.8883(±0.0134), AP=0.2684(±0.0383), F1=0.3068(±0.0397)
2025-07-08 09:28:24,019 - ModelingPipeline - INFO - CV 메트릭 계산 완료 - AUC: 0.8883, AP: 0.2684, F1: 0.3068
2025-07-08 09:28:24,019 - ModelingPipeline - INFO - [normal__xgboost] Cross-Validation (Train): AUC=0.8883, F1=0.3068
2025-07-08 09:28:24,019 - ModelingPipeline - INFO - [normal__xgboost] 평가용 전처리 완료
2025-07-08 09:28:24,034 - ModelingPipeline - INFO - Threshold 최적화 디버깅:
2025-07-08 09:28:24,034 - ModelingPipeline - INFO -   - 검증 데이터 크기: 4580
2025-07-08 09:28:24,035 - ModelingPipeline - INFO -   - 양성 클래스 비율: 0.0443 (203/4580)
2025-07-08 09:28:24,035 - ModelingPipeline - INFO -   - 예측 확률 범위: [0.0001, 0.9735]
2025-07-08 09:28:24,035 - ModelingPipeline - INFO -   - 예측 확률 평균: 0.0865
2025-07-08 09:28:24,035 - ModelingPipeline - INFO -   - 설정된 임계값 탐색 범위: [0.0005, 0.5000] (500개 그리드)
2025-07-08 09:28:24,481 - ModelingPipeline - INFO -   - F1 점수 범위: [0.0931, 0.2829]
2025-07-08 09:28:24,481 - ModelingPipeline - INFO -   - 0이 아닌 F1 점수 개수: 500/500
2025-07-08 09:28:24,484 - ModelingPipeline - INFO - 최적 임계값 검증: 0.4269
2025-07-08 09:28:24,484 - ModelingPipeline - INFO -   - F1: 0.2829, Precision: 0.2332, Recall: 0.3596
2025-07-08 09:28:24,484 - ModelingPipeline - INFO -   - 양성 예측 개수: 313/4580
2025-07-08 09:28:24,490 - ModelingPipeline - INFO - [normal__xgboost] Validation (Optimal Threshold): F1=0.2829, Recall=0.3596
2025-07-08 09:28:24,501 - ModelingPipeline - INFO - [normal__xgboost] Test (Optimal Threshold=0.4269): F1=0.1882, Recall=0.2991
2025-07-08 09:28:24,501 - ModelingPipeline - INFO - [normal__xgboost] Test (Default Threshold=0.5): F1=0.1796, Recall=0.2479
2025-07-08 09:28:24,501 - ModelingPipeline - INFO - 모델 평가 완료: normal__xgboost
2025-07-08 09:28:24,502 - ModelingPipeline - INFO - 모델 평가 시작: smote__logistic_regression
2025-07-08 09:28:24,502 - ModelingPipeline - INFO - CV 메트릭 계산 시작 (SMOTE)
2025-07-08 09:28:25,039 - ModelingPipeline - INFO - 최적화된 CV 완료: AUC=0.7301(±0.1142), AP=0.1217(±0.0455), F1=0.1303(±0.0392)
2025-07-08 09:28:25,039 - ModelingPipeline - INFO - CV 메트릭 계산 완료 - AUC: 0.7301, AP: 0.1217, F1: 0.1303
2025-07-08 09:28:25,039 - ModelingPipeline - INFO - [smote__logistic_regression] Cross-Validation (Train): AUC=0.7301, F1=0.1303
2025-07-08 09:28:25,039 - ModelingPipeline - INFO - [smote__logistic_regression] 평가용 전처리 완료
2025-07-08 09:28:25,040 - ModelingPipeline - INFO - Threshold 최적화 디버깅:
2025-07-08 09:28:25,040 - ModelingPipeline - INFO -   - 검증 데이터 크기: 4580
2025-07-08 09:28:25,040 - ModelingPipeline - INFO -   - 양성 클래스 비율: 0.0443 (203/4580)
2025-07-08 09:28:25,040 - ModelingPipeline - INFO -   - 예측 확률 범위: [0.0000, 0.7790]
2025-07-08 09:28:25,040 - ModelingPipeline - INFO -   - 예측 확률 평균: 0.4416
2025-07-08 09:28:25,040 - ModelingPipeline - INFO -   - 설정된 임계값 탐색 범위: [0.0005, 0.5000] (500개 그리드)
2025-07-08 09:28:25,506 - ModelingPipeline - INFO -   - F1 점수 범위: [0.0855, 0.1855]
2025-07-08 09:28:25,506 - ModelingPipeline - INFO -   - 0이 아닌 F1 점수 개수: 500/500
2025-07-08 09:28:25,509 - ModelingPipeline - INFO - 최적 임계값 검증: 0.5000
2025-07-08 09:28:25,509 - ModelingPipeline - INFO -   - F1: 0.1855, Precision: 0.1075, Recall: 0.6749
2025-07-08 09:28:25,509 - ModelingPipeline - INFO -   - 양성 예측 개수: 1274/4580
2025-07-08 09:28:25,514 - ModelingPipeline - INFO - [smote__logistic_regression] Validation (Optimal Threshold): F1=0.1855, Recall=0.6749
2025-07-08 09:28:25,521 - ModelingPipeline - INFO - [smote__logistic_regression] Test (Optimal Threshold=0.5000): F1=0.0999, Recall=0.5726
2025-07-08 09:28:25,521 - ModelingPipeline - INFO - [smote__logistic_regression] Test (Default Threshold=0.5): F1=0.0999, Recall=0.5726
2025-07-08 09:28:25,522 - ModelingPipeline - INFO - 모델 평가 완료: smote__logistic_regression
2025-07-08 09:28:25,522 - ModelingPipeline - INFO - 모델 평가 시작: smote__random_forest
2025-07-08 09:28:25,523 - ModelingPipeline - INFO - CV 메트릭 계산 시작 (SMOTE)
2025-07-08 09:28:50,990 - ModelingPipeline - INFO - 최적화된 CV 완료: AUC=0.8786(±0.0187), AP=0.2247(±0.0362), F1=0.2873(±0.0326)
2025-07-08 09:28:50,992 - ModelingPipeline - INFO - CV 메트릭 계산 완료 - AUC: 0.8786, AP: 0.2247, F1: 0.2873
2025-07-08 09:28:50,993 - ModelingPipeline - INFO - [smote__random_forest] Cross-Validation (Train): AUC=0.8786, F1=0.2873
2025-07-08 09:28:50,993 - ModelingPipeline - INFO - [smote__random_forest] 평가용 전처리 완료
2025-07-08 09:28:51,181 - ModelingPipeline - INFO - Threshold 최적화 디버깅:
2025-07-08 09:28:51,181 - ModelingPipeline - INFO -   - 검증 데이터 크기: 4580
2025-07-08 09:28:51,181 - ModelingPipeline - INFO -   - 양성 클래스 비율: 0.0443 (203/4580)
2025-07-08 09:28:51,181 - ModelingPipeline - INFO -   - 예측 확률 범위: [0.0000, 0.9345]
2025-07-08 09:28:51,181 - ModelingPipeline - INFO -   - 예측 확률 평균: 0.1530
2025-07-08 09:28:51,181 - ModelingPipeline - INFO -   - 설정된 임계값 탐색 범위: [0.0005, 0.5000] (500개 그리드)
2025-07-08 09:28:51,594 - ModelingPipeline - INFO -   - F1 점수 범위: [0.0878, 0.2571]
2025-07-08 09:28:51,594 - ModelingPipeline - INFO -   - 0이 아닌 F1 점수 개수: 500/500
2025-07-08 09:28:51,597 - ModelingPipeline - INFO - 최적 임계값 검증: 0.4379
2025-07-08 09:28:51,597 - ModelingPipeline - INFO -   - F1: 0.2571, Precision: 0.1802, Recall: 0.4483
2025-07-08 09:28:51,597 - ModelingPipeline - INFO -   - 양성 예측 개수: 505/4580
2025-07-08 09:28:51,601 - ModelingPipeline - INFO - [smote__random_forest] Validation (Optimal Threshold): F1=0.2571, Recall=0.4483
2025-07-08 09:28:51,694 - ModelingPipeline - INFO - [smote__random_forest] Test (Optimal Threshold=0.4379): F1=0.1815, Recall=0.4359
2025-07-08 09:28:51,694 - ModelingPipeline - INFO - [smote__random_forest] Test (Default Threshold=0.5): F1=0.1678, Recall=0.3248
2025-07-08 09:28:51,694 - ModelingPipeline - INFO - 모델 평가 완료: smote__random_forest
2025-07-08 09:28:51,694 - ModelingPipeline - INFO - 모델 평가 시작: smote__xgboost
2025-07-08 09:28:51,695 - ModelingPipeline - INFO - CV 메트릭 계산 시작 (SMOTE)
2025-07-08 09:28:56,282 - ModelingPipeline - INFO - 최적화된 CV 완료: AUC=0.8844(±0.0146), AP=0.2578(±0.0352), F1=0.3045(±0.0320)
2025-07-08 09:28:56,282 - ModelingPipeline - INFO - CV 메트릭 계산 완료 - AUC: 0.8844, AP: 0.2578, F1: 0.3045
2025-07-08 09:28:56,283 - ModelingPipeline - INFO - [smote__xgboost] Cross-Validation (Train): AUC=0.8844, F1=0.3045
2025-07-08 09:28:56,283 - ModelingPipeline - INFO - [smote__xgboost] 평가용 전처리 완료
2025-07-08 09:28:56,297 - ModelingPipeline - INFO - Threshold 최적화 디버깅:
2025-07-08 09:28:56,297 - ModelingPipeline - INFO -   - 검증 데이터 크기: 4580
2025-07-08 09:28:56,297 - ModelingPipeline - INFO -   - 양성 클래스 비율: 0.0443 (203/4580)
2025-07-08 09:28:56,297 - ModelingPipeline - INFO -   - 예측 확률 범위: [0.0000, 0.9995]
2025-07-08 09:28:56,297 - ModelingPipeline - INFO -   - 예측 확률 평균: 0.0823
2025-07-08 09:28:56,297 - ModelingPipeline - INFO -   - 설정된 임계값 탐색 범위: [0.0005, 0.5000] (500개 그리드)
2025-07-08 09:28:56,705 - ModelingPipeline - INFO -   - F1 점수 범위: [0.1390, 0.2351]
2025-07-08 09:28:56,705 - ModelingPipeline - INFO -   - 0이 아닌 F1 점수 개수: 500/500
2025-07-08 09:28:56,708 - ModelingPipeline - INFO - 최적 임계값 검증: 0.2508
2025-07-08 09:28:56,708 - ModelingPipeline - INFO -   - F1: 0.2351, Precision: 0.1667, Recall: 0.3990
2025-07-08 09:28:56,708 - ModelingPipeline - INFO -   - 양성 예측 개수: 486/4580
2025-07-08 09:28:56,712 - ModelingPipeline - INFO - [smote__xgboost] Validation (Optimal Threshold): F1=0.2351, Recall=0.3990
2025-07-08 09:28:56,726 - ModelingPipeline - INFO - [smote__xgboost] Test (Optimal Threshold=0.2508): F1=0.1527, Recall=0.3504
2025-07-08 09:28:56,726 - ModelingPipeline - INFO - [smote__xgboost] Test (Default Threshold=0.5): F1=0.1671, Recall=0.2906
2025-07-08 09:28:56,727 - ModelingPipeline - INFO - 모델 평가 완료: smote__xgboost
2025-07-08 09:28:56,727 - ModelingPipeline - INFO - 모델 평가 시작: undersampling__logistic_regression
2025-07-08 09:28:56,728 - ModelingPipeline - INFO - CV 메트릭 계산 시작 (UNDERSAMPLING)
2025-07-08 09:28:56,961 - ModelingPipeline - INFO - 최적화된 CV 완료: AUC=0.5787(±0.1120), AP=0.0612(±0.0513), F1=0.0836(±0.0336)
2025-07-08 09:28:56,962 - ModelingPipeline - INFO - CV 메트릭 계산 완료 - AUC: 0.5787, AP: 0.0612, F1: 0.0836
2025-07-08 09:28:56,962 - ModelingPipeline - INFO - [undersampling__logistic_regression] Cross-Validation (Train): AUC=0.5787, F1=0.0836
2025-07-08 09:28:56,962 - ModelingPipeline - INFO - [undersampling__logistic_regression] 평가용 전처리 완료
2025-07-08 09:28:56,962 - ModelingPipeline - INFO - Threshold 최적화 디버깅:
2025-07-08 09:28:56,963 - ModelingPipeline - INFO -   - 검증 데이터 크기: 4580
2025-07-08 09:28:56,963 - ModelingPipeline - INFO -   - 양성 클래스 비율: 0.0443 (203/4580)
2025-07-08 09:28:56,963 - ModelingPipeline - INFO -   - 예측 확률 범위: [0.0010, 0.5270]
2025-07-08 09:28:56,963 - ModelingPipeline - INFO -   - 예측 확률 평균: 0.4882
2025-07-08 09:28:56,963 - ModelingPipeline - INFO -   - 설정된 임계값 탐색 범위: [0.0005, 0.5000] (500개 그리드)
2025-07-08 09:28:57,371 - ModelingPipeline - INFO -   - F1 점수 범위: [0.0849, 0.0956]
2025-07-08 09:28:57,371 - ModelingPipeline - INFO -   - 0이 아닌 F1 점수 개수: 500/500
2025-07-08 09:28:57,374 - ModelingPipeline - INFO - 최적 임계값 검증: 0.4710
2025-07-08 09:28:57,374 - ModelingPipeline - INFO -   - F1: 0.0956, Precision: 0.0503, Recall: 0.9803
2025-07-08 09:28:57,374 - ModelingPipeline - INFO -   - 양성 예측 개수: 3960/4580
2025-07-08 09:28:57,378 - ModelingPipeline - INFO - [undersampling__logistic_regression] Validation (Optimal Threshold): F1=0.0956, Recall=0.9803
2025-07-08 09:28:57,385 - ModelingPipeline - INFO - [undersampling__logistic_regression] Test (Optimal Threshold=0.4710): F1=0.0553, Recall=0.8803
2025-07-08 09:28:57,385 - ModelingPipeline - INFO - [undersampling__logistic_regression] Test (Default Threshold=0.5): F1=0.0482, Recall=0.6496
2025-07-08 09:28:57,386 - ModelingPipeline - INFO - 모델 평가 완료: undersampling__logistic_regression
2025-07-08 09:28:57,386 - ModelingPipeline - INFO - 모델 평가 시작: undersampling__random_forest
2025-07-08 09:28:57,386 - ModelingPipeline - INFO - CV 메트릭 계산 시작 (UNDERSAMPLING)
2025-07-08 09:29:05,904 - ModelingPipeline - INFO - 최적화된 CV 완료: AUC=0.8850(±0.0145), AP=0.2597(±0.0562), F1=0.2963(±0.0297)
2025-07-08 09:29:05,905 - ModelingPipeline - INFO - CV 메트릭 계산 완료 - AUC: 0.8850, AP: 0.2597, F1: 0.2963
2025-07-08 09:29:05,905 - ModelingPipeline - INFO - [undersampling__random_forest] Cross-Validation (Train): AUC=0.8850, F1=0.2963
2025-07-08 09:29:05,905 - ModelingPipeline - INFO - [undersampling__random_forest] 평가용 전처리 완료
2025-07-08 09:29:05,980 - ModelingPipeline - INFO - Threshold 최적화 디버깅:
2025-07-08 09:29:05,980 - ModelingPipeline - INFO -   - 검증 데이터 크기: 4580
2025-07-08 09:29:05,980 - ModelingPipeline - INFO -   - 양성 클래스 비율: 0.0443 (203/4580)
2025-07-08 09:29:05,980 - ModelingPipeline - INFO -   - 예측 확률 범위: [0.0000, 0.9148]
2025-07-08 09:29:05,980 - ModelingPipeline - INFO -   - 예측 확률 평균: 0.1512
2025-07-08 09:29:05,980 - ModelingPipeline - INFO -   - 설정된 임계값 탐색 범위: [0.0005, 0.5000] (500개 그리드)
2025-07-08 09:29:06,390 - ModelingPipeline - INFO -   - F1 점수 범위: [0.0873, 0.2867]
2025-07-08 09:29:06,390 - ModelingPipeline - INFO -   - 0이 아닌 F1 점수 개수: 500/500
2025-07-08 09:29:06,393 - ModelingPipeline - INFO - 최적 임계값 검증: 0.3509
2025-07-08 09:29:06,393 - ModelingPipeline - INFO -   - F1: 0.2867, Precision: 0.1878, Recall: 0.6059
2025-07-08 09:29:06,393 - ModelingPipeline - INFO -   - 양성 예측 개수: 655/4580
2025-07-08 09:29:06,397 - ModelingPipeline - INFO - [undersampling__random_forest] Validation (Optimal Threshold): F1=0.2867, Recall=0.6059
2025-07-08 09:29:06,440 - ModelingPipeline - INFO - [undersampling__random_forest] Test (Optimal Threshold=0.3509): F1=0.1972, Recall=0.5470
2025-07-08 09:29:06,440 - ModelingPipeline - INFO - [undersampling__random_forest] Test (Default Threshold=0.5): F1=0.2174, Recall=0.3419
2025-07-08 09:29:06,440 - ModelingPipeline - INFO - 모델 평가 완료: undersampling__random_forest
2025-07-08 09:29:06,440 - ModelingPipeline - INFO - 모델 평가 시작: undersampling__xgboost
2025-07-08 09:29:06,441 - ModelingPipeline - INFO - CV 메트릭 계산 시작 (UNDERSAMPLING)
2025-07-08 09:29:09,612 - ModelingPipeline - INFO - 최적화된 CV 완료: AUC=0.8930(±0.0138), AP=0.2877(±0.0450), F1=0.3010(±0.0536)
2025-07-08 09:29:09,612 - ModelingPipeline - INFO - CV 메트릭 계산 완료 - AUC: 0.8930, AP: 0.2877, F1: 0.3010
2025-07-08 09:29:09,612 - ModelingPipeline - INFO - [undersampling__xgboost] Cross-Validation (Train): AUC=0.8930, F1=0.3010
2025-07-08 09:29:09,612 - ModelingPipeline - INFO - [undersampling__xgboost] 평가용 전처리 완료
2025-07-08 09:29:09,624 - ModelingPipeline - INFO - Threshold 최적화 디버깅:
2025-07-08 09:29:09,624 - ModelingPipeline - INFO -   - 검증 데이터 크기: 4580
2025-07-08 09:29:09,624 - ModelingPipeline - INFO -   - 양성 클래스 비율: 0.0443 (203/4580)
2025-07-08 09:29:09,625 - ModelingPipeline - INFO -   - 예측 확률 범위: [0.0006, 0.9696]
2025-07-08 09:29:09,625 - ModelingPipeline - INFO -   - 예측 확률 평균: 0.0751
2025-07-08 09:29:09,625 - ModelingPipeline - INFO -   - 설정된 임계값 탐색 범위: [0.0005, 0.5000] (500개 그리드)
2025-07-08 09:29:10,073 - ModelingPipeline - INFO -   - F1 점수 범위: [0.0849, 0.3040]
2025-07-08 09:29:10,073 - ModelingPipeline - INFO -   - 0이 아닌 F1 점수 개수: 500/500
2025-07-08 09:29:10,076 - ModelingPipeline - INFO - 최적 임계값 검증: 0.2568
2025-07-08 09:29:10,076 - ModelingPipeline - INFO -   - F1: 0.3040, Precision: 0.2251, Recall: 0.4680
2025-07-08 09:29:10,076 - ModelingPipeline - INFO -   - 양성 예측 개수: 422/4580
2025-07-08 09:29:10,080 - ModelingPipeline - INFO - [undersampling__xgboost] Validation (Optimal Threshold): F1=0.3040, Recall=0.4680
2025-07-08 09:29:10,093 - ModelingPipeline - INFO - [undersampling__xgboost] Test (Optimal Threshold=0.2568): F1=0.2054, Recall=0.3932
2025-07-08 09:29:10,094 - ModelingPipeline - INFO - [undersampling__xgboost] Test (Default Threshold=0.5): F1=0.1832, Recall=0.2051
2025-07-08 09:29:10,094 - ModelingPipeline - INFO - 모델 평가 완료: undersampling__xgboost
2025-07-08 09:29:10,094 - ModelingPipeline - INFO - 모델 평가 시작: combined__logistic_regression
2025-07-08 09:29:10,095 - ModelingPipeline - INFO - CV 메트릭 계산 시작 (COMBINED)
2025-07-08 09:29:10,387 - ModelingPipeline - INFO - 최적화된 CV 완료: AUC=0.5195(±0.0280), AP=0.0351(±0.0039), F1=0.0617(±0.0142)
2025-07-08 09:29:10,388 - ModelingPipeline - INFO - CV 메트릭 계산 완료 - AUC: 0.5195, AP: 0.0351, F1: 0.0617
2025-07-08 09:29:10,388 - ModelingPipeline - INFO - [combined__logistic_regression] Cross-Validation (Train): AUC=0.5195, F1=0.0617
2025-07-08 09:29:10,388 - ModelingPipeline - INFO - [combined__logistic_regression] 평가용 전처리 완료
2025-07-08 09:29:10,389 - ModelingPipeline - INFO - Threshold 최적화 디버깅:
2025-07-08 09:29:10,389 - ModelingPipeline - INFO -   - 검증 데이터 크기: 4580
2025-07-08 09:29:10,389 - ModelingPipeline - INFO -   - 양성 클래스 비율: 0.0443 (203/4580)
2025-07-08 09:29:10,389 - ModelingPipeline - INFO -   - 예측 확률 범위: [0.0013, 0.5000]
2025-07-08 09:29:10,389 - ModelingPipeline - INFO -   - 예측 확률 평균: 0.4658
2025-07-08 09:29:10,389 - ModelingPipeline - INFO -   - 설정된 임계값 탐색 범위: [0.0005, 0.5000] (500개 그리드)
2025-07-08 09:29:10,836 - ModelingPipeline - INFO -   - F1 점수 범위: [0.0783, 0.1040]
2025-07-08 09:29:10,836 - ModelingPipeline - INFO -   - 0이 아닌 F1 점수 개수: 500/500
2025-07-08 09:29:10,838 - ModelingPipeline - INFO - 최적 임계값 검증: 0.4940
2025-07-08 09:29:10,838 - ModelingPipeline - INFO -   - F1: 0.1040, Precision: 0.0601, Recall: 0.3842
2025-07-08 09:29:10,838 - ModelingPipeline - INFO -   - 양성 예측 개수: 1297/4580
2025-07-08 09:29:10,842 - ModelingPipeline - INFO - [combined__logistic_regression] Validation (Optimal Threshold): F1=0.1040, Recall=0.3842
2025-07-08 09:29:10,850 - ModelingPipeline - INFO - [combined__logistic_regression] Test (Optimal Threshold=0.4940): F1=0.0507, Recall=0.2991
2025-07-08 09:29:10,850 - ModelingPipeline - INFO - [combined__logistic_regression] Test (Default Threshold=0.5): F1=0.0524, Recall=0.2393
2025-07-08 09:29:10,851 - ModelingPipeline - INFO - 모델 평가 완료: combined__logistic_regression
2025-07-08 09:29:10,851 - ModelingPipeline - INFO - 모델 평가 시작: combined__random_forest
2025-07-08 09:29:10,851 - ModelingPipeline - INFO - CV 메트릭 계산 시작 (COMBINED)
2025-07-08 09:29:27,059 - ModelingPipeline - INFO - 최적화된 CV 완료: AUC=0.8868(±0.0139), AP=0.2572(±0.0429), F1=0.2960(±0.0509)
2025-07-08 09:29:27,059 - ModelingPipeline - INFO - CV 메트릭 계산 완료 - AUC: 0.8868, AP: 0.2572, F1: 0.2960
2025-07-08 09:29:27,059 - ModelingPipeline - INFO - [combined__random_forest] Cross-Validation (Train): AUC=0.8868, F1=0.2960
2025-07-08 09:29:27,059 - ModelingPipeline - INFO - [combined__random_forest] 평가용 전처리 완료
2025-07-08 09:29:27,216 - ModelingPipeline - INFO - Threshold 최적화 디버깅:
2025-07-08 09:29:27,216 - ModelingPipeline - INFO -   - 검증 데이터 크기: 4580
2025-07-08 09:29:27,216 - ModelingPipeline - INFO -   - 양성 클래스 비율: 0.0443 (203/4580)
2025-07-08 09:29:27,216 - ModelingPipeline - INFO -   - 예측 확률 범위: [0.0000, 0.8731]
2025-07-08 09:29:27,216 - ModelingPipeline - INFO -   - 예측 확률 평균: 0.1156
2025-07-08 09:29:27,216 - ModelingPipeline - INFO -   - 설정된 임계값 탐색 범위: [0.0005, 0.5000] (500개 그리드)
2025-07-08 09:29:27,622 - ModelingPipeline - INFO -   - F1 점수 범위: [0.0911, 0.2899]
2025-07-08 09:29:27,622 - ModelingPipeline - INFO -   - 0이 아닌 F1 점수 개수: 500/500
2025-07-08 09:29:27,624 - ModelingPipeline - INFO - 최적 임계값 검증: 0.3228
2025-07-08 09:29:27,624 - ModelingPipeline - INFO -   - F1: 0.2899, Precision: 0.2062, Recall: 0.4877
2025-07-08 09:29:27,624 - ModelingPipeline - INFO -   - 양성 예측 개수: 480/4580
2025-07-08 09:29:27,628 - ModelingPipeline - INFO - [combined__random_forest] Validation (Optimal Threshold): F1=0.2899, Recall=0.4877
2025-07-08 09:29:27,709 - ModelingPipeline - INFO - [combined__random_forest] Test (Optimal Threshold=0.3228): F1=0.2113, Recall=0.4786
2025-07-08 09:29:27,709 - ModelingPipeline - INFO - [combined__random_forest] Test (Default Threshold=0.5): F1=0.1771, Recall=0.2051
2025-07-08 09:29:27,710 - ModelingPipeline - INFO - 모델 평가 완료: combined__random_forest
2025-07-08 09:29:27,710 - ModelingPipeline - INFO - 모델 평가 시작: combined__xgboost
2025-07-08 09:29:27,710 - ModelingPipeline - INFO - CV 메트릭 계산 시작 (COMBINED)
2025-07-08 09:29:30,988 - ModelingPipeline - INFO - 최적화된 CV 완료: AUC=0.8941(±0.0105), AP=0.2853(±0.0441), F1=0.3235(±0.0384)
2025-07-08 09:29:30,988 - ModelingPipeline - INFO - CV 메트릭 계산 완료 - AUC: 0.8941, AP: 0.2853, F1: 0.3235
2025-07-08 09:29:30,988 - ModelingPipeline - INFO - [combined__xgboost] Cross-Validation (Train): AUC=0.8941, F1=0.3235
2025-07-08 09:29:30,988 - ModelingPipeline - INFO - [combined__xgboost] 평가용 전처리 완료
2025-07-08 09:29:30,998 - ModelingPipeline - INFO - Threshold 최적화 디버깅:
2025-07-08 09:29:30,998 - ModelingPipeline - INFO -   - 검증 데이터 크기: 4580
2025-07-08 09:29:30,999 - ModelingPipeline - INFO -   - 양성 클래스 비율: 0.0443 (203/4580)
2025-07-08 09:29:30,999 - ModelingPipeline - INFO -   - 예측 확률 범위: [0.0006, 0.9760]
2025-07-08 09:29:30,999 - ModelingPipeline - INFO -   - 예측 확률 평균: 0.0883
2025-07-08 09:29:30,999 - ModelingPipeline - INFO -   - 설정된 임계값 탐색 범위: [0.0005, 0.5000] (500개 그리드)
2025-07-08 09:29:31,401 - ModelingPipeline - INFO -   - F1 점수 범위: [0.0849, 0.2876]
2025-07-08 09:29:31,401 - ModelingPipeline - INFO -   - 0이 아닌 F1 점수 개수: 500/500
2025-07-08 09:29:31,404 - ModelingPipeline - INFO - 최적 임계값 검증: 0.5000
2025-07-08 09:29:31,404 - ModelingPipeline - INFO -   - F1: 0.2876, Precision: 0.2578, Recall: 0.3251
2025-07-08 09:29:31,404 - ModelingPipeline - INFO -   - 양성 예측 개수: 256/4580
2025-07-08 09:29:31,408 - ModelingPipeline - INFO - [combined__xgboost] Validation (Optimal Threshold): F1=0.2876, Recall=0.3251
2025-07-08 09:29:31,421 - ModelingPipeline - INFO - [combined__xgboost] Test (Optimal Threshold=0.5000): F1=0.2147, Recall=0.2991
2025-07-08 09:29:31,421 - ModelingPipeline - INFO - [combined__xgboost] Test (Default Threshold=0.5): F1=0.2147, Recall=0.2991
2025-07-08 09:29:31,421 - ModelingPipeline - INFO - 모델 평가 완료: combined__xgboost
2025-07-08 09:29:31,422 - ModelingPipeline - INFO - 앙상블 모델 실행 시작
2025-07-08 09:29:31,424 - ModelingPipeline - INFO - 앙상블에 추가: normal__logistic_regression
2025-07-08 09:29:31,424 - ModelingPipeline - INFO - 앙상블에 추가: undersampling__logistic_regression
2025-07-08 09:29:31,424 - ModelingPipeline - INFO - 앙상블에 추가: normal__random_forest
2025-07-08 09:29:31,424 - ModelingPipeline - INFO - 앙상블에 추가: undersampling__random_forest
2025-07-08 09:29:31,424 - ModelingPipeline - INFO - 앙상블에 추가: normal__xgboost
2025-07-08 09:29:31,424 - ModelingPipeline - INFO - 앙상블에 추가: undersampling__xgboost
2025-07-08 09:29:31,776 - ModelingPipeline - INFO - 앙상블 모델 완료 - Test AUC: 0.8136, F1: 0.2000
2025-07-08 09:29:31,836 - ModelingPipeline - INFO - 앙상블 모델 저장: /Users/jojongho/KDT/P2_Default-invest/outputs/modeling_runs/default_modeling_run_20250708_083813/models/combined_models__ensemble_model.joblib
2025-07-08 09:29:31,836 - ModelingPipeline - INFO - 시각화 생성 시작
2025-07-08 09:29:31,836 - ModelingPipeline - INFO - 개별 모델 시각화 생성 중...
2025-07-08 09:29:31,836 - ModelingPipeline - INFO - 개별 시각화 생성: logistic_regression_normal
2025-07-08 09:29:32,022 - ModelingPipeline - INFO - 개별 ROC 곡선 저장: /Users/jojongho/KDT/P2_Default-invest/outputs/modeling_runs/default_modeling_run_20250708_083813/visualizations/individual_models/logistic_regression_normal/roc_curve_logistic_regression_normal.png
2025-07-08 09:29:32,162 - ModelingPipeline - INFO - 개별 PR 곡선 저장: /Users/jojongho/KDT/P2_Default-invest/outputs/modeling_runs/default_modeling_run_20250708_083813/visualizations/individual_models/logistic_regression_normal/pr_curve_logistic_regression_normal.png
2025-07-08 09:29:32,291 - ModelingPipeline - INFO - 개별 성능 메트릭 저장: /Users/jojongho/KDT/P2_Default-invest/outputs/modeling_runs/default_modeling_run_20250708_083813/visualizations/individual_models/logistic_regression_normal/performance_metrics_logistic_regression_normal.png
2025-07-08 09:29:32,403 - ModelingPipeline - INFO - 개별 혼동행렬 저장: /Users/jojongho/KDT/P2_Default-invest/outputs/modeling_runs/default_modeling_run_20250708_083813/visualizations/individual_models/logistic_regression_normal/confusion_matrix_logistic_regression_normal.png
2025-07-08 09:29:32,659 - ModelingPipeline - INFO - 개별 임계값 분석 저장: /Users/jojongho/KDT/P2_Default-invest/outputs/modeling_runs/default_modeling_run_20250708_083813/visualizations/individual_models/logistic_regression_normal/threshold_analysis_logistic_regression_normal.png
2025-07-08 09:29:32,659 - ModelingPipeline - INFO - 개별 시각화 생성: random_forest_normal
2025-07-08 09:29:32,800 - ModelingPipeline - INFO - 개별 ROC 곡선 저장: /Users/jojongho/KDT/P2_Default-invest/outputs/modeling_runs/default_modeling_run_20250708_083813/visualizations/individual_models/random_forest_normal/roc_curve_random_forest_normal.png
2025-07-08 09:29:32,922 - ModelingPipeline - INFO - 개별 PR 곡선 저장: /Users/jojongho/KDT/P2_Default-invest/outputs/modeling_runs/default_modeling_run_20250708_083813/visualizations/individual_models/random_forest_normal/pr_curve_random_forest_normal.png
2025-07-08 09:29:33,049 - ModelingPipeline - INFO - 개별 성능 메트릭 저장: /Users/jojongho/KDT/P2_Default-invest/outputs/modeling_runs/default_modeling_run_20250708_083813/visualizations/individual_models/random_forest_normal/performance_metrics_random_forest_normal.png
2025-07-08 09:29:33,165 - ModelingPipeline - INFO - 개별 혼동행렬 저장: /Users/jojongho/KDT/P2_Default-invest/outputs/modeling_runs/default_modeling_run_20250708_083813/visualizations/individual_models/random_forest_normal/confusion_matrix_random_forest_normal.png
2025-07-08 09:29:33,432 - ModelingPipeline - INFO - 개별 임계값 분석 저장: /Users/jojongho/KDT/P2_Default-invest/outputs/modeling_runs/default_modeling_run_20250708_083813/visualizations/individual_models/random_forest_normal/threshold_analysis_random_forest_normal.png
2025-07-08 09:29:33,432 - ModelingPipeline - INFO - 개별 시각화 생성: xgboost_normal
2025-07-08 09:29:33,572 - ModelingPipeline - INFO - 개별 ROC 곡선 저장: /Users/jojongho/KDT/P2_Default-invest/outputs/modeling_runs/default_modeling_run_20250708_083813/visualizations/individual_models/xgboost_normal/roc_curve_xgboost_normal.png
2025-07-08 09:29:33,696 - ModelingPipeline - INFO - 개별 PR 곡선 저장: /Users/jojongho/KDT/P2_Default-invest/outputs/modeling_runs/default_modeling_run_20250708_083813/visualizations/individual_models/xgboost_normal/pr_curve_xgboost_normal.png
2025-07-08 09:29:33,822 - ModelingPipeline - INFO - 개별 성능 메트릭 저장: /Users/jojongho/KDT/P2_Default-invest/outputs/modeling_runs/default_modeling_run_20250708_083813/visualizations/individual_models/xgboost_normal/performance_metrics_xgboost_normal.png
2025-07-08 09:29:33,938 - ModelingPipeline - INFO - 개별 혼동행렬 저장: /Users/jojongho/KDT/P2_Default-invest/outputs/modeling_runs/default_modeling_run_20250708_083813/visualizations/individual_models/xgboost_normal/confusion_matrix_xgboost_normal.png
2025-07-08 09:29:34,199 - ModelingPipeline - INFO - 개별 임계값 분석 저장: /Users/jojongho/KDT/P2_Default-invest/outputs/modeling_runs/default_modeling_run_20250708_083813/visualizations/individual_models/xgboost_normal/threshold_analysis_xgboost_normal.png
2025-07-08 09:29:34,200 - ModelingPipeline - INFO - 개별 시각화 생성: logistic_regression_smote
2025-07-08 09:29:34,391 - ModelingPipeline - INFO - 개별 ROC 곡선 저장: /Users/jojongho/KDT/P2_Default-invest/outputs/modeling_runs/default_modeling_run_20250708_083813/visualizations/individual_models/logistic_regression_smote/roc_curve_logistic_regression_smote.png
2025-07-08 09:29:34,509 - ModelingPipeline - INFO - 개별 PR 곡선 저장: /Users/jojongho/KDT/P2_Default-invest/outputs/modeling_runs/default_modeling_run_20250708_083813/visualizations/individual_models/logistic_regression_smote/pr_curve_logistic_regression_smote.png
2025-07-08 09:29:34,638 - ModelingPipeline - INFO - 개별 성능 메트릭 저장: /Users/jojongho/KDT/P2_Default-invest/outputs/modeling_runs/default_modeling_run_20250708_083813/visualizations/individual_models/logistic_regression_smote/performance_metrics_logistic_regression_smote.png
2025-07-08 09:29:34,749 - ModelingPipeline - INFO - 개별 혼동행렬 저장: /Users/jojongho/KDT/P2_Default-invest/outputs/modeling_runs/default_modeling_run_20250708_083813/visualizations/individual_models/logistic_regression_smote/confusion_matrix_logistic_regression_smote.png
2025-07-08 09:29:35,009 - ModelingPipeline - INFO - 개별 임계값 분석 저장: /Users/jojongho/KDT/P2_Default-invest/outputs/modeling_runs/default_modeling_run_20250708_083813/visualizations/individual_models/logistic_regression_smote/threshold_analysis_logistic_regression_smote.png
2025-07-08 09:29:35,009 - ModelingPipeline - INFO - 개별 시각화 생성: random_forest_smote
2025-07-08 09:29:35,151 - ModelingPipeline - INFO - 개별 ROC 곡선 저장: /Users/jojongho/KDT/P2_Default-invest/outputs/modeling_runs/default_modeling_run_20250708_083813/visualizations/individual_models/random_forest_smote/roc_curve_random_forest_smote.png
2025-07-08 09:29:35,270 - ModelingPipeline - INFO - 개별 PR 곡선 저장: /Users/jojongho/KDT/P2_Default-invest/outputs/modeling_runs/default_modeling_run_20250708_083813/visualizations/individual_models/random_forest_smote/pr_curve_random_forest_smote.png
2025-07-08 09:29:35,398 - ModelingPipeline - INFO - 개별 성능 메트릭 저장: /Users/jojongho/KDT/P2_Default-invest/outputs/modeling_runs/default_modeling_run_20250708_083813/visualizations/individual_models/random_forest_smote/performance_metrics_random_forest_smote.png
2025-07-08 09:29:35,511 - ModelingPipeline - INFO - 개별 혼동행렬 저장: /Users/jojongho/KDT/P2_Default-invest/outputs/modeling_runs/default_modeling_run_20250708_083813/visualizations/individual_models/random_forest_smote/confusion_matrix_random_forest_smote.png
2025-07-08 09:29:35,779 - ModelingPipeline - INFO - 개별 임계값 분석 저장: /Users/jojongho/KDT/P2_Default-invest/outputs/modeling_runs/default_modeling_run_20250708_083813/visualizations/individual_models/random_forest_smote/threshold_analysis_random_forest_smote.png
2025-07-08 09:29:35,779 - ModelingPipeline - INFO - 개별 시각화 생성: xgboost_smote
2025-07-08 09:29:35,918 - ModelingPipeline - INFO - 개별 ROC 곡선 저장: /Users/jojongho/KDT/P2_Default-invest/outputs/modeling_runs/default_modeling_run_20250708_083813/visualizations/individual_models/xgboost_smote/roc_curve_xgboost_smote.png
2025-07-08 09:29:36,036 - ModelingPipeline - INFO - 개별 PR 곡선 저장: /Users/jojongho/KDT/P2_Default-invest/outputs/modeling_runs/default_modeling_run_20250708_083813/visualizations/individual_models/xgboost_smote/pr_curve_xgboost_smote.png
2025-07-08 09:29:36,161 - ModelingPipeline - INFO - 개별 성능 메트릭 저장: /Users/jojongho/KDT/P2_Default-invest/outputs/modeling_runs/default_modeling_run_20250708_083813/visualizations/individual_models/xgboost_smote/performance_metrics_xgboost_smote.png
2025-07-08 09:29:36,277 - ModelingPipeline - INFO - 개별 혼동행렬 저장: /Users/jojongho/KDT/P2_Default-invest/outputs/modeling_runs/default_modeling_run_20250708_083813/visualizations/individual_models/xgboost_smote/confusion_matrix_xgboost_smote.png
2025-07-08 09:29:36,532 - ModelingPipeline - INFO - 개별 임계값 분석 저장: /Users/jojongho/KDT/P2_Default-invest/outputs/modeling_runs/default_modeling_run_20250708_083813/visualizations/individual_models/xgboost_smote/threshold_analysis_xgboost_smote.png
2025-07-08 09:29:36,533 - ModelingPipeline - INFO - 개별 시각화 생성: logistic_regression_undersampling
2025-07-08 09:29:36,677 - ModelingPipeline - INFO - 개별 ROC 곡선 저장: /Users/jojongho/KDT/P2_Default-invest/outputs/modeling_runs/default_modeling_run_20250708_083813/visualizations/individual_models/logistic_regression_undersampling/roc_curve_logistic_regression_undersampling.png
2025-07-08 09:29:36,791 - ModelingPipeline - INFO - 개별 PR 곡선 저장: /Users/jojongho/KDT/P2_Default-invest/outputs/modeling_runs/default_modeling_run_20250708_083813/visualizations/individual_models/logistic_regression_undersampling/pr_curve_logistic_regression_undersampling.png
2025-07-08 09:29:36,920 - ModelingPipeline - INFO - 개별 성능 메트릭 저장: /Users/jojongho/KDT/P2_Default-invest/outputs/modeling_runs/default_modeling_run_20250708_083813/visualizations/individual_models/logistic_regression_undersampling/performance_metrics_logistic_regression_undersampling.png
2025-07-08 09:29:37,034 - ModelingPipeline - INFO - 개별 혼동행렬 저장: /Users/jojongho/KDT/P2_Default-invest/outputs/modeling_runs/default_modeling_run_20250708_083813/visualizations/individual_models/logistic_regression_undersampling/confusion_matrix_logistic_regression_undersampling.png
2025-07-08 09:29:37,261 - ModelingPipeline - INFO - 개별 임계값 분석 저장: /Users/jojongho/KDT/P2_Default-invest/outputs/modeling_runs/default_modeling_run_20250708_083813/visualizations/individual_models/logistic_regression_undersampling/threshold_analysis_logistic_regression_undersampling.png
2025-07-08 09:29:37,261 - ModelingPipeline - INFO - 개별 시각화 생성: random_forest_undersampling
2025-07-08 09:29:37,411 - ModelingPipeline - INFO - 개별 ROC 곡선 저장: /Users/jojongho/KDT/P2_Default-invest/outputs/modeling_runs/default_modeling_run_20250708_083813/visualizations/individual_models/random_forest_undersampling/roc_curve_random_forest_undersampling.png
2025-07-08 09:29:37,540 - ModelingPipeline - INFO - 개별 PR 곡선 저장: /Users/jojongho/KDT/P2_Default-invest/outputs/modeling_runs/default_modeling_run_20250708_083813/visualizations/individual_models/random_forest_undersampling/pr_curve_random_forest_undersampling.png
2025-07-08 09:29:37,672 - ModelingPipeline - INFO - 개별 성능 메트릭 저장: /Users/jojongho/KDT/P2_Default-invest/outputs/modeling_runs/default_modeling_run_20250708_083813/visualizations/individual_models/random_forest_undersampling/performance_metrics_random_forest_undersampling.png
2025-07-08 09:29:37,793 - ModelingPipeline - INFO - 개별 혼동행렬 저장: /Users/jojongho/KDT/P2_Default-invest/outputs/modeling_runs/default_modeling_run_20250708_083813/visualizations/individual_models/random_forest_undersampling/confusion_matrix_random_forest_undersampling.png
2025-07-08 09:29:38,067 - ModelingPipeline - INFO - 개별 임계값 분석 저장: /Users/jojongho/KDT/P2_Default-invest/outputs/modeling_runs/default_modeling_run_20250708_083813/visualizations/individual_models/random_forest_undersampling/threshold_analysis_random_forest_undersampling.png
2025-07-08 09:29:38,068 - ModelingPipeline - INFO - 개별 시각화 생성: xgboost_undersampling
2025-07-08 09:29:38,213 - ModelingPipeline - INFO - 개별 ROC 곡선 저장: /Users/jojongho/KDT/P2_Default-invest/outputs/modeling_runs/default_modeling_run_20250708_083813/visualizations/individual_models/xgboost_undersampling/roc_curve_xgboost_undersampling.png
2025-07-08 09:29:38,337 - ModelingPipeline - INFO - 개별 PR 곡선 저장: /Users/jojongho/KDT/P2_Default-invest/outputs/modeling_runs/default_modeling_run_20250708_083813/visualizations/individual_models/xgboost_undersampling/pr_curve_xgboost_undersampling.png
2025-07-08 09:29:38,465 - ModelingPipeline - INFO - 개별 성능 메트릭 저장: /Users/jojongho/KDT/P2_Default-invest/outputs/modeling_runs/default_modeling_run_20250708_083813/visualizations/individual_models/xgboost_undersampling/performance_metrics_xgboost_undersampling.png
2025-07-08 09:29:38,582 - ModelingPipeline - INFO - 개별 혼동행렬 저장: /Users/jojongho/KDT/P2_Default-invest/outputs/modeling_runs/default_modeling_run_20250708_083813/visualizations/individual_models/xgboost_undersampling/confusion_matrix_xgboost_undersampling.png
2025-07-08 09:29:38,839 - ModelingPipeline - INFO - 개별 임계값 분석 저장: /Users/jojongho/KDT/P2_Default-invest/outputs/modeling_runs/default_modeling_run_20250708_083813/visualizations/individual_models/xgboost_undersampling/threshold_analysis_xgboost_undersampling.png
2025-07-08 09:29:38,839 - ModelingPipeline - INFO - 개별 시각화 생성: logistic_regression_combined
2025-07-08 09:29:38,986 - ModelingPipeline - INFO - 개별 ROC 곡선 저장: /Users/jojongho/KDT/P2_Default-invest/outputs/modeling_runs/default_modeling_run_20250708_083813/visualizations/individual_models/logistic_regression_combined/roc_curve_logistic_regression_combined.png
2025-07-08 09:29:39,132 - ModelingPipeline - INFO - 개별 PR 곡선 저장: /Users/jojongho/KDT/P2_Default-invest/outputs/modeling_runs/default_modeling_run_20250708_083813/visualizations/individual_models/logistic_regression_combined/pr_curve_logistic_regression_combined.png
2025-07-08 09:29:39,260 - ModelingPipeline - INFO - 개별 성능 메트릭 저장: /Users/jojongho/KDT/P2_Default-invest/outputs/modeling_runs/default_modeling_run_20250708_083813/visualizations/individual_models/logistic_regression_combined/performance_metrics_logistic_regression_combined.png
2025-07-08 09:29:39,375 - ModelingPipeline - INFO - 개별 혼동행렬 저장: /Users/jojongho/KDT/P2_Default-invest/outputs/modeling_runs/default_modeling_run_20250708_083813/visualizations/individual_models/logistic_regression_combined/confusion_matrix_logistic_regression_combined.png
2025-07-08 09:29:39,600 - ModelingPipeline - INFO - 개별 임계값 분석 저장: /Users/jojongho/KDT/P2_Default-invest/outputs/modeling_runs/default_modeling_run_20250708_083813/visualizations/individual_models/logistic_regression_combined/threshold_analysis_logistic_regression_combined.png
2025-07-08 09:29:39,601 - ModelingPipeline - INFO - 개별 시각화 생성: random_forest_combined
2025-07-08 09:29:39,747 - ModelingPipeline - INFO - 개별 ROC 곡선 저장: /Users/jojongho/KDT/P2_Default-invest/outputs/modeling_runs/default_modeling_run_20250708_083813/visualizations/individual_models/random_forest_combined/roc_curve_random_forest_combined.png
2025-07-08 09:29:39,872 - ModelingPipeline - INFO - 개별 PR 곡선 저장: /Users/jojongho/KDT/P2_Default-invest/outputs/modeling_runs/default_modeling_run_20250708_083813/visualizations/individual_models/random_forest_combined/pr_curve_random_forest_combined.png
2025-07-08 09:29:39,999 - ModelingPipeline - INFO - 개별 성능 메트릭 저장: /Users/jojongho/KDT/P2_Default-invest/outputs/modeling_runs/default_modeling_run_20250708_083813/visualizations/individual_models/random_forest_combined/performance_metrics_random_forest_combined.png
2025-07-08 09:29:40,115 - ModelingPipeline - INFO - 개별 혼동행렬 저장: /Users/jojongho/KDT/P2_Default-invest/outputs/modeling_runs/default_modeling_run_20250708_083813/visualizations/individual_models/random_forest_combined/confusion_matrix_random_forest_combined.png
2025-07-08 09:29:40,382 - ModelingPipeline - INFO - 개별 임계값 분석 저장: /Users/jojongho/KDT/P2_Default-invest/outputs/modeling_runs/default_modeling_run_20250708_083813/visualizations/individual_models/random_forest_combined/threshold_analysis_random_forest_combined.png
2025-07-08 09:29:40,382 - ModelingPipeline - INFO - 개별 시각화 생성: xgboost_combined
2025-07-08 09:29:40,529 - ModelingPipeline - INFO - 개별 ROC 곡선 저장: /Users/jojongho/KDT/P2_Default-invest/outputs/modeling_runs/default_modeling_run_20250708_083813/visualizations/individual_models/xgboost_combined/roc_curve_xgboost_combined.png
2025-07-08 09:29:40,651 - ModelingPipeline - INFO - 개별 PR 곡선 저장: /Users/jojongho/KDT/P2_Default-invest/outputs/modeling_runs/default_modeling_run_20250708_083813/visualizations/individual_models/xgboost_combined/pr_curve_xgboost_combined.png
2025-07-08 09:29:40,781 - ModelingPipeline - INFO - 개별 성능 메트릭 저장: /Users/jojongho/KDT/P2_Default-invest/outputs/modeling_runs/default_modeling_run_20250708_083813/visualizations/individual_models/xgboost_combined/performance_metrics_xgboost_combined.png
2025-07-08 09:29:40,900 - ModelingPipeline - INFO - 개별 혼동행렬 저장: /Users/jojongho/KDT/P2_Default-invest/outputs/modeling_runs/default_modeling_run_20250708_083813/visualizations/individual_models/xgboost_combined/confusion_matrix_xgboost_combined.png
2025-07-08 09:29:41,160 - ModelingPipeline - INFO - 개별 임계값 분석 저장: /Users/jojongho/KDT/P2_Default-invest/outputs/modeling_runs/default_modeling_run_20250708_083813/visualizations/individual_models/xgboost_combined/threshold_analysis_xgboost_combined.png
2025-07-08 09:29:41,160 - ModelingPipeline - INFO - 개별 시각화 생성: ensemble_combined_models
2025-07-08 09:29:41,380 - ModelingPipeline - INFO - 개별 ROC 곡선 저장: /Users/jojongho/KDT/P2_Default-invest/outputs/modeling_runs/default_modeling_run_20250708_083813/visualizations/individual_models/ensemble_combined_models/roc_curve_ensemble_combined_models.png
2025-07-08 09:29:41,587 - ModelingPipeline - INFO - 개별 PR 곡선 저장: /Users/jojongho/KDT/P2_Default-invest/outputs/modeling_runs/default_modeling_run_20250708_083813/visualizations/individual_models/ensemble_combined_models/pr_curve_ensemble_combined_models.png
2025-07-08 09:29:41,716 - ModelingPipeline - INFO - 개별 성능 메트릭 저장: /Users/jojongho/KDT/P2_Default-invest/outputs/modeling_runs/default_modeling_run_20250708_083813/visualizations/individual_models/ensemble_combined_models/performance_metrics_ensemble_combined_models.png
2025-07-08 09:29:41,911 - ModelingPipeline - INFO - 개별 혼동행렬 저장: /Users/jojongho/KDT/P2_Default-invest/outputs/modeling_runs/default_modeling_run_20250708_083813/visualizations/individual_models/ensemble_combined_models/confusion_matrix_ensemble_combined_models.png
2025-07-08 09:29:42,254 - ModelingPipeline - INFO - 개별 임계값 분석 저장: /Users/jojongho/KDT/P2_Default-invest/outputs/modeling_runs/default_modeling_run_20250708_083813/visualizations/individual_models/ensemble_combined_models/threshold_analysis_ensemble_combined_models.png
2025-07-08 09:29:42,254 - ModelingPipeline - INFO - 통합 시각화 생성 중...
2025-07-08 09:29:42,615 - ModelingPipeline - INFO - ROC 곡선 저장 완료: /Users/jojongho/KDT/P2_Default-invest/outputs/modeling_runs/default_modeling_run_20250708_083813/visualizations/combined/roc_curves_comparison.png
2025-07-08 09:29:42,980 - ModelingPipeline - INFO - PR 곡선 저장 완료: /Users/jojongho/KDT/P2_Default-invest/outputs/modeling_runs/default_modeling_run_20250708_083813/visualizations/combined/pr_curves_comparison.png
2025-07-08 09:29:43,682 - ModelingPipeline - INFO - 성능 비교 차트 저장 완료: /Users/jojongho/KDT/P2_Default-invest/outputs/modeling_runs/default_modeling_run_20250708_083813/visualizations/combined/performance_comparison.png
2025-07-08 09:29:43,682 - ModelingPipeline - INFO - 특성 중요도를 시각화할 tree 기반 모델이 없습니다.
2025-07-08 09:29:43,682 - ModelingPipeline - INFO - Threshold 분석을 위한 유효한 모델이 없습니다.
2025-07-08 09:29:43,682 - ModelingPipeline - INFO - Train vs Test 비교를 위한 모델이 없습니다.
2025-07-08 09:29:44,217 - ModelingPipeline - INFO - 앙상블 가중치 차트 저장 완료: /Users/jojongho/KDT/P2_Default-invest/outputs/modeling_runs/default_modeling_run_20250708_083813/visualizations/combined/ensemble_weights.png
2025-07-08 09:29:44,931 - ModelingPipeline - INFO - 앙상블 성능 비교 차트 저장 완료: /Users/jojongho/KDT/P2_Default-invest/outputs/modeling_runs/default_modeling_run_20250708_083813/visualizations/combined/ensemble.png
2025-07-08 09:29:44,931 - ModelingPipeline - INFO - 앙상블 성능 비교 결과:
2025-07-08 09:29:44,931 - ModelingPipeline - INFO -   LOGISTIC_REGRESSION: AUC=0.492, F1=0.052, Precision=0.028, Recall=0.299
2025-07-08 09:29:44,931 - ModelingPipeline - INFO -   LOGISTIC_REGRESSION_SMOTE: AUC=0.683, F1=0.100, Precision=0.055, Recall=0.573
2025-07-08 09:29:44,931 - ModelingPipeline - INFO -   LOGISTIC_REGRESSION_UNDERSAMPLING: AUC=0.467, F1=0.055, Precision=0.029, Recall=0.880
2025-07-08 09:29:44,931 - ModelingPipeline - INFO -   LOGISTIC_REGRESSION_COMBINED: AUC=0.492, F1=0.051, Precision=0.028, Recall=0.299
2025-07-08 09:29:44,932 - ModelingPipeline - INFO -   RANDOM_FOREST: AUC=0.807, F1=0.205, Precision=0.131, Recall=0.470
2025-07-08 09:29:44,932 - ModelingPipeline - INFO -   RANDOM_FOREST_SMOTE: AUC=0.799, F1=0.181, Precision=0.115, Recall=0.436
2025-07-08 09:29:44,932 - ModelingPipeline - INFO -   RANDOM_FOREST_UNDERSAMPLING: AUC=0.819, F1=0.197, Precision=0.120, Recall=0.547
2025-07-08 09:29:44,932 - ModelingPipeline - INFO -   RANDOM_FOREST_COMBINED: AUC=0.823, F1=0.211, Precision=0.136, Recall=0.479
2025-07-08 09:29:44,932 - ModelingPipeline - INFO -   XGBOOST: AUC=0.801, F1=0.188, Precision=0.137, Recall=0.299
2025-07-08 09:29:44,932 - ModelingPipeline - INFO -   XGBOOST_SMOTE: AUC=0.784, F1=0.153, Precision=0.098, Recall=0.350
2025-07-08 09:29:44,932 - ModelingPipeline - INFO -   XGBOOST_UNDERSAMPLING: AUC=0.812, F1=0.205, Precision=0.139, Recall=0.393
2025-07-08 09:29:44,932 - ModelingPipeline - INFO -   XGBOOST_COMBINED: AUC=0.809, F1=0.215, Precision=0.167, Recall=0.299
2025-07-08 09:29:44,932 - ModelingPipeline - INFO - 시각화 생성 완료
2025-07-08 09:29:44,932 - ModelingPipeline - INFO - 결과 저장 시작
2025-07-08 09:29:44,932 - ModelingPipeline - INFO - normal__logistic_regression 모델 저장: /Users/jojongho/KDT/P2_Default-invest/outputs/modeling_runs/default_modeling_run_20250708_083813/models/normal__logistic_regression_model.joblib
2025-07-08 09:29:44,958 - ModelingPipeline - INFO - normal__random_forest 모델 저장: /Users/jojongho/KDT/P2_Default-invest/outputs/modeling_runs/default_modeling_run_20250708_083813/models/normal__random_forest_model.joblib
2025-07-08 09:29:44,961 - ModelingPipeline - INFO - normal__xgboost 모델 저장: /Users/jojongho/KDT/P2_Default-invest/outputs/modeling_runs/default_modeling_run_20250708_083813/models/normal__xgboost_model.joblib
2025-07-08 09:29:44,962 - ModelingPipeline - INFO - smote__logistic_regression 모델 저장: /Users/jojongho/KDT/P2_Default-invest/outputs/modeling_runs/default_modeling_run_20250708_083813/models/smote__logistic_regression_model.joblib
2025-07-08 09:29:45,031 - ModelingPipeline - INFO - smote__random_forest 모델 저장: /Users/jojongho/KDT/P2_Default-invest/outputs/modeling_runs/default_modeling_run_20250708_083813/models/smote__random_forest_model.joblib
2025-07-08 09:29:45,034 - ModelingPipeline - INFO - smote__xgboost 모델 저장: /Users/jojongho/KDT/P2_Default-invest/outputs/modeling_runs/default_modeling_run_20250708_083813/models/smote__xgboost_model.joblib
2025-07-08 09:29:45,035 - ModelingPipeline - INFO - undersampling__logistic_regression 모델 저장: /Users/jojongho/KDT/P2_Default-invest/outputs/modeling_runs/default_modeling_run_20250708_083813/models/undersampling__logistic_regression_model.joblib
2025-07-08 09:29:45,061 - ModelingPipeline - INFO - undersampling__random_forest 모델 저장: /Users/jojongho/KDT/P2_Default-invest/outputs/modeling_runs/default_modeling_run_20250708_083813/models/undersampling__random_forest_model.joblib
2025-07-08 09:29:45,064 - ModelingPipeline - INFO - undersampling__xgboost 모델 저장: /Users/jojongho/KDT/P2_Default-invest/outputs/modeling_runs/default_modeling_run_20250708_083813/models/undersampling__xgboost_model.joblib
2025-07-08 09:29:45,065 - ModelingPipeline - INFO - combined__logistic_regression 모델 저장: /Users/jojongho/KDT/P2_Default-invest/outputs/modeling_runs/default_modeling_run_20250708_083813/models/combined__logistic_regression_model.joblib
2025-07-08 09:29:45,114 - ModelingPipeline - INFO - combined__random_forest 모델 저장: /Users/jojongho/KDT/P2_Default-invest/outputs/modeling_runs/default_modeling_run_20250708_083813/models/combined__random_forest_model.joblib
2025-07-08 09:29:45,117 - ModelingPipeline - INFO - combined__xgboost 모델 저장: /Users/jojongho/KDT/P2_Default-invest/outputs/modeling_runs/default_modeling_run_20250708_083813/models/combined__xgboost_model.joblib
2025-07-08 09:29:45,171 - ModelingPipeline - INFO - combined_models__ensemble 모델 저장: /Users/jojongho/KDT/P2_Default-invest/outputs/modeling_runs/default_modeling_run_20250708_083813/models/combined_models__ensemble_model.joblib
2025-07-08 09:29:45,295 - ModelingPipeline - INFO - 전체 결과 저장: /Users/jojongho/KDT/P2_Default-invest/outputs/modeling_runs/default_modeling_run_20250708_083813/results/modeling_results.json
2025-07-08 09:29:45,296 - ModelingPipeline - INFO - 설정 저장: /Users/jojongho/KDT/P2_Default-invest/outputs/modeling_runs/default_modeling_run_20250708_083813/modeling_config.json
2025-07-08 09:29:45,298 - ModelingPipeline - INFO - 실행 결과 요약:
2025-07-08 09:29:45,301 - ModelingPipeline - INFO - 
                  Model        Data_Type  Optimal_Threshold  CV_AUC  CV_AUC_Mean  CV_AP_Mean  CV_F1_Mean  Val_AUC  Val_F1  Test_AUC  Test_Precision  Test_Recall  Test_F1  Test_Balanced_Acc  Test_Average_Precision
0   logistic_regression           NORMAL             0.4950  0.0640       0.0640           0           0   0.5631  0.1034    0.4917          0.0282       0.2991   0.0516             0.5081                  0.0270
1         random_forest           NORMAL             0.3969  0.2914       0.2914           0           0   0.8496  0.2884    0.8070          0.1310       0.4701   0.2048             0.6922                  0.1254
2               xgboost           NORMAL             0.4269  0.3068       0.3068           0           0   0.8352  0.2829    0.8014          0.1373       0.2991   0.1882             0.6238                  0.1144
3   logistic_regression            SMOTE             0.5000  0.1303       0.1303           0           0   0.7923  0.1855    0.6834          0.0547       0.5726   0.0999             0.6504                  0.0748
4         random_forest            SMOTE             0.4379  0.2873       0.2873           0           0   0.8349  0.2571    0.7985          0.1146       0.4359   0.1815             0.6717                  0.0981
5               xgboost            SMOTE             0.2508  0.3045       0.3045           0           0   0.8071  0.2351    0.7841          0.0976       0.3504   0.1527             0.6307                  0.0941
6   logistic_regression    UNDERSAMPLING             0.4710  0.0836       0.0836           0           0   0.5376  0.0956    0.4675          0.0286       0.8803   0.0553             0.5290                  0.0237
7         random_forest    UNDERSAMPLING             0.3509  0.2963       0.2963           0           0   0.8524  0.2867    0.8186          0.1203       0.5470   0.1972             0.7186                  0.1210
8               xgboost    UNDERSAMPLING             0.2568  0.3010       0.3010           0           0   0.8470  0.3040    0.8121          0.1390       0.3932   0.2054             0.6631                  0.1271
9   logistic_regression         COMBINED             0.4940  0.0617       0.0617           0           0   0.5631  0.1040    0.4917          0.0277       0.2991   0.0507             0.5053                  0.0270
10        random_forest         COMBINED             0.3228  0.2960       0.2960           0           0   0.8537  0.2899    0.8232          0.1356       0.4786   0.2113             0.6974                  0.1279
11              xgboost         COMBINED             0.5000  0.3235       0.3235           0           0   0.8488  0.2876    0.8094          0.1675       0.2991   0.2147             0.6292                  0.1198
12             ensemble  COMBINED_MODELS             0.4500  0.3068       0.3068           0           0   0.0000  0.0000    0.8136          0.1525       0.2906   0.2000             0.6231                  0.1273
2025-07-08 09:29:45,301 - ModelingPipeline - INFO - 요약 테이블 저장: /Users/jojongho/KDT/P2_Default-invest/outputs/modeling_runs/default_modeling_run_20250708_083813/results/summary_table.csv
2025-07-08 09:29:45,302 - ModelingPipeline - INFO - === 모델링 파이프라인 완료 ===
