2025-06-27 19:17:56,158 - ModelingPipeline - INFO - 모델링 파이프라인이 초기화되었습니다.
2025-06-27 19:17:56,158 - ModelingPipeline - INFO - 실행 이름: default_modeling_run_20250627_191756
2025-06-27 19:17:56,158 - ModelingPipeline - INFO - 출력 경로: /Users/jojongho/KDT/P2_Default-invest/outputs/modeling_runs/default_modeling_run_20250627_191756
2025-06-27 19:17:56,158 - ModelingPipeline - INFO - === 모델링 파이프라인 시작 ===
2025-06-27 19:17:56,158 - ModelingPipeline - INFO - 데이터 로드 시작
2025-06-27 19:17:56,304 - ModelingPipeline - INFO - Train: (9795, 119), 부실비율: 0.97%
2025-06-27 19:17:56,304 - ModelingPipeline - INFO - Validation: (5984, 119), 부실비율: 0.64%
2025-06-27 19:17:56,304 - ModelingPipeline - INFO - Test: (6706, 119), 부실비율: 0.30%
2025-06-27 19:17:56,305 - ModelingPipeline - INFO - 모든 모델 실행 시작
2025-06-27 19:17:56,305 - ModelingPipeline - INFO - 특성 선택 방법: LOGISTIC_REGRESSION_CV (NORMAL)
2025-06-27 19:24:01,681 - ModelingPipeline - INFO - 최적 C: 0.100000
2025-06-27 19:24:01,682 - ModelingPipeline - INFO - CV 점수: 0.2073 (±0.1124)
2025-06-27 19:24:01,691 - ModelingPipeline - INFO - 선택된 특성: 21/119
2025-06-27 19:24:01,693 - ModelingPipeline - INFO - 활성화된 데이터 타입: ['normal', 'smote', 'undersampling']
2025-06-27 19:24:01,693 - ModelingPipeline - INFO - 활성화된 모델: ['logistic_regression', 'random_forest', 'xgboost']
2025-06-27 19:24:01,693 - ModelingPipeline - INFO - NORMAL 데이터 처리
2025-06-27 19:24:01,694 - ModelingPipeline - INFO - logistic_regression 최적화 시작 (NORMAL)
2025-06-27 19:24:01,694 - ModelingPipeline - INFO - Logistic Regression 클래스 불균형 가중치: class_weight=balanced
2025-06-27 19:24:01,694 - ModelingPipeline - INFO - 최적화 메트릭: AVERAGE_PRECISION
2025-06-27 19:24:01,838 - ModelingPipeline - INFO - Trial 1/100 - Current: 0.3263, Best: 0.3263
2025-06-27 19:24:02,481 - ModelingPipeline - INFO - Trial 6/100 - Current: 0.3264, Best: 0.3273
2025-06-27 19:24:03,114 - ModelingPipeline - INFO - Trial 11/100 - Current: 0.3198, Best: 0.3274
2025-06-27 19:24:03,794 - ModelingPipeline - INFO - Trial 16/100 - Current: 0.3274, Best: 0.3274
2025-06-27 19:24:04,485 - ModelingPipeline - INFO - Trial 21/100 - Current: 0.3272, Best: 0.3274
2025-06-27 19:24:05,124 - ModelingPipeline - INFO - Trial 26/100 - Current: 0.3260, Best: 0.3274
2025-06-27 19:24:05,781 - ModelingPipeline - INFO - Trial 31/100 - Current: 0.3272, Best: 0.3274
2025-06-27 19:24:06,467 - ModelingPipeline - INFO - Trial 36/100 - Current: 0.3272, Best: 0.3274
2025-06-27 19:24:07,131 - ModelingPipeline - INFO - Trial 41/100 - Current: 0.3270, Best: 0.3274
2025-06-27 19:24:07,810 - ModelingPipeline - INFO - Trial 46/100 - Current: 0.3273, Best: 0.3274
2025-06-27 19:24:08,481 - ModelingPipeline - INFO - Trial 51/100 - Current: 0.3199, Best: 0.3274
2025-06-27 19:24:09,162 - ModelingPipeline - INFO - Trial 56/100 - Current: 0.3274, Best: 0.3274
2025-06-27 19:24:09,841 - ModelingPipeline - INFO - Trial 61/100 - Current: 0.3273, Best: 0.3274
2025-06-27 19:24:10,527 - ModelingPipeline - INFO - Trial 66/100 - Current: 0.3273, Best: 0.3274
2025-06-27 19:24:11,205 - ModelingPipeline - INFO - Trial 71/100 - Current: 0.3274, Best: 0.3274
2025-06-27 19:24:11,875 - ModelingPipeline - INFO - Trial 76/100 - Current: 0.3272, Best: 0.3274
2025-06-27 19:24:12,544 - ModelingPipeline - INFO - Trial 81/100 - Current: 0.3270, Best: 0.3274
2025-06-27 19:24:13,225 - ModelingPipeline - INFO - Trial 86/100 - Current: 0.3274, Best: 0.3274
2025-06-27 19:24:13,913 - ModelingPipeline - INFO - Trial 91/100 - Current: 0.3273, Best: 0.3274
2025-06-27 19:24:14,602 - ModelingPipeline - INFO - Trial 96/100 - Current: 0.3272, Best: 0.3274
2025-06-27 19:24:15,133 - ModelingPipeline - INFO - Trial 100/100 - Current: 0.3263, Best: 0.3274
2025-06-27 19:24:15,162 - ModelingPipeline - INFO - 최적 AUC: 0.3274
2025-06-27 19:24:15,163 - ModelingPipeline - INFO - 최적 파라미터: {'C': 9.347593434491712, 'max_iter': 5494, 'penalty': 'l2', 'solver': 'liblinear', 'tol': 0.0001, 'class_weight': 'balanced'}
2025-06-27 19:24:15,564 - ModelingPipeline - INFO - CV 메트릭 - AUC: 0.9240 (±0.0225)
2025-06-27 19:24:15,564 - ModelingPipeline - INFO - CV 메트릭 - AP: 0.3274 (±0.0842)
2025-06-27 19:24:15,564 - ModelingPipeline - INFO - CV 메트릭 - F1: 0.1515 (±0.0125)
2025-06-27 19:24:15,564 - ModelingPipeline - INFO - random_forest 최적화 시작 (NORMAL)
2025-06-27 19:24:15,564 - ModelingPipeline - INFO - Random Forest 클래스 불균형 가중치: class_weight=balanced
2025-06-27 19:24:15,564 - ModelingPipeline - INFO - 최적화 메트릭: AVERAGE_PRECISION
2025-06-27 19:24:19,301 - ModelingPipeline - INFO - Trial 1/100 - Current: 0.3848, Best: 0.3848
2025-06-27 19:24:40,428 - ModelingPipeline - INFO - Trial 6/100 - Current: 0.3555, Best: 0.3848
2025-06-27 19:25:17,101 - ModelingPipeline - INFO - Trial 11/100 - Current: 0.2962, Best: 0.3852
2025-06-27 19:25:37,259 - ModelingPipeline - INFO - Trial 16/100 - Current: 0.3709, Best: 0.3965
2025-06-27 19:26:11,286 - ModelingPipeline - INFO - Trial 21/100 - Current: 0.3587, Best: 0.3965
2025-06-27 19:26:32,375 - ModelingPipeline - INFO - Trial 26/100 - Current: 0.3851, Best: 0.3965
2025-06-27 19:26:54,008 - ModelingPipeline - INFO - Trial 31/100 - Current: 0.3817, Best: 0.3965
2025-06-27 19:27:12,587 - ModelingPipeline - INFO - Trial 36/100 - Current: 0.3463, Best: 0.3965
2025-06-27 19:27:32,152 - ModelingPipeline - INFO - Trial 41/100 - Current: 0.3911, Best: 0.3965
2025-06-27 19:27:47,423 - ModelingPipeline - INFO - Trial 46/100 - Current: 0.3930, Best: 0.3965
2025-06-27 19:28:05,402 - ModelingPipeline - INFO - Trial 51/100 - Current: 0.3612, Best: 0.3965
2025-06-27 19:28:21,909 - ModelingPipeline - INFO - Trial 56/100 - Current: 0.3792, Best: 0.3965
2025-06-27 19:28:38,390 - ModelingPipeline - INFO - Trial 61/100 - Current: 0.3708, Best: 0.3989
2025-06-27 19:28:53,564 - ModelingPipeline - INFO - Trial 66/100 - Current: 0.3710, Best: 0.3990
2025-06-27 19:29:12,147 - ModelingPipeline - INFO - Trial 71/100 - Current: 0.3645, Best: 0.3990
2025-06-27 19:29:27,568 - ModelingPipeline - INFO - Trial 76/100 - Current: 0.3983, Best: 0.3990
2025-06-27 19:29:45,479 - ModelingPipeline - INFO - Trial 81/100 - Current: 0.3727, Best: 0.3990
2025-06-27 19:30:01,358 - ModelingPipeline - INFO - Trial 86/100 - Current: 0.3969, Best: 0.3990
2025-06-27 19:30:18,176 - ModelingPipeline - INFO - Trial 91/100 - Current: 0.3879, Best: 0.3990
2025-06-27 19:30:32,158 - ModelingPipeline - INFO - Trial 96/100 - Current: 0.3955, Best: 0.3990
2025-06-27 19:30:43,246 - ModelingPipeline - INFO - Trial 100/100 - Current: 0.3850, Best: 0.3990
2025-06-27 19:30:45,832 - ModelingPipeline - INFO - 최적 AUC: 0.3990
2025-06-27 19:30:45,832 - ModelingPipeline - INFO - 최적 파라미터: {'n_estimators': 471, 'max_depth': 15, 'min_samples_split': 20, 'min_samples_leaf': 10, 'max_features': 0.13824442095610495, 'class_weight': 'balanced'}
2025-06-27 19:31:14,986 - ModelingPipeline - INFO - CV 메트릭 - AUC: 0.9501 (±0.0203)
2025-06-27 19:31:14,987 - ModelingPipeline - INFO - CV 메트릭 - AP: 0.3908 (±0.0988)
2025-06-27 19:31:14,987 - ModelingPipeline - INFO - CV 메트릭 - F1: 0.3917 (±0.0623)
2025-06-27 19:31:15,008 - ModelingPipeline - INFO - xgboost 최적화 시작 (NORMAL)
2025-06-27 19:31:15,009 - ModelingPipeline - INFO - XGBoost 클래스 불균형 처리: scale_pos_weight
2025-06-27 19:31:15,009 - ModelingPipeline - INFO - scale_pos_weight = 102.11 (설정: auto)
2025-06-27 19:31:15,009 - ModelingPipeline - INFO - 최적화 메트릭: AVERAGE_PRECISION
2025-06-27 19:31:17,995 - ModelingPipeline - INFO - Trial 1/100 - Current: 0.3329, Best: 0.3329
2025-06-27 19:31:36,550 - ModelingPipeline - INFO - Trial 6/100 - Current: 0.3455, Best: 0.3620
2025-06-27 19:31:49,730 - ModelingPipeline - INFO - Trial 11/100 - Current: 0.3672, Best: 0.3745
2025-06-27 19:32:05,284 - ModelingPipeline - INFO - Trial 16/100 - Current: 0.3592, Best: 0.3849
2025-06-27 19:32:27,779 - ModelingPipeline - INFO - Trial 21/100 - Current: 0.3246, Best: 0.3849
2025-06-27 19:32:55,008 - ModelingPipeline - INFO - Trial 26/100 - Current: 0.3793, Best: 0.3877
2025-06-27 19:33:26,353 - ModelingPipeline - INFO - Trial 31/100 - Current: 0.3692, Best: 0.3877
2025-06-27 19:33:47,110 - ModelingPipeline - INFO - Trial 36/100 - Current: 0.3638, Best: 0.3877
2025-06-27 19:34:05,536 - ModelingPipeline - INFO - Trial 41/100 - Current: 0.3643, Best: 0.3877
2025-06-27 19:34:24,533 - ModelingPipeline - INFO - Trial 46/100 - Current: 0.3840, Best: 0.3881
2025-06-27 19:34:46,275 - ModelingPipeline - INFO - Trial 51/100 - Current: 0.3760, Best: 0.3881
2025-06-27 19:35:04,585 - ModelingPipeline - INFO - Trial 56/100 - Current: 0.3583, Best: 0.3915
2025-06-27 19:35:21,742 - ModelingPipeline - INFO - Trial 61/100 - Current: 0.3832, Best: 0.3915
2025-06-27 19:35:41,894 - ModelingPipeline - INFO - Trial 66/100 - Current: 0.3710, Best: 0.3915
2025-06-27 19:36:02,419 - ModelingPipeline - INFO - Trial 71/100 - Current: 0.3493, Best: 0.3915
2025-06-27 19:36:21,535 - ModelingPipeline - INFO - Trial 76/100 - Current: 0.3705, Best: 0.3915
2025-06-27 19:36:49,056 - ModelingPipeline - INFO - Trial 81/100 - Current: 0.3633, Best: 0.3915
2025-06-27 19:37:05,474 - ModelingPipeline - INFO - Trial 86/100 - Current: 0.3432, Best: 0.3915
2025-06-27 19:37:23,370 - ModelingPipeline - INFO - Trial 91/100 - Current: 0.3740, Best: 0.3915
2025-06-27 19:37:43,779 - ModelingPipeline - INFO - Trial 96/100 - Current: 0.3684, Best: 0.3915
2025-06-27 19:37:55,250 - ModelingPipeline - INFO - Trial 100/100 - Current: 0.3610, Best: 0.3915
2025-06-27 19:37:55,903 - ModelingPipeline - INFO - 최적 AUC: 0.3915
2025-06-27 19:37:55,903 - ModelingPipeline - INFO - 최적 파라미터: {'n_estimators': 556, 'max_depth': 3, 'learning_rate': 0.024135337997053037, 'subsample': 0.8183667582482302, 'colsample_bytree': 0.7443346320950692, 'reg_alpha': 5.891726690828682, 'reg_lambda': 8.714744542193243, 'scale_pos_weight': np.float64(102.10526315789474)}
2025-06-27 19:38:05,687 - ModelingPipeline - INFO - CV 메트릭 - AUC: 0.9441 (±0.0156)
2025-06-27 19:38:05,688 - ModelingPipeline - INFO - CV 메트릭 - AP: 0.3784 (±0.1020)
2025-06-27 19:38:05,688 - ModelingPipeline - INFO - CV 메트릭 - F1: 0.3511 (±0.0576)
2025-06-27 19:38:05,688 - ModelingPipeline - INFO - SMOTE 데이터 처리
2025-06-27 19:38:05,690 - ModelingPipeline - INFO - logistic_regression 최적화 시작 (SMOTE)
2025-06-27 19:38:05,690 - ModelingPipeline - INFO - Logistic Regression 클래스 불균형 가중치: class_weight=balanced
2025-06-27 19:38:05,690 - ModelingPipeline - INFO - 최적화 메트릭: AVERAGE_PRECISION
2025-06-27 19:38:05,876 - ModelingPipeline - INFO - Trial 1/100 - Current: 0.3262, Best: 0.3262
2025-06-27 19:38:06,670 - ModelingPipeline - INFO - Trial 6/100 - Current: 0.3260, Best: 0.3290
2025-06-27 19:38:07,423 - ModelingPipeline - INFO - Trial 11/100 - Current: 0.3326, Best: 0.3326
2025-06-27 19:38:08,086 - ModelingPipeline - INFO - Trial 16/100 - Current: 0.3309, Best: 0.3355
2025-06-27 19:38:08,823 - ModelingPipeline - INFO - Trial 21/100 - Current: 0.3311, Best: 0.3355
2025-06-27 19:38:09,480 - ModelingPipeline - INFO - Trial 26/100 - Current: 0.3326, Best: 0.3355
2025-06-27 19:38:10,163 - ModelingPipeline - INFO - Trial 31/100 - Current: 0.3274, Best: 0.3355
2025-06-27 19:38:10,843 - ModelingPipeline - INFO - Trial 36/100 - Current: 0.3248, Best: 0.3355
2025-06-27 19:38:11,571 - ModelingPipeline - INFO - Trial 41/100 - Current: 0.3267, Best: 0.3355
2025-06-27 19:38:12,230 - ModelingPipeline - INFO - Trial 46/100 - Current: 0.3291, Best: 0.3355
2025-06-27 19:38:12,982 - ModelingPipeline - INFO - Trial 51/100 - Current: 0.3322, Best: 0.3355
2025-06-27 19:38:13,628 - ModelingPipeline - INFO - Trial 56/100 - Current: 0.3343, Best: 0.3355
2025-06-27 19:38:14,353 - ModelingPipeline - INFO - Trial 61/100 - Current: 0.3350, Best: 0.3355
2025-06-27 19:38:15,005 - ModelingPipeline - INFO - Trial 66/100 - Current: 0.3318, Best: 0.3355
2025-06-27 19:38:15,706 - ModelingPipeline - INFO - Trial 71/100 - Current: 0.3293, Best: 0.3355
2025-06-27 19:38:16,358 - ModelingPipeline - INFO - Trial 76/100 - Current: 0.3319, Best: 0.3355
2025-06-27 19:38:17,058 - ModelingPipeline - INFO - Trial 81/100 - Current: 0.3331, Best: 0.3355
2025-06-27 19:38:17,720 - ModelingPipeline - INFO - Trial 86/100 - Current: 0.3323, Best: 0.3355
2025-06-27 19:38:18,444 - ModelingPipeline - INFO - Trial 91/100 - Current: 0.3337, Best: 0.3355
2025-06-27 19:38:19,138 - ModelingPipeline - INFO - Trial 96/100 - Current: 0.3317, Best: 0.3355
2025-06-27 19:38:19,760 - ModelingPipeline - INFO - Trial 100/100 - Current: 0.3343, Best: 0.3355
2025-06-27 19:38:19,792 - ModelingPipeline - INFO - 최적 AUC: 0.3355
2025-06-27 19:38:19,792 - ModelingPipeline - INFO - 최적 파라미터: {'C': 0.01105392489583491, 'max_iter': 7472, 'penalty': 'l2', 'solver': 'lbfgs', 'tol': 0.0001, 'class_weight': 'balanced'}
2025-06-27 19:38:20,195 - ModelingPipeline - INFO - CV 메트릭 - AUC: 0.9340 (±0.0229)
2025-06-27 19:38:20,195 - ModelingPipeline - INFO - CV 메트릭 - AP: 0.3355 (±0.0895)
2025-06-27 19:38:20,195 - ModelingPipeline - INFO - CV 메트릭 - F1: 0.1786 (±0.0311)
2025-06-27 19:38:20,195 - ModelingPipeline - INFO - random_forest 최적화 시작 (SMOTE)
2025-06-27 19:38:20,195 - ModelingPipeline - INFO - Random Forest 클래스 불균형 가중치: class_weight=balanced
2025-06-27 19:38:20,195 - ModelingPipeline - INFO - 최적화 메트릭: AVERAGE_PRECISION
2025-06-27 19:38:24,381 - ModelingPipeline - INFO - Trial 1/100 - Current: 0.3766, Best: 0.3766
2025-06-27 19:38:46,902 - ModelingPipeline - INFO - Trial 6/100 - Current: 0.3409, Best: 0.3766
2025-06-27 19:39:22,373 - ModelingPipeline - INFO - Trial 11/100 - Current: 0.3372, Best: 0.3766
2025-06-27 19:39:46,862 - ModelingPipeline - INFO - Trial 16/100 - Current: 0.3844, Best: 0.3844
2025-06-27 19:40:24,987 - ModelingPipeline - INFO - Trial 21/100 - Current: 0.3882, Best: 0.3882
2025-06-27 19:40:52,636 - ModelingPipeline - INFO - Trial 26/100 - Current: 0.3901, Best: 0.3901
2025-06-27 19:41:54,712 - ModelingPipeline - INFO - Trial 31/100 - Current: 0.3400, Best: 0.3901
2025-06-27 19:42:17,852 - ModelingPipeline - INFO - Trial 36/100 - Current: 0.3735, Best: 0.3901
2025-06-27 19:42:41,086 - ModelingPipeline - INFO - Trial 41/100 - Current: 0.3594, Best: 0.3908
2025-06-27 19:42:53,175 - ModelingPipeline - INFO - Trial 46/100 - Current: 0.3747, Best: 0.3908
2025-06-27 19:43:30,463 - ModelingPipeline - INFO - Trial 51/100 - Current: 0.3343, Best: 0.3908
2025-06-27 19:43:59,296 - ModelingPipeline - INFO - Trial 56/100 - Current: 0.3694, Best: 0.3908
2025-06-27 19:44:23,815 - ModelingPipeline - INFO - Trial 61/100 - Current: 0.3720, Best: 0.3908
2025-06-27 19:44:44,803 - ModelingPipeline - INFO - Trial 66/100 - Current: 0.3917, Best: 0.3928
2025-06-27 19:45:02,449 - ModelingPipeline - INFO - Trial 71/100 - Current: 0.3812, Best: 0.3928
2025-06-27 19:45:13,003 - ModelingPipeline - INFO - Trial 76/100 - Current: 0.3371, Best: 0.3928
2025-06-27 19:45:32,565 - ModelingPipeline - INFO - Trial 81/100 - Current: 0.3854, Best: 0.3928
2025-06-27 19:45:47,289 - ModelingPipeline - INFO - Trial 86/100 - Current: 0.3783, Best: 0.3928
2025-06-27 19:45:59,312 - ModelingPipeline - INFO - Trial 91/100 - Current: 0.3876, Best: 0.3928
2025-06-27 19:46:12,900 - ModelingPipeline - INFO - Trial 96/100 - Current: 0.3722, Best: 0.3928
2025-06-27 19:46:27,454 - ModelingPipeline - INFO - Trial 100/100 - Current: 0.3829, Best: 0.3928
2025-06-27 19:46:30,799 - ModelingPipeline - INFO - 최적 AUC: 0.3928
2025-06-27 19:46:30,799 - ModelingPipeline - INFO - 최적 파라미터: {'n_estimators': 334, 'max_depth': 14, 'min_samples_split': 16, 'min_samples_leaf': 10, 'max_features': 0.20630314036143066, 'class_weight': 'balanced'}
2025-06-27 19:47:08,159 - ModelingPipeline - INFO - CV 메트릭 - AUC: 0.9416 (±0.0255)
2025-06-27 19:47:08,160 - ModelingPipeline - INFO - CV 메트릭 - AP: 0.3885 (±0.0928)
2025-06-27 19:47:08,160 - ModelingPipeline - INFO - CV 메트릭 - F1: 0.3735 (±0.0731)
2025-06-27 19:47:08,174 - ModelingPipeline - INFO - xgboost 최적화 시작 (SMOTE)
2025-06-27 19:47:08,175 - ModelingPipeline - INFO - XGBoost 클래스 불균형 처리: scale_pos_weight
2025-06-27 19:47:08,175 - ModelingPipeline - INFO - scale_pos_weight = 102.11 (설정: auto)
2025-06-27 19:47:08,175 - ModelingPipeline - INFO - 최적화 메트릭: AVERAGE_PRECISION
2025-06-27 19:47:11,658 - ModelingPipeline - INFO - Trial 1/100 - Current: 0.3330, Best: 0.3330
2025-06-27 19:47:31,628 - ModelingPipeline - INFO - Trial 6/100 - Current: 0.3575, Best: 0.3575
2025-06-27 19:47:46,983 - ModelingPipeline - INFO - Trial 11/100 - Current: 0.3632, Best: 0.3668
2025-06-27 19:48:08,131 - ModelingPipeline - INFO - Trial 16/100 - Current: 0.3610, Best: 0.3668
2025-06-27 19:48:31,037 - ModelingPipeline - INFO - Trial 21/100 - Current: 0.3382, Best: 0.3668
2025-06-27 19:48:56,187 - ModelingPipeline - INFO - Trial 26/100 - Current: 0.3574, Best: 0.3722
2025-06-27 19:49:16,938 - ModelingPipeline - INFO - Trial 31/100 - Current: 0.3637, Best: 0.3722
2025-06-27 19:49:31,269 - ModelingPipeline - INFO - Trial 36/100 - Current: 0.3484, Best: 0.3722
2025-06-27 19:49:43,634 - ModelingPipeline - INFO - Trial 41/100 - Current: 0.3864, Best: 0.3864
2025-06-27 19:49:58,558 - ModelingPipeline - INFO - Trial 46/100 - Current: 0.3838, Best: 0.3895
2025-06-27 19:50:14,963 - ModelingPipeline - INFO - Trial 51/100 - Current: 0.3591, Best: 0.3895
2025-06-27 19:50:28,253 - ModelingPipeline - INFO - Trial 56/100 - Current: 0.3780, Best: 0.3906
2025-06-27 19:50:44,780 - ModelingPipeline - INFO - Trial 61/100 - Current: 0.3649, Best: 0.3906
2025-06-27 19:50:57,300 - ModelingPipeline - INFO - Trial 66/100 - Current: 0.3847, Best: 0.3920
2025-06-27 19:51:08,414 - ModelingPipeline - INFO - Trial 71/100 - Current: 0.3709, Best: 0.3920
2025-06-27 19:51:21,115 - ModelingPipeline - INFO - Trial 76/100 - Current: 0.3762, Best: 0.3920
2025-06-27 19:51:41,781 - ModelingPipeline - INFO - Trial 81/100 - Current: 0.3553, Best: 0.3920
2025-06-27 19:51:58,425 - ModelingPipeline - INFO - Trial 86/100 - Current: 0.3884, Best: 0.3920
2025-06-27 19:52:11,116 - ModelingPipeline - INFO - Trial 91/100 - Current: 0.3779, Best: 0.3920
2025-06-27 19:52:21,930 - ModelingPipeline - INFO - Trial 96/100 - Current: 0.3816, Best: 0.3920
2025-06-27 19:52:29,864 - ModelingPipeline - INFO - Trial 100/100 - Current: 0.3858, Best: 0.3967
2025-06-27 19:52:30,287 - ModelingPipeline - INFO - 최적 AUC: 0.3967
2025-06-27 19:52:30,287 - ModelingPipeline - INFO - 최적 파라미터: {'n_estimators': 273, 'max_depth': 3, 'learning_rate': 0.06002717492354748, 'subsample': 0.6405047846199491, 'colsample_bytree': 0.8776297682351503, 'reg_alpha': 8.46153022305875, 'reg_lambda': 1.7695577225223245, 'scale_pos_weight': np.float64(102.10526315789474)}
2025-06-27 19:52:36,566 - ModelingPipeline - INFO - CV 메트릭 - AUC: 0.9353 (±0.0214)
2025-06-27 19:52:36,566 - ModelingPipeline - INFO - CV 메트릭 - AP: 0.3662 (±0.1001)
2025-06-27 19:52:36,566 - ModelingPipeline - INFO - CV 메트릭 - F1: 0.3024 (±0.0698)
2025-06-27 19:52:36,566 - ModelingPipeline - INFO - UNDERSAMPLING 데이터 처리
2025-06-27 19:52:36,568 - ModelingPipeline - INFO - logistic_regression 최적화 시작 (UNDERSAMPLING)
2025-06-27 19:52:36,568 - ModelingPipeline - INFO - Logistic Regression 클래스 불균형 가중치: class_weight=balanced
2025-06-27 19:52:36,568 - ModelingPipeline - INFO - 최적화 메트릭: AVERAGE_PRECISION
2025-06-27 19:52:36,897 - ModelingPipeline - INFO - Trial 1/100 - Current: 0.3260, Best: 0.3260
2025-06-27 19:52:38,654 - ModelingPipeline - INFO - Trial 6/100 - Current: 0.3256, Best: 0.3283
2025-06-27 19:52:40,352 - ModelingPipeline - INFO - Trial 11/100 - Current: 0.3215, Best: 0.3283
2025-06-27 19:52:41,971 - ModelingPipeline - INFO - Trial 16/100 - Current: 0.3264, Best: 0.3283
2025-06-27 19:52:43,626 - ModelingPipeline - INFO - Trial 21/100 - Current: 0.3254, Best: 0.3283
2025-06-27 19:52:45,259 - ModelingPipeline - INFO - Trial 26/100 - Current: 0.3245, Best: 0.3283
2025-06-27 19:52:46,922 - ModelingPipeline - INFO - Trial 31/100 - Current: 0.3245, Best: 0.3287
2025-06-27 19:52:48,562 - ModelingPipeline - INFO - Trial 36/100 - Current: 0.3257, Best: 0.3287
2025-06-27 19:52:50,312 - ModelingPipeline - INFO - Trial 41/100 - Current: 0.3265, Best: 0.3287
2025-06-27 19:52:52,149 - ModelingPipeline - INFO - Trial 46/100 - Current: 0.3206, Best: 0.3287
2025-06-27 19:52:53,881 - ModelingPipeline - INFO - Trial 51/100 - Current: 0.3255, Best: 0.3287
2025-06-27 19:52:55,568 - ModelingPipeline - INFO - Trial 56/100 - Current: 0.3263, Best: 0.3287
2025-06-27 19:52:57,234 - ModelingPipeline - INFO - Trial 61/100 - Current: 0.3232, Best: 0.3287
2025-06-27 19:52:58,875 - ModelingPipeline - INFO - Trial 66/100 - Current: 0.3246, Best: 0.3287
2025-06-27 19:53:00,531 - ModelingPipeline - INFO - Trial 71/100 - Current: 0.3260, Best: 0.3287
2025-06-27 19:53:02,240 - ModelingPipeline - INFO - Trial 76/100 - Current: 0.3273, Best: 0.3287
2025-06-27 19:53:03,942 - ModelingPipeline - INFO - Trial 81/100 - Current: 0.3261, Best: 0.3287
2025-06-27 19:53:05,632 - ModelingPipeline - INFO - Trial 86/100 - Current: 0.3257, Best: 0.3287
2025-06-27 19:53:07,322 - ModelingPipeline - INFO - Trial 91/100 - Current: 0.3281, Best: 0.3287
2025-06-27 19:53:08,954 - ModelingPipeline - INFO - Trial 96/100 - Current: 0.3276, Best: 0.3287
2025-06-27 19:53:10,269 - ModelingPipeline - INFO - Trial 100/100 - Current: 0.3246, Best: 0.3287
2025-06-27 19:53:10,355 - ModelingPipeline - INFO - 최적 AUC: 0.3287
2025-06-27 19:53:10,355 - ModelingPipeline - INFO - 최적 파라미터: {'C': 0.13934238056159212, 'max_iter': 9775, 'penalty': 'l2', 'solver': 'lbfgs', 'tol': 0.0001, 'class_weight': 'balanced'}
2025-06-27 19:53:11,376 - ModelingPipeline - INFO - CV 메트릭 - AUC: 0.9245 (±0.0232)
2025-06-27 19:53:11,376 - ModelingPipeline - INFO - CV 메트릭 - AP: 0.3287 (±0.0851)
2025-06-27 19:53:11,376 - ModelingPipeline - INFO - CV 메트릭 - F1: 0.1511 (±0.0110)
2025-06-27 19:53:11,376 - ModelingPipeline - INFO - random_forest 최적화 시작 (UNDERSAMPLING)
2025-06-27 19:53:11,376 - ModelingPipeline - INFO - Random Forest 클래스 불균형 가중치: class_weight=balanced
2025-06-27 19:53:11,376 - ModelingPipeline - INFO - 최적화 메트릭: AVERAGE_PRECISION
2025-06-27 19:53:15,612 - ModelingPipeline - INFO - Trial 1/100 - Current: 0.3777, Best: 0.3777
2025-06-27 19:53:38,396 - ModelingPipeline - INFO - Trial 6/100 - Current: 0.3421, Best: 0.3777
2025-06-27 19:54:12,720 - ModelingPipeline - INFO - Trial 11/100 - Current: 0.3578, Best: 0.3777
2025-06-27 19:54:43,909 - ModelingPipeline - INFO - Trial 16/100 - Current: 0.3778, Best: 0.3778
2025-06-27 19:55:26,188 - ModelingPipeline - INFO - Trial 21/100 - Current: 0.3803, Best: 0.3803
2025-06-27 19:55:53,846 - ModelingPipeline - INFO - Trial 26/100 - Current: 0.3643, Best: 0.3867
2025-06-27 19:56:16,789 - ModelingPipeline - INFO - Trial 31/100 - Current: 0.3847, Best: 0.3867
2025-06-27 19:56:32,392 - ModelingPipeline - INFO - Trial 36/100 - Current: 0.3385, Best: 0.3907
2025-06-27 19:56:51,160 - ModelingPipeline - INFO - Trial 41/100 - Current: 0.3642, Best: 0.3907
2025-06-27 19:57:07,550 - ModelingPipeline - INFO - Trial 46/100 - Current: 0.3949, Best: 0.3949
2025-06-27 19:57:30,427 - ModelingPipeline - INFO - Trial 51/100 - Current: 0.3616, Best: 0.3949
2025-06-27 19:57:48,012 - ModelingPipeline - INFO - Trial 56/100 - Current: 0.3788, Best: 0.4003
2025-06-27 19:58:11,190 - ModelingPipeline - INFO - Trial 61/100 - Current: 0.3651, Best: 0.4003
2025-06-27 19:58:34,993 - ModelingPipeline - INFO - Trial 66/100 - Current: 0.3910, Best: 0.4003
2025-06-27 19:58:50,353 - ModelingPipeline - INFO - Trial 71/100 - Current: 0.3743, Best: 0.4003
2025-06-27 19:59:03,935 - ModelingPipeline - INFO - Trial 76/100 - Current: 0.3700, Best: 0.4003
2025-06-27 19:59:16,392 - ModelingPipeline - INFO - Trial 81/100 - Current: 0.3981, Best: 0.4027
2025-06-27 19:59:25,108 - ModelingPipeline - INFO - Trial 86/100 - Current: 0.4022, Best: 0.4043
2025-06-27 19:59:33,902 - ModelingPipeline - INFO - Trial 91/100 - Current: 0.4033, Best: 0.4043
2025-06-27 19:59:43,640 - ModelingPipeline - INFO - Trial 96/100 - Current: 0.3829, Best: 0.4043
2025-06-27 19:59:51,907 - ModelingPipeline - INFO - Trial 100/100 - Current: 0.3755, Best: 0.4043
2025-06-27 19:59:53,185 - ModelingPipeline - INFO - 최적 AUC: 0.4043
2025-06-27 19:59:53,185 - ModelingPipeline - INFO - 최적 파라미터: {'n_estimators': 212, 'max_depth': 18, 'min_samples_split': 19, 'min_samples_leaf': 9, 'max_features': 0.13327927370973175, 'class_weight': 'balanced'}
2025-06-27 20:00:07,752 - ModelingPipeline - INFO - CV 메트릭 - AUC: 0.9463 (±0.0268)
2025-06-27 20:00:07,752 - ModelingPipeline - INFO - CV 메트릭 - AP: 0.3876 (±0.0881)
2025-06-27 20:00:07,752 - ModelingPipeline - INFO - CV 메트릭 - F1: 0.3902 (±0.0518)
2025-06-27 20:00:07,761 - ModelingPipeline - INFO - xgboost 최적화 시작 (UNDERSAMPLING)
2025-06-27 20:00:07,762 - ModelingPipeline - INFO - XGBoost 클래스 불균형 처리: scale_pos_weight
2025-06-27 20:00:07,762 - ModelingPipeline - INFO - scale_pos_weight = 102.11 (설정: auto)
2025-06-27 20:00:07,762 - ModelingPipeline - INFO - 최적화 메트릭: AVERAGE_PRECISION
2025-06-27 20:00:11,372 - ModelingPipeline - INFO - Trial 1/100 - Current: 0.3326, Best: 0.3326
2025-06-27 20:00:32,078 - ModelingPipeline - INFO - Trial 6/100 - Current: 0.3359, Best: 0.3483
2025-06-27 20:00:48,095 - ModelingPipeline - INFO - Trial 11/100 - Current: 0.3335, Best: 0.3580
2025-06-27 20:01:06,049 - ModelingPipeline - INFO - Trial 16/100 - Current: 0.3677, Best: 0.3753
2025-06-27 20:01:24,004 - ModelingPipeline - INFO - Trial 21/100 - Current: 0.3361, Best: 0.3753
2025-06-27 20:01:35,844 - ModelingPipeline - INFO - Trial 26/100 - Current: 0.3554, Best: 0.3753
2025-06-27 20:01:52,099 - ModelingPipeline - INFO - Trial 31/100 - Current: 0.3412, Best: 0.3772
2025-06-27 20:02:07,275 - ModelingPipeline - INFO - Trial 36/100 - Current: 0.3714, Best: 0.3834
2025-06-27 20:02:25,810 - ModelingPipeline - INFO - Trial 41/100 - Current: 0.3691, Best: 0.3834
2025-06-27 20:02:41,681 - ModelingPipeline - INFO - Trial 46/100 - Current: 0.3449, Best: 0.3834
2025-06-27 20:02:56,987 - ModelingPipeline - INFO - Trial 51/100 - Current: 0.3530, Best: 0.3834
2025-06-27 20:03:08,773 - ModelingPipeline - INFO - Trial 56/100 - Current: 0.3615, Best: 0.3834
2025-06-27 20:03:26,285 - ModelingPipeline - INFO - Trial 61/100 - Current: 0.3657, Best: 0.3866
2025-06-27 20:03:40,065 - ModelingPipeline - INFO - Trial 66/100 - Current: 0.3604, Best: 0.3891
2025-06-27 20:03:52,601 - ModelingPipeline - INFO - Trial 71/100 - Current: 0.3718, Best: 0.3891
2025-06-27 20:04:06,684 - ModelingPipeline - INFO - Trial 76/100 - Current: 0.3622, Best: 0.3891
2025-06-27 20:04:28,360 - ModelingPipeline - INFO - Trial 81/100 - Current: 0.3613, Best: 0.3891
2025-06-27 20:04:51,590 - ModelingPipeline - INFO - Trial 86/100 - Current: 0.3734, Best: 0.3891
2025-06-27 20:05:09,742 - ModelingPipeline - INFO - Trial 91/100 - Current: 0.3457, Best: 0.3891
2025-06-27 20:05:23,580 - ModelingPipeline - INFO - Trial 96/100 - Current: 0.3634, Best: 0.3891
2025-06-27 20:05:37,824 - ModelingPipeline - INFO - Trial 100/100 - Current: 0.3475, Best: 0.3891
2025-06-27 20:05:38,326 - ModelingPipeline - INFO - 최적 AUC: 0.3891
2025-06-27 20:05:38,327 - ModelingPipeline - INFO - 최적 파라미터: {'n_estimators': 297, 'max_depth': 3, 'learning_rate': 0.04844096176293696, 'subsample': 0.8743128319830519, 'colsample_bytree': 0.81046845563069, 'reg_alpha': 9.664823693104372, 'reg_lambda': 9.507436596195255, 'scale_pos_weight': np.float64(102.10526315789474)}
2025-06-27 20:05:45,465 - ModelingPipeline - INFO - CV 메트릭 - AUC: 0.9449 (±0.0155)
2025-06-27 20:05:45,466 - ModelingPipeline - INFO - CV 메트릭 - AP: 0.3693 (±0.1089)
2025-06-27 20:05:45,466 - ModelingPipeline - INFO - CV 메트릭 - F1: 0.3153 (±0.0537)
2025-06-27 20:05:45,466 - ModelingPipeline - INFO - 모든 모델 평가 및 Threshold 최적화
2025-06-27 20:05:45,478 - ModelingPipeline - INFO - logistic_regression_normal 최적 Threshold 탐색
2025-06-27 20:05:45,478 - ModelingPipeline - INFO - 임계값 범위: 0.0013 ~ 0.3000 (300개 점)
2025-06-27 20:05:46,321 - ModelingPipeline - INFO - 최종 선택: 0.300 (AVERAGE_PRECISION: 0.1371)
2025-06-27 20:05:46,343 - ModelingPipeline - INFO - logistic_regression_normal 최종 평가 (Threshold: 0.300):
2025-06-27 20:05:46,343 - ModelingPipeline - INFO - 검증 - AUC: 0.9608, F1: 0.0588
2025-06-27 20:05:46,343 - ModelingPipeline - INFO - 테스트 - AUC: 0.8766, F1: 0.0220
2025-06-27 20:05:46,459 - ModelingPipeline - INFO - random_forest_normal 최적 Threshold 탐색
2025-06-27 20:05:46,459 - ModelingPipeline - INFO - 임계값 범위: 0.0013 ~ 0.3000 (300개 점)
2025-06-27 20:05:47,286 - ModelingPipeline - INFO - 최종 선택: 0.300 (AVERAGE_PRECISION: 0.2269)
2025-06-27 20:05:47,485 - ModelingPipeline - INFO - random_forest_normal 최종 평가 (Threshold: 0.300):
2025-06-27 20:05:47,485 - ModelingPipeline - INFO - 검증 - AUC: 0.9703, F1: 0.2121
2025-06-27 20:05:47,485 - ModelingPipeline - INFO - 테스트 - AUC: 0.9105, F1: 0.0818
2025-06-27 20:05:47,500 - ModelingPipeline - INFO - xgboost_normal 최적 Threshold 탐색
2025-06-27 20:05:47,500 - ModelingPipeline - INFO - 임계값 범위: 0.0013 ~ 0.3000 (300개 점)
2025-06-27 20:05:48,332 - ModelingPipeline - INFO - 최종 선택: 0.294 (AVERAGE_PRECISION: 0.2130)
2025-06-27 20:05:48,361 - ModelingPipeline - INFO - xgboost_normal 최종 평가 (Threshold: 0.294):
2025-06-27 20:05:48,362 - ModelingPipeline - INFO - 검증 - AUC: 0.9663, F1: 0.1662
2025-06-27 20:05:48,362 - ModelingPipeline - INFO - 테스트 - AUC: 0.8625, F1: 0.0621
2025-06-27 20:05:48,384 - ModelingPipeline - INFO - logistic_regression_smote 최적 Threshold 탐색
2025-06-27 20:05:48,385 - ModelingPipeline - INFO - 임계값 범위: 0.0013 ~ 0.3000 (300개 점)
2025-06-27 20:05:49,239 - ModelingPipeline - INFO - 최종 선택: 0.299 (AVERAGE_PRECISION: 0.1830)
2025-06-27 20:05:49,258 - ModelingPipeline - INFO - logistic_regression_smote 최종 평가 (Threshold: 0.299):
2025-06-27 20:05:49,258 - ModelingPipeline - INFO - 검증 - AUC: 0.9660, F1: 0.0713
2025-06-27 20:05:49,258 - ModelingPipeline - INFO - 테스트 - AUC: 0.8769, F1: 0.0265
2025-06-27 20:05:49,332 - ModelingPipeline - INFO - random_forest_smote 최적 Threshold 탐색
2025-06-27 20:05:49,332 - ModelingPipeline - INFO - 임계값 범위: 0.0013 ~ 0.3000 (300개 점)
2025-06-27 20:05:50,179 - ModelingPipeline - INFO - 최종 선택: 0.299 (AVERAGE_PRECISION: 0.2350)
2025-06-27 20:05:50,320 - ModelingPipeline - INFO - random_forest_smote 최종 평가 (Threshold: 0.299):
2025-06-27 20:05:50,320 - ModelingPipeline - INFO - 검증 - AUC: 0.9689, F1: 0.1865
2025-06-27 20:05:50,320 - ModelingPipeline - INFO - 테스트 - AUC: 0.9148, F1: 0.0707
2025-06-27 20:05:50,342 - ModelingPipeline - INFO - xgboost_smote 최적 Threshold 탐색
2025-06-27 20:05:50,342 - ModelingPipeline - INFO - 임계값 범위: 0.0013 ~ 0.3000 (300개 점)
2025-06-27 20:05:51,163 - ModelingPipeline - INFO - 최종 선택: 0.298 (AVERAGE_PRECISION: 0.2291)
2025-06-27 20:05:51,187 - ModelingPipeline - INFO - xgboost_smote 최종 평가 (Threshold: 0.298):
2025-06-27 20:05:51,187 - ModelingPipeline - INFO - 검증 - AUC: 0.9584, F1: 0.1765
2025-06-27 20:05:51,187 - ModelingPipeline - INFO - 테스트 - AUC: 0.8579, F1: 0.0696
2025-06-27 20:05:51,261 - ModelingPipeline - INFO - logistic_regression_undersampling 최적 Threshold 탐색
2025-06-27 20:05:51,261 - ModelingPipeline - INFO - 임계값 범위: 0.0013 ~ 0.3000 (300개 점)
2025-06-27 20:05:52,114 - ModelingPipeline - INFO - 최종 선택: 0.300 (AVERAGE_PRECISION: 0.1371)
2025-06-27 20:05:52,134 - ModelingPipeline - INFO - logistic_regression_undersampling 최종 평가 (Threshold: 0.300):
2025-06-27 20:05:52,134 - ModelingPipeline - INFO - 검증 - AUC: 0.9604, F1: 0.0575
2025-06-27 20:05:52,134 - ModelingPipeline - INFO - 테스트 - AUC: 0.8757, F1: 0.0222
2025-06-27 20:05:52,251 - ModelingPipeline - INFO - random_forest_undersampling 최적 Threshold 탐색
2025-06-27 20:05:52,251 - ModelingPipeline - INFO - 임계값 범위: 0.0013 ~ 0.3000 (300개 점)
2025-06-27 20:05:53,059 - ModelingPipeline - INFO - 최종 선택: 0.300 (AVERAGE_PRECISION: 0.2514)
2025-06-27 20:05:53,160 - ModelingPipeline - INFO - random_forest_undersampling 최종 평가 (Threshold: 0.300):
2025-06-27 20:05:53,160 - ModelingPipeline - INFO - 검증 - AUC: 0.9719, F1: 0.2151
2025-06-27 20:05:53,160 - ModelingPipeline - INFO - 테스트 - AUC: 0.8957, F1: 0.0842
2025-06-27 20:05:53,236 - ModelingPipeline - INFO - xgboost_undersampling 최적 Threshold 탐색
2025-06-27 20:05:53,236 - ModelingPipeline - INFO - 임계값 범위: 0.0013 ~ 0.3000 (300개 점)
2025-06-27 20:05:54,054 - ModelingPipeline - INFO - 최종 선택: 0.298 (AVERAGE_PRECISION: 0.2192)
2025-06-27 20:05:54,078 - ModelingPipeline - INFO - xgboost_undersampling 최종 평가 (Threshold: 0.298):
2025-06-27 20:05:54,078 - ModelingPipeline - INFO - 검증 - AUC: 0.9620, F1: 0.1730
2025-06-27 20:05:54,078 - ModelingPipeline - INFO - 테스트 - AUC: 0.8628, F1: 0.0615
2025-06-27 20:05:54,078 - ModelingPipeline - INFO - 앙상블 모델 실행 시작
2025-06-27 20:05:54,085 - ModelingPipeline - INFO - 앙상블에 추가: logistic_regression_normal
2025-06-27 20:05:54,085 - ModelingPipeline - INFO - 앙상블에 추가: logistic_regression_smote
2025-06-27 20:05:54,085 - ModelingPipeline - INFO - 앙상블에 추가: logistic_regression_undersampling
2025-06-27 20:05:54,085 - ModelingPipeline - INFO - 앙상블에 추가: random_forest_normal
2025-06-27 20:05:54,085 - ModelingPipeline - INFO - 앙상블에 추가: random_forest_smote
2025-06-27 20:05:54,086 - ModelingPipeline - INFO - 앙상블에 추가: random_forest_undersampling
2025-06-27 20:05:54,086 - ModelingPipeline - INFO - 앙상블에 추가: xgboost_normal
2025-06-27 20:05:54,086 - ModelingPipeline - INFO - 앙상블에 추가: xgboost_smote
2025-06-27 20:05:54,086 - ModelingPipeline - INFO - 앙상블에 추가: xgboost_undersampling
2025-06-27 20:05:54,503 - ModelingPipeline - INFO - 앙상블 모델 완료 - Test AUC: 0.8507, F1: 0.0232
2025-06-27 20:05:54,701 - ModelingPipeline - INFO - 앙상블 모델 저장: /Users/jojongho/KDT/P2_Default-invest/outputs/modeling_runs/default_modeling_run_20250627_191756/models/ensemble_model_model.joblib
2025-06-27 20:05:54,702 - ModelingPipeline - INFO - 시각화 생성 시작
2025-06-27 20:06:00,667 - ModelingPipeline - INFO - Train vs Test 비교 시각화 완료
2025-06-27 20:06:00,667 - ModelingPipeline - INFO - 시각화 생성 완료
2025-06-27 20:06:00,667 - ModelingPipeline - INFO - 결과 저장 시작
2025-06-27 20:06:00,668 - ModelingPipeline - INFO - logistic_regression_normal 모델 저장: /Users/jojongho/KDT/P2_Default-invest/outputs/modeling_runs/default_modeling_run_20250627_191756/models/logistic_regression_normal_model.joblib
2025-06-27 20:06:00,731 - ModelingPipeline - INFO - random_forest_normal 모델 저장: /Users/jojongho/KDT/P2_Default-invest/outputs/modeling_runs/default_modeling_run_20250627_191756/models/random_forest_normal_model.joblib
2025-06-27 20:06:00,734 - ModelingPipeline - INFO - xgboost_normal 모델 저장: /Users/jojongho/KDT/P2_Default-invest/outputs/modeling_runs/default_modeling_run_20250627_191756/models/xgboost_normal_model.joblib
2025-06-27 20:06:00,735 - ModelingPipeline - INFO - logistic_regression_smote 모델 저장: /Users/jojongho/KDT/P2_Default-invest/outputs/modeling_runs/default_modeling_run_20250627_191756/models/logistic_regression_smote_model.joblib
2025-06-27 20:06:00,779 - ModelingPipeline - INFO - random_forest_smote 모델 저장: /Users/jojongho/KDT/P2_Default-invest/outputs/modeling_runs/default_modeling_run_20250627_191756/models/random_forest_smote_model.joblib
2025-06-27 20:06:00,781 - ModelingPipeline - INFO - xgboost_smote 모델 저장: /Users/jojongho/KDT/P2_Default-invest/outputs/modeling_runs/default_modeling_run_20250627_191756/models/xgboost_smote_model.joblib
2025-06-27 20:06:00,782 - ModelingPipeline - INFO - logistic_regression_undersampling 모델 저장: /Users/jojongho/KDT/P2_Default-invest/outputs/modeling_runs/default_modeling_run_20250627_191756/models/logistic_regression_undersampling_model.joblib
2025-06-27 20:06:00,811 - ModelingPipeline - INFO - random_forest_undersampling 모델 저장: /Users/jojongho/KDT/P2_Default-invest/outputs/modeling_runs/default_modeling_run_20250627_191756/models/random_forest_undersampling_model.joblib
2025-06-27 20:06:00,814 - ModelingPipeline - INFO - xgboost_undersampling 모델 저장: /Users/jojongho/KDT/P2_Default-invest/outputs/modeling_runs/default_modeling_run_20250627_191756/models/xgboost_undersampling_model.joblib
2025-06-27 20:06:00,951 - ModelingPipeline - INFO - ensemble_model 모델 저장: /Users/jojongho/KDT/P2_Default-invest/outputs/modeling_runs/default_modeling_run_20250627_191756/models/ensemble_model_model.joblib
2025-06-27 20:06:01,332 - ModelingPipeline - INFO - 전체 결과 저장: /Users/jojongho/KDT/P2_Default-invest/outputs/modeling_runs/default_modeling_run_20250627_191756/results/modeling_results.json
2025-06-27 20:06:01,333 - ModelingPipeline - INFO - 설정 저장: /Users/jojongho/KDT/P2_Default-invest/outputs/modeling_runs/default_modeling_run_20250627_191756/modeling_config.json
2025-06-27 20:06:01,335 - ModelingPipeline - INFO - 실행 결과 요약:
2025-06-27 20:06:01,339 - ModelingPipeline - INFO - 
                 Model        Data_Type  Optimal_Threshold  CV_AUC  CV_AUC_Mean  CV_AP_Mean  CV_F1_Mean  Val_AUC  Val_F1  Test_AUC  Test_Precision  Test_Recall  Test_F1  Test_Balanced_Acc  Test_Average_Precision
0  logistic_regression           NORMAL              0.300  0.3274       0.9240      0.3274      0.1515   0.9608  0.0588    0.8766          0.0111         0.85   0.0220             0.8120                  0.1219
1        random_forest           NORMAL              0.300  0.3990       0.9501      0.3908      0.3917   0.9703  0.2121    0.9105          0.0436         0.65   0.0818             0.8037                  0.3209
2              xgboost           NORMAL              0.294  0.3915       0.9441      0.3784      0.3511   0.9663  0.1662    0.8625          0.0326         0.65   0.0621             0.7961                  0.3493
3  logistic_regression            SMOTE              0.299  0.3355       0.9340      0.3355      0.1786   0.9660  0.0713    0.8769          0.0135         0.85   0.0265             0.8318                  0.1470
4        random_forest            SMOTE              0.299  0.3928       0.9416      0.3885      0.3735   0.9689  0.1865    0.9148          0.0374         0.65   0.0707             0.7999                  0.3084
5              xgboost            SMOTE              0.298  0.3967       0.9353      0.3662      0.3024   0.9584  0.1765    0.8579          0.0365         0.75   0.0696             0.8454                  0.3587
6  logistic_regression    UNDERSAMPLING              0.300  0.3287       0.9245      0.3287      0.1511   0.9604  0.0575    0.8757          0.0112         0.85   0.0222             0.8131                  0.1251
7        random_forest    UNDERSAMPLING              0.300  0.4043       0.9463      0.3876      0.3902   0.9719  0.2151    0.8957          0.0453         0.60   0.0842             0.7811                  0.3081
8              xgboost    UNDERSAMPLING              0.298  0.3891       0.9449      0.3693      0.3153   0.9620  0.1730    0.8628          0.0323         0.65   0.0615             0.7958                  0.3754
9             ensemble  COMBINED_MODELS              0.450  0.4043       0.4043      0.0000      0.0000   0.8507  0.1512    0.8507          0.0118         0.60   0.0232             0.7251                  0.0254
2025-06-27 20:06:01,339 - ModelingPipeline - INFO - 요약 테이블 저장: /Users/jojongho/KDT/P2_Default-invest/outputs/modeling_runs/default_modeling_run_20250627_191756/results/summary_table.csv
2025-06-27 20:06:01,339 - ModelingPipeline - INFO - === 모델링 파이프라인 완료 ===
