2025-06-29 11:23:50,721 - ModelingPipeline - INFO - 모델링 파이프라인이 초기화되었습니다.
2025-06-29 11:23:50,721 - ModelingPipeline - INFO - 실행 이름: default_modeling_run_20250629_112350
2025-06-29 11:23:50,721 - ModelingPipeline - INFO - 출력 경로: /Users/jojongho/KDT/P2_Default-invest/outputs/modeling_runs/default_modeling_run_20250629_112350
2025-06-29 11:23:50,721 - ModelingPipeline - INFO - === 모델링 파이프라인 시작 ===
2025-06-29 11:23:50,721 - ModelingPipeline - INFO - 데이터 로드 시작
2025-06-29 11:23:50,721 - ModelingPipeline - INFO - 오버라이드된 데이터 경로 사용: data/final
2025-06-29 11:23:50,867 - ModelingPipeline - INFO - Train: (13300, 118), 부실비율: 0.71%
2025-06-29 11:23:50,868 - ModelingPipeline - INFO - Validation: (4672, 118), 부실비율: 0.68%
2025-06-29 11:23:50,868 - ModelingPipeline - INFO - Test: (4513, 118), 부실비율: 0.60%
2025-06-29 11:23:50,868 - ModelingPipeline - INFO - 모든 모델 실행 시작
2025-06-29 11:23:50,868 - ModelingPipeline - INFO - 특성 선택 방법: SHAP (NORMAL)
2025-06-29 11:23:51,343 - ModelingPipeline - INFO - SHAP 기본 모델: random_forest
2025-06-29 11:23:51,344 - ModelingPipeline - INFO - 기본 모델 훈련 중...
2025-06-29 11:23:52,535 - ModelingPipeline - INFO - SHAP Explainer 생성 중...
2025-06-29 11:23:52,541 - ModelingPipeline - INFO - SHAP 값 계산 중...
2025-06-29 11:24:08,311 - ModelingPipeline - INFO - SHAP 값 배열 형태: (13300, 118)
2025-06-29 11:24:08,312 - ModelingPipeline - INFO - 평균 절댓값 SHAP 형태: (118,)
2025-06-29 11:24:08,312 - ModelingPipeline - INFO - 특성 개수: 118
2025-06-29 11:24:08,313 - ModelingPipeline - INFO - 임계값: 0.002535
2025-06-29 11:24:08,313 - ModelingPipeline - INFO - 평균 |SHAP|: 0.004555 (±0.004944)
2025-06-29 11:24:08,323 - ModelingPipeline - INFO - 선택된 특성: 10/118
2025-06-29 11:24:08,324 - ModelingPipeline - INFO - 활성화된 데이터 타입: ['normal', 'smote', 'undersampling', 'ctgan']
2025-06-29 11:24:08,324 - ModelingPipeline - INFO - 활성화된 모델: ['logistic_regression', 'random_forest', 'xgboost']
2025-06-29 11:24:08,324 - ModelingPipeline - INFO - NORMAL 데이터 처리
2025-06-29 11:24:08,327 - ModelingPipeline - INFO - logistic_regression 최적화 시작 (NORMAL)
2025-06-29 11:24:08,327 - ModelingPipeline - INFO - Logistic Regression 클래스 불균형 가중치: class_weight=None
2025-06-29 11:24:08,327 - ModelingPipeline - INFO - 최적화 메트릭: AVERAGE_PRECISION
2025-06-29 11:24:08,339 - ModelingPipeline - WARNING - Robust 그룹의 컬럼 목록이 None입니다. 건너뜁니다.
2025-06-29 11:24:08,340 - ModelingPipeline - WARNING - MinMax 그룹의 컬럼 목록이 None입니다. 건너뜁니다.
2025-06-29 11:24:08,340 - ModelingPipeline - WARNING - Log 그룹의 컬럼 목록이 None입니다. 건너뜁니다.
2025-06-29 11:24:08,365 - ModelingPipeline - WARNING - Robust 그룹의 컬럼 목록이 None입니다. 건너뜁니다.
2025-06-29 11:24:08,366 - ModelingPipeline - WARNING - MinMax 그룹의 컬럼 목록이 None입니다. 건너뜁니다.
2025-06-29 11:24:08,366 - ModelingPipeline - WARNING - Log 그룹의 컬럼 목록이 None입니다. 건너뜁니다.
2025-06-29 11:24:08,381 - ModelingPipeline - WARNING - Robust 그룹의 컬럼 목록이 None입니다. 건너뜁니다.
2025-06-29 11:24:08,381 - ModelingPipeline - WARNING - MinMax 그룹의 컬럼 목록이 None입니다. 건너뜁니다.
2025-06-29 11:24:08,381 - ModelingPipeline - WARNING - Log 그룹의 컬럼 목록이 None입니다. 건너뜁니다.
2025-06-29 11:24:08,395 - ModelingPipeline - WARNING - Robust 그룹의 컬럼 목록이 None입니다. 건너뜁니다.
2025-06-29 11:24:08,395 - ModelingPipeline - WARNING - MinMax 그룹의 컬럼 목록이 None입니다. 건너뜁니다.
2025-06-29 11:24:08,395 - ModelingPipeline - WARNING - Log 그룹의 컬럼 목록이 None입니다. 건너뜁니다.
2025-06-29 11:24:08,411 - ModelingPipeline - WARNING - Robust 그룹의 컬럼 목록이 None입니다. 건너뜁니다.
2025-06-29 11:24:08,411 - ModelingPipeline - WARNING - MinMax 그룹의 컬럼 목록이 None입니다. 건너뜁니다.
2025-06-29 11:24:08,411 - ModelingPipeline - WARNING - Log 그룹의 컬럼 목록이 None입니다. 건너뜁니다.
2025-06-29 11:24:08,422 - ModelingPipeline - INFO - Trial 1/25 - Current: 0.1742, Best: 0.1742
2025-06-29 11:24:08,427 - ModelingPipeline - WARNING - Robust 그룹의 컬럼 목록이 None입니다. 건너뜁니다.
2025-06-29 11:24:08,427 - ModelingPipeline - WARNING - MinMax 그룹의 컬럼 목록이 None입니다. 건너뜁니다.
2025-06-29 11:24:08,427 - ModelingPipeline - WARNING - Log 그룹의 컬럼 목록이 None입니다. 건너뜁니다.
2025-06-29 11:24:08,446 - ModelingPipeline - WARNING - Robust 그룹의 컬럼 목록이 None입니다. 건너뜁니다.
2025-06-29 11:24:08,447 - ModelingPipeline - WARNING - MinMax 그룹의 컬럼 목록이 None입니다. 건너뜁니다.
2025-06-29 11:24:08,447 - ModelingPipeline - WARNING - Log 그룹의 컬럼 목록이 None입니다. 건너뜁니다.
2025-06-29 11:24:08,467 - ModelingPipeline - WARNING - Robust 그룹의 컬럼 목록이 None입니다. 건너뜁니다.
2025-06-29 11:24:08,467 - ModelingPipeline - WARNING - MinMax 그룹의 컬럼 목록이 None입니다. 건너뜁니다.
2025-06-29 11:24:08,467 - ModelingPipeline - WARNING - Log 그룹의 컬럼 목록이 None입니다. 건너뜁니다.
2025-06-29 11:24:08,487 - ModelingPipeline - WARNING - Robust 그룹의 컬럼 목록이 None입니다. 건너뜁니다.
2025-06-29 11:24:08,487 - ModelingPipeline - WARNING - MinMax 그룹의 컬럼 목록이 None입니다. 건너뜁니다.
2025-06-29 11:24:08,487 - ModelingPipeline - WARNING - Log 그룹의 컬럼 목록이 None입니다. 건너뜁니다.
2025-06-29 11:24:08,505 - ModelingPipeline - WARNING - Robust 그룹의 컬럼 목록이 None입니다. 건너뜁니다.
2025-06-29 11:24:08,505 - ModelingPipeline - WARNING - MinMax 그룹의 컬럼 목록이 None입니다. 건너뜁니다.
2025-06-29 11:24:08,505 - ModelingPipeline - WARNING - Log 그룹의 컬럼 목록이 None입니다. 건너뜁니다.
2025-06-29 11:24:08,523 - ModelingPipeline - WARNING - Robust 그룹의 컬럼 목록이 None입니다. 건너뜁니다.
2025-06-29 11:24:08,523 - ModelingPipeline - WARNING - MinMax 그룹의 컬럼 목록이 None입니다. 건너뜁니다.
2025-06-29 11:24:08,523 - ModelingPipeline - WARNING - Log 그룹의 컬럼 목록이 None입니다. 건너뜁니다.
2025-06-29 11:24:08,534 - ModelingPipeline - WARNING - Robust 그룹의 컬럼 목록이 None입니다. 건너뜁니다.
2025-06-29 11:24:08,534 - ModelingPipeline - WARNING - MinMax 그룹의 컬럼 목록이 None입니다. 건너뜁니다.
2025-06-29 11:24:08,534 - ModelingPipeline - WARNING - Log 그룹의 컬럼 목록이 None입니다. 건너뜁니다.
2025-06-29 11:24:08,544 - ModelingPipeline - WARNING - Robust 그룹의 컬럼 목록이 None입니다. 건너뜁니다.
2025-06-29 11:24:08,544 - ModelingPipeline - WARNING - MinMax 그룹의 컬럼 목록이 None입니다. 건너뜁니다.
2025-06-29 11:24:08,544 - ModelingPipeline - WARNING - Log 그룹의 컬럼 목록이 None입니다. 건너뜁니다.
2025-06-29 11:24:08,552 - ModelingPipeline - WARNING - Robust 그룹의 컬럼 목록이 None입니다. 건너뜁니다.
2025-06-29 11:24:08,552 - ModelingPipeline - WARNING - MinMax 그룹의 컬럼 목록이 None입니다. 건너뜁니다.
2025-06-29 11:24:08,552 - ModelingPipeline - WARNING - Log 그룹의 컬럼 목록이 None입니다. 건너뜁니다.
2025-06-29 11:24:08,563 - ModelingPipeline - WARNING - Robust 그룹의 컬럼 목록이 None입니다. 건너뜁니다.
2025-06-29 11:24:08,563 - ModelingPipeline - WARNING - MinMax 그룹의 컬럼 목록이 None입니다. 건너뜁니다.
2025-06-29 11:24:08,563 - ModelingPipeline - WARNING - Log 그룹의 컬럼 목록이 None입니다. 건너뜁니다.
2025-06-29 11:24:08,574 - ModelingPipeline - WARNING - Robust 그룹의 컬럼 목록이 None입니다. 건너뜁니다.
2025-06-29 11:24:08,574 - ModelingPipeline - WARNING - MinMax 그룹의 컬럼 목록이 None입니다. 건너뜁니다.
2025-06-29 11:24:08,574 - ModelingPipeline - WARNING - Log 그룹의 컬럼 목록이 None입니다. 건너뜁니다.
2025-06-29 11:24:08,591 - ModelingPipeline - WARNING - Robust 그룹의 컬럼 목록이 None입니다. 건너뜁니다.
2025-06-29 11:24:08,591 - ModelingPipeline - WARNING - MinMax 그룹의 컬럼 목록이 None입니다. 건너뜁니다.
2025-06-29 11:24:08,591 - ModelingPipeline - WARNING - Log 그룹의 컬럼 목록이 None입니다. 건너뜁니다.
2025-06-29 11:24:08,608 - ModelingPipeline - WARNING - Robust 그룹의 컬럼 목록이 None입니다. 건너뜁니다.
2025-06-29 11:24:08,608 - ModelingPipeline - WARNING - MinMax 그룹의 컬럼 목록이 None입니다. 건너뜁니다.
2025-06-29 11:24:08,608 - ModelingPipeline - WARNING - Log 그룹의 컬럼 목록이 None입니다. 건너뜁니다.
2025-06-29 11:24:08,626 - ModelingPipeline - WARNING - Robust 그룹의 컬럼 목록이 None입니다. 건너뜁니다.
2025-06-29 11:24:08,626 - ModelingPipeline - WARNING - MinMax 그룹의 컬럼 목록이 None입니다. 건너뜁니다.
2025-06-29 11:24:08,626 - ModelingPipeline - WARNING - Log 그룹의 컬럼 목록이 None입니다. 건너뜁니다.
2025-06-29 11:24:08,642 - ModelingPipeline - WARNING - Robust 그룹의 컬럼 목록이 None입니다. 건너뜁니다.
2025-06-29 11:24:08,642 - ModelingPipeline - WARNING - MinMax 그룹의 컬럼 목록이 None입니다. 건너뜁니다.
2025-06-29 11:24:08,642 - ModelingPipeline - WARNING - Log 그룹의 컬럼 목록이 None입니다. 건너뜁니다.
2025-06-29 11:24:08,660 - ModelingPipeline - WARNING - Robust 그룹의 컬럼 목록이 None입니다. 건너뜁니다.
2025-06-29 11:24:08,660 - ModelingPipeline - WARNING - MinMax 그룹의 컬럼 목록이 None입니다. 건너뜁니다.
2025-06-29 11:24:08,660 - ModelingPipeline - WARNING - Log 그룹의 컬럼 목록이 None입니다. 건너뜁니다.
2025-06-29 11:24:08,676 - ModelingPipeline - WARNING - Robust 그룹의 컬럼 목록이 None입니다. 건너뜁니다.
2025-06-29 11:24:08,676 - ModelingPipeline - WARNING - MinMax 그룹의 컬럼 목록이 None입니다. 건너뜁니다.
2025-06-29 11:24:08,676 - ModelingPipeline - WARNING - Log 그룹의 컬럼 목록이 None입니다. 건너뜁니다.
2025-06-29 11:24:08,690 - ModelingPipeline - WARNING - Robust 그룹의 컬럼 목록이 None입니다. 건너뜁니다.
2025-06-29 11:24:08,690 - ModelingPipeline - WARNING - MinMax 그룹의 컬럼 목록이 None입니다. 건너뜁니다.
2025-06-29 11:24:08,690 - ModelingPipeline - WARNING - Log 그룹의 컬럼 목록이 None입니다. 건너뜁니다.
2025-06-29 11:24:08,704 - ModelingPipeline - WARNING - Robust 그룹의 컬럼 목록이 None입니다. 건너뜁니다.
2025-06-29 11:24:08,704 - ModelingPipeline - WARNING - MinMax 그룹의 컬럼 목록이 None입니다. 건너뜁니다.
2025-06-29 11:24:08,704 - ModelingPipeline - WARNING - Log 그룹의 컬럼 목록이 None입니다. 건너뜁니다.
2025-06-29 11:24:08,718 - ModelingPipeline - WARNING - Robust 그룹의 컬럼 목록이 None입니다. 건너뜁니다.
2025-06-29 11:24:08,718 - ModelingPipeline - WARNING - MinMax 그룹의 컬럼 목록이 None입니다. 건너뜁니다.
2025-06-29 11:24:08,718 - ModelingPipeline - WARNING - Log 그룹의 컬럼 목록이 None입니다. 건너뜁니다.
2025-06-29 11:24:08,734 - ModelingPipeline - WARNING - Robust 그룹의 컬럼 목록이 None입니다. 건너뜁니다.
2025-06-29 11:24:08,734 - ModelingPipeline - WARNING - MinMax 그룹의 컬럼 목록이 None입니다. 건너뜁니다.
2025-06-29 11:24:08,734 - ModelingPipeline - WARNING - Log 그룹의 컬럼 목록이 None입니다. 건너뜁니다.
2025-06-29 11:24:08,749 - ModelingPipeline - WARNING - Robust 그룹의 컬럼 목록이 None입니다. 건너뜁니다.
2025-06-29 11:24:08,749 - ModelingPipeline - WARNING - MinMax 그룹의 컬럼 목록이 None입니다. 건너뜁니다.
2025-06-29 11:24:08,749 - ModelingPipeline - WARNING - Log 그룹의 컬럼 목록이 None입니다. 건너뜁니다.
2025-06-29 11:24:08,765 - ModelingPipeline - WARNING - Robust 그룹의 컬럼 목록이 None입니다. 건너뜁니다.
2025-06-29 11:24:08,765 - ModelingPipeline - WARNING - MinMax 그룹의 컬럼 목록이 None입니다. 건너뜁니다.
2025-06-29 11:24:08,765 - ModelingPipeline - WARNING - Log 그룹의 컬럼 목록이 None입니다. 건너뜁니다.
2025-06-29 11:24:08,781 - ModelingPipeline - WARNING - Robust 그룹의 컬럼 목록이 None입니다. 건너뜁니다.
2025-06-29 11:24:08,781 - ModelingPipeline - WARNING - MinMax 그룹의 컬럼 목록이 None입니다. 건너뜁니다.
2025-06-29 11:24:08,781 - ModelingPipeline - WARNING - Log 그룹의 컬럼 목록이 None입니다. 건너뜁니다.
2025-06-29 11:24:08,798 - ModelingPipeline - WARNING - Robust 그룹의 컬럼 목록이 None입니다. 건너뜁니다.
2025-06-29 11:24:08,798 - ModelingPipeline - WARNING - MinMax 그룹의 컬럼 목록이 None입니다. 건너뜁니다.
2025-06-29 11:24:08,798 - ModelingPipeline - WARNING - Log 그룹의 컬럼 목록이 None입니다. 건너뜁니다.
2025-06-29 11:24:08,811 - ModelingPipeline - INFO - Trial 6/25 - Current: 0.1766, Best: 0.1766
2025-06-29 11:24:08,820 - ModelingPipeline - WARNING - Robust 그룹의 컬럼 목록이 None입니다. 건너뜁니다.
2025-06-29 11:24:08,820 - ModelingPipeline - WARNING - MinMax 그룹의 컬럼 목록이 None입니다. 건너뜁니다.
2025-06-29 11:24:08,820 - ModelingPipeline - WARNING - Log 그룹의 컬럼 목록이 None입니다. 건너뜁니다.
2025-06-29 11:24:08,840 - ModelingPipeline - WARNING - Robust 그룹의 컬럼 목록이 None입니다. 건너뜁니다.
2025-06-29 11:24:08,840 - ModelingPipeline - WARNING - MinMax 그룹의 컬럼 목록이 None입니다. 건너뜁니다.
2025-06-29 11:24:08,840 - ModelingPipeline - WARNING - Log 그룹의 컬럼 목록이 None입니다. 건너뜁니다.
2025-06-29 11:24:08,859 - ModelingPipeline - WARNING - Robust 그룹의 컬럼 목록이 None입니다. 건너뜁니다.
2025-06-29 11:24:08,860 - ModelingPipeline - WARNING - MinMax 그룹의 컬럼 목록이 None입니다. 건너뜁니다.
2025-06-29 11:24:08,860 - ModelingPipeline - WARNING - Log 그룹의 컬럼 목록이 None입니다. 건너뜁니다.
2025-06-29 11:24:08,876 - ModelingPipeline - WARNING - Robust 그룹의 컬럼 목록이 None입니다. 건너뜁니다.
2025-06-29 11:24:08,876 - ModelingPipeline - WARNING - MinMax 그룹의 컬럼 목록이 None입니다. 건너뜁니다.
2025-06-29 11:24:08,876 - ModelingPipeline - WARNING - Log 그룹의 컬럼 목록이 None입니다. 건너뜁니다.
2025-06-29 11:24:08,893 - ModelingPipeline - WARNING - Robust 그룹의 컬럼 목록이 None입니다. 건너뜁니다.
2025-06-29 11:24:08,893 - ModelingPipeline - WARNING - MinMax 그룹의 컬럼 목록이 None입니다. 건너뜁니다.
2025-06-29 11:24:08,893 - ModelingPipeline - WARNING - Log 그룹의 컬럼 목록이 None입니다. 건너뜁니다.
2025-06-29 11:24:08,912 - ModelingPipeline - WARNING - Robust 그룹의 컬럼 목록이 None입니다. 건너뜁니다.
2025-06-29 11:24:08,912 - ModelingPipeline - WARNING - MinMax 그룹의 컬럼 목록이 None입니다. 건너뜁니다.
2025-06-29 11:24:08,912 - ModelingPipeline - WARNING - Log 그룹의 컬럼 목록이 None입니다. 건너뜁니다.
2025-06-29 11:24:08,927 - ModelingPipeline - WARNING - Robust 그룹의 컬럼 목록이 None입니다. 건너뜁니다.
2025-06-29 11:24:08,927 - ModelingPipeline - WARNING - MinMax 그룹의 컬럼 목록이 None입니다. 건너뜁니다.
2025-06-29 11:24:08,928 - ModelingPipeline - WARNING - Log 그룹의 컬럼 목록이 None입니다. 건너뜁니다.
2025-06-29 11:24:08,943 - ModelingPipeline - WARNING - Robust 그룹의 컬럼 목록이 None입니다. 건너뜁니다.
2025-06-29 11:24:08,943 - ModelingPipeline - WARNING - MinMax 그룹의 컬럼 목록이 None입니다. 건너뜁니다.
2025-06-29 11:24:08,943 - ModelingPipeline - WARNING - Log 그룹의 컬럼 목록이 None입니다. 건너뜁니다.
2025-06-29 11:24:08,960 - ModelingPipeline - WARNING - Robust 그룹의 컬럼 목록이 None입니다. 건너뜁니다.
2025-06-29 11:24:08,960 - ModelingPipeline - WARNING - MinMax 그룹의 컬럼 목록이 None입니다. 건너뜁니다.
2025-06-29 11:24:08,960 - ModelingPipeline - WARNING - Log 그룹의 컬럼 목록이 None입니다. 건너뜁니다.
2025-06-29 11:24:08,974 - ModelingPipeline - WARNING - Robust 그룹의 컬럼 목록이 None입니다. 건너뜁니다.
2025-06-29 11:24:08,974 - ModelingPipeline - WARNING - MinMax 그룹의 컬럼 목록이 None입니다. 건너뜁니다.
2025-06-29 11:24:08,975 - ModelingPipeline - WARNING - Log 그룹의 컬럼 목록이 None입니다. 건너뜁니다.
2025-06-29 11:24:08,992 - ModelingPipeline - WARNING - Robust 그룹의 컬럼 목록이 None입니다. 건너뜁니다.
2025-06-29 11:24:08,992 - ModelingPipeline - WARNING - MinMax 그룹의 컬럼 목록이 None입니다. 건너뜁니다.
2025-06-29 11:24:08,992 - ModelingPipeline - WARNING - Log 그룹의 컬럼 목록이 None입니다. 건너뜁니다.
2025-06-29 11:24:09,006 - ModelingPipeline - WARNING - Robust 그룹의 컬럼 목록이 None입니다. 건너뜁니다.
2025-06-29 11:24:09,007 - ModelingPipeline - WARNING - MinMax 그룹의 컬럼 목록이 None입니다. 건너뜁니다.
2025-06-29 11:24:09,007 - ModelingPipeline - WARNING - Log 그룹의 컬럼 목록이 None입니다. 건너뜁니다.
2025-06-29 11:24:09,022 - ModelingPipeline - WARNING - Robust 그룹의 컬럼 목록이 None입니다. 건너뜁니다.
2025-06-29 11:24:09,022 - ModelingPipeline - WARNING - MinMax 그룹의 컬럼 목록이 None입니다. 건너뜁니다.
2025-06-29 11:24:09,022 - ModelingPipeline - WARNING - Log 그룹의 컬럼 목록이 None입니다. 건너뜁니다.
2025-06-29 11:24:09,036 - ModelingPipeline - WARNING - Robust 그룹의 컬럼 목록이 None입니다. 건너뜁니다.
2025-06-29 11:24:09,036 - ModelingPipeline - WARNING - MinMax 그룹의 컬럼 목록이 None입니다. 건너뜁니다.
2025-06-29 11:24:09,036 - ModelingPipeline - WARNING - Log 그룹의 컬럼 목록이 None입니다. 건너뜁니다.
2025-06-29 11:24:09,052 - ModelingPipeline - WARNING - Robust 그룹의 컬럼 목록이 None입니다. 건너뜁니다.
2025-06-29 11:24:09,052 - ModelingPipeline - WARNING - MinMax 그룹의 컬럼 목록이 None입니다. 건너뜁니다.
2025-06-29 11:24:09,052 - ModelingPipeline - WARNING - Log 그룹의 컬럼 목록이 None입니다. 건너뜁니다.
2025-06-29 11:24:09,067 - ModelingPipeline - WARNING - Robust 그룹의 컬럼 목록이 None입니다. 건너뜁니다.
2025-06-29 11:24:09,067 - ModelingPipeline - WARNING - MinMax 그룹의 컬럼 목록이 None입니다. 건너뜁니다.
2025-06-29 11:24:09,067 - ModelingPipeline - WARNING - Log 그룹의 컬럼 목록이 None입니다. 건너뜁니다.
2025-06-29 11:24:09,082 - ModelingPipeline - WARNING - Robust 그룹의 컬럼 목록이 None입니다. 건너뜁니다.
2025-06-29 11:24:09,082 - ModelingPipeline - WARNING - MinMax 그룹의 컬럼 목록이 None입니다. 건너뜁니다.
2025-06-29 11:24:09,082 - ModelingPipeline - WARNING - Log 그룹의 컬럼 목록이 None입니다. 건너뜁니다.
2025-06-29 11:24:09,096 - ModelingPipeline - WARNING - Robust 그룹의 컬럼 목록이 None입니다. 건너뜁니다.
2025-06-29 11:24:09,097 - ModelingPipeline - WARNING - MinMax 그룹의 컬럼 목록이 None입니다. 건너뜁니다.
2025-06-29 11:24:09,097 - ModelingPipeline - WARNING - Log 그룹의 컬럼 목록이 None입니다. 건너뜁니다.
2025-06-29 11:24:09,113 - ModelingPipeline - WARNING - Robust 그룹의 컬럼 목록이 None입니다. 건너뜁니다.
2025-06-29 11:24:09,113 - ModelingPipeline - WARNING - MinMax 그룹의 컬럼 목록이 None입니다. 건너뜁니다.
2025-06-29 11:24:09,113 - ModelingPipeline - WARNING - Log 그룹의 컬럼 목록이 None입니다. 건너뜁니다.
2025-06-29 11:24:09,129 - ModelingPipeline - WARNING - Robust 그룹의 컬럼 목록이 None입니다. 건너뜁니다.
2025-06-29 11:24:09,129 - ModelingPipeline - WARNING - MinMax 그룹의 컬럼 목록이 None입니다. 건너뜁니다.
2025-06-29 11:24:09,129 - ModelingPipeline - WARNING - Log 그룹의 컬럼 목록이 None입니다. 건너뜁니다.
2025-06-29 11:24:09,149 - ModelingPipeline - WARNING - Robust 그룹의 컬럼 목록이 None입니다. 건너뜁니다.
2025-06-29 11:24:09,149 - ModelingPipeline - WARNING - MinMax 그룹의 컬럼 목록이 None입니다. 건너뜁니다.
2025-06-29 11:24:09,149 - ModelingPipeline - WARNING - Log 그룹의 컬럼 목록이 None입니다. 건너뜁니다.
2025-06-29 11:24:09,163 - ModelingPipeline - WARNING - Robust 그룹의 컬럼 목록이 None입니다. 건너뜁니다.
2025-06-29 11:24:09,163 - ModelingPipeline - WARNING - MinMax 그룹의 컬럼 목록이 None입니다. 건너뜁니다.
2025-06-29 11:24:09,163 - ModelingPipeline - WARNING - Log 그룹의 컬럼 목록이 None입니다. 건너뜁니다.
2025-06-29 11:24:09,179 - ModelingPipeline - WARNING - Robust 그룹의 컬럼 목록이 None입니다. 건너뜁니다.
2025-06-29 11:24:09,179 - ModelingPipeline - WARNING - MinMax 그룹의 컬럼 목록이 None입니다. 건너뜁니다.
2025-06-29 11:24:09,179 - ModelingPipeline - WARNING - Log 그룹의 컬럼 목록이 None입니다. 건너뜁니다.
2025-06-29 11:24:09,195 - ModelingPipeline - WARNING - Robust 그룹의 컬럼 목록이 None입니다. 건너뜁니다.
2025-06-29 11:24:09,195 - ModelingPipeline - WARNING - MinMax 그룹의 컬럼 목록이 None입니다. 건너뜁니다.
2025-06-29 11:24:09,195 - ModelingPipeline - WARNING - Log 그룹의 컬럼 목록이 None입니다. 건너뜁니다.
2025-06-29 11:24:09,210 - ModelingPipeline - WARNING - Robust 그룹의 컬럼 목록이 None입니다. 건너뜁니다.
2025-06-29 11:24:09,210 - ModelingPipeline - WARNING - MinMax 그룹의 컬럼 목록이 None입니다. 건너뜁니다.
2025-06-29 11:24:09,210 - ModelingPipeline - WARNING - Log 그룹의 컬럼 목록이 None입니다. 건너뜁니다.
2025-06-29 11:24:09,221 - ModelingPipeline - INFO - Trial 11/25 - Current: 0.2028, Best: 0.2028
2025-06-29 11:24:09,228 - ModelingPipeline - WARNING - Robust 그룹의 컬럼 목록이 None입니다. 건너뜁니다.
2025-06-29 11:24:09,229 - ModelingPipeline - WARNING - MinMax 그룹의 컬럼 목록이 None입니다. 건너뜁니다.
2025-06-29 11:24:09,229 - ModelingPipeline - WARNING - Log 그룹의 컬럼 목록이 None입니다. 건너뜁니다.
2025-06-29 11:24:09,243 - ModelingPipeline - WARNING - Robust 그룹의 컬럼 목록이 None입니다. 건너뜁니다.
2025-06-29 11:24:09,243 - ModelingPipeline - WARNING - MinMax 그룹의 컬럼 목록이 None입니다. 건너뜁니다.
2025-06-29 11:24:09,243 - ModelingPipeline - WARNING - Log 그룹의 컬럼 목록이 None입니다. 건너뜁니다.
2025-06-29 11:24:09,260 - ModelingPipeline - WARNING - Robust 그룹의 컬럼 목록이 None입니다. 건너뜁니다.
2025-06-29 11:24:09,260 - ModelingPipeline - WARNING - MinMax 그룹의 컬럼 목록이 None입니다. 건너뜁니다.
2025-06-29 11:24:09,260 - ModelingPipeline - WARNING - Log 그룹의 컬럼 목록이 None입니다. 건너뜁니다.
2025-06-29 11:24:09,276 - ModelingPipeline - WARNING - Robust 그룹의 컬럼 목록이 None입니다. 건너뜁니다.
2025-06-29 11:24:09,276 - ModelingPipeline - WARNING - MinMax 그룹의 컬럼 목록이 None입니다. 건너뜁니다.
2025-06-29 11:24:09,276 - ModelingPipeline - WARNING - Log 그룹의 컬럼 목록이 None입니다. 건너뜁니다.
2025-06-29 11:24:09,291 - ModelingPipeline - WARNING - Robust 그룹의 컬럼 목록이 None입니다. 건너뜁니다.
2025-06-29 11:24:09,291 - ModelingPipeline - WARNING - MinMax 그룹의 컬럼 목록이 None입니다. 건너뜁니다.
2025-06-29 11:24:09,291 - ModelingPipeline - WARNING - Log 그룹의 컬럼 목록이 None입니다. 건너뜁니다.
2025-06-29 11:24:09,310 - ModelingPipeline - WARNING - Robust 그룹의 컬럼 목록이 None입니다. 건너뜁니다.
2025-06-29 11:24:09,310 - ModelingPipeline - WARNING - MinMax 그룹의 컬럼 목록이 None입니다. 건너뜁니다.
2025-06-29 11:24:09,310 - ModelingPipeline - WARNING - Log 그룹의 컬럼 목록이 None입니다. 건너뜁니다.
2025-06-29 11:24:09,326 - ModelingPipeline - WARNING - Robust 그룹의 컬럼 목록이 None입니다. 건너뜁니다.
2025-06-29 11:24:09,326 - ModelingPipeline - WARNING - MinMax 그룹의 컬럼 목록이 None입니다. 건너뜁니다.
2025-06-29 11:24:09,326 - ModelingPipeline - WARNING - Log 그룹의 컬럼 목록이 None입니다. 건너뜁니다.
2025-06-29 11:24:09,342 - ModelingPipeline - WARNING - Robust 그룹의 컬럼 목록이 None입니다. 건너뜁니다.
2025-06-29 11:24:09,342 - ModelingPipeline - WARNING - MinMax 그룹의 컬럼 목록이 None입니다. 건너뜁니다.
2025-06-29 11:24:09,342 - ModelingPipeline - WARNING - Log 그룹의 컬럼 목록이 None입니다. 건너뜁니다.
2025-06-29 11:24:09,357 - ModelingPipeline - WARNING - Robust 그룹의 컬럼 목록이 None입니다. 건너뜁니다.
2025-06-29 11:24:09,357 - ModelingPipeline - WARNING - MinMax 그룹의 컬럼 목록이 None입니다. 건너뜁니다.
2025-06-29 11:24:09,357 - ModelingPipeline - WARNING - Log 그룹의 컬럼 목록이 None입니다. 건너뜁니다.
2025-06-29 11:24:09,372 - ModelingPipeline - WARNING - Robust 그룹의 컬럼 목록이 None입니다. 건너뜁니다.
2025-06-29 11:24:09,372 - ModelingPipeline - WARNING - MinMax 그룹의 컬럼 목록이 None입니다. 건너뜁니다.
2025-06-29 11:24:09,372 - ModelingPipeline - WARNING - Log 그룹의 컬럼 목록이 None입니다. 건너뜁니다.
2025-06-29 11:24:09,390 - ModelingPipeline - WARNING - Robust 그룹의 컬럼 목록이 None입니다. 건너뜁니다.
2025-06-29 11:24:09,391 - ModelingPipeline - WARNING - MinMax 그룹의 컬럼 목록이 None입니다. 건너뜁니다.
2025-06-29 11:24:09,391 - ModelingPipeline - WARNING - Log 그룹의 컬럼 목록이 None입니다. 건너뜁니다.
2025-06-29 11:24:09,406 - ModelingPipeline - WARNING - Robust 그룹의 컬럼 목록이 None입니다. 건너뜁니다.
2025-06-29 11:24:09,406 - ModelingPipeline - WARNING - MinMax 그룹의 컬럼 목록이 None입니다. 건너뜁니다.
2025-06-29 11:24:09,406 - ModelingPipeline - WARNING - Log 그룹의 컬럼 목록이 None입니다. 건너뜁니다.
2025-06-29 11:24:09,425 - ModelingPipeline - WARNING - Robust 그룹의 컬럼 목록이 None입니다. 건너뜁니다.
2025-06-29 11:24:09,425 - ModelingPipeline - WARNING - MinMax 그룹의 컬럼 목록이 None입니다. 건너뜁니다.
2025-06-29 11:24:09,425 - ModelingPipeline - WARNING - Log 그룹의 컬럼 목록이 None입니다. 건너뜁니다.
2025-06-29 11:24:09,439 - ModelingPipeline - WARNING - Robust 그룹의 컬럼 목록이 None입니다. 건너뜁니다.
2025-06-29 11:24:09,439 - ModelingPipeline - WARNING - MinMax 그룹의 컬럼 목록이 None입니다. 건너뜁니다.
2025-06-29 11:24:09,439 - ModelingPipeline - WARNING - Log 그룹의 컬럼 목록이 None입니다. 건너뜁니다.
2025-06-29 11:24:09,454 - ModelingPipeline - WARNING - Robust 그룹의 컬럼 목록이 None입니다. 건너뜁니다.
2025-06-29 11:24:09,454 - ModelingPipeline - WARNING - MinMax 그룹의 컬럼 목록이 None입니다. 건너뜁니다.
2025-06-29 11:24:09,454 - ModelingPipeline - WARNING - Log 그룹의 컬럼 목록이 None입니다. 건너뜁니다.
2025-06-29 11:24:09,472 - ModelingPipeline - WARNING - Robust 그룹의 컬럼 목록이 None입니다. 건너뜁니다.
2025-06-29 11:24:09,472 - ModelingPipeline - WARNING - MinMax 그룹의 컬럼 목록이 None입니다. 건너뜁니다.
2025-06-29 11:24:09,472 - ModelingPipeline - WARNING - Log 그룹의 컬럼 목록이 None입니다. 건너뜁니다.
2025-06-29 11:24:09,486 - ModelingPipeline - WARNING - Robust 그룹의 컬럼 목록이 None입니다. 건너뜁니다.
2025-06-29 11:24:09,486 - ModelingPipeline - WARNING - MinMax 그룹의 컬럼 목록이 None입니다. 건너뜁니다.
2025-06-29 11:24:09,486 - ModelingPipeline - WARNING - Log 그룹의 컬럼 목록이 None입니다. 건너뜁니다.
2025-06-29 11:24:09,503 - ModelingPipeline - WARNING - Robust 그룹의 컬럼 목록이 None입니다. 건너뜁니다.
2025-06-29 11:24:09,503 - ModelingPipeline - WARNING - MinMax 그룹의 컬럼 목록이 None입니다. 건너뜁니다.
2025-06-29 11:24:09,503 - ModelingPipeline - WARNING - Log 그룹의 컬럼 목록이 None입니다. 건너뜁니다.
2025-06-29 11:24:09,518 - ModelingPipeline - WARNING - Robust 그룹의 컬럼 목록이 None입니다. 건너뜁니다.
2025-06-29 11:24:09,518 - ModelingPipeline - WARNING - MinMax 그룹의 컬럼 목록이 None입니다. 건너뜁니다.
2025-06-29 11:24:09,518 - ModelingPipeline - WARNING - Log 그룹의 컬럼 목록이 None입니다. 건너뜁니다.
2025-06-29 11:24:09,533 - ModelingPipeline - WARNING - Robust 그룹의 컬럼 목록이 None입니다. 건너뜁니다.
2025-06-29 11:24:09,533 - ModelingPipeline - WARNING - MinMax 그룹의 컬럼 목록이 None입니다. 건너뜁니다.
2025-06-29 11:24:09,533 - ModelingPipeline - WARNING - Log 그룹의 컬럼 목록이 None입니다. 건너뜁니다.
2025-06-29 11:24:09,550 - ModelingPipeline - WARNING - Robust 그룹의 컬럼 목록이 None입니다. 건너뜁니다.
2025-06-29 11:24:09,550 - ModelingPipeline - WARNING - MinMax 그룹의 컬럼 목록이 None입니다. 건너뜁니다.
2025-06-29 11:24:09,550 - ModelingPipeline - WARNING - Log 그룹의 컬럼 목록이 None입니다. 건너뜁니다.
2025-06-29 11:24:09,559 - ModelingPipeline - WARNING - Robust 그룹의 컬럼 목록이 None입니다. 건너뜁니다.
2025-06-29 11:24:09,559 - ModelingPipeline - WARNING - MinMax 그룹의 컬럼 목록이 None입니다. 건너뜁니다.
2025-06-29 11:24:09,559 - ModelingPipeline - WARNING - Log 그룹의 컬럼 목록이 None입니다. 건너뜁니다.
2025-06-29 11:24:09,569 - ModelingPipeline - WARNING - Robust 그룹의 컬럼 목록이 None입니다. 건너뜁니다.
2025-06-29 11:24:09,569 - ModelingPipeline - WARNING - MinMax 그룹의 컬럼 목록이 None입니다. 건너뜁니다.
2025-06-29 11:24:09,569 - ModelingPipeline - WARNING - Log 그룹의 컬럼 목록이 None입니다. 건너뜁니다.
2025-06-29 11:24:09,578 - ModelingPipeline - WARNING - Robust 그룹의 컬럼 목록이 None입니다. 건너뜁니다.
2025-06-29 11:24:09,578 - ModelingPipeline - WARNING - MinMax 그룹의 컬럼 목록이 None입니다. 건너뜁니다.
2025-06-29 11:24:09,578 - ModelingPipeline - WARNING - Log 그룹의 컬럼 목록이 None입니다. 건너뜁니다.
2025-06-29 11:24:09,586 - ModelingPipeline - WARNING - Robust 그룹의 컬럼 목록이 None입니다. 건너뜁니다.
2025-06-29 11:24:09,586 - ModelingPipeline - WARNING - MinMax 그룹의 컬럼 목록이 None입니다. 건너뜁니다.
2025-06-29 11:24:09,586 - ModelingPipeline - WARNING - Log 그룹의 컬럼 목록이 None입니다. 건너뜁니다.
2025-06-29 11:24:09,592 - ModelingPipeline - INFO - Trial 16/25 - Current: 0.1264, Best: 0.2028
2025-06-29 11:24:09,600 - ModelingPipeline - WARNING - Robust 그룹의 컬럼 목록이 None입니다. 건너뜁니다.
2025-06-29 11:24:09,600 - ModelingPipeline - WARNING - MinMax 그룹의 컬럼 목록이 None입니다. 건너뜁니다.
2025-06-29 11:24:09,600 - ModelingPipeline - WARNING - Log 그룹의 컬럼 목록이 None입니다. 건너뜁니다.
2025-06-29 11:24:09,615 - ModelingPipeline - WARNING - Robust 그룹의 컬럼 목록이 None입니다. 건너뜁니다.
2025-06-29 11:24:09,615 - ModelingPipeline - WARNING - MinMax 그룹의 컬럼 목록이 None입니다. 건너뜁니다.
2025-06-29 11:24:09,615 - ModelingPipeline - WARNING - Log 그룹의 컬럼 목록이 None입니다. 건너뜁니다.
2025-06-29 11:24:09,632 - ModelingPipeline - WARNING - Robust 그룹의 컬럼 목록이 None입니다. 건너뜁니다.
2025-06-29 11:24:09,632 - ModelingPipeline - WARNING - MinMax 그룹의 컬럼 목록이 None입니다. 건너뜁니다.
2025-06-29 11:24:09,632 - ModelingPipeline - WARNING - Log 그룹의 컬럼 목록이 None입니다. 건너뜁니다.
2025-06-29 11:24:09,647 - ModelingPipeline - WARNING - Robust 그룹의 컬럼 목록이 None입니다. 건너뜁니다.
2025-06-29 11:24:09,647 - ModelingPipeline - WARNING - MinMax 그룹의 컬럼 목록이 None입니다. 건너뜁니다.
2025-06-29 11:24:09,647 - ModelingPipeline - WARNING - Log 그룹의 컬럼 목록이 None입니다. 건너뜁니다.
2025-06-29 11:24:09,663 - ModelingPipeline - WARNING - Robust 그룹의 컬럼 목록이 None입니다. 건너뜁니다.
2025-06-29 11:24:09,663 - ModelingPipeline - WARNING - MinMax 그룹의 컬럼 목록이 None입니다. 건너뜁니다.
2025-06-29 11:24:09,663 - ModelingPipeline - WARNING - Log 그룹의 컬럼 목록이 None입니다. 건너뜁니다.
2025-06-29 11:24:09,681 - ModelingPipeline - WARNING - Robust 그룹의 컬럼 목록이 None입니다. 건너뜁니다.
2025-06-29 11:24:09,682 - ModelingPipeline - WARNING - MinMax 그룹의 컬럼 목록이 None입니다. 건너뜁니다.
2025-06-29 11:24:09,682 - ModelingPipeline - WARNING - Log 그룹의 컬럼 목록이 None입니다. 건너뜁니다.
2025-06-29 11:24:09,704 - ModelingPipeline - WARNING - Robust 그룹의 컬럼 목록이 None입니다. 건너뜁니다.
2025-06-29 11:24:09,704 - ModelingPipeline - WARNING - MinMax 그룹의 컬럼 목록이 None입니다. 건너뜁니다.
2025-06-29 11:24:09,704 - ModelingPipeline - WARNING - Log 그룹의 컬럼 목록이 None입니다. 건너뜁니다.
2025-06-29 11:24:09,727 - ModelingPipeline - WARNING - Robust 그룹의 컬럼 목록이 None입니다. 건너뜁니다.
2025-06-29 11:24:09,727 - ModelingPipeline - WARNING - MinMax 그룹의 컬럼 목록이 None입니다. 건너뜁니다.
2025-06-29 11:24:09,727 - ModelingPipeline - WARNING - Log 그룹의 컬럼 목록이 None입니다. 건너뜁니다.
2025-06-29 11:24:09,750 - ModelingPipeline - WARNING - Robust 그룹의 컬럼 목록이 None입니다. 건너뜁니다.
2025-06-29 11:24:09,750 - ModelingPipeline - WARNING - MinMax 그룹의 컬럼 목록이 None입니다. 건너뜁니다.
2025-06-29 11:24:09,750 - ModelingPipeline - WARNING - Log 그룹의 컬럼 목록이 None입니다. 건너뜁니다.
2025-06-29 11:24:09,775 - ModelingPipeline - WARNING - Robust 그룹의 컬럼 목록이 None입니다. 건너뜁니다.
2025-06-29 11:24:09,775 - ModelingPipeline - WARNING - MinMax 그룹의 컬럼 목록이 None입니다. 건너뜁니다.
2025-06-29 11:24:09,775 - ModelingPipeline - WARNING - Log 그룹의 컬럼 목록이 None입니다. 건너뜁니다.
2025-06-29 11:24:09,804 - ModelingPipeline - WARNING - Robust 그룹의 컬럼 목록이 None입니다. 건너뜁니다.
2025-06-29 11:24:09,804 - ModelingPipeline - WARNING - MinMax 그룹의 컬럼 목록이 None입니다. 건너뜁니다.
2025-06-29 11:24:09,804 - ModelingPipeline - WARNING - Log 그룹의 컬럼 목록이 None입니다. 건너뜁니다.
2025-06-29 11:24:09,818 - ModelingPipeline - WARNING - Robust 그룹의 컬럼 목록이 None입니다. 건너뜁니다.
2025-06-29 11:24:09,818 - ModelingPipeline - WARNING - MinMax 그룹의 컬럼 목록이 None입니다. 건너뜁니다.
2025-06-29 11:24:09,818 - ModelingPipeline - WARNING - Log 그룹의 컬럼 목록이 None입니다. 건너뜁니다.
2025-06-29 11:24:09,834 - ModelingPipeline - WARNING - Robust 그룹의 컬럼 목록이 None입니다. 건너뜁니다.
2025-06-29 11:24:09,834 - ModelingPipeline - WARNING - MinMax 그룹의 컬럼 목록이 None입니다. 건너뜁니다.
2025-06-29 11:24:09,834 - ModelingPipeline - WARNING - Log 그룹의 컬럼 목록이 None입니다. 건너뜁니다.
2025-06-29 11:24:09,849 - ModelingPipeline - WARNING - Robust 그룹의 컬럼 목록이 None입니다. 건너뜁니다.
2025-06-29 11:24:09,849 - ModelingPipeline - WARNING - MinMax 그룹의 컬럼 목록이 None입니다. 건너뜁니다.
2025-06-29 11:24:09,849 - ModelingPipeline - WARNING - Log 그룹의 컬럼 목록이 None입니다. 건너뜁니다.
2025-06-29 11:24:09,865 - ModelingPipeline - WARNING - Robust 그룹의 컬럼 목록이 None입니다. 건너뜁니다.
2025-06-29 11:24:09,865 - ModelingPipeline - WARNING - MinMax 그룹의 컬럼 목록이 None입니다. 건너뜁니다.
2025-06-29 11:24:09,865 - ModelingPipeline - WARNING - Log 그룹의 컬럼 목록이 None입니다. 건너뜁니다.
2025-06-29 11:24:09,883 - ModelingPipeline - WARNING - Robust 그룹의 컬럼 목록이 None입니다. 건너뜁니다.
2025-06-29 11:24:09,884 - ModelingPipeline - WARNING - MinMax 그룹의 컬럼 목록이 None입니다. 건너뜁니다.
2025-06-29 11:24:09,884 - ModelingPipeline - WARNING - Log 그룹의 컬럼 목록이 None입니다. 건너뜁니다.
2025-06-29 11:24:09,897 - ModelingPipeline - WARNING - Robust 그룹의 컬럼 목록이 None입니다. 건너뜁니다.
2025-06-29 11:24:09,897 - ModelingPipeline - WARNING - MinMax 그룹의 컬럼 목록이 None입니다. 건너뜁니다.
2025-06-29 11:24:09,897 - ModelingPipeline - WARNING - Log 그룹의 컬럼 목록이 None입니다. 건너뜁니다.
2025-06-29 11:24:09,912 - ModelingPipeline - WARNING - Robust 그룹의 컬럼 목록이 None입니다. 건너뜁니다.
2025-06-29 11:24:09,912 - ModelingPipeline - WARNING - MinMax 그룹의 컬럼 목록이 None입니다. 건너뜁니다.
2025-06-29 11:24:09,912 - ModelingPipeline - WARNING - Log 그룹의 컬럼 목록이 None입니다. 건너뜁니다.
2025-06-29 11:24:09,928 - ModelingPipeline - WARNING - Robust 그룹의 컬럼 목록이 None입니다. 건너뜁니다.
2025-06-29 11:24:09,928 - ModelingPipeline - WARNING - MinMax 그룹의 컬럼 목록이 None입니다. 건너뜁니다.
2025-06-29 11:24:09,928 - ModelingPipeline - WARNING - Log 그룹의 컬럼 목록이 None입니다. 건너뜁니다.
2025-06-29 11:24:09,942 - ModelingPipeline - WARNING - Robust 그룹의 컬럼 목록이 None입니다. 건너뜁니다.
2025-06-29 11:24:09,942 - ModelingPipeline - WARNING - MinMax 그룹의 컬럼 목록이 None입니다. 건너뜁니다.
2025-06-29 11:24:09,942 - ModelingPipeline - WARNING - Log 그룹의 컬럼 목록이 None입니다. 건너뜁니다.
2025-06-29 11:24:09,960 - ModelingPipeline - WARNING - Robust 그룹의 컬럼 목록이 None입니다. 건너뜁니다.
2025-06-29 11:24:09,960 - ModelingPipeline - WARNING - MinMax 그룹의 컬럼 목록이 None입니다. 건너뜁니다.
2025-06-29 11:24:09,960 - ModelingPipeline - WARNING - Log 그룹의 컬럼 목록이 None입니다. 건너뜁니다.
2025-06-29 11:24:09,972 - ModelingPipeline - WARNING - Robust 그룹의 컬럼 목록이 None입니다. 건너뜁니다.
2025-06-29 11:24:09,972 - ModelingPipeline - WARNING - MinMax 그룹의 컬럼 목록이 None입니다. 건너뜁니다.
2025-06-29 11:24:09,972 - ModelingPipeline - WARNING - Log 그룹의 컬럼 목록이 None입니다. 건너뜁니다.
2025-06-29 11:24:09,986 - ModelingPipeline - WARNING - Robust 그룹의 컬럼 목록이 None입니다. 건너뜁니다.
2025-06-29 11:24:09,986 - ModelingPipeline - WARNING - MinMax 그룹의 컬럼 목록이 None입니다. 건너뜁니다.
2025-06-29 11:24:09,986 - ModelingPipeline - WARNING - Log 그룹의 컬럼 목록이 None입니다. 건너뜁니다.
2025-06-29 11:24:09,999 - ModelingPipeline - WARNING - Robust 그룹의 컬럼 목록이 None입니다. 건너뜁니다.
2025-06-29 11:24:09,999 - ModelingPipeline - WARNING - MinMax 그룹의 컬럼 목록이 None입니다. 건너뜁니다.
2025-06-29 11:24:09,999 - ModelingPipeline - WARNING - Log 그룹의 컬럼 목록이 None입니다. 건너뜁니다.
2025-06-29 11:24:10,012 - ModelingPipeline - WARNING - Robust 그룹의 컬럼 목록이 None입니다. 건너뜁니다.
2025-06-29 11:24:10,012 - ModelingPipeline - WARNING - MinMax 그룹의 컬럼 목록이 None입니다. 건너뜁니다.
2025-06-29 11:24:10,013 - ModelingPipeline - WARNING - Log 그룹의 컬럼 목록이 None입니다. 건너뜁니다.
2025-06-29 11:24:10,022 - ModelingPipeline - INFO - Trial 21/25 - Current: 0.1276, Best: 0.2028
2025-06-29 11:24:10,030 - ModelingPipeline - WARNING - Robust 그룹의 컬럼 목록이 None입니다. 건너뜁니다.
2025-06-29 11:24:10,030 - ModelingPipeline - WARNING - MinMax 그룹의 컬럼 목록이 None입니다. 건너뜁니다.
2025-06-29 11:24:10,030 - ModelingPipeline - WARNING - Log 그룹의 컬럼 목록이 None입니다. 건너뜁니다.
2025-06-29 11:24:10,060 - ModelingPipeline - WARNING - Robust 그룹의 컬럼 목록이 None입니다. 건너뜁니다.
2025-06-29 11:24:10,060 - ModelingPipeline - WARNING - MinMax 그룹의 컬럼 목록이 None입니다. 건너뜁니다.
2025-06-29 11:24:10,060 - ModelingPipeline - WARNING - Log 그룹의 컬럼 목록이 None입니다. 건너뜁니다.
2025-06-29 11:24:10,087 - ModelingPipeline - WARNING - Robust 그룹의 컬럼 목록이 None입니다. 건너뜁니다.
2025-06-29 11:24:10,087 - ModelingPipeline - WARNING - MinMax 그룹의 컬럼 목록이 None입니다. 건너뜁니다.
2025-06-29 11:24:10,087 - ModelingPipeline - WARNING - Log 그룹의 컬럼 목록이 None입니다. 건너뜁니다.
2025-06-29 11:24:10,111 - ModelingPipeline - WARNING - Robust 그룹의 컬럼 목록이 None입니다. 건너뜁니다.
2025-06-29 11:24:10,111 - ModelingPipeline - WARNING - MinMax 그룹의 컬럼 목록이 None입니다. 건너뜁니다.
2025-06-29 11:24:10,111 - ModelingPipeline - WARNING - Log 그룹의 컬럼 목록이 None입니다. 건너뜁니다.
2025-06-29 11:24:10,138 - ModelingPipeline - WARNING - Robust 그룹의 컬럼 목록이 None입니다. 건너뜁니다.
2025-06-29 11:24:10,138 - ModelingPipeline - WARNING - MinMax 그룹의 컬럼 목록이 None입니다. 건너뜁니다.
2025-06-29 11:24:10,138 - ModelingPipeline - WARNING - Log 그룹의 컬럼 목록이 None입니다. 건너뜁니다.
2025-06-29 11:24:10,167 - ModelingPipeline - WARNING - Robust 그룹의 컬럼 목록이 None입니다. 건너뜁니다.
2025-06-29 11:24:10,167 - ModelingPipeline - WARNING - MinMax 그룹의 컬럼 목록이 None입니다. 건너뜁니다.
2025-06-29 11:24:10,167 - ModelingPipeline - WARNING - Log 그룹의 컬럼 목록이 None입니다. 건너뜁니다.
2025-06-29 11:24:10,188 - ModelingPipeline - WARNING - Robust 그룹의 컬럼 목록이 None입니다. 건너뜁니다.
2025-06-29 11:24:10,188 - ModelingPipeline - WARNING - MinMax 그룹의 컬럼 목록이 None입니다. 건너뜁니다.
2025-06-29 11:24:10,188 - ModelingPipeline - WARNING - Log 그룹의 컬럼 목록이 None입니다. 건너뜁니다.
2025-06-29 11:24:10,212 - ModelingPipeline - WARNING - Robust 그룹의 컬럼 목록이 None입니다. 건너뜁니다.
2025-06-29 11:24:10,212 - ModelingPipeline - WARNING - MinMax 그룹의 컬럼 목록이 None입니다. 건너뜁니다.
2025-06-29 11:24:10,212 - ModelingPipeline - WARNING - Log 그룹의 컬럼 목록이 None입니다. 건너뜁니다.
2025-06-29 11:24:10,235 - ModelingPipeline - WARNING - Robust 그룹의 컬럼 목록이 None입니다. 건너뜁니다.
2025-06-29 11:24:10,235 - ModelingPipeline - WARNING - MinMax 그룹의 컬럼 목록이 None입니다. 건너뜁니다.
2025-06-29 11:24:10,235 - ModelingPipeline - WARNING - Log 그룹의 컬럼 목록이 None입니다. 건너뜁니다.
2025-06-29 11:24:10,259 - ModelingPipeline - WARNING - Robust 그룹의 컬럼 목록이 None입니다. 건너뜁니다.
2025-06-29 11:24:10,259 - ModelingPipeline - WARNING - MinMax 그룹의 컬럼 목록이 None입니다. 건너뜁니다.
2025-06-29 11:24:10,259 - ModelingPipeline - WARNING - Log 그룹의 컬럼 목록이 None입니다. 건너뜁니다.
2025-06-29 11:24:10,289 - ModelingPipeline - WARNING - Robust 그룹의 컬럼 목록이 None입니다. 건너뜁니다.
2025-06-29 11:24:10,289 - ModelingPipeline - WARNING - MinMax 그룹의 컬럼 목록이 None입니다. 건너뜁니다.
2025-06-29 11:24:10,289 - ModelingPipeline - WARNING - Log 그룹의 컬럼 목록이 None입니다. 건너뜁니다.
2025-06-29 11:24:10,310 - ModelingPipeline - WARNING - Robust 그룹의 컬럼 목록이 None입니다. 건너뜁니다.
2025-06-29 11:24:10,310 - ModelingPipeline - WARNING - MinMax 그룹의 컬럼 목록이 None입니다. 건너뜁니다.
2025-06-29 11:24:10,310 - ModelingPipeline - WARNING - Log 그룹의 컬럼 목록이 None입니다. 건너뜁니다.
2025-06-29 11:24:10,331 - ModelingPipeline - WARNING - Robust 그룹의 컬럼 목록이 None입니다. 건너뜁니다.
2025-06-29 11:24:10,331 - ModelingPipeline - WARNING - MinMax 그룹의 컬럼 목록이 None입니다. 건너뜁니다.
2025-06-29 11:24:10,331 - ModelingPipeline - WARNING - Log 그룹의 컬럼 목록이 None입니다. 건너뜁니다.
2025-06-29 11:24:10,351 - ModelingPipeline - WARNING - Robust 그룹의 컬럼 목록이 None입니다. 건너뜁니다.
2025-06-29 11:24:10,352 - ModelingPipeline - WARNING - MinMax 그룹의 컬럼 목록이 None입니다. 건너뜁니다.
2025-06-29 11:24:10,352 - ModelingPipeline - WARNING - Log 그룹의 컬럼 목록이 None입니다. 건너뜁니다.
2025-06-29 11:24:10,371 - ModelingPipeline - WARNING - Robust 그룹의 컬럼 목록이 None입니다. 건너뜁니다.
2025-06-29 11:24:10,371 - ModelingPipeline - WARNING - MinMax 그룹의 컬럼 목록이 None입니다. 건너뜁니다.
2025-06-29 11:24:10,371 - ModelingPipeline - WARNING - Log 그룹의 컬럼 목록이 None입니다. 건너뜁니다.
2025-06-29 11:24:10,397 - ModelingPipeline - WARNING - Robust 그룹의 컬럼 목록이 None입니다. 건너뜁니다.
2025-06-29 11:24:10,397 - ModelingPipeline - WARNING - MinMax 그룹의 컬럼 목록이 None입니다. 건너뜁니다.
2025-06-29 11:24:10,397 - ModelingPipeline - WARNING - Log 그룹의 컬럼 목록이 None입니다. 건너뜁니다.
2025-06-29 11:24:10,418 - ModelingPipeline - WARNING - Robust 그룹의 컬럼 목록이 None입니다. 건너뜁니다.
2025-06-29 11:24:10,418 - ModelingPipeline - WARNING - MinMax 그룹의 컬럼 목록이 None입니다. 건너뜁니다.
2025-06-29 11:24:10,418 - ModelingPipeline - WARNING - Log 그룹의 컬럼 목록이 None입니다. 건너뜁니다.
2025-06-29 11:24:10,442 - ModelingPipeline - WARNING - Robust 그룹의 컬럼 목록이 None입니다. 건너뜁니다.
2025-06-29 11:24:10,442 - ModelingPipeline - WARNING - MinMax 그룹의 컬럼 목록이 None입니다. 건너뜁니다.
2025-06-29 11:24:10,442 - ModelingPipeline - WARNING - Log 그룹의 컬럼 목록이 None입니다. 건너뜁니다.
2025-06-29 11:24:10,466 - ModelingPipeline - WARNING - Robust 그룹의 컬럼 목록이 None입니다. 건너뜁니다.
2025-06-29 11:24:10,466 - ModelingPipeline - WARNING - MinMax 그룹의 컬럼 목록이 None입니다. 건너뜁니다.
2025-06-29 11:24:10,466 - ModelingPipeline - WARNING - Log 그룹의 컬럼 목록이 None입니다. 건너뜁니다.
2025-06-29 11:24:10,490 - ModelingPipeline - WARNING - Robust 그룹의 컬럼 목록이 None입니다. 건너뜁니다.
2025-06-29 11:24:10,490 - ModelingPipeline - WARNING - MinMax 그룹의 컬럼 목록이 None입니다. 건너뜁니다.
2025-06-29 11:24:10,490 - ModelingPipeline - WARNING - Log 그룹의 컬럼 목록이 None입니다. 건너뜁니다.
2025-06-29 11:24:10,512 - ModelingPipeline - INFO - Trial 25/25 - Current: 0.2012, Best: 0.2028
2025-06-29 11:24:10,516 - ModelingPipeline - WARNING - Robust 그룹의 컬럼 목록이 None입니다. 건너뜁니다.
2025-06-29 11:24:10,516 - ModelingPipeline - WARNING - MinMax 그룹의 컬럼 목록이 None입니다. 건너뜁니다.
2025-06-29 11:24:10,516 - ModelingPipeline - WARNING - Log 그룹의 컬럼 목록이 None입니다. 건너뜁니다.
2025-06-29 11:24:10,529 - ModelingPipeline - INFO - 최적 AUC: 0.2028
2025-06-29 11:24:10,529 - ModelingPipeline - INFO - 최적 파라미터: {'C': 53.84880469601608, 'max_iter': 6992, 'penalty': 'l2', 'solver': 'lbfgs', 'tol': 0.0001, 'class_weight': None}
2025-06-29 11:24:10,529 - ModelingPipeline - INFO - CV 메트릭 계산 시작 (NORMAL)
2025-06-29 11:24:10,534 - ModelingPipeline - WARNING - Robust 그룹의 컬럼 목록이 None입니다. 건너뜁니다.
2025-06-29 11:24:10,534 - ModelingPipeline - WARNING - MinMax 그룹의 컬럼 목록이 None입니다. 건너뜁니다.
2025-06-29 11:24:10,534 - ModelingPipeline - WARNING - Log 그룹의 컬럼 목록이 None입니다. 건너뜁니다.
2025-06-29 11:24:10,551 - ModelingPipeline - WARNING - Robust 그룹의 컬럼 목록이 None입니다. 건너뜁니다.
2025-06-29 11:24:10,551 - ModelingPipeline - WARNING - MinMax 그룹의 컬럼 목록이 None입니다. 건너뜁니다.
2025-06-29 11:24:10,551 - ModelingPipeline - WARNING - Log 그룹의 컬럼 목록이 None입니다. 건너뜁니다.
2025-06-29 11:24:10,569 - ModelingPipeline - WARNING - Robust 그룹의 컬럼 목록이 None입니다. 건너뜁니다.
2025-06-29 11:24:10,569 - ModelingPipeline - WARNING - MinMax 그룹의 컬럼 목록이 None입니다. 건너뜁니다.
2025-06-29 11:24:10,569 - ModelingPipeline - WARNING - Log 그룹의 컬럼 목록이 None입니다. 건너뜁니다.
2025-06-29 11:24:10,587 - ModelingPipeline - WARNING - Robust 그룹의 컬럼 목록이 None입니다. 건너뜁니다.
2025-06-29 11:24:10,587 - ModelingPipeline - WARNING - MinMax 그룹의 컬럼 목록이 None입니다. 건너뜁니다.
2025-06-29 11:24:10,587 - ModelingPipeline - WARNING - Log 그룹의 컬럼 목록이 None입니다. 건너뜁니다.
2025-06-29 11:24:10,603 - ModelingPipeline - WARNING - Robust 그룹의 컬럼 목록이 None입니다. 건너뜁니다.
2025-06-29 11:24:10,603 - ModelingPipeline - WARNING - MinMax 그룹의 컬럼 목록이 None입니다. 건너뜁니다.
2025-06-29 11:24:10,603 - ModelingPipeline - WARNING - Log 그룹의 컬럼 목록이 None입니다. 건너뜁니다.
2025-06-29 11:24:10,615 - ModelingPipeline - INFO - 최적화된 CV 완료: AUC=0.9342(±0.0289), AP=0.2028(±0.0678), F1=0.0200(±0.0400)
2025-06-29 11:24:10,616 - ModelingPipeline - INFO - CV 메트릭 계산 완료 - AUC: 0.9342, AP: 0.2028, F1: 0.0200
2025-06-29 11:24:10,616 - ModelingPipeline - INFO - random_forest 최적화 시작 (NORMAL)
2025-06-29 11:24:10,616 - ModelingPipeline - INFO - Random Forest 클래스 불균형 가중치: class_weight=None
2025-06-29 11:24:10,616 - ModelingPipeline - INFO - 최적화 메트릭: AVERAGE_PRECISION
2025-06-29 11:24:10,621 - ModelingPipeline - WARNING - Robust 그룹의 컬럼 목록이 None입니다. 건너뜁니다.
2025-06-29 11:24:10,621 - ModelingPipeline - WARNING - MinMax 그룹의 컬럼 목록이 None입니다. 건너뜁니다.
2025-06-29 11:24:10,621 - ModelingPipeline - WARNING - Log 그룹의 컬럼 목록이 None입니다. 건너뜁니다.
2025-06-29 11:24:11,296 - ModelingPipeline - WARNING - Robust 그룹의 컬럼 목록이 None입니다. 건너뜁니다.
2025-06-29 11:24:11,296 - ModelingPipeline - WARNING - MinMax 그룹의 컬럼 목록이 None입니다. 건너뜁니다.
2025-06-29 11:24:11,296 - ModelingPipeline - WARNING - Log 그룹의 컬럼 목록이 None입니다. 건너뜁니다.
2025-06-29 11:24:11,995 - ModelingPipeline - WARNING - Robust 그룹의 컬럼 목록이 None입니다. 건너뜁니다.
2025-06-29 11:24:11,995 - ModelingPipeline - WARNING - MinMax 그룹의 컬럼 목록이 None입니다. 건너뜁니다.
2025-06-29 11:24:11,995 - ModelingPipeline - WARNING - Log 그룹의 컬럼 목록이 None입니다. 건너뜁니다.
2025-06-29 11:24:12,678 - ModelingPipeline - WARNING - Robust 그룹의 컬럼 목록이 None입니다. 건너뜁니다.
2025-06-29 11:24:12,678 - ModelingPipeline - WARNING - MinMax 그룹의 컬럼 목록이 None입니다. 건너뜁니다.
2025-06-29 11:24:12,678 - ModelingPipeline - WARNING - Log 그룹의 컬럼 목록이 None입니다. 건너뜁니다.
2025-06-29 11:24:13,352 - ModelingPipeline - WARNING - Robust 그룹의 컬럼 목록이 None입니다. 건너뜁니다.
2025-06-29 11:24:13,352 - ModelingPipeline - WARNING - MinMax 그룹의 컬럼 목록이 None입니다. 건너뜁니다.
2025-06-29 11:24:13,352 - ModelingPipeline - WARNING - Log 그룹의 컬럼 목록이 None입니다. 건너뜁니다.
2025-06-29 11:24:14,039 - ModelingPipeline - INFO - Trial 1/25 - Current: 0.2638, Best: 0.2638
2025-06-29 11:24:14,044 - ModelingPipeline - WARNING - Robust 그룹의 컬럼 목록이 None입니다. 건너뜁니다.
2025-06-29 11:24:14,044 - ModelingPipeline - WARNING - MinMax 그룹의 컬럼 목록이 None입니다. 건너뜁니다.
2025-06-29 11:24:14,044 - ModelingPipeline - WARNING - Log 그룹의 컬럼 목록이 None입니다. 건너뜁니다.
2025-06-29 11:24:14,764 - ModelingPipeline - WARNING - Robust 그룹의 컬럼 목록이 None입니다. 건너뜁니다.
2025-06-29 11:24:14,764 - ModelingPipeline - WARNING - MinMax 그룹의 컬럼 목록이 None입니다. 건너뜁니다.
2025-06-29 11:24:14,764 - ModelingPipeline - WARNING - Log 그룹의 컬럼 목록이 None입니다. 건너뜁니다.
2025-06-29 11:24:15,473 - ModelingPipeline - WARNING - Robust 그룹의 컬럼 목록이 None입니다. 건너뜁니다.
2025-06-29 11:24:15,473 - ModelingPipeline - WARNING - MinMax 그룹의 컬럼 목록이 None입니다. 건너뜁니다.
2025-06-29 11:24:15,473 - ModelingPipeline - WARNING - Log 그룹의 컬럼 목록이 None입니다. 건너뜁니다.
2025-06-29 11:24:16,197 - ModelingPipeline - WARNING - Robust 그룹의 컬럼 목록이 None입니다. 건너뜁니다.
2025-06-29 11:24:16,197 - ModelingPipeline - WARNING - MinMax 그룹의 컬럼 목록이 None입니다. 건너뜁니다.
2025-06-29 11:24:16,197 - ModelingPipeline - WARNING - Log 그룹의 컬럼 목록이 None입니다. 건너뜁니다.
2025-06-29 11:24:16,902 - ModelingPipeline - WARNING - Robust 그룹의 컬럼 목록이 None입니다. 건너뜁니다.
2025-06-29 11:24:16,903 - ModelingPipeline - WARNING - MinMax 그룹의 컬럼 목록이 None입니다. 건너뜁니다.
2025-06-29 11:24:16,903 - ModelingPipeline - WARNING - Log 그룹의 컬럼 목록이 None입니다. 건너뜁니다.
2025-06-29 11:24:17,755 - ModelingPipeline - WARNING - Robust 그룹의 컬럼 목록이 None입니다. 건너뜁니다.
2025-06-29 11:24:17,755 - ModelingPipeline - WARNING - MinMax 그룹의 컬럼 목록이 None입니다. 건너뜁니다.
2025-06-29 11:24:17,755 - ModelingPipeline - WARNING - Log 그룹의 컬럼 목록이 None입니다. 건너뜁니다.
2025-06-29 11:24:18,066 - ModelingPipeline - WARNING - Robust 그룹의 컬럼 목록이 None입니다. 건너뜁니다.
2025-06-29 11:24:18,066 - ModelingPipeline - WARNING - MinMax 그룹의 컬럼 목록이 None입니다. 건너뜁니다.
2025-06-29 11:24:18,066 - ModelingPipeline - WARNING - Log 그룹의 컬럼 목록이 None입니다. 건너뜁니다.
2025-06-29 11:24:18,390 - ModelingPipeline - WARNING - Robust 그룹의 컬럼 목록이 None입니다. 건너뜁니다.
2025-06-29 11:24:18,390 - ModelingPipeline - WARNING - MinMax 그룹의 컬럼 목록이 None입니다. 건너뜁니다.
2025-06-29 11:24:18,390 - ModelingPipeline - WARNING - Log 그룹의 컬럼 목록이 None입니다. 건너뜁니다.
2025-06-29 11:24:18,845 - ModelingPipeline - WARNING - Robust 그룹의 컬럼 목록이 None입니다. 건너뜁니다.
2025-06-29 11:24:18,845 - ModelingPipeline - WARNING - MinMax 그룹의 컬럼 목록이 None입니다. 건너뜁니다.
2025-06-29 11:24:18,845 - ModelingPipeline - WARNING - Log 그룹의 컬럼 목록이 None입니다. 건너뜁니다.
2025-06-29 11:24:19,218 - ModelingPipeline - WARNING - Robust 그룹의 컬럼 목록이 None입니다. 건너뜁니다.
2025-06-29 11:24:19,218 - ModelingPipeline - WARNING - MinMax 그룹의 컬럼 목록이 None입니다. 건너뜁니다.
2025-06-29 11:24:19,218 - ModelingPipeline - WARNING - Log 그룹의 컬럼 목록이 None입니다. 건너뜁니다.
2025-06-29 11:24:19,573 - ModelingPipeline - WARNING - Robust 그룹의 컬럼 목록이 None입니다. 건너뜁니다.
2025-06-29 11:24:19,573 - ModelingPipeline - WARNING - MinMax 그룹의 컬럼 목록이 None입니다. 건너뜁니다.
2025-06-29 11:24:19,573 - ModelingPipeline - WARNING - Log 그룹의 컬럼 목록이 None입니다. 건너뜁니다.
2025-06-29 11:24:20,178 - ModelingPipeline - WARNING - Robust 그룹의 컬럼 목록이 None입니다. 건너뜁니다.
2025-06-29 11:24:20,178 - ModelingPipeline - WARNING - MinMax 그룹의 컬럼 목록이 None입니다. 건너뜁니다.
2025-06-29 11:24:20,178 - ModelingPipeline - WARNING - Log 그룹의 컬럼 목록이 None입니다. 건너뜁니다.
2025-06-29 11:24:20,807 - ModelingPipeline - WARNING - Robust 그룹의 컬럼 목록이 None입니다. 건너뜁니다.
2025-06-29 11:24:20,808 - ModelingPipeline - WARNING - MinMax 그룹의 컬럼 목록이 None입니다. 건너뜁니다.
2025-06-29 11:24:20,808 - ModelingPipeline - WARNING - Log 그룹의 컬럼 목록이 None입니다. 건너뜁니다.
2025-06-29 11:24:21,431 - ModelingPipeline - WARNING - Robust 그룹의 컬럼 목록이 None입니다. 건너뜁니다.
2025-06-29 11:24:21,431 - ModelingPipeline - WARNING - MinMax 그룹의 컬럼 목록이 None입니다. 건너뜁니다.
2025-06-29 11:24:21,431 - ModelingPipeline - WARNING - Log 그룹의 컬럼 목록이 None입니다. 건너뜁니다.
2025-06-29 11:24:22,066 - ModelingPipeline - WARNING - Robust 그룹의 컬럼 목록이 None입니다. 건너뜁니다.
2025-06-29 11:24:22,066 - ModelingPipeline - WARNING - MinMax 그룹의 컬럼 목록이 None입니다. 건너뜁니다.
2025-06-29 11:24:22,066 - ModelingPipeline - WARNING - Log 그룹의 컬럼 목록이 None입니다. 건너뜁니다.
2025-06-29 11:24:22,736 - ModelingPipeline - WARNING - Robust 그룹의 컬럼 목록이 None입니다. 건너뜁니다.
2025-06-29 11:24:22,736 - ModelingPipeline - WARNING - MinMax 그룹의 컬럼 목록이 None입니다. 건너뜁니다.
2025-06-29 11:24:22,736 - ModelingPipeline - WARNING - Log 그룹의 컬럼 목록이 None입니다. 건너뜁니다.
2025-06-29 11:24:24,418 - ModelingPipeline - WARNING - Robust 그룹의 컬럼 목록이 None입니다. 건너뜁니다.
2025-06-29 11:24:24,418 - ModelingPipeline - WARNING - MinMax 그룹의 컬럼 목록이 None입니다. 건너뜁니다.
2025-06-29 11:24:24,418 - ModelingPipeline - WARNING - Log 그룹의 컬럼 목록이 None입니다. 건너뜁니다.
2025-06-29 11:24:25,814 - ModelingPipeline - WARNING - Robust 그룹의 컬럼 목록이 None입니다. 건너뜁니다.
2025-06-29 11:24:25,815 - ModelingPipeline - WARNING - MinMax 그룹의 컬럼 목록이 None입니다. 건너뜁니다.
2025-06-29 11:24:25,815 - ModelingPipeline - WARNING - Log 그룹의 컬럼 목록이 None입니다. 건너뜁니다.
2025-06-29 11:24:27,316 - ModelingPipeline - WARNING - Robust 그룹의 컬럼 목록이 None입니다. 건너뜁니다.
2025-06-29 11:24:27,316 - ModelingPipeline - WARNING - MinMax 그룹의 컬럼 목록이 None입니다. 건너뜁니다.
2025-06-29 11:24:27,316 - ModelingPipeline - WARNING - Log 그룹의 컬럼 목록이 None입니다. 건너뜁니다.
2025-06-29 11:24:28,719 - ModelingPipeline - WARNING - Robust 그룹의 컬럼 목록이 None입니다. 건너뜁니다.
2025-06-29 11:24:28,719 - ModelingPipeline - WARNING - MinMax 그룹의 컬럼 목록이 None입니다. 건너뜁니다.
2025-06-29 11:24:28,719 - ModelingPipeline - WARNING - Log 그룹의 컬럼 목록이 None입니다. 건너뜁니다.
2025-06-29 11:24:30,134 - ModelingPipeline - WARNING - Robust 그룹의 컬럼 목록이 None입니다. 건너뜁니다.
2025-06-29 11:24:30,134 - ModelingPipeline - WARNING - MinMax 그룹의 컬럼 목록이 None입니다. 건너뜁니다.
2025-06-29 11:24:30,134 - ModelingPipeline - WARNING - Log 그룹의 컬럼 목록이 None입니다. 건너뜁니다.
2025-06-29 11:24:31,136 - ModelingPipeline - WARNING - Robust 그룹의 컬럼 목록이 None입니다. 건너뜁니다.
2025-06-29 11:24:31,137 - ModelingPipeline - WARNING - MinMax 그룹의 컬럼 목록이 None입니다. 건너뜁니다.
2025-06-29 11:24:31,137 - ModelingPipeline - WARNING - Log 그룹의 컬럼 목록이 None입니다. 건너뜁니다.
2025-06-29 11:24:32,120 - ModelingPipeline - WARNING - Robust 그룹의 컬럼 목록이 None입니다. 건너뜁니다.
2025-06-29 11:24:32,120 - ModelingPipeline - WARNING - MinMax 그룹의 컬럼 목록이 None입니다. 건너뜁니다.
2025-06-29 11:24:32,120 - ModelingPipeline - WARNING - Log 그룹의 컬럼 목록이 None입니다. 건너뜁니다.
2025-06-29 11:24:33,117 - ModelingPipeline - WARNING - Robust 그룹의 컬럼 목록이 None입니다. 건너뜁니다.
2025-06-29 11:24:33,118 - ModelingPipeline - WARNING - MinMax 그룹의 컬럼 목록이 None입니다. 건너뜁니다.
2025-06-29 11:24:33,118 - ModelingPipeline - WARNING - Log 그룹의 컬럼 목록이 None입니다. 건너뜁니다.
2025-06-29 11:24:34,135 - ModelingPipeline - WARNING - Robust 그룹의 컬럼 목록이 None입니다. 건너뜁니다.
2025-06-29 11:24:34,135 - ModelingPipeline - WARNING - MinMax 그룹의 컬럼 목록이 None입니다. 건너뜁니다.
2025-06-29 11:24:34,135 - ModelingPipeline - WARNING - Log 그룹의 컬럼 목록이 None입니다. 건너뜁니다.
2025-06-29 11:24:35,151 - ModelingPipeline - INFO - Trial 6/25 - Current: 0.2572, Best: 0.2638
2025-06-29 11:24:35,156 - ModelingPipeline - WARNING - Robust 그룹의 컬럼 목록이 None입니다. 건너뜁니다.
2025-06-29 11:24:35,156 - ModelingPipeline - WARNING - MinMax 그룹의 컬럼 목록이 None입니다. 건너뜁니다.
2025-06-29 11:24:35,156 - ModelingPipeline - WARNING - Log 그룹의 컬럼 목록이 None입니다. 건너뜁니다.
2025-06-29 11:24:37,548 - ModelingPipeline - WARNING - Robust 그룹의 컬럼 목록이 None입니다. 건너뜁니다.
2025-06-29 11:24:37,548 - ModelingPipeline - WARNING - MinMax 그룹의 컬럼 목록이 None입니다. 건너뜁니다.
2025-06-29 11:24:37,548 - ModelingPipeline - WARNING - Log 그룹의 컬럼 목록이 None입니다. 건너뜁니다.
2025-06-29 11:24:39,932 - ModelingPipeline - WARNING - Robust 그룹의 컬럼 목록이 None입니다. 건너뜁니다.
2025-06-29 11:24:39,932 - ModelingPipeline - WARNING - MinMax 그룹의 컬럼 목록이 None입니다. 건너뜁니다.
2025-06-29 11:24:39,932 - ModelingPipeline - WARNING - Log 그룹의 컬럼 목록이 None입니다. 건너뜁니다.
2025-06-29 11:24:42,836 - ModelingPipeline - WARNING - Robust 그룹의 컬럼 목록이 None입니다. 건너뜁니다.
2025-06-29 11:24:42,837 - ModelingPipeline - WARNING - MinMax 그룹의 컬럼 목록이 None입니다. 건너뜁니다.
2025-06-29 11:24:42,837 - ModelingPipeline - WARNING - Log 그룹의 컬럼 목록이 None입니다. 건너뜁니다.
2025-06-29 11:24:45,140 - ModelingPipeline - WARNING - Robust 그룹의 컬럼 목록이 None입니다. 건너뜁니다.
2025-06-29 11:24:45,140 - ModelingPipeline - WARNING - MinMax 그룹의 컬럼 목록이 None입니다. 건너뜁니다.
2025-06-29 11:24:45,140 - ModelingPipeline - WARNING - Log 그룹의 컬럼 목록이 None입니다. 건너뜁니다.
2025-06-29 11:24:47,517 - ModelingPipeline - WARNING - Robust 그룹의 컬럼 목록이 None입니다. 건너뜁니다.
2025-06-29 11:24:47,517 - ModelingPipeline - WARNING - MinMax 그룹의 컬럼 목록이 None입니다. 건너뜁니다.
2025-06-29 11:24:47,517 - ModelingPipeline - WARNING - Log 그룹의 컬럼 목록이 None입니다. 건너뜁니다.
2025-06-29 11:24:49,419 - ModelingPipeline - WARNING - Robust 그룹의 컬럼 목록이 None입니다. 건너뜁니다.
2025-06-29 11:24:49,420 - ModelingPipeline - WARNING - MinMax 그룹의 컬럼 목록이 None입니다. 건너뜁니다.
2025-06-29 11:24:49,420 - ModelingPipeline - WARNING - Log 그룹의 컬럼 목록이 None입니다. 건너뜁니다.
2025-06-29 11:24:51,147 - ModelingPipeline - WARNING - Robust 그룹의 컬럼 목록이 None입니다. 건너뜁니다.
2025-06-29 11:24:51,147 - ModelingPipeline - WARNING - MinMax 그룹의 컬럼 목록이 None입니다. 건너뜁니다.
2025-06-29 11:24:51,147 - ModelingPipeline - WARNING - Log 그룹의 컬럼 목록이 None입니다. 건너뜁니다.
2025-06-29 11:24:52,858 - ModelingPipeline - WARNING - Robust 그룹의 컬럼 목록이 None입니다. 건너뜁니다.
2025-06-29 11:24:52,858 - ModelingPipeline - WARNING - MinMax 그룹의 컬럼 목록이 None입니다. 건너뜁니다.
2025-06-29 11:24:52,858 - ModelingPipeline - WARNING - Log 그룹의 컬럼 목록이 None입니다. 건너뜁니다.
2025-06-29 11:24:54,495 - ModelingPipeline - WARNING - Robust 그룹의 컬럼 목록이 None입니다. 건너뜁니다.
2025-06-29 11:24:54,496 - ModelingPipeline - WARNING - MinMax 그룹의 컬럼 목록이 None입니다. 건너뜁니다.
2025-06-29 11:24:54,496 - ModelingPipeline - WARNING - Log 그룹의 컬럼 목록이 None입니다. 건너뜁니다.
2025-06-29 11:24:56,266 - ModelingPipeline - WARNING - Robust 그룹의 컬럼 목록이 None입니다. 건너뜁니다.
2025-06-29 11:24:56,267 - ModelingPipeline - WARNING - MinMax 그룹의 컬럼 목록이 None입니다. 건너뜁니다.
2025-06-29 11:24:56,267 - ModelingPipeline - WARNING - Log 그룹의 컬럼 목록이 None입니다. 건너뜁니다.
2025-06-29 11:24:56,780 - ModelingPipeline - WARNING - Robust 그룹의 컬럼 목록이 None입니다. 건너뜁니다.
2025-06-29 11:24:56,780 - ModelingPipeline - WARNING - MinMax 그룹의 컬럼 목록이 None입니다. 건너뜁니다.
2025-06-29 11:24:56,780 - ModelingPipeline - WARNING - Log 그룹의 컬럼 목록이 None입니다. 건너뜁니다.
2025-06-29 11:24:57,319 - ModelingPipeline - WARNING - Robust 그룹의 컬럼 목록이 None입니다. 건너뜁니다.
2025-06-29 11:24:57,319 - ModelingPipeline - WARNING - MinMax 그룹의 컬럼 목록이 None입니다. 건너뜁니다.
2025-06-29 11:24:57,319 - ModelingPipeline - WARNING - Log 그룹의 컬럼 목록이 None입니다. 건너뜁니다.
2025-06-29 11:24:57,983 - ModelingPipeline - WARNING - Robust 그룹의 컬럼 목록이 None입니다. 건너뜁니다.
2025-06-29 11:24:57,983 - ModelingPipeline - WARNING - MinMax 그룹의 컬럼 목록이 None입니다. 건너뜁니다.
2025-06-29 11:24:57,983 - ModelingPipeline - WARNING - Log 그룹의 컬럼 목록이 None입니다. 건너뜁니다.
2025-06-29 11:24:58,511 - ModelingPipeline - WARNING - Robust 그룹의 컬럼 목록이 None입니다. 건너뜁니다.
2025-06-29 11:24:58,511 - ModelingPipeline - WARNING - MinMax 그룹의 컬럼 목록이 None입니다. 건너뜁니다.
2025-06-29 11:24:58,511 - ModelingPipeline - WARNING - Log 그룹의 컬럼 목록이 None입니다. 건너뜁니다.
