2025-07-08 03:04:39,772 - ModelingPipeline - INFO - 모델링 파이프라인이 초기화되었습니다.
2025-07-08 03:04:39,772 - ModelingPipeline - INFO - 실행 이름: default_modeling_run_20250708_030439
2025-07-08 03:04:39,772 - ModelingPipeline - INFO - 출력 경로: /Users/jojongho/KDT/P2_Default-invest/outputs/modeling_runs/default_modeling_run_20250708_030439
2025-07-08 03:04:39,772 - ModelingPipeline - INFO - === 모델링 파이프라인 시작 ===
2025-07-08 03:04:39,772 - ModelingPipeline - INFO - 데이터 로드 시작
2025-07-08 03:04:39,772 - ModelingPipeline - INFO - 오버라이드된 데이터 경로 사용: data/final
2025-07-08 03:04:39,811 - ModelingPipeline - INFO - Train: (13326, 17), 부실비율: 3.20%
2025-07-08 03:04:39,811 - ModelingPipeline - INFO - Validation: (4580, 17), 부실비율: 4.43%
2025-07-08 03:04:39,812 - ModelingPipeline - INFO - Test: (4377, 17), 부실비율: 2.67%
2025-07-08 03:04:39,812 - ModelingPipeline - INFO - 모든 모델 실행 시작
2025-07-08 03:04:39,812 - ModelingPipeline - INFO - 특성 선택 방법: LOGISTIC_REGRESSION_CV (NORMAL)
2025-07-08 03:04:41,821 - ModelingPipeline - INFO - 최적 C: 1.000000
2025-07-08 03:04:41,821 - ModelingPipeline - INFO - CV 점수: 0.0534 (±0.0528)
2025-07-08 03:04:41,825 - ModelingPipeline - INFO - 선택된 특성: 17/17
2025-07-08 03:04:41,825 - ModelingPipeline - INFO - 활성화된 데이터 타입: ['normal', 'smote', 'undersampling', 'combined']
2025-07-08 03:04:41,825 - ModelingPipeline - INFO - 활성화된 모델: ['logistic_regression', 'random_forest', 'xgboost']
2025-07-08 03:04:41,825 - ModelingPipeline - INFO - NORMAL 데이터 처리
2025-07-08 03:04:41,826 - ModelingPipeline - INFO - logistic_regression 최적화 시작 (NORMAL)
2025-07-08 03:04:41,826 - ModelingPipeline - INFO - Logistic Regression 클래스 불균형 가중치: class_weight=balanced
2025-07-08 03:04:41,826 - ModelingPipeline - INFO - 최적화 메트릭: F1
2025-07-08 03:04:41,831 - ModelingPipeline - INFO - 스케일링이 비활성화되어 있어 로그 변환도 건너뜁니다
2025-07-08 03:04:41,831 - ModelingPipeline - INFO - 스케일링이 비활성화되어 있습니다
2025-07-08 03:04:42,246 - ModelingPipeline - INFO -   Trial 1/300 - Current: 0.0000, Best: 0.0000
2025-07-08 03:12:50,940 - ModelingPipeline - INFO -   Trial 151/300 - Current: 0.0000, Best: 0.0598
2025-07-08 03:18:55,062 - ModelingPipeline - INFO -   Trial 300/300 - Current: 0.0509, Best: 0.0598
2025-07-08 03:18:55,080 - ModelingPipeline - INFO - 최적 AUC: 0.0598
2025-07-08 03:18:55,080 - ModelingPipeline - INFO - 최적 파라미터: {'C': 2.432352411228689, 'max_iter': 9930, 'penalty': 'l2', 'solver': 'newton-cg', 'tol': 0.0001, 'class_weight': 'balanced'}
2025-07-08 03:18:55,080 - ModelingPipeline - INFO - CV 메트릭 계산 시작 (NORMAL)
2025-07-08 03:18:55,310 - ModelingPipeline - INFO - 최적화된 CV 완료: AUC=0.6371(±0.0419), AP=0.0493(±0.0088), F1=0.0565(±0.0406)
2025-07-08 03:18:55,311 - ModelingPipeline - INFO - CV 메트릭 계산 완료 - AUC: 0.6371, AP: 0.0493, F1: 0.0565
2025-07-08 03:18:55,311 - ModelingPipeline - INFO - random_forest 최적화 시작 (NORMAL)
2025-07-08 03:18:55,311 - ModelingPipeline - INFO - Random Forest 클래스 불균형 가중치: class_weight=balanced
2025-07-08 03:18:55,311 - ModelingPipeline - INFO - 최적화 메트릭: F1
2025-07-08 03:19:22,770 - ModelingPipeline - INFO -   Trial 1/30 - Current: 0.2785, Best: 0.2785
2025-07-08 03:31:30,672 - ModelingPipeline - INFO -   Trial 16/30 - Current: 0.2975, Best: 0.3049
2025-07-08 03:43:48,961 - ModelingPipeline - INFO -   Trial 30/30 - Current: 0.2817, Best: 0.3099
2025-07-08 03:43:57,935 - ModelingPipeline - INFO - 최적 AUC: 0.3099
2025-07-08 03:43:57,936 - ModelingPipeline - INFO - 최적 파라미터: {'n_estimators': 415, 'max_depth': 12, 'min_samples_split': 13, 'min_samples_leaf': 10, 'max_features': 0.2651865177989329, 'class_weight': 'balanced'}
2025-07-08 03:43:57,936 - ModelingPipeline - INFO - CV 메트릭 계산 시작 (NORMAL)
2025-07-08 03:44:32,513 - ModelingPipeline - INFO - 최적화된 CV 완료: AUC=0.8859(±0.0130), AP=0.2715(±0.0497), F1=0.3038(±0.0490)
2025-07-08 03:44:32,513 - ModelingPipeline - INFO - CV 메트릭 계산 완료 - AUC: 0.8859, AP: 0.2715, F1: 0.3038
2025-07-08 03:44:32,532 - ModelingPipeline - INFO - xgboost 최적화 시작 (NORMAL)
2025-07-08 03:44:32,533 - ModelingPipeline - INFO - XGBoost 클래스 불균형 처리: scale_pos_weight
2025-07-08 03:44:32,533 - ModelingPipeline - INFO - scale_pos_weight = 30.28 (설정: auto)
2025-07-08 03:44:32,533 - ModelingPipeline - INFO - 최적화 메트릭: F1
2025-07-08 03:45:04,992 - ModelingPipeline - INFO -   Trial 1/30 - Current: 0.2453, Best: 0.2453
2025-07-08 03:51:50,997 - ModelingPipeline - INFO -   Trial 16/30 - Current: 0.2869, Best: 0.3154
2025-07-08 04:01:56,609 - ModelingPipeline - INFO -   Trial 30/30 - Current: 0.3118, Best: 0.3283
2025-07-08 04:01:56,611 - ModelingPipeline - INFO - Using XGBoost ≥ 2.0 callbacks
2025-07-08 04:01:56,613 - ModelingPipeline - WARNING - Early stopping failed, using fallback: XGBClassifier.fit() got an unexpected keyword argument 'callbacks'
2025-07-08 04:01:58,359 - ModelingPipeline - INFO - 최적 AUC: 0.3283
2025-07-08 04:01:58,359 - ModelingPipeline - INFO - 최적 파라미터: {'n_estimators': 395, 'max_depth': 11, 'learning_rate': 0.028118562608059533, 'subsample': 0.729967789552918, 'colsample_bytree': 0.994941533905392, 'reg_alpha': 9.13412309979671, 'reg_lambda': 3.6727070579621754, 'scale_pos_weight': np.float64(30.281690140845072)}
2025-07-08 04:01:58,360 - ModelingPipeline - INFO - CV 메트릭 계산 시작 (NORMAL)
2025-07-08 04:02:06,553 - ModelingPipeline - INFO - 최적화된 CV 완료: AUC=0.9009(±0.0052), AP=0.2933(±0.0384), F1=0.3203(±0.0305)
2025-07-08 04:02:06,553 - ModelingPipeline - INFO - CV 메트릭 계산 완료 - AUC: 0.9009, AP: 0.2933, F1: 0.3203
2025-07-08 04:02:06,556 - ModelingPipeline - INFO - SMOTE 데이터 처리
2025-07-08 04:02:06,557 - ModelingPipeline - INFO - logistic_regression 최적화 시작 (SMOTE)
2025-07-08 04:02:06,557 - ModelingPipeline - INFO - Logistic Regression 클래스 불균형 가중치: class_weight=balanced
2025-07-08 04:02:06,557 - ModelingPipeline - INFO - 최적화 메트릭: F1
2025-07-08 04:02:07,383 - ModelingPipeline - INFO -   Trial 1/300 - Current: 0.0000, Best: 0.0000
2025-07-08 04:12:56,857 - ModelingPipeline - INFO -   Trial 151/300 - Current: 0.0651, Best: 0.0707
2025-07-08 04:21:57,705 - ModelingPipeline - INFO -   Trial 300/300 - Current: 0.0679, Best: 0.0742
2025-07-08 04:21:57,742 - ModelingPipeline - INFO - 최적 AUC: 0.0742
2025-07-08 04:21:57,742 - ModelingPipeline - INFO - 최적 파라미터: {'C': 0.13324459939480893, 'max_iter': 2002, 'penalty': 'l2', 'solver': 'newton-cg', 'tol': 0.0001, 'class_weight': 'balanced'}
2025-07-08 04:21:57,743 - ModelingPipeline - INFO - CV 메트릭 계산 시작 (SMOTE)
2025-07-08 04:21:58,189 - ModelingPipeline - INFO - 최적화된 CV 완료: AUC=0.6284(±0.0112), AP=0.0477(±0.0025), F1=0.0537(±0.0443)
2025-07-08 04:21:58,189 - ModelingPipeline - INFO - CV 메트릭 계산 완료 - AUC: 0.6284, AP: 0.0477, F1: 0.0537
2025-07-08 04:21:58,189 - ModelingPipeline - INFO - random_forest 최적화 시작 (SMOTE)
2025-07-08 04:21:58,189 - ModelingPipeline - INFO - Random Forest 클래스 불균형 가중치: class_weight=balanced
2025-07-08 04:21:58,189 - ModelingPipeline - INFO - 최적화 메트릭: F1
2025-07-08 04:22:37,550 - ModelingPipeline - INFO -   Trial 1/30 - Current: 0.2742, Best: 0.2742
2025-07-08 04:33:43,986 - ModelingPipeline - INFO -   Trial 16/30 - Current: 0.2688, Best: 0.2742
2025-07-08 04:47:46,075 - ModelingPipeline - INFO -   Trial 30/30 - Current: 0.2766, Best: 0.2766
2025-07-08 04:47:57,746 - ModelingPipeline - INFO - 최적 AUC: 0.2766
2025-07-08 04:47:57,746 - ModelingPipeline - INFO - 최적 파라미터: {'n_estimators': 345, 'max_depth': 20, 'min_samples_split': 16, 'min_samples_leaf': 9, 'max_features': 0.2762057436512773, 'class_weight': 'balanced'}
2025-07-08 04:47:57,746 - ModelingPipeline - INFO - CV 메트릭 계산 시작 (SMOTE)
2025-07-08 04:48:42,437 - ModelingPipeline - INFO - 최적화된 CV 완료: AUC=0.8750(±0.0134), AP=0.2229(±0.0376), F1=0.2712(±0.0245)
2025-07-08 04:48:42,439 - ModelingPipeline - INFO - CV 메트릭 계산 완료 - AUC: 0.8750, AP: 0.2229, F1: 0.2712
2025-07-08 04:48:42,455 - ModelingPipeline - INFO - xgboost 최적화 시작 (SMOTE)
2025-07-08 04:48:42,456 - ModelingPipeline - INFO - XGBoost 클래스 불균형 처리: scale_pos_weight
2025-07-08 04:48:42,456 - ModelingPipeline - INFO - scale_pos_weight = 30.28 (설정: auto)
2025-07-08 04:48:42,456 - ModelingPipeline - INFO - 최적화 메트릭: F1
2025-07-08 04:49:23,611 - ModelingPipeline - INFO -   Trial 1/30 - Current: 0.3043, Best: 0.3043
2025-07-08 05:01:13,808 - ModelingPipeline - INFO -   Trial 16/30 - Current: 0.3148, Best: 0.3179
2025-07-08 05:18:06,422 - ModelingPipeline - INFO -   Trial 30/30 - Current: 0.3108, Best: 0.3203
2025-07-08 05:18:06,435 - ModelingPipeline - INFO - Using XGBoost ≥ 2.0 callbacks
2025-07-08 05:18:06,435 - ModelingPipeline - WARNING - Early stopping failed, using fallback: XGBClassifier.fit() got an unexpected keyword argument 'callbacks'
2025-07-08 05:18:09,103 - ModelingPipeline - INFO - 최적 AUC: 0.3203
2025-07-08 05:18:09,103 - ModelingPipeline - INFO - 최적 파라미터: {'n_estimators': 664, 'max_depth': 12, 'learning_rate': 0.0957337281660293, 'subsample': 0.8368620849383209, 'colsample_bytree': 0.618395330035847, 'reg_alpha': 7.710040634602422, 'reg_lambda': 9.00600777519495, 'scale_pos_weight': np.float64(30.281690140845072)}
2025-07-08 05:18:09,103 - ModelingPipeline - INFO - CV 메트릭 계산 시작 (SMOTE)
2025-07-08 05:18:21,433 - ModelingPipeline - INFO - 최적화된 CV 완료: AUC=0.8926(±0.0106), AP=0.2596(±0.0334), F1=0.3094(±0.0340)
2025-07-08 05:18:21,434 - ModelingPipeline - INFO - CV 메트릭 계산 완료 - AUC: 0.8926, AP: 0.2596, F1: 0.3094
2025-07-08 05:18:21,436 - ModelingPipeline - INFO - UNDERSAMPLING 데이터 처리
2025-07-08 05:18:21,437 - ModelingPipeline - INFO - logistic_regression 최적화 시작 (UNDERSAMPLING)
2025-07-08 05:18:21,437 - ModelingPipeline - INFO - Logistic Regression 클래스 불균형 가중치: class_weight=balanced
2025-07-08 05:18:21,437 - ModelingPipeline - INFO - 최적화 메트릭: F1
2025-07-08 05:18:23,093 - ModelingPipeline - INFO -   Trial 1/300 - Current: 0.0000, Best: 0.0000
2025-07-08 05:29:38,169 - ModelingPipeline - INFO -   Trial 151/300 - Current: 0.0603, Best: 0.0670
2025-07-08 05:38:58,681 - ModelingPipeline - INFO -   Trial 300/300 - Current: 0.0594, Best: 0.0675
2025-07-08 05:38:58,815 - ModelingPipeline - INFO - 최적 AUC: 0.0675
2025-07-08 05:38:58,815 - ModelingPipeline - INFO - 최적 파라미터: {'C': 0.029702950488289866, 'max_iter': 8715, 'penalty': 'l2', 'solver': 'newton-cg', 'tol': 0.0001, 'class_weight': 'balanced'}
2025-07-08 05:38:58,816 - ModelingPipeline - INFO - CV 메트릭 계산 시작 (UNDERSAMPLING)
2025-07-08 05:38:59,369 - ModelingPipeline - INFO - 최적화된 CV 완료: AUC=0.6480(±0.0537), AP=0.0544(±0.0146), F1=0.0758(±0.0194)
2025-07-08 05:38:59,370 - ModelingPipeline - INFO - CV 메트릭 계산 완료 - AUC: 0.6480, AP: 0.0544, F1: 0.0758
2025-07-08 05:38:59,370 - ModelingPipeline - INFO - random_forest 최적화 시작 (UNDERSAMPLING)
2025-07-08 05:38:59,370 - ModelingPipeline - INFO - Random Forest 클래스 불균형 가중치: class_weight=balanced
2025-07-08 05:38:59,370 - ModelingPipeline - INFO - 최적화 메트릭: F1
2025-07-08 05:39:25,219 - ModelingPipeline - INFO -   Trial 1/30 - Current: 0.2838, Best: 0.2838
2025-07-08 05:48:08,493 - ModelingPipeline - INFO -   Trial 16/30 - Current: 0.2930, Best: 0.3141
2025-07-08 05:56:43,509 - ModelingPipeline - INFO -   Trial 30/30 - Current: 0.2458, Best: 0.3141
2025-07-08 05:56:46,346 - ModelingPipeline - INFO - 최적 AUC: 0.3141
2025-07-08 05:56:46,346 - ModelingPipeline - INFO - 최적 파라미터: {'n_estimators': 389, 'max_depth': 17, 'min_samples_split': 20, 'min_samples_leaf': 8, 'max_features': 0.1131704240349371, 'class_weight': 'balanced'}
2025-07-08 05:56:46,346 - ModelingPipeline - INFO - CV 메트릭 계산 시작 (UNDERSAMPLING)
2025-07-08 05:56:57,462 - ModelingPipeline - INFO - 최적화된 CV 완료: AUC=0.8822(±0.0134), AP=0.2610(±0.0505), F1=0.3135(±0.0472)
2025-07-08 05:56:57,463 - ModelingPipeline - INFO - CV 메트릭 계산 완료 - AUC: 0.8822, AP: 0.2610, F1: 0.3135
2025-07-08 05:56:57,482 - ModelingPipeline - INFO - xgboost 최적화 시작 (UNDERSAMPLING)
2025-07-08 05:56:57,482 - ModelingPipeline - INFO - XGBoost 클래스 불균형 처리: scale_pos_weight
2025-07-08 05:56:57,482 - ModelingPipeline - INFO - scale_pos_weight = 30.28 (설정: auto)
2025-07-08 05:56:57,482 - ModelingPipeline - INFO - 최적화 메트릭: F1
2025-07-08 05:57:34,576 - ModelingPipeline - INFO -   Trial 1/30 - Current: 0.2443, Best: 0.2443
2025-07-08 06:05:32,584 - ModelingPipeline - INFO -   Trial 16/30 - Current: 0.3023, Best: 0.3148
2025-07-08 06:12:22,340 - ModelingPipeline - INFO -   Trial 30/30 - Current: 0.3089, Best: 0.3163
2025-07-08 06:12:22,403 - ModelingPipeline - INFO - Using XGBoost ≥ 2.0 callbacks
2025-07-08 06:12:22,403 - ModelingPipeline - WARNING - Early stopping failed, using fallback: XGBClassifier.fit() got an unexpected keyword argument 'callbacks'
2025-07-08 06:12:23,153 - ModelingPipeline - INFO - 최적 AUC: 0.3163
2025-07-08 06:12:23,153 - ModelingPipeline - INFO - 최적 파라미터: {'n_estimators': 370, 'max_depth': 5, 'learning_rate': 0.11569307715367486, 'subsample': 0.8199241271629326, 'colsample_bytree': 0.6901777475850378, 'reg_alpha': 6.614041006095055, 'reg_lambda': 9.905151299789036, 'scale_pos_weight': np.float64(30.281690140845072)}
2025-07-08 06:12:23,154 - ModelingPipeline - INFO - CV 메트릭 계산 시작 (UNDERSAMPLING)
2025-07-08 06:12:26,956 - ModelingPipeline - INFO - 최적화된 CV 완료: AUC=0.8962(±0.0068), AP=0.2892(±0.0296), F1=0.3278(±0.0270)
2025-07-08 06:12:26,956 - ModelingPipeline - INFO - CV 메트릭 계산 완료 - AUC: 0.8962, AP: 0.2892, F1: 0.3278
2025-07-08 06:12:26,957 - ModelingPipeline - INFO - COMBINED 데이터 처리
2025-07-08 06:12:26,958 - ModelingPipeline - INFO - logistic_regression 최적화 시작 (COMBINED)
2025-07-08 06:12:26,958 - ModelingPipeline - INFO - Logistic Regression 클래스 불균형 가중치: class_weight=balanced
2025-07-08 06:12:26,958 - ModelingPipeline - INFO - 최적화 메트릭: F1
2025-07-08 06:12:29,145 - ModelingPipeline - INFO -   Trial 1/300 - Current: 0.0000, Best: 0.0000
2025-07-08 06:25:18,433 - ModelingPipeline - INFO -   Trial 151/300 - Current: 0.0583, Best: 0.0672
2025-07-08 06:36:11,193 - ModelingPipeline - INFO -   Trial 300/300 - Current: 0.0587, Best: 0.0680
2025-07-08 06:36:11,367 - ModelingPipeline - INFO - 최적 AUC: 0.0680
2025-07-08 06:36:11,368 - ModelingPipeline - INFO - 최적 파라미터: {'C': 0.04206413587412684, 'max_iter': 6130, 'penalty': 'l2', 'solver': 'newton-cg', 'tol': 0.0001, 'class_weight': 'balanced'}
2025-07-08 06:36:11,368 - ModelingPipeline - INFO - CV 메트릭 계산 시작 (COMBINED)
2025-07-08 06:36:12,248 - ModelingPipeline - INFO - 최적화된 CV 완료: AUC=0.6718(±0.0259), AP=0.0556(±0.0073), F1=0.0713(±0.0359)
2025-07-08 06:36:12,249 - ModelingPipeline - INFO - CV 메트릭 계산 완료 - AUC: 0.6718, AP: 0.0556, F1: 0.0713
2025-07-08 06:36:12,249 - ModelingPipeline - INFO - random_forest 최적화 시작 (COMBINED)
2025-07-08 06:36:12,249 - ModelingPipeline - INFO - Random Forest 클래스 불균형 가중치: class_weight=balanced
2025-07-08 06:36:12,249 - ModelingPipeline - INFO - 최적화 메트릭: F1
2025-07-08 06:36:39,417 - ModelingPipeline - INFO -   Trial 1/30 - Current: 0.2915, Best: 0.2915
2025-07-08 06:47:46,238 - ModelingPipeline - INFO -   Trial 16/30 - Current: 0.2899, Best: 0.2953
2025-07-08 07:06:03,001 - ModelingPipeline - INFO -   Trial 30/30 - Current: 0.2708, Best: 0.2966
2025-07-08 07:06:24,478 - ModelingPipeline - INFO - 최적 AUC: 0.2966
2025-07-08 07:06:24,478 - ModelingPipeline - INFO - 최적 파라미터: {'n_estimators': 425, 'max_depth': 17, 'min_samples_split': 7, 'min_samples_leaf': 9, 'max_features': 0.6240004434305597, 'class_weight': 'balanced'}
2025-07-08 07:06:24,479 - ModelingPipeline - INFO - CV 메트릭 계산 시작 (COMBINED)
2025-07-08 07:07:46,145 - ModelingPipeline - INFO - 최적화된 CV 완료: AUC=0.8829(±0.0121), AP=0.2618(±0.0532), F1=0.2927(±0.0566)
2025-07-08 07:07:46,145 - ModelingPipeline - INFO - CV 메트릭 계산 완료 - AUC: 0.8829, AP: 0.2618, F1: 0.2927
2025-07-08 07:07:46,164 - ModelingPipeline - INFO - xgboost 최적화 시작 (COMBINED)
2025-07-08 07:07:46,164 - ModelingPipeline - INFO - XGBoost 클래스 불균형 처리: scale_pos_weight
2025-07-08 07:07:46,164 - ModelingPipeline - INFO - scale_pos_weight = 30.28 (설정: auto)
2025-07-08 07:07:46,164 - ModelingPipeline - INFO - 최적화 메트릭: F1
2025-07-08 07:08:24,625 - ModelingPipeline - INFO -   Trial 1/30 - Current: 0.2736, Best: 0.2736
2025-07-08 07:17:49,122 - ModelingPipeline - INFO -   Trial 16/30 - Current: 0.3245, Best: 0.3271
2025-07-08 07:34:09,222 - ModelingPipeline - INFO -   Trial 30/30 - Current: 0.3124, Best: 0.3288
2025-07-08 07:34:09,301 - ModelingPipeline - INFO - Using XGBoost ≥ 2.0 callbacks
2025-07-08 07:34:09,301 - ModelingPipeline - WARNING - Early stopping failed, using fallback: XGBClassifier.fit() got an unexpected keyword argument 'callbacks'
2025-07-08 07:34:11,903 - ModelingPipeline - INFO - 최적 AUC: 0.3288
2025-07-08 07:34:11,903 - ModelingPipeline - INFO - 최적 파라미터: {'n_estimators': 546, 'max_depth': 14, 'learning_rate': 0.04244627918104475, 'subsample': 0.6056696748841202, 'colsample_bytree': 0.6235957950201841, 'reg_alpha': 7.71768007930394, 'reg_lambda': 8.412736239431654, 'scale_pos_weight': np.float64(30.281690140845072)}
2025-07-08 07:34:11,904 - ModelingPipeline - INFO - CV 메트릭 계산 시작 (COMBINED)
2025-07-08 07:34:24,515 - ModelingPipeline - INFO - 최적화된 CV 완료: AUC=0.8991(±0.0056), AP=0.2823(±0.0424), F1=0.3189(±0.0310)
2025-07-08 07:34:24,515 - ModelingPipeline - INFO - CV 메트릭 계산 완료 - AUC: 0.8991, AP: 0.2823, F1: 0.3189
2025-07-08 07:34:24,517 - ModelingPipeline - INFO - 모든 모델 평가 및 Threshold 최적화
2025-07-08 07:34:24,517 - ModelingPipeline - INFO - 모델 평가 시작: normal__logistic_regression
2025-07-08 07:34:24,519 - ModelingPipeline - INFO - CV 메트릭 계산 시작 (NORMAL)
2025-07-08 07:34:24,738 - ModelingPipeline - INFO - 최적화된 CV 완료: AUC=0.6371(±0.0419), AP=0.0493(±0.0088), F1=0.0565(±0.0406)
2025-07-08 07:34:24,739 - ModelingPipeline - INFO - CV 메트릭 계산 완료 - AUC: 0.6371, AP: 0.0493, F1: 0.0565
2025-07-08 07:34:24,739 - ModelingPipeline - INFO - [normal__logistic_regression] Cross-Validation (Train): AUC=0.6371, F1=0.0565
2025-07-08 07:34:24,739 - ModelingPipeline - INFO - [normal__logistic_regression] 평가용 전처리 완료
2025-07-08 07:34:24,742 - ModelingPipeline - INFO - Threshold 최적화 디버깅:
2025-07-08 07:34:24,743 - ModelingPipeline - INFO -   - 검증 데이터 크기: 4580
2025-07-08 07:34:24,743 - ModelingPipeline - INFO -   - 양성 클래스 비율: 0.0443 (203/4580)
2025-07-08 07:34:24,743 - ModelingPipeline - INFO -   - 예측 확률 범위: [0.0001, 0.4996]
2025-07-08 07:34:24,743 - ModelingPipeline - INFO -   - 예측 확률 평균: 0.4578
2025-07-08 07:34:24,743 - ModelingPipeline - INFO -   - 설정된 임계값 탐색 범위: [0.0005, 0.5000] (500개 그리드)
2025-07-08 07:34:25,146 - ModelingPipeline - INFO -   - F1 점수 범위: [0.0000, 0.1669]
2025-07-08 07:34:25,146 - ModelingPipeline - INFO -   - 0이 아닌 F1 점수 개수: 499/500
2025-07-08 07:34:25,148 - ModelingPipeline - INFO - 최적 임계값 검증: 0.4940
2025-07-08 07:34:25,148 - ModelingPipeline - INFO -   - F1: 0.1669, Precision: 0.1197, Recall: 0.2759
2025-07-08 07:34:25,148 - ModelingPipeline - INFO -   - 양성 예측 개수: 468/4580
2025-07-08 07:34:25,154 - ModelingPipeline - INFO - [normal__logistic_regression] Validation (Optimal Threshold): F1=0.1669, Recall=0.2759
2025-07-08 07:34:25,162 - ModelingPipeline - INFO - [normal__logistic_regression] Test (Optimal Threshold=0.4940): F1=0.0535, Recall=0.1453
2025-07-08 07:34:25,162 - ModelingPipeline - INFO - [normal__logistic_regression] Test (Default Threshold=0.5): F1=0.0000, Recall=0.0000
2025-07-08 07:34:25,162 - ModelingPipeline - INFO - 모델 평가 완료: normal__logistic_regression
2025-07-08 07:34:25,162 - ModelingPipeline - INFO - 모델 평가 시작: normal__random_forest
2025-07-08 07:34:25,163 - ModelingPipeline - INFO - CV 메트릭 계산 시작 (NORMAL)
2025-07-08 07:34:59,778 - ModelingPipeline - INFO - 최적화된 CV 완료: AUC=0.8856(±0.0133), AP=0.2718(±0.0469), F1=0.2953(±0.0415)
2025-07-08 07:34:59,778 - ModelingPipeline - INFO - CV 메트릭 계산 완료 - AUC: 0.8856, AP: 0.2718, F1: 0.2953
2025-07-08 07:34:59,779 - ModelingPipeline - INFO - [normal__random_forest] Cross-Validation (Train): AUC=0.8856, F1=0.2953
2025-07-08 07:34:59,779 - ModelingPipeline - INFO - [normal__random_forest] 평가용 전처리 완료
2025-07-08 07:34:59,951 - ModelingPipeline - INFO - Threshold 최적화 디버깅:
2025-07-08 07:34:59,951 - ModelingPipeline - INFO -   - 검증 데이터 크기: 4580
2025-07-08 07:34:59,951 - ModelingPipeline - INFO -   - 양성 클래스 비율: 0.0443 (203/4580)
2025-07-08 07:34:59,951 - ModelingPipeline - INFO -   - 예측 확률 범위: [0.0000, 0.9221]
2025-07-08 07:34:59,951 - ModelingPipeline - INFO -   - 예측 확률 평균: 0.1307
2025-07-08 07:34:59,951 - ModelingPipeline - INFO -   - 설정된 임계값 탐색 범위: [0.0005, 0.5000] (500개 그리드)
2025-07-08 07:35:00,364 - ModelingPipeline - INFO -   - F1 점수 범위: [0.0877, 0.3153]
2025-07-08 07:35:00,364 - ModelingPipeline - INFO -   - 0이 아닌 F1 점수 개수: 500/500
2025-07-08 07:35:00,367 - ModelingPipeline - INFO - 최적 임계값 검증: 0.3739
2025-07-08 07:35:00,367 - ModelingPipeline - INFO -   - F1: 0.3153, Precision: 0.2329, Recall: 0.4877
2025-07-08 07:35:00,367 - ModelingPipeline - INFO -   - 양성 예측 개수: 425/4580
2025-07-08 07:35:00,371 - ModelingPipeline - INFO - [normal__random_forest] Validation (Optimal Threshold): F1=0.3153, Recall=0.4877
2025-07-08 07:35:00,460 - ModelingPipeline - INFO - [normal__random_forest] Test (Optimal Threshold=0.3739): F1=0.2203, Recall=0.4359
2025-07-08 07:35:00,460 - ModelingPipeline - INFO - [normal__random_forest] Test (Default Threshold=0.5): F1=0.2246, Recall=0.2650
2025-07-08 07:35:00,460 - ModelingPipeline - INFO - 모델 평가 완료: normal__random_forest
2025-07-08 07:35:00,460 - ModelingPipeline - INFO - 모델 평가 시작: normal__xgboost
2025-07-08 07:35:00,461 - ModelingPipeline - INFO - CV 메트릭 계산 시작 (NORMAL)
2025-07-08 07:35:08,721 - ModelingPipeline - INFO - 최적화된 CV 완료: AUC=0.9009(±0.0052), AP=0.2933(±0.0384), F1=0.3203(±0.0305)
2025-07-08 07:35:08,721 - ModelingPipeline - INFO - CV 메트릭 계산 완료 - AUC: 0.9009, AP: 0.2933, F1: 0.3203
2025-07-08 07:35:08,722 - ModelingPipeline - INFO - [normal__xgboost] Cross-Validation (Train): AUC=0.9009, F1=0.3203
2025-07-08 07:35:08,722 - ModelingPipeline - INFO - [normal__xgboost] 평가용 전처리 완료
2025-07-08 07:35:08,751 - ModelingPipeline - INFO - Threshold 최적화 디버깅:
2025-07-08 07:35:08,751 - ModelingPipeline - INFO -   - 검증 데이터 크기: 4580
2025-07-08 07:35:08,751 - ModelingPipeline - INFO -   - 양성 클래스 비율: 0.0443 (203/4580)
2025-07-08 07:35:08,751 - ModelingPipeline - INFO -   - 예측 확률 범위: [0.0005, 0.9836]
2025-07-08 07:35:08,751 - ModelingPipeline - INFO -   - 예측 확률 평균: 0.0736
2025-07-08 07:35:08,752 - ModelingPipeline - INFO -   - 설정된 임계값 탐색 범위: [0.0005, 0.5000] (500개 그리드)
2025-07-08 07:35:09,153 - ModelingPipeline - INFO -   - F1 점수 범위: [0.0849, 0.3067]
2025-07-08 07:35:09,153 - ModelingPipeline - INFO -   - 0이 아닌 F1 점수 개수: 500/500
2025-07-08 07:35:09,156 - ModelingPipeline - INFO - 최적 임계값 검증: 0.2387
2025-07-08 07:35:09,156 - ModelingPipeline - INFO -   - F1: 0.3067, Precision: 0.2270, Recall: 0.4729
2025-07-08 07:35:09,156 - ModelingPipeline - INFO -   - 양성 예측 개수: 423/4580
2025-07-08 07:35:09,159 - ModelingPipeline - INFO - [normal__xgboost] Validation (Optimal Threshold): F1=0.3067, Recall=0.4729
2025-07-08 07:35:09,180 - ModelingPipeline - INFO - [normal__xgboost] Test (Optimal Threshold=0.2387): F1=0.2415, Recall=0.4872
2025-07-08 07:35:09,180 - ModelingPipeline - INFO - [normal__xgboost] Test (Default Threshold=0.5): F1=0.2724, Recall=0.2991
2025-07-08 07:35:09,180 - ModelingPipeline - INFO - 모델 평가 완료: normal__xgboost
2025-07-08 07:35:09,181 - ModelingPipeline - INFO - 모델 평가 시작: smote__logistic_regression
2025-07-08 07:35:09,182 - ModelingPipeline - INFO - CV 메트릭 계산 시작 (SMOTE)
2025-07-08 07:35:09,566 - ModelingPipeline - INFO - 최적화된 CV 완료: AUC=0.6284(±0.0112), AP=0.0477(±0.0025), F1=0.0537(±0.0443)
2025-07-08 07:35:09,566 - ModelingPipeline - INFO - CV 메트릭 계산 완료 - AUC: 0.6284, AP: 0.0477, F1: 0.0537
2025-07-08 07:35:09,566 - ModelingPipeline - INFO - [smote__logistic_regression] Cross-Validation (Train): AUC=0.6284, F1=0.0537
2025-07-08 07:35:09,566 - ModelingPipeline - INFO - [smote__logistic_regression] 평가용 전처리 완료
2025-07-08 07:35:09,567 - ModelingPipeline - INFO - Threshold 최적화 디버깅:
2025-07-08 07:35:09,567 - ModelingPipeline - INFO -   - 검증 데이터 크기: 4580
2025-07-08 07:35:09,567 - ModelingPipeline - INFO -   - 양성 클래스 비율: 0.0443 (203/4580)
2025-07-08 07:35:09,567 - ModelingPipeline - INFO -   - 예측 확률 범위: [0.0000, 0.4979]
2025-07-08 07:35:09,567 - ModelingPipeline - INFO -   - 예측 확률 평균: 0.3997
2025-07-08 07:35:09,567 - ModelingPipeline - INFO -   - 설정된 임계값 탐색 범위: [0.0005, 0.5000] (500개 그리드)
2025-07-08 07:35:09,969 - ModelingPipeline - INFO -   - F1 점수 범위: [0.0000, 0.2065]
2025-07-08 07:35:09,969 - ModelingPipeline - INFO -   - 0이 아닌 F1 점수 개수: 495/500
2025-07-08 07:35:09,971 - ModelingPipeline - INFO - 최적 임계값 검증: 0.4800
2025-07-08 07:35:09,971 - ModelingPipeline - INFO -   - F1: 0.2065, Precision: 0.1474, Recall: 0.3448
2025-07-08 07:35:09,972 - ModelingPipeline - INFO -   - 양성 예측 개수: 475/4580
2025-07-08 07:35:09,975 - ModelingPipeline - INFO - [smote__logistic_regression] Validation (Optimal Threshold): F1=0.2065, Recall=0.3448
2025-07-08 07:35:09,982 - ModelingPipeline - INFO - [smote__logistic_regression] Test (Optimal Threshold=0.4800): F1=0.0710, Recall=0.1966
2025-07-08 07:35:09,982 - ModelingPipeline - INFO - [smote__logistic_regression] Test (Default Threshold=0.5): F1=0.0000, Recall=0.0000
2025-07-08 07:35:09,983 - ModelingPipeline - INFO - 모델 평가 완료: smote__logistic_regression
2025-07-08 07:35:09,983 - ModelingPipeline - INFO - 모델 평가 시작: smote__random_forest
2025-07-08 07:35:09,983 - ModelingPipeline - INFO - CV 메트릭 계산 시작 (SMOTE)
2025-07-08 07:35:55,032 - ModelingPipeline - INFO - 최적화된 CV 완료: AUC=0.8755(±0.0127), AP=0.2254(±0.0373), F1=0.2708(±0.0321)
2025-07-08 07:35:55,033 - ModelingPipeline - INFO - CV 메트릭 계산 완료 - AUC: 0.8755, AP: 0.2254, F1: 0.2708
2025-07-08 07:35:55,033 - ModelingPipeline - INFO - [smote__random_forest] Cross-Validation (Train): AUC=0.8755, F1=0.2708
2025-07-08 07:35:55,033 - ModelingPipeline - INFO - [smote__random_forest] 평가용 전처리 완료
2025-07-08 07:35:55,210 - ModelingPipeline - INFO - Threshold 최적화 디버깅:
2025-07-08 07:35:55,210 - ModelingPipeline - INFO -   - 검증 데이터 크기: 4580
2025-07-08 07:35:55,210 - ModelingPipeline - INFO -   - 양성 클래스 비율: 0.0443 (203/4580)
2025-07-08 07:35:55,210 - ModelingPipeline - INFO -   - 예측 확률 범위: [0.0000, 0.9543]
2025-07-08 07:35:55,210 - ModelingPipeline - INFO -   - 예측 확률 평균: 0.1363
2025-07-08 07:35:55,210 - ModelingPipeline - INFO -   - 설정된 임계값 탐색 범위: [0.0005, 0.5000] (500개 그리드)
2025-07-08 07:35:55,613 - ModelingPipeline - INFO -   - F1 점수 범위: [0.0883, 0.2927]
2025-07-08 07:35:55,613 - ModelingPipeline - INFO -   - 0이 아닌 F1 점수 개수: 500/500
2025-07-08 07:35:55,616 - ModelingPipeline - INFO - 최적 임계값 검증: 0.4119
2025-07-08 07:35:55,616 - ModelingPipeline - INFO -   - F1: 0.2927, Precision: 0.2119, Recall: 0.4729
2025-07-08 07:35:55,616 - ModelingPipeline - INFO -   - 양성 예측 개수: 453/4580
2025-07-08 07:35:55,620 - ModelingPipeline - INFO - [smote__random_forest] Validation (Optimal Threshold): F1=0.2927, Recall=0.4729
2025-07-08 07:35:55,708 - ModelingPipeline - INFO - [smote__random_forest] Test (Optimal Threshold=0.4119): F1=0.2046, Recall=0.4188
2025-07-08 07:35:55,708 - ModelingPipeline - INFO - [smote__random_forest] Test (Default Threshold=0.5): F1=0.2241, Recall=0.3333
2025-07-08 07:35:55,709 - ModelingPipeline - INFO - 모델 평가 완료: smote__random_forest
2025-07-08 07:35:55,709 - ModelingPipeline - INFO - 모델 평가 시작: smote__xgboost
2025-07-08 07:35:55,710 - ModelingPipeline - INFO - CV 메트릭 계산 시작 (SMOTE)
2025-07-08 07:36:08,231 - ModelingPipeline - INFO - 최적화된 CV 완료: AUC=0.8926(±0.0106), AP=0.2596(±0.0334), F1=0.3094(±0.0340)
2025-07-08 07:36:08,232 - ModelingPipeline - INFO - CV 메트릭 계산 완료 - AUC: 0.8926, AP: 0.2596, F1: 0.3094
2025-07-08 07:36:08,232 - ModelingPipeline - INFO - [smote__xgboost] Cross-Validation (Train): AUC=0.8926, F1=0.3094
2025-07-08 07:36:08,232 - ModelingPipeline - INFO - [smote__xgboost] 평가용 전처리 완료
2025-07-08 07:36:08,275 - ModelingPipeline - INFO - Threshold 최적화 디버깅:
2025-07-08 07:36:08,275 - ModelingPipeline - INFO -   - 검증 데이터 크기: 4580
2025-07-08 07:36:08,275 - ModelingPipeline - INFO -   - 양성 클래스 비율: 0.0443 (203/4580)
2025-07-08 07:36:08,275 - ModelingPipeline - INFO -   - 예측 확률 범위: [0.0000, 0.9976]
2025-07-08 07:36:08,275 - ModelingPipeline - INFO -   - 예측 확률 평균: 0.0748
2025-07-08 07:36:08,275 - ModelingPipeline - INFO -   - 설정된 임계값 탐색 범위: [0.0005, 0.5000] (500개 그리드)
2025-07-08 07:36:08,677 - ModelingPipeline - INFO -   - F1 점수 범위: [0.1070, 0.2938]
2025-07-08 07:36:08,677 - ModelingPipeline - INFO -   - 0이 아닌 F1 점수 개수: 500/500
2025-07-08 07:36:08,680 - ModelingPipeline - INFO - 최적 임계값 검증: 0.4479
2025-07-08 07:36:08,680 - ModelingPipeline - INFO -   - F1: 0.2938, Precision: 0.2483, Recall: 0.3596
2025-07-08 07:36:08,680 - ModelingPipeline - INFO -   - 양성 예측 개수: 294/4580
2025-07-08 07:36:08,684 - ModelingPipeline - INFO - [smote__xgboost] Validation (Optimal Threshold): F1=0.2938, Recall=0.3596
2025-07-08 07:36:08,708 - ModelingPipeline - INFO - [smote__xgboost] Test (Optimal Threshold=0.4479): F1=0.2335, Recall=0.3333
2025-07-08 07:36:08,708 - ModelingPipeline - INFO - [smote__xgboost] Test (Default Threshold=0.5): F1=0.2390, Recall=0.3248
2025-07-08 07:36:08,709 - ModelingPipeline - INFO - 모델 평가 완료: smote__xgboost
2025-07-08 07:36:08,709 - ModelingPipeline - INFO - 모델 평가 시작: undersampling__logistic_regression
2025-07-08 07:36:08,710 - ModelingPipeline - INFO - CV 메트릭 계산 시작 (UNDERSAMPLING)
2025-07-08 07:36:09,301 - ModelingPipeline - INFO - 최적화된 CV 완료: AUC=0.6480(±0.0537), AP=0.0544(±0.0146), F1=0.0758(±0.0194)
2025-07-08 07:36:09,301 - ModelingPipeline - INFO - CV 메트릭 계산 완료 - AUC: 0.6480, AP: 0.0544, F1: 0.0758
2025-07-08 07:36:09,301 - ModelingPipeline - INFO - [undersampling__logistic_regression] Cross-Validation (Train): AUC=0.6480, F1=0.0758
2025-07-08 07:36:09,301 - ModelingPipeline - INFO - [undersampling__logistic_regression] 평가용 전처리 완료
2025-07-08 07:36:09,302 - ModelingPipeline - INFO - Threshold 최적화 디버깅:
2025-07-08 07:36:09,302 - ModelingPipeline - INFO -   - 검증 데이터 크기: 4580
2025-07-08 07:36:09,302 - ModelingPipeline - INFO -   - 양성 클래스 비율: 0.0443 (203/4580)
2025-07-08 07:36:09,302 - ModelingPipeline - INFO -   - 예측 확률 범위: [0.0001, 0.6598]
2025-07-08 07:36:09,302 - ModelingPipeline - INFO -   - 예측 확률 평균: 0.4573
2025-07-08 07:36:09,302 - ModelingPipeline - INFO -   - 설정된 임계값 탐색 범위: [0.0005, 0.5000] (500개 그리드)
2025-07-08 07:36:09,714 - ModelingPipeline - INFO -   - F1 점수 범위: [0.0853, 0.1911]
2025-07-08 07:36:09,714 - ModelingPipeline - INFO -   - 0이 아닌 F1 점수 개수: 500/500
2025-07-08 07:36:09,717 - ModelingPipeline - INFO - 최적 임계값 검증: 0.4950
2025-07-08 07:36:09,717 - ModelingPipeline - INFO -   - F1: 0.1911, Precision: 0.1201, Recall: 0.4680
2025-07-08 07:36:09,717 - ModelingPipeline - INFO -   - 양성 예측 개수: 791/4580
2025-07-08 07:36:09,721 - ModelingPipeline - INFO - [undersampling__logistic_regression] Validation (Optimal Threshold): F1=0.1911, Recall=0.4680
2025-07-08 07:36:09,728 - ModelingPipeline - INFO - [undersampling__logistic_regression] Test (Optimal Threshold=0.4950): F1=0.0641, Recall=0.2479
2025-07-08 07:36:09,728 - ModelingPipeline - INFO - [undersampling__logistic_regression] Test (Default Threshold=0.5): F1=0.0651, Recall=0.1795
2025-07-08 07:36:09,729 - ModelingPipeline - INFO - 모델 평가 완료: undersampling__logistic_regression
2025-07-08 07:36:09,729 - ModelingPipeline - INFO - 모델 평가 시작: undersampling__random_forest
2025-07-08 07:36:09,729 - ModelingPipeline - INFO - CV 메트릭 계산 시작 (UNDERSAMPLING)
2025-07-08 07:36:21,195 - ModelingPipeline - INFO - 최적화된 CV 완료: AUC=0.8831(±0.0130), AP=0.2661(±0.0504), F1=0.3100(±0.0453)
2025-07-08 07:36:21,196 - ModelingPipeline - INFO - CV 메트릭 계산 완료 - AUC: 0.8831, AP: 0.2661, F1: 0.3100
2025-07-08 07:36:21,196 - ModelingPipeline - INFO - [undersampling__random_forest] Cross-Validation (Train): AUC=0.8831, F1=0.3100
2025-07-08 07:36:21,196 - ModelingPipeline - INFO - [undersampling__random_forest] 평가용 전처리 완료
2025-07-08 07:36:21,408 - ModelingPipeline - INFO - Threshold 최적화 디버깅:
2025-07-08 07:36:21,409 - ModelingPipeline - INFO -   - 검증 데이터 크기: 4580
2025-07-08 07:36:21,409 - ModelingPipeline - INFO -   - 양성 클래스 비율: 0.0443 (203/4580)
2025-07-08 07:36:21,409 - ModelingPipeline - INFO -   - 예측 확률 범위: [0.0000, 0.8728]
2025-07-08 07:36:21,409 - ModelingPipeline - INFO -   - 예측 확률 평균: 0.1389
2025-07-08 07:36:21,409 - ModelingPipeline - INFO -   - 설정된 임계값 탐색 범위: [0.0005, 0.5000] (500개 그리드)
2025-07-08 07:36:21,840 - ModelingPipeline - INFO -   - F1 점수 범위: [0.0856, 0.3351]
2025-07-08 07:36:21,840 - ModelingPipeline - INFO -   - 0이 아닌 F1 점수 개수: 500/500
2025-07-08 07:36:21,844 - ModelingPipeline - INFO - 최적 임계값 검증: 0.4089
2025-07-08 07:36:21,844 - ModelingPipeline - INFO -   - F1: 0.3351, Precision: 0.2642, Recall: 0.4581
2025-07-08 07:36:21,844 - ModelingPipeline - INFO -   - 양성 예측 개수: 352/4580
2025-07-08 07:36:21,849 - ModelingPipeline - INFO - [undersampling__random_forest] Validation (Optimal Threshold): F1=0.3351, Recall=0.4581
2025-07-08 07:36:21,953 - ModelingPipeline - INFO - [undersampling__random_forest] Test (Optimal Threshold=0.4089): F1=0.1956, Recall=0.3419
2025-07-08 07:36:21,953 - ModelingPipeline - INFO - [undersampling__random_forest] Test (Default Threshold=0.5): F1=0.2344, Recall=0.2735
2025-07-08 07:36:21,954 - ModelingPipeline - INFO - 모델 평가 완료: undersampling__random_forest
2025-07-08 07:36:21,954 - ModelingPipeline - INFO - 모델 평가 시작: undersampling__xgboost
2025-07-08 07:36:21,955 - ModelingPipeline - INFO - CV 메트릭 계산 시작 (UNDERSAMPLING)
2025-07-08 07:36:26,006 - ModelingPipeline - INFO - 최적화된 CV 완료: AUC=0.8962(±0.0068), AP=0.2892(±0.0296), F1=0.3278(±0.0270)
2025-07-08 07:36:26,006 - ModelingPipeline - INFO - CV 메트릭 계산 완료 - AUC: 0.8962, AP: 0.2892, F1: 0.3278
2025-07-08 07:36:26,006 - ModelingPipeline - INFO - [undersampling__xgboost] Cross-Validation (Train): AUC=0.8962, F1=0.3278
2025-07-08 07:36:26,006 - ModelingPipeline - INFO - [undersampling__xgboost] 평가용 전처리 완료
2025-07-08 07:36:26,014 - ModelingPipeline - INFO - Threshold 최적화 디버깅:
2025-07-08 07:36:26,014 - ModelingPipeline - INFO -   - 검증 데이터 크기: 4580
2025-07-08 07:36:26,014 - ModelingPipeline - INFO -   - 양성 클래스 비율: 0.0443 (203/4580)
2025-07-08 07:36:26,014 - ModelingPipeline - INFO -   - 예측 확률 범위: [0.0000, 0.9941]
2025-07-08 07:36:26,015 - ModelingPipeline - INFO -   - 예측 확률 평균: 0.0657
2025-07-08 07:36:26,015 - ModelingPipeline - INFO -   - 설정된 임계값 탐색 범위: [0.0005, 0.5000] (500개 그리드)
2025-07-08 07:36:26,422 - ModelingPipeline - INFO -   - F1 점수 범위: [0.1056, 0.2893]
2025-07-08 07:36:26,422 - ModelingPipeline - INFO -   - 0이 아닌 F1 점수 개수: 500/500
2025-07-08 07:36:26,425 - ModelingPipeline - INFO - 최적 임계값 검증: 0.2097
2025-07-08 07:36:26,425 - ModelingPipeline - INFO -   - F1: 0.2893, Precision: 0.2125, Recall: 0.4532
2025-07-08 07:36:26,425 - ModelingPipeline - INFO -   - 양성 예측 개수: 433/4580
2025-07-08 07:36:26,429 - ModelingPipeline - INFO - [undersampling__xgboost] Validation (Optimal Threshold): F1=0.2893, Recall=0.4532
2025-07-08 07:36:26,441 - ModelingPipeline - INFO - [undersampling__xgboost] Test (Optimal Threshold=0.2097): F1=0.2105, Recall=0.4444
2025-07-08 07:36:26,441 - ModelingPipeline - INFO - [undersampling__xgboost] Test (Default Threshold=0.5): F1=0.2357, Recall=0.2650
2025-07-08 07:36:26,441 - ModelingPipeline - INFO - 모델 평가 완료: undersampling__xgboost
2025-07-08 07:36:26,442 - ModelingPipeline - INFO - 모델 평가 시작: combined__logistic_regression
2025-07-08 07:36:26,443 - ModelingPipeline - INFO - CV 메트릭 계산 시작 (COMBINED)
2025-07-08 07:36:27,382 - ModelingPipeline - INFO - 최적화된 CV 완료: AUC=0.6718(±0.0259), AP=0.0556(±0.0073), F1=0.0713(±0.0359)
2025-07-08 07:36:27,383 - ModelingPipeline - INFO - CV 메트릭 계산 완료 - AUC: 0.6718, AP: 0.0556, F1: 0.0713
2025-07-08 07:36:27,383 - ModelingPipeline - INFO - [combined__logistic_regression] Cross-Validation (Train): AUC=0.6718, F1=0.0713
2025-07-08 07:36:27,383 - ModelingPipeline - INFO - [combined__logistic_regression] 평가용 전처리 완료
2025-07-08 07:36:27,384 - ModelingPipeline - INFO - Threshold 최적화 디버깅:
2025-07-08 07:36:27,384 - ModelingPipeline - INFO -   - 검증 데이터 크기: 4580
2025-07-08 07:36:27,384 - ModelingPipeline - INFO -   - 양성 클래스 비율: 0.0443 (203/4580)
2025-07-08 07:36:27,384 - ModelingPipeline - INFO -   - 예측 확률 범위: [0.0000, 0.7228]
2025-07-08 07:36:27,384 - ModelingPipeline - INFO -   - 예측 확률 평균: 0.4606
2025-07-08 07:36:27,384 - ModelingPipeline - INFO -   - 설정된 임계값 탐색 범위: [0.0005, 0.5000] (500개 그리드)
2025-07-08 07:36:27,798 - ModelingPipeline - INFO -   - F1 점수 범위: [0.0858, 0.1456]
2025-07-08 07:36:27,798 - ModelingPipeline - INFO -   - 0이 아닌 F1 점수 개수: 500/500
2025-07-08 07:36:27,801 - ModelingPipeline - INFO - 최적 임계값 검증: 0.5000
2025-07-08 07:36:27,801 - ModelingPipeline - INFO -   - F1: 0.1456, Precision: 0.0806, Recall: 0.7488
2025-07-08 07:36:27,801 - ModelingPipeline - INFO -   - 양성 예측 개수: 1885/4580
2025-07-08 07:36:27,805 - ModelingPipeline - INFO - [combined__logistic_regression] Validation (Optimal Threshold): F1=0.1456, Recall=0.7488
2025-07-08 07:36:27,813 - ModelingPipeline - INFO - [combined__logistic_regression] Test (Optimal Threshold=0.5000): F1=0.0734, Recall=0.6239
2025-07-08 07:36:27,813 - ModelingPipeline - INFO - [combined__logistic_regression] Test (Default Threshold=0.5): F1=0.0734, Recall=0.6239
2025-07-08 07:36:27,813 - ModelingPipeline - INFO - 모델 평가 완료: combined__logistic_regression
2025-07-08 07:36:27,814 - ModelingPipeline - INFO - 모델 평가 시작: combined__random_forest
2025-07-08 07:36:27,814 - ModelingPipeline - INFO - CV 메트릭 계산 시작 (COMBINED)
2025-07-08 08:36:25,713 - ModelingPipeline - INFO - 최적화된 CV 완료: AUC=0.8808(±0.0141), AP=0.2594(±0.0512), F1=0.2886(±0.0460)
2025-07-08 08:36:25,715 - ModelingPipeline - INFO - CV 메트릭 계산 완료 - AUC: 0.8808, AP: 0.2594, F1: 0.2886
2025-07-08 08:36:25,715 - ModelingPipeline - INFO - [combined__random_forest] Cross-Validation (Train): AUC=0.8808, F1=0.2886
2025-07-08 08:36:25,715 - ModelingPipeline - INFO - [combined__random_forest] 평가용 전처리 완료
2025-07-08 08:36:25,901 - ModelingPipeline - INFO - Threshold 최적화 디버깅:
2025-07-08 08:36:25,901 - ModelingPipeline - INFO -   - 검증 데이터 크기: 4580
2025-07-08 08:36:25,902 - ModelingPipeline - INFO -   - 양성 클래스 비율: 0.0443 (203/4580)
2025-07-08 08:36:25,902 - ModelingPipeline - INFO -   - 예측 확률 범위: [0.0000, 0.9578]
2025-07-08 08:36:25,902 - ModelingPipeline - INFO -   - 예측 확률 평균: 0.1152
2025-07-08 08:36:25,902 - ModelingPipeline - INFO -   - 설정된 임계값 탐색 범위: [0.0005, 0.5000] (500개 그리드)
2025-07-08 08:36:26,305 - ModelingPipeline - INFO -   - F1 점수 범위: [0.0924, 0.2943]
2025-07-08 08:36:26,305 - ModelingPipeline - INFO -   - 0이 아닌 F1 점수 개수: 500/500
2025-07-08 08:36:26,308 - ModelingPipeline - INFO - 최적 임계값 검증: 0.3539
2025-07-08 08:36:26,308 - ModelingPipeline - INFO -   - F1: 0.2943, Precision: 0.2168, Recall: 0.4581
2025-07-08 08:36:26,308 - ModelingPipeline - INFO -   - 양성 예측 개수: 429/4580
2025-07-08 08:36:26,312 - ModelingPipeline - INFO - [combined__random_forest] Validation (Optimal Threshold): F1=0.2943, Recall=0.4581
2025-07-08 08:36:26,403 - ModelingPipeline - INFO - [combined__random_forest] Test (Optimal Threshold=0.3539): F1=0.2183, Recall=0.4188
2025-07-08 08:36:26,403 - ModelingPipeline - INFO - [combined__random_forest] Test (Default Threshold=0.5): F1=0.2288, Recall=0.2650
2025-07-08 08:36:26,404 - ModelingPipeline - INFO - 모델 평가 완료: combined__random_forest
2025-07-08 08:36:26,404 - ModelingPipeline - INFO - 모델 평가 시작: combined__xgboost
2025-07-08 08:36:26,405 - ModelingPipeline - INFO - CV 메트릭 계산 시작 (COMBINED)
2025-07-08 08:36:39,120 - ModelingPipeline - INFO - 최적화된 CV 완료: AUC=0.8991(±0.0056), AP=0.2823(±0.0424), F1=0.3189(±0.0310)
2025-07-08 08:36:39,122 - ModelingPipeline - INFO - CV 메트릭 계산 완료 - AUC: 0.8991, AP: 0.2823, F1: 0.3189
2025-07-08 08:36:39,122 - ModelingPipeline - INFO - [combined__xgboost] Cross-Validation (Train): AUC=0.8991, F1=0.3189
2025-07-08 08:36:39,122 - ModelingPipeline - INFO - [combined__xgboost] 평가용 전처리 완료
2025-07-08 08:36:39,164 - ModelingPipeline - INFO - Threshold 최적화 디버깅:
2025-07-08 08:36:39,164 - ModelingPipeline - INFO -   - 검증 데이터 크기: 4580
2025-07-08 08:36:39,164 - ModelingPipeline - INFO -   - 양성 클래스 비율: 0.0443 (203/4580)
2025-07-08 08:36:39,164 - ModelingPipeline - INFO -   - 예측 확률 범위: [0.0001, 0.9918]
2025-07-08 08:36:39,164 - ModelingPipeline - INFO -   - 예측 확률 평균: 0.0717
2025-07-08 08:36:39,164 - ModelingPipeline - INFO -   - 설정된 임계값 탐색 범위: [0.0005, 0.5000] (500개 그리드)
2025-07-08 08:36:39,563 - ModelingPipeline - INFO -   - F1 점수 범위: [0.0897, 0.2998]
2025-07-08 08:36:39,563 - ModelingPipeline - INFO -   - 0이 아닌 F1 점수 개수: 500/500
2025-07-08 08:36:39,565 - ModelingPipeline - INFO - 최적 임계값 검증: 0.3729
2025-07-08 08:36:39,565 - ModelingPipeline - INFO -   - F1: 0.2998, Precision: 0.2570, Recall: 0.3596
2025-07-08 08:36:39,565 - ModelingPipeline - INFO -   - 양성 예측 개수: 284/4580
2025-07-08 08:36:39,569 - ModelingPipeline - INFO - [combined__xgboost] Validation (Optimal Threshold): F1=0.2998, Recall=0.3596
2025-07-08 08:36:39,595 - ModelingPipeline - INFO - [combined__xgboost] Test (Optimal Threshold=0.3729): F1=0.2360, Recall=0.3419
2025-07-08 08:36:39,595 - ModelingPipeline - INFO - [combined__xgboost] Test (Default Threshold=0.5): F1=0.2519, Recall=0.2821
2025-07-08 08:36:39,596 - ModelingPipeline - INFO - 모델 평가 완료: combined__xgboost
2025-07-08 08:36:39,596 - ModelingPipeline - INFO - 앙상블 모델 실행 시작
2025-07-08 08:36:39,599 - ModelingPipeline - INFO - 앙상블에 추가: normal__logistic_regression
2025-07-08 08:36:39,599 - ModelingPipeline - INFO - 앙상블에 추가: undersampling__logistic_regression
2025-07-08 08:36:39,599 - ModelingPipeline - INFO - 앙상블에 추가: normal__random_forest
2025-07-08 08:36:39,599 - ModelingPipeline - INFO - 앙상블에 추가: undersampling__random_forest
2025-07-08 08:36:39,599 - ModelingPipeline - INFO - 앙상블에 추가: normal__xgboost
2025-07-08 08:36:39,599 - ModelingPipeline - INFO - 앙상블에 추가: undersampling__xgboost
2025-07-08 08:36:40,306 - ModelingPipeline - INFO - 앙상블 모델 완료 - Test AUC: 0.8389, F1: 0.2253
2025-07-08 08:36:40,494 - ModelingPipeline - INFO - 앙상블 모델 저장: /Users/jojongho/KDT/P2_Default-invest/outputs/modeling_runs/default_modeling_run_20250708_030439/models/combined_models__ensemble_model.joblib
2025-07-08 08:36:40,495 - ModelingPipeline - INFO - 시각화 생성 시작
2025-07-08 08:36:40,495 - ModelingPipeline - INFO - 개별 모델 시각화 생성 중...
2025-07-08 08:36:40,495 - ModelingPipeline - INFO - 개별 시각화 생성: logistic_regression_normal
2025-07-08 08:36:40,717 - ModelingPipeline - INFO - 개별 ROC 곡선 저장: /Users/jojongho/KDT/P2_Default-invest/outputs/modeling_runs/default_modeling_run_20250708_030439/visualizations/individual_models/logistic_regression_normal/roc_curve_logistic_regression_normal.png
2025-07-08 08:36:40,830 - ModelingPipeline - INFO - 개별 PR 곡선 저장: /Users/jojongho/KDT/P2_Default-invest/outputs/modeling_runs/default_modeling_run_20250708_030439/visualizations/individual_models/logistic_regression_normal/pr_curve_logistic_regression_normal.png
2025-07-08 08:36:40,956 - ModelingPipeline - INFO - 개별 성능 메트릭 저장: /Users/jojongho/KDT/P2_Default-invest/outputs/modeling_runs/default_modeling_run_20250708_030439/visualizations/individual_models/logistic_regression_normal/performance_metrics_logistic_regression_normal.png
2025-07-08 08:36:41,070 - ModelingPipeline - INFO - 개별 혼동행렬 저장: /Users/jojongho/KDT/P2_Default-invest/outputs/modeling_runs/default_modeling_run_20250708_030439/visualizations/individual_models/logistic_regression_normal/confusion_matrix_logistic_regression_normal.png
2025-07-08 08:36:41,286 - ModelingPipeline - INFO - 개별 임계값 분석 저장: /Users/jojongho/KDT/P2_Default-invest/outputs/modeling_runs/default_modeling_run_20250708_030439/visualizations/individual_models/logistic_regression_normal/threshold_analysis_logistic_regression_normal.png
2025-07-08 08:36:41,286 - ModelingPipeline - INFO - 개별 시각화 생성: random_forest_normal
2025-07-08 08:36:41,429 - ModelingPipeline - INFO - 개별 ROC 곡선 저장: /Users/jojongho/KDT/P2_Default-invest/outputs/modeling_runs/default_modeling_run_20250708_030439/visualizations/individual_models/random_forest_normal/roc_curve_random_forest_normal.png
2025-07-08 08:36:41,554 - ModelingPipeline - INFO - 개별 PR 곡선 저장: /Users/jojongho/KDT/P2_Default-invest/outputs/modeling_runs/default_modeling_run_20250708_030439/visualizations/individual_models/random_forest_normal/pr_curve_random_forest_normal.png
2025-07-08 08:36:41,679 - ModelingPipeline - INFO - 개별 성능 메트릭 저장: /Users/jojongho/KDT/P2_Default-invest/outputs/modeling_runs/default_modeling_run_20250708_030439/visualizations/individual_models/random_forest_normal/performance_metrics_random_forest_normal.png
2025-07-08 08:36:41,791 - ModelingPipeline - INFO - 개별 혼동행렬 저장: /Users/jojongho/KDT/P2_Default-invest/outputs/modeling_runs/default_modeling_run_20250708_030439/visualizations/individual_models/random_forest_normal/confusion_matrix_random_forest_normal.png
2025-07-08 08:36:42,051 - ModelingPipeline - INFO - 개별 임계값 분석 저장: /Users/jojongho/KDT/P2_Default-invest/outputs/modeling_runs/default_modeling_run_20250708_030439/visualizations/individual_models/random_forest_normal/threshold_analysis_random_forest_normal.png
2025-07-08 08:36:42,051 - ModelingPipeline - INFO - 개별 시각화 생성: xgboost_normal
2025-07-08 08:36:42,189 - ModelingPipeline - INFO - 개별 ROC 곡선 저장: /Users/jojongho/KDT/P2_Default-invest/outputs/modeling_runs/default_modeling_run_20250708_030439/visualizations/individual_models/xgboost_normal/roc_curve_xgboost_normal.png
2025-07-08 08:36:42,317 - ModelingPipeline - INFO - 개별 PR 곡선 저장: /Users/jojongho/KDT/P2_Default-invest/outputs/modeling_runs/default_modeling_run_20250708_030439/visualizations/individual_models/xgboost_normal/pr_curve_xgboost_normal.png
2025-07-08 08:36:42,440 - ModelingPipeline - INFO - 개별 성능 메트릭 저장: /Users/jojongho/KDT/P2_Default-invest/outputs/modeling_runs/default_modeling_run_20250708_030439/visualizations/individual_models/xgboost_normal/performance_metrics_xgboost_normal.png
2025-07-08 08:36:42,552 - ModelingPipeline - INFO - 개별 혼동행렬 저장: /Users/jojongho/KDT/P2_Default-invest/outputs/modeling_runs/default_modeling_run_20250708_030439/visualizations/individual_models/xgboost_normal/confusion_matrix_xgboost_normal.png
2025-07-08 08:36:42,806 - ModelingPipeline - INFO - 개별 임계값 분석 저장: /Users/jojongho/KDT/P2_Default-invest/outputs/modeling_runs/default_modeling_run_20250708_030439/visualizations/individual_models/xgboost_normal/threshold_analysis_xgboost_normal.png
2025-07-08 08:36:42,807 - ModelingPipeline - INFO - 개별 시각화 생성: logistic_regression_smote
2025-07-08 08:36:42,946 - ModelingPipeline - INFO - 개별 ROC 곡선 저장: /Users/jojongho/KDT/P2_Default-invest/outputs/modeling_runs/default_modeling_run_20250708_030439/visualizations/individual_models/logistic_regression_smote/roc_curve_logistic_regression_smote.png
2025-07-08 08:36:43,062 - ModelingPipeline - INFO - 개별 PR 곡선 저장: /Users/jojongho/KDT/P2_Default-invest/outputs/modeling_runs/default_modeling_run_20250708_030439/visualizations/individual_models/logistic_regression_smote/pr_curve_logistic_regression_smote.png
2025-07-08 08:36:43,190 - ModelingPipeline - INFO - 개별 성능 메트릭 저장: /Users/jojongho/KDT/P2_Default-invest/outputs/modeling_runs/default_modeling_run_20250708_030439/visualizations/individual_models/logistic_regression_smote/performance_metrics_logistic_regression_smote.png
2025-07-08 08:36:43,304 - ModelingPipeline - INFO - 개별 혼동행렬 저장: /Users/jojongho/KDT/P2_Default-invest/outputs/modeling_runs/default_modeling_run_20250708_030439/visualizations/individual_models/logistic_regression_smote/confusion_matrix_logistic_regression_smote.png
2025-07-08 08:36:43,518 - ModelingPipeline - INFO - 개별 임계값 분석 저장: /Users/jojongho/KDT/P2_Default-invest/outputs/modeling_runs/default_modeling_run_20250708_030439/visualizations/individual_models/logistic_regression_smote/threshold_analysis_logistic_regression_smote.png
2025-07-08 08:36:43,518 - ModelingPipeline - INFO - 개별 시각화 생성: random_forest_smote
2025-07-08 08:36:43,660 - ModelingPipeline - INFO - 개별 ROC 곡선 저장: /Users/jojongho/KDT/P2_Default-invest/outputs/modeling_runs/default_modeling_run_20250708_030439/visualizations/individual_models/random_forest_smote/roc_curve_random_forest_smote.png
2025-07-08 08:36:43,786 - ModelingPipeline - INFO - 개별 PR 곡선 저장: /Users/jojongho/KDT/P2_Default-invest/outputs/modeling_runs/default_modeling_run_20250708_030439/visualizations/individual_models/random_forest_smote/pr_curve_random_forest_smote.png
2025-07-08 08:36:43,912 - ModelingPipeline - INFO - 개별 성능 메트릭 저장: /Users/jojongho/KDT/P2_Default-invest/outputs/modeling_runs/default_modeling_run_20250708_030439/visualizations/individual_models/random_forest_smote/performance_metrics_random_forest_smote.png
2025-07-08 08:36:44,024 - ModelingPipeline - INFO - 개별 혼동행렬 저장: /Users/jojongho/KDT/P2_Default-invest/outputs/modeling_runs/default_modeling_run_20250708_030439/visualizations/individual_models/random_forest_smote/confusion_matrix_random_forest_smote.png
2025-07-08 08:36:44,285 - ModelingPipeline - INFO - 개별 임계값 분석 저장: /Users/jojongho/KDT/P2_Default-invest/outputs/modeling_runs/default_modeling_run_20250708_030439/visualizations/individual_models/random_forest_smote/threshold_analysis_random_forest_smote.png
2025-07-08 08:36:44,285 - ModelingPipeline - INFO - 개별 시각화 생성: xgboost_smote
2025-07-08 08:36:44,422 - ModelingPipeline - INFO - 개별 ROC 곡선 저장: /Users/jojongho/KDT/P2_Default-invest/outputs/modeling_runs/default_modeling_run_20250708_030439/visualizations/individual_models/xgboost_smote/roc_curve_xgboost_smote.png
2025-07-08 08:36:44,551 - ModelingPipeline - INFO - 개별 PR 곡선 저장: /Users/jojongho/KDT/P2_Default-invest/outputs/modeling_runs/default_modeling_run_20250708_030439/visualizations/individual_models/xgboost_smote/pr_curve_xgboost_smote.png
2025-07-08 08:36:44,675 - ModelingPipeline - INFO - 개별 성능 메트릭 저장: /Users/jojongho/KDT/P2_Default-invest/outputs/modeling_runs/default_modeling_run_20250708_030439/visualizations/individual_models/xgboost_smote/performance_metrics_xgboost_smote.png
2025-07-08 08:36:44,792 - ModelingPipeline - INFO - 개별 혼동행렬 저장: /Users/jojongho/KDT/P2_Default-invest/outputs/modeling_runs/default_modeling_run_20250708_030439/visualizations/individual_models/xgboost_smote/confusion_matrix_xgboost_smote.png
2025-07-08 08:36:45,040 - ModelingPipeline - INFO - 개별 임계값 분석 저장: /Users/jojongho/KDT/P2_Default-invest/outputs/modeling_runs/default_modeling_run_20250708_030439/visualizations/individual_models/xgboost_smote/threshold_analysis_xgboost_smote.png
2025-07-08 08:36:45,040 - ModelingPipeline - INFO - 개별 시각화 생성: logistic_regression_undersampling
2025-07-08 08:36:45,181 - ModelingPipeline - INFO - 개별 ROC 곡선 저장: /Users/jojongho/KDT/P2_Default-invest/outputs/modeling_runs/default_modeling_run_20250708_030439/visualizations/individual_models/logistic_regression_undersampling/roc_curve_logistic_regression_undersampling.png
2025-07-08 08:36:45,296 - ModelingPipeline - INFO - 개별 PR 곡선 저장: /Users/jojongho/KDT/P2_Default-invest/outputs/modeling_runs/default_modeling_run_20250708_030439/visualizations/individual_models/logistic_regression_undersampling/pr_curve_logistic_regression_undersampling.png
2025-07-08 08:36:45,422 - ModelingPipeline - INFO - 개별 성능 메트릭 저장: /Users/jojongho/KDT/P2_Default-invest/outputs/modeling_runs/default_modeling_run_20250708_030439/visualizations/individual_models/logistic_regression_undersampling/performance_metrics_logistic_regression_undersampling.png
2025-07-08 08:36:45,538 - ModelingPipeline - INFO - 개별 혼동행렬 저장: /Users/jojongho/KDT/P2_Default-invest/outputs/modeling_runs/default_modeling_run_20250708_030439/visualizations/individual_models/logistic_regression_undersampling/confusion_matrix_logistic_regression_undersampling.png
2025-07-08 08:36:45,776 - ModelingPipeline - INFO - 개별 임계값 분석 저장: /Users/jojongho/KDT/P2_Default-invest/outputs/modeling_runs/default_modeling_run_20250708_030439/visualizations/individual_models/logistic_regression_undersampling/threshold_analysis_logistic_regression_undersampling.png
2025-07-08 08:36:45,776 - ModelingPipeline - INFO - 개별 시각화 생성: random_forest_undersampling
2025-07-08 08:36:45,918 - ModelingPipeline - INFO - 개별 ROC 곡선 저장: /Users/jojongho/KDT/P2_Default-invest/outputs/modeling_runs/default_modeling_run_20250708_030439/visualizations/individual_models/random_forest_undersampling/roc_curve_random_forest_undersampling.png
2025-07-08 08:36:46,052 - ModelingPipeline - INFO - 개별 PR 곡선 저장: /Users/jojongho/KDT/P2_Default-invest/outputs/modeling_runs/default_modeling_run_20250708_030439/visualizations/individual_models/random_forest_undersampling/pr_curve_random_forest_undersampling.png
2025-07-08 08:36:46,178 - ModelingPipeline - INFO - 개별 성능 메트릭 저장: /Users/jojongho/KDT/P2_Default-invest/outputs/modeling_runs/default_modeling_run_20250708_030439/visualizations/individual_models/random_forest_undersampling/performance_metrics_random_forest_undersampling.png
2025-07-08 08:36:46,295 - ModelingPipeline - INFO - 개별 혼동행렬 저장: /Users/jojongho/KDT/P2_Default-invest/outputs/modeling_runs/default_modeling_run_20250708_030439/visualizations/individual_models/random_forest_undersampling/confusion_matrix_random_forest_undersampling.png
2025-07-08 08:36:46,561 - ModelingPipeline - INFO - 개별 임계값 분석 저장: /Users/jojongho/KDT/P2_Default-invest/outputs/modeling_runs/default_modeling_run_20250708_030439/visualizations/individual_models/random_forest_undersampling/threshold_analysis_random_forest_undersampling.png
2025-07-08 08:36:46,561 - ModelingPipeline - INFO - 개별 시각화 생성: xgboost_undersampling
2025-07-08 08:36:46,701 - ModelingPipeline - INFO - 개별 ROC 곡선 저장: /Users/jojongho/KDT/P2_Default-invest/outputs/modeling_runs/default_modeling_run_20250708_030439/visualizations/individual_models/xgboost_undersampling/roc_curve_xgboost_undersampling.png
2025-07-08 08:36:46,826 - ModelingPipeline - INFO - 개별 PR 곡선 저장: /Users/jojongho/KDT/P2_Default-invest/outputs/modeling_runs/default_modeling_run_20250708_030439/visualizations/individual_models/xgboost_undersampling/pr_curve_xgboost_undersampling.png
2025-07-08 08:36:46,956 - ModelingPipeline - INFO - 개별 성능 메트릭 저장: /Users/jojongho/KDT/P2_Default-invest/outputs/modeling_runs/default_modeling_run_20250708_030439/visualizations/individual_models/xgboost_undersampling/performance_metrics_xgboost_undersampling.png
2025-07-08 08:36:47,068 - ModelingPipeline - INFO - 개별 혼동행렬 저장: /Users/jojongho/KDT/P2_Default-invest/outputs/modeling_runs/default_modeling_run_20250708_030439/visualizations/individual_models/xgboost_undersampling/confusion_matrix_xgboost_undersampling.png
2025-07-08 08:36:47,318 - ModelingPipeline - INFO - 개별 임계값 분석 저장: /Users/jojongho/KDT/P2_Default-invest/outputs/modeling_runs/default_modeling_run_20250708_030439/visualizations/individual_models/xgboost_undersampling/threshold_analysis_xgboost_undersampling.png
2025-07-08 08:36:47,318 - ModelingPipeline - INFO - 개별 시각화 생성: logistic_regression_combined
2025-07-08 08:36:47,459 - ModelingPipeline - INFO - 개별 ROC 곡선 저장: /Users/jojongho/KDT/P2_Default-invest/outputs/modeling_runs/default_modeling_run_20250708_030439/visualizations/individual_models/logistic_regression_combined/roc_curve_logistic_regression_combined.png
2025-07-08 08:36:47,571 - ModelingPipeline - INFO - 개별 PR 곡선 저장: /Users/jojongho/KDT/P2_Default-invest/outputs/modeling_runs/default_modeling_run_20250708_030439/visualizations/individual_models/logistic_regression_combined/pr_curve_logistic_regression_combined.png
2025-07-08 08:36:47,699 - ModelingPipeline - INFO - 개별 성능 메트릭 저장: /Users/jojongho/KDT/P2_Default-invest/outputs/modeling_runs/default_modeling_run_20250708_030439/visualizations/individual_models/logistic_regression_combined/performance_metrics_logistic_regression_combined.png
2025-07-08 08:36:47,808 - ModelingPipeline - INFO - 개별 혼동행렬 저장: /Users/jojongho/KDT/P2_Default-invest/outputs/modeling_runs/default_modeling_run_20250708_030439/visualizations/individual_models/logistic_regression_combined/confusion_matrix_logistic_regression_combined.png
2025-07-08 08:36:48,055 - ModelingPipeline - INFO - 개별 임계값 분석 저장: /Users/jojongho/KDT/P2_Default-invest/outputs/modeling_runs/default_modeling_run_20250708_030439/visualizations/individual_models/logistic_regression_combined/threshold_analysis_logistic_regression_combined.png
2025-07-08 08:36:48,056 - ModelingPipeline - INFO - 개별 시각화 생성: random_forest_combined
2025-07-08 08:36:48,203 - ModelingPipeline - INFO - 개별 ROC 곡선 저장: /Users/jojongho/KDT/P2_Default-invest/outputs/modeling_runs/default_modeling_run_20250708_030439/visualizations/individual_models/random_forest_combined/roc_curve_random_forest_combined.png
2025-07-08 08:36:48,327 - ModelingPipeline - INFO - 개별 PR 곡선 저장: /Users/jojongho/KDT/P2_Default-invest/outputs/modeling_runs/default_modeling_run_20250708_030439/visualizations/individual_models/random_forest_combined/pr_curve_random_forest_combined.png
2025-07-08 08:36:48,456 - ModelingPipeline - INFO - 개별 성능 메트릭 저장: /Users/jojongho/KDT/P2_Default-invest/outputs/modeling_runs/default_modeling_run_20250708_030439/visualizations/individual_models/random_forest_combined/performance_metrics_random_forest_combined.png
2025-07-08 08:36:48,613 - ModelingPipeline - INFO - 개별 혼동행렬 저장: /Users/jojongho/KDT/P2_Default-invest/outputs/modeling_runs/default_modeling_run_20250708_030439/visualizations/individual_models/random_forest_combined/confusion_matrix_random_forest_combined.png
2025-07-08 08:36:48,875 - ModelingPipeline - INFO - 개별 임계값 분석 저장: /Users/jojongho/KDT/P2_Default-invest/outputs/modeling_runs/default_modeling_run_20250708_030439/visualizations/individual_models/random_forest_combined/threshold_analysis_random_forest_combined.png
2025-07-08 08:36:48,875 - ModelingPipeline - INFO - 개별 시각화 생성: xgboost_combined
2025-07-08 08:36:49,012 - ModelingPipeline - INFO - 개별 ROC 곡선 저장: /Users/jojongho/KDT/P2_Default-invest/outputs/modeling_runs/default_modeling_run_20250708_030439/visualizations/individual_models/xgboost_combined/roc_curve_xgboost_combined.png
2025-07-08 08:36:49,136 - ModelingPipeline - INFO - 개별 PR 곡선 저장: /Users/jojongho/KDT/P2_Default-invest/outputs/modeling_runs/default_modeling_run_20250708_030439/visualizations/individual_models/xgboost_combined/pr_curve_xgboost_combined.png
2025-07-08 08:36:49,262 - ModelingPipeline - INFO - 개별 성능 메트릭 저장: /Users/jojongho/KDT/P2_Default-invest/outputs/modeling_runs/default_modeling_run_20250708_030439/visualizations/individual_models/xgboost_combined/performance_metrics_xgboost_combined.png
2025-07-08 08:36:49,374 - ModelingPipeline - INFO - 개별 혼동행렬 저장: /Users/jojongho/KDT/P2_Default-invest/outputs/modeling_runs/default_modeling_run_20250708_030439/visualizations/individual_models/xgboost_combined/confusion_matrix_xgboost_combined.png
2025-07-08 08:36:49,624 - ModelingPipeline - INFO - 개별 임계값 분석 저장: /Users/jojongho/KDT/P2_Default-invest/outputs/modeling_runs/default_modeling_run_20250708_030439/visualizations/individual_models/xgboost_combined/threshold_analysis_xgboost_combined.png
2025-07-08 08:36:49,624 - ModelingPipeline - INFO - 개별 시각화 생성: ensemble_combined_models
2025-07-08 08:36:49,957 - ModelingPipeline - INFO - 개별 ROC 곡선 저장: /Users/jojongho/KDT/P2_Default-invest/outputs/modeling_runs/default_modeling_run_20250708_030439/visualizations/individual_models/ensemble_combined_models/roc_curve_ensemble_combined_models.png
2025-07-08 08:36:50,271 - ModelingPipeline - INFO - 개별 PR 곡선 저장: /Users/jojongho/KDT/P2_Default-invest/outputs/modeling_runs/default_modeling_run_20250708_030439/visualizations/individual_models/ensemble_combined_models/pr_curve_ensemble_combined_models.png
2025-07-08 08:36:50,396 - ModelingPipeline - INFO - 개별 성능 메트릭 저장: /Users/jojongho/KDT/P2_Default-invest/outputs/modeling_runs/default_modeling_run_20250708_030439/visualizations/individual_models/ensemble_combined_models/performance_metrics_ensemble_combined_models.png
2025-07-08 08:36:50,701 - ModelingPipeline - INFO - 개별 혼동행렬 저장: /Users/jojongho/KDT/P2_Default-invest/outputs/modeling_runs/default_modeling_run_20250708_030439/visualizations/individual_models/ensemble_combined_models/confusion_matrix_ensemble_combined_models.png
2025-07-08 08:36:51,155 - ModelingPipeline - INFO - 개별 임계값 분석 저장: /Users/jojongho/KDT/P2_Default-invest/outputs/modeling_runs/default_modeling_run_20250708_030439/visualizations/individual_models/ensemble_combined_models/threshold_analysis_ensemble_combined_models.png
2025-07-08 08:36:51,155 - ModelingPipeline - INFO - 통합 시각화 생성 중...
2025-07-08 08:36:51,621 - ModelingPipeline - INFO - ROC 곡선 저장 완료: /Users/jojongho/KDT/P2_Default-invest/outputs/modeling_runs/default_modeling_run_20250708_030439/visualizations/combined/roc_curves_comparison.png
2025-07-08 08:36:52,063 - ModelingPipeline - INFO - PR 곡선 저장 완료: /Users/jojongho/KDT/P2_Default-invest/outputs/modeling_runs/default_modeling_run_20250708_030439/visualizations/combined/pr_curves_comparison.png
2025-07-08 08:36:52,714 - ModelingPipeline - INFO - 성능 비교 차트 저장 완료: /Users/jojongho/KDT/P2_Default-invest/outputs/modeling_runs/default_modeling_run_20250708_030439/visualizations/combined/performance_comparison.png
2025-07-08 08:36:52,714 - ModelingPipeline - INFO - 특성 중요도를 시각화할 tree 기반 모델이 없습니다.
2025-07-08 08:36:52,714 - ModelingPipeline - INFO - Threshold 분석을 위한 유효한 모델이 없습니다.
2025-07-08 08:36:52,714 - ModelingPipeline - INFO - Train vs Test 비교를 위한 모델이 없습니다.
2025-07-08 08:36:53,260 - ModelingPipeline - INFO - 앙상블 가중치 차트 저장 완료: /Users/jojongho/KDT/P2_Default-invest/outputs/modeling_runs/default_modeling_run_20250708_030439/visualizations/combined/ensemble_weights.png
2025-07-08 08:36:53,956 - ModelingPipeline - INFO - 앙상블 성능 비교 차트 저장 완료: /Users/jojongho/KDT/P2_Default-invest/outputs/modeling_runs/default_modeling_run_20250708_030439/visualizations/combined/ensemble.png
2025-07-08 08:36:53,956 - ModelingPipeline - INFO - 앙상블 성능 비교 결과:
2025-07-08 08:36:53,956 - ModelingPipeline - INFO -   LOGISTIC_REGRESSION: AUC=0.582, F1=0.054, Precision=0.033, Recall=0.145
2025-07-08 08:36:53,956 - ModelingPipeline - INFO -   LOGISTIC_REGRESSION_SMOTE: AUC=0.675, F1=0.071, Precision=0.043, Recall=0.197
2025-07-08 08:36:53,956 - ModelingPipeline - INFO -   LOGISTIC_REGRESSION_UNDERSAMPLING: AUC=0.639, F1=0.064, Precision=0.037, Recall=0.248
2025-07-08 08:36:53,956 - ModelingPipeline - INFO -   LOGISTIC_REGRESSION_COMBINED: AUC=0.659, F1=0.073, Precision=0.039, Recall=0.624
2025-07-08 08:36:53,956 - ModelingPipeline - INFO -   RANDOM_FOREST: AUC=0.825, F1=0.220, Precision=0.147, Recall=0.436
2025-07-08 08:36:53,956 - ModelingPipeline - INFO -   RANDOM_FOREST_SMOTE: AUC=0.822, F1=0.205, Precision=0.135, Recall=0.419
2025-07-08 08:36:53,956 - ModelingPipeline - INFO -   RANDOM_FOREST_UNDERSAMPLING: AUC=0.836, F1=0.196, Precision=0.137, Recall=0.342
2025-07-08 08:36:53,956 - ModelingPipeline - INFO -   RANDOM_FOREST_COMBINED: AUC=0.826, F1=0.218, Precision=0.148, Recall=0.419
2025-07-08 08:36:53,956 - ModelingPipeline - INFO -   XGBOOST: AUC=0.829, F1=0.242, Precision=0.161, Recall=0.487
2025-07-08 08:36:53,956 - ModelingPipeline - INFO -   XGBOOST_SMOTE: AUC=0.827, F1=0.234, Precision=0.180, Recall=0.333
2025-07-08 08:36:53,956 - ModelingPipeline - INFO -   XGBOOST_UNDERSAMPLING: AUC=0.826, F1=0.211, Precision=0.138, Recall=0.444
2025-07-08 08:36:53,956 - ModelingPipeline - INFO -   XGBOOST_COMBINED: AUC=0.834, F1=0.236, Precision=0.180, Recall=0.342
2025-07-08 08:36:53,956 - ModelingPipeline - INFO - 시각화 생성 완료
2025-07-08 08:36:53,956 - ModelingPipeline - INFO - 결과 저장 시작
2025-07-08 08:36:53,957 - ModelingPipeline - INFO - normal__logistic_regression 모델 저장: /Users/jojongho/KDT/P2_Default-invest/outputs/modeling_runs/default_modeling_run_20250708_030439/models/normal__logistic_regression_model.joblib
2025-07-08 08:36:54,019 - ModelingPipeline - INFO - normal__random_forest 모델 저장: /Users/jojongho/KDT/P2_Default-invest/outputs/modeling_runs/default_modeling_run_20250708_030439/models/normal__random_forest_model.joblib
2025-07-08 08:36:54,025 - ModelingPipeline - INFO - normal__xgboost 모델 저장: /Users/jojongho/KDT/P2_Default-invest/outputs/modeling_runs/default_modeling_run_20250708_030439/models/normal__xgboost_model.joblib
2025-07-08 08:36:54,025 - ModelingPipeline - INFO - smote__logistic_regression 모델 저장: /Users/jojongho/KDT/P2_Default-invest/outputs/modeling_runs/default_modeling_run_20250708_030439/models/smote__logistic_regression_model.joblib
2025-07-08 08:36:54,096 - ModelingPipeline - INFO - smote__random_forest 모델 저장: /Users/jojongho/KDT/P2_Default-invest/outputs/modeling_runs/default_modeling_run_20250708_030439/models/smote__random_forest_model.joblib
2025-07-08 08:36:54,103 - ModelingPipeline - INFO - smote__xgboost 모델 저장: /Users/jojongho/KDT/P2_Default-invest/outputs/modeling_runs/default_modeling_run_20250708_030439/models/smote__xgboost_model.joblib
2025-07-08 08:36:54,104 - ModelingPipeline - INFO - undersampling__logistic_regression 모델 저장: /Users/jojongho/KDT/P2_Default-invest/outputs/modeling_runs/default_modeling_run_20250708_030439/models/undersampling__logistic_regression_model.joblib
2025-07-08 08:36:54,159 - ModelingPipeline - INFO - undersampling__random_forest 모델 저장: /Users/jojongho/KDT/P2_Default-invest/outputs/modeling_runs/default_modeling_run_20250708_030439/models/undersampling__random_forest_model.joblib
2025-07-08 08:36:54,162 - ModelingPipeline - INFO - undersampling__xgboost 모델 저장: /Users/jojongho/KDT/P2_Default-invest/outputs/modeling_runs/default_modeling_run_20250708_030439/models/undersampling__xgboost_model.joblib
2025-07-08 08:36:54,162 - ModelingPipeline - INFO - combined__logistic_regression 모델 저장: /Users/jojongho/KDT/P2_Default-invest/outputs/modeling_runs/default_modeling_run_20250708_030439/models/combined__logistic_regression_model.joblib
2025-07-08 08:36:54,224 - ModelingPipeline - INFO - combined__random_forest 모델 저장: /Users/jojongho/KDT/P2_Default-invest/outputs/modeling_runs/default_modeling_run_20250708_030439/models/combined__random_forest_model.joblib
2025-07-08 08:36:54,229 - ModelingPipeline - INFO - combined__xgboost 모델 저장: /Users/jojongho/KDT/P2_Default-invest/outputs/modeling_runs/default_modeling_run_20250708_030439/models/combined__xgboost_model.joblib
2025-07-08 08:36:54,350 - ModelingPipeline - INFO - combined_models__ensemble 모델 저장: /Users/jojongho/KDT/P2_Default-invest/outputs/modeling_runs/default_modeling_run_20250708_030439/models/combined_models__ensemble_model.joblib
2025-07-08 08:36:54,472 - ModelingPipeline - INFO - 전체 결과 저장: /Users/jojongho/KDT/P2_Default-invest/outputs/modeling_runs/default_modeling_run_20250708_030439/results/modeling_results.json
2025-07-08 08:36:54,473 - ModelingPipeline - INFO - 설정 저장: /Users/jojongho/KDT/P2_Default-invest/outputs/modeling_runs/default_modeling_run_20250708_030439/modeling_config.json
2025-07-08 08:36:54,475 - ModelingPipeline - INFO - 실행 결과 요약:
2025-07-08 08:36:54,479 - ModelingPipeline - INFO - 
                  Model        Data_Type  Optimal_Threshold  CV_AUC  CV_AUC_Mean  CV_AP_Mean  CV_F1_Mean  Val_AUC  Val_F1  Test_AUC  Test_Precision  Test_Recall  Test_F1  Test_Balanced_Acc  Test_Average_Precision
0   logistic_regression           NORMAL             0.4940  0.0565       0.0565           0           0   0.6926  0.1669    0.5817          0.0328       0.1453   0.0535             0.5138                  0.0362
1         random_forest           NORMAL             0.3739  0.2953       0.2953           0           0   0.8545  0.3153    0.8250          0.1474       0.4359   0.2203             0.6833                  0.1499
2               xgboost           NORMAL             0.2387  0.3203       0.3203           0           0   0.8483  0.3067    0.8293          0.1606       0.4872   0.2415             0.7086                  0.1616
3   logistic_regression            SMOTE             0.4800  0.0537       0.0537           0           0   0.7538  0.2065    0.6751          0.0433       0.1966   0.0710             0.5387                  0.0427
4         random_forest            SMOTE             0.4119  0.2708       0.2708           0           0   0.8460  0.2927    0.8219          0.1354       0.4188   0.2046             0.6727                  0.1391
5               xgboost            SMOTE             0.4479  0.3094       0.3094           0           0   0.8300  0.2938    0.8266          0.1797       0.3333   0.2335             0.6458                  0.1498
6   logistic_regression    UNDERSAMPLING             0.4950  0.0758       0.0758           0           0   0.7250  0.1911    0.6391          0.0368       0.2479   0.0641             0.5348                  0.0381
7         random_forest    UNDERSAMPLING             0.4089  0.3100       0.3100           0           0   0.8655  0.3351    0.8357          0.1370       0.3419   0.1956             0.6414                  0.1611
8               xgboost    UNDERSAMPLING             0.2097  0.3278       0.3278           0           0   0.8298  0.2893    0.8259          0.1379       0.4444   0.2105             0.6841                  0.1631
9   logistic_regression         COMBINED             0.5000  0.0713       0.0713           0           0   0.7433  0.1456    0.6587          0.0390       0.6239   0.0734             0.6007                  0.0407
10        random_forest         COMBINED             0.3539  0.2886       0.2886           0           0   0.8442  0.2943    0.8262          0.1476       0.4188   0.2183             0.6762                  0.1460
11              xgboost         COMBINED             0.3729  0.3189       0.3189           0           0   0.8431  0.2998    0.8343          0.1802       0.3419   0.2360             0.6496                  0.1717
12             ensemble  COMBINED_MODELS             0.3000  0.3278       0.3278           0           0   0.0000  0.0000    0.8389          0.1465       0.4872   0.2253             0.7046                  0.1655
2025-07-08 08:36:54,479 - ModelingPipeline - INFO - 요약 테이블 저장: /Users/jojongho/KDT/P2_Default-invest/outputs/modeling_runs/default_modeling_run_20250708_030439/results/summary_table.csv
2025-07-08 08:36:54,479 - ModelingPipeline - INFO - === 모델링 파이프라인 완료 ===
