2025-07-02 11:28:17,050 - ModelingPipeline - INFO - 모델링 파이프라인이 초기화되었습니다.
2025-07-02 11:28:17,051 - ModelingPipeline - INFO - 실행 이름: default_modeling_run_20250702_112817
2025-07-02 11:28:17,051 - ModelingPipeline - INFO - 출력 경로: /Users/jojongho/KDT/P2_Default-invest/outputs/modeling_runs/default_modeling_run_20250702_112817
2025-07-02 11:28:17,051 - ModelingPipeline - INFO - === 모델링 파이프라인 시작 ===
2025-07-02 11:28:17,051 - ModelingPipeline - INFO - 데이터 로드 시작
2025-07-02 11:28:17,051 - ModelingPipeline - INFO - 오버라이드된 데이터 경로 사용: data/final
2025-07-02 11:28:17,122 - ModelingPipeline - INFO - Train: (10745, 33), 부실비율: 0.58%
2025-07-02 11:28:17,123 - ModelingPipeline - INFO - Validation: (4417, 33), 부실비율: 0.57%
2025-07-02 11:28:17,123 - ModelingPipeline - INFO - Test: (6438, 33), 부실비율: 0.50%
2025-07-02 11:28:17,123 - ModelingPipeline - INFO - 모든 모델 실행 시작
2025-07-02 11:28:17,123 - ModelingPipeline - INFO - 특성 선택 방법: LOGISTIC_REGRESSION_CV (NORMAL)
2025-07-02 11:28:19,819 - ModelingPipeline - INFO - 최적 C: 10.000000
2025-07-02 11:28:19,820 - ModelingPipeline - INFO - CV 점수: 0.1581 (±0.1652)
2025-07-02 11:28:19,824 - ModelingPipeline - INFO - 선택된 특성: 17/33
2025-07-02 11:28:19,825 - ModelingPipeline - INFO - 활성화된 데이터 타입: ['normal', 'smote', 'undersampling', 'combined']
2025-07-02 11:28:19,825 - ModelingPipeline - INFO - 활성화된 모델: ['logistic_regression', 'random_forest', 'xgboost']
2025-07-02 11:28:19,825 - ModelingPipeline - INFO - NORMAL 데이터 처리
2025-07-02 11:28:19,826 - ModelingPipeline - INFO - logistic_regression 최적화 시작 (NORMAL)
2025-07-02 11:28:19,826 - ModelingPipeline - INFO - Logistic Regression 클래스 불균형 가중치: class_weight=auto
2025-07-02 11:28:19,826 - ModelingPipeline - INFO - 최적화 메트릭: PRECISION
2025-07-02 11:28:19,835 - ModelingPipeline - WARNING - Fold 1 NORMAL 처리 실패: The 'class_weight' parameter of LogisticRegression must be an instance of 'dict', a str among {'balanced'} or None. Got 'auto' instead.
2025-07-02 11:28:19,835 - ModelingPipeline - ERROR - Fold 1 완전 실패: The 'class_weight' parameter of LogisticRegression must be an instance of 'dict', a str among {'balanced'} or None. Got 'auto' instead.
2025-07-02 11:28:19,842 - ModelingPipeline - WARNING - Fold 2 NORMAL 처리 실패: The 'class_weight' parameter of LogisticRegression must be an instance of 'dict', a str among {'balanced'} or None. Got 'auto' instead.
2025-07-02 11:28:19,842 - ModelingPipeline - ERROR - Fold 2 완전 실패: The 'class_weight' parameter of LogisticRegression must be an instance of 'dict', a str among {'balanced'} or None. Got 'auto' instead.
2025-07-02 11:28:19,850 - ModelingPipeline - WARNING - Fold 3 NORMAL 처리 실패: The 'class_weight' parameter of LogisticRegression must be an instance of 'dict', a str among {'balanced'} or None. Got 'auto' instead.
2025-07-02 11:28:19,850 - ModelingPipeline - ERROR - Fold 3 완전 실패: The 'class_weight' parameter of LogisticRegression must be an instance of 'dict', a str among {'balanced'} or None. Got 'auto' instead.
2025-07-02 11:28:19,851 - ModelingPipeline - INFO - Trial 1/20 - Current: 0.0000, Best: 0.0000
2025-07-02 11:28:19,859 - ModelingPipeline - WARNING - Fold 1 NORMAL 처리 실패: The 'class_weight' parameter of LogisticRegression must be an instance of 'dict', a str among {'balanced'} or None. Got 'auto' instead.
2025-07-02 11:28:19,859 - ModelingPipeline - ERROR - Fold 1 완전 실패: The 'class_weight' parameter of LogisticRegression must be an instance of 'dict', a str among {'balanced'} or None. Got 'auto' instead.
2025-07-02 11:28:19,867 - ModelingPipeline - WARNING - Fold 2 NORMAL 처리 실패: The 'class_weight' parameter of LogisticRegression must be an instance of 'dict', a str among {'balanced'} or None. Got 'auto' instead.
2025-07-02 11:28:19,868 - ModelingPipeline - ERROR - Fold 2 완전 실패: The 'class_weight' parameter of LogisticRegression must be an instance of 'dict', a str among {'balanced'} or None. Got 'auto' instead.
2025-07-02 11:28:19,876 - ModelingPipeline - WARNING - Fold 3 NORMAL 처리 실패: The 'class_weight' parameter of LogisticRegression must be an instance of 'dict', a str among {'balanced'} or None. Got 'auto' instead.
2025-07-02 11:28:19,876 - ModelingPipeline - ERROR - Fold 3 완전 실패: The 'class_weight' parameter of LogisticRegression must be an instance of 'dict', a str among {'balanced'} or None. Got 'auto' instead.
2025-07-02 11:28:19,884 - ModelingPipeline - WARNING - Fold 1 NORMAL 처리 실패: The 'class_weight' parameter of LogisticRegression must be an instance of 'dict', a str among {'balanced'} or None. Got 'auto' instead.
2025-07-02 11:28:19,885 - ModelingPipeline - ERROR - Fold 1 완전 실패: The 'class_weight' parameter of LogisticRegression must be an instance of 'dict', a str among {'balanced'} or None. Got 'auto' instead.
2025-07-02 11:28:19,891 - ModelingPipeline - WARNING - Fold 2 NORMAL 처리 실패: The 'class_weight' parameter of LogisticRegression must be an instance of 'dict', a str among {'balanced'} or None. Got 'auto' instead.
2025-07-02 11:28:19,891 - ModelingPipeline - ERROR - Fold 2 완전 실패: The 'class_weight' parameter of LogisticRegression must be an instance of 'dict', a str among {'balanced'} or None. Got 'auto' instead.
2025-07-02 11:28:19,897 - ModelingPipeline - WARNING - Fold 3 NORMAL 처리 실패: The 'class_weight' parameter of LogisticRegression must be an instance of 'dict', a str among {'balanced'} or None. Got 'auto' instead.
2025-07-02 11:28:19,898 - ModelingPipeline - ERROR - Fold 3 완전 실패: The 'class_weight' parameter of LogisticRegression must be an instance of 'dict', a str among {'balanced'} or None. Got 'auto' instead.
2025-07-02 11:28:19,906 - ModelingPipeline - WARNING - Fold 1 NORMAL 처리 실패: The 'class_weight' parameter of LogisticRegression must be an instance of 'dict', a str among {'balanced'} or None. Got 'auto' instead.
2025-07-02 11:28:19,906 - ModelingPipeline - ERROR - Fold 1 완전 실패: The 'class_weight' parameter of LogisticRegression must be an instance of 'dict', a str among {'balanced'} or None. Got 'auto' instead.
2025-07-02 11:28:19,913 - ModelingPipeline - WARNING - Fold 2 NORMAL 처리 실패: The 'class_weight' parameter of LogisticRegression must be an instance of 'dict', a str among {'balanced'} or None. Got 'auto' instead.
2025-07-02 11:28:19,913 - ModelingPipeline - ERROR - Fold 2 완전 실패: The 'class_weight' parameter of LogisticRegression must be an instance of 'dict', a str among {'balanced'} or None. Got 'auto' instead.
2025-07-02 11:28:19,920 - ModelingPipeline - WARNING - Fold 3 NORMAL 처리 실패: The 'class_weight' parameter of LogisticRegression must be an instance of 'dict', a str among {'balanced'} or None. Got 'auto' instead.
2025-07-02 11:28:19,920 - ModelingPipeline - ERROR - Fold 3 완전 실패: The 'class_weight' parameter of LogisticRegression must be an instance of 'dict', a str among {'balanced'} or None. Got 'auto' instead.
2025-07-02 11:28:19,928 - ModelingPipeline - WARNING - Fold 1 NORMAL 처리 실패: The 'class_weight' parameter of LogisticRegression must be an instance of 'dict', a str among {'balanced'} or None. Got 'auto' instead.
2025-07-02 11:28:19,928 - ModelingPipeline - ERROR - Fold 1 완전 실패: The 'class_weight' parameter of LogisticRegression must be an instance of 'dict', a str among {'balanced'} or None. Got 'auto' instead.
2025-07-02 11:28:19,934 - ModelingPipeline - WARNING - Fold 2 NORMAL 처리 실패: The 'class_weight' parameter of LogisticRegression must be an instance of 'dict', a str among {'balanced'} or None. Got 'auto' instead.
2025-07-02 11:28:19,934 - ModelingPipeline - ERROR - Fold 2 완전 실패: The 'class_weight' parameter of LogisticRegression must be an instance of 'dict', a str among {'balanced'} or None. Got 'auto' instead.
2025-07-02 11:28:19,941 - ModelingPipeline - WARNING - Fold 3 NORMAL 처리 실패: The 'class_weight' parameter of LogisticRegression must be an instance of 'dict', a str among {'balanced'} or None. Got 'auto' instead.
2025-07-02 11:28:19,941 - ModelingPipeline - ERROR - Fold 3 완전 실패: The 'class_weight' parameter of LogisticRegression must be an instance of 'dict', a str among {'balanced'} or None. Got 'auto' instead.
2025-07-02 11:28:19,950 - ModelingPipeline - WARNING - Fold 1 NORMAL 처리 실패: The 'class_weight' parameter of LogisticRegression must be an instance of 'dict', a str among {'balanced'} or None. Got 'auto' instead.
2025-07-02 11:28:19,951 - ModelingPipeline - ERROR - Fold 1 완전 실패: The 'class_weight' parameter of LogisticRegression must be an instance of 'dict', a str among {'balanced'} or None. Got 'auto' instead.
2025-07-02 11:28:19,958 - ModelingPipeline - WARNING - Fold 2 NORMAL 처리 실패: The 'class_weight' parameter of LogisticRegression must be an instance of 'dict', a str among {'balanced'} or None. Got 'auto' instead.
2025-07-02 11:28:19,958 - ModelingPipeline - ERROR - Fold 2 완전 실패: The 'class_weight' parameter of LogisticRegression must be an instance of 'dict', a str among {'balanced'} or None. Got 'auto' instead.
2025-07-02 11:28:19,964 - ModelingPipeline - WARNING - Fold 3 NORMAL 처리 실패: The 'class_weight' parameter of LogisticRegression must be an instance of 'dict', a str among {'balanced'} or None. Got 'auto' instead.
2025-07-02 11:28:19,964 - ModelingPipeline - ERROR - Fold 3 완전 실패: The 'class_weight' parameter of LogisticRegression must be an instance of 'dict', a str among {'balanced'} or None. Got 'auto' instead.
2025-07-02 11:28:19,965 - ModelingPipeline - INFO - Trial 6/20 - Current: 0.0000, Best: 0.0000
2025-07-02 11:28:19,973 - ModelingPipeline - WARNING - Fold 1 NORMAL 처리 실패: The 'class_weight' parameter of LogisticRegression must be an instance of 'dict', a str among {'balanced'} or None. Got 'auto' instead.
2025-07-02 11:28:19,973 - ModelingPipeline - ERROR - Fold 1 완전 실패: The 'class_weight' parameter of LogisticRegression must be an instance of 'dict', a str among {'balanced'} or None. Got 'auto' instead.
2025-07-02 11:28:19,980 - ModelingPipeline - WARNING - Fold 2 NORMAL 처리 실패: The 'class_weight' parameter of LogisticRegression must be an instance of 'dict', a str among {'balanced'} or None. Got 'auto' instead.
2025-07-02 11:28:19,980 - ModelingPipeline - ERROR - Fold 2 완전 실패: The 'class_weight' parameter of LogisticRegression must be an instance of 'dict', a str among {'balanced'} or None. Got 'auto' instead.
2025-07-02 11:28:19,987 - ModelingPipeline - WARNING - Fold 3 NORMAL 처리 실패: The 'class_weight' parameter of LogisticRegression must be an instance of 'dict', a str among {'balanced'} or None. Got 'auto' instead.
2025-07-02 11:28:19,988 - ModelingPipeline - ERROR - Fold 3 완전 실패: The 'class_weight' parameter of LogisticRegression must be an instance of 'dict', a str among {'balanced'} or None. Got 'auto' instead.
2025-07-02 11:28:19,995 - ModelingPipeline - WARNING - Fold 1 NORMAL 처리 실패: The 'class_weight' parameter of LogisticRegression must be an instance of 'dict', a str among {'balanced'} or None. Got 'auto' instead.
2025-07-02 11:28:19,995 - ModelingPipeline - ERROR - Fold 1 완전 실패: The 'class_weight' parameter of LogisticRegression must be an instance of 'dict', a str among {'balanced'} or None. Got 'auto' instead.
2025-07-02 11:28:20,003 - ModelingPipeline - WARNING - Fold 2 NORMAL 처리 실패: The 'class_weight' parameter of LogisticRegression must be an instance of 'dict', a str among {'balanced'} or None. Got 'auto' instead.
2025-07-02 11:28:20,003 - ModelingPipeline - ERROR - Fold 2 완전 실패: The 'class_weight' parameter of LogisticRegression must be an instance of 'dict', a str among {'balanced'} or None. Got 'auto' instead.
2025-07-02 11:28:20,010 - ModelingPipeline - WARNING - Fold 3 NORMAL 처리 실패: The 'class_weight' parameter of LogisticRegression must be an instance of 'dict', a str among {'balanced'} or None. Got 'auto' instead.
2025-07-02 11:28:20,010 - ModelingPipeline - ERROR - Fold 3 완전 실패: The 'class_weight' parameter of LogisticRegression must be an instance of 'dict', a str among {'balanced'} or None. Got 'auto' instead.
2025-07-02 11:28:20,018 - ModelingPipeline - WARNING - Fold 1 NORMAL 처리 실패: The 'class_weight' parameter of LogisticRegression must be an instance of 'dict', a str among {'balanced'} or None. Got 'auto' instead.
2025-07-02 11:28:20,018 - ModelingPipeline - ERROR - Fold 1 완전 실패: The 'class_weight' parameter of LogisticRegression must be an instance of 'dict', a str among {'balanced'} or None. Got 'auto' instead.
2025-07-02 11:28:20,024 - ModelingPipeline - WARNING - Fold 2 NORMAL 처리 실패: The 'class_weight' parameter of LogisticRegression must be an instance of 'dict', a str among {'balanced'} or None. Got 'auto' instead.
2025-07-02 11:28:20,025 - ModelingPipeline - ERROR - Fold 2 완전 실패: The 'class_weight' parameter of LogisticRegression must be an instance of 'dict', a str among {'balanced'} or None. Got 'auto' instead.
2025-07-02 11:28:20,031 - ModelingPipeline - WARNING - Fold 3 NORMAL 처리 실패: The 'class_weight' parameter of LogisticRegression must be an instance of 'dict', a str among {'balanced'} or None. Got 'auto' instead.
2025-07-02 11:28:20,031 - ModelingPipeline - ERROR - Fold 3 완전 실패: The 'class_weight' parameter of LogisticRegression must be an instance of 'dict', a str among {'balanced'} or None. Got 'auto' instead.
2025-07-02 11:28:20,039 - ModelingPipeline - WARNING - Fold 1 NORMAL 처리 실패: The 'class_weight' parameter of LogisticRegression must be an instance of 'dict', a str among {'balanced'} or None. Got 'auto' instead.
2025-07-02 11:28:20,039 - ModelingPipeline - ERROR - Fold 1 완전 실패: The 'class_weight' parameter of LogisticRegression must be an instance of 'dict', a str among {'balanced'} or None. Got 'auto' instead.
2025-07-02 11:28:20,047 - ModelingPipeline - WARNING - Fold 2 NORMAL 처리 실패: The 'class_weight' parameter of LogisticRegression must be an instance of 'dict', a str among {'balanced'} or None. Got 'auto' instead.
2025-07-02 11:28:20,047 - ModelingPipeline - ERROR - Fold 2 완전 실패: The 'class_weight' parameter of LogisticRegression must be an instance of 'dict', a str among {'balanced'} or None. Got 'auto' instead.
2025-07-02 11:28:20,053 - ModelingPipeline - WARNING - Fold 3 NORMAL 처리 실패: The 'class_weight' parameter of LogisticRegression must be an instance of 'dict', a str among {'balanced'} or None. Got 'auto' instead.
2025-07-02 11:28:20,053 - ModelingPipeline - ERROR - Fold 3 완전 실패: The 'class_weight' parameter of LogisticRegression must be an instance of 'dict', a str among {'balanced'} or None. Got 'auto' instead.
2025-07-02 11:28:20,065 - ModelingPipeline - WARNING - Fold 1 NORMAL 처리 실패: The 'class_weight' parameter of LogisticRegression must be an instance of 'dict', a str among {'balanced'} or None. Got 'auto' instead.
2025-07-02 11:28:20,065 - ModelingPipeline - ERROR - Fold 1 완전 실패: The 'class_weight' parameter of LogisticRegression must be an instance of 'dict', a str among {'balanced'} or None. Got 'auto' instead.
2025-07-02 11:28:20,073 - ModelingPipeline - WARNING - Fold 2 NORMAL 처리 실패: The 'class_weight' parameter of LogisticRegression must be an instance of 'dict', a str among {'balanced'} or None. Got 'auto' instead.
2025-07-02 11:28:20,074 - ModelingPipeline - ERROR - Fold 2 완전 실패: The 'class_weight' parameter of LogisticRegression must be an instance of 'dict', a str among {'balanced'} or None. Got 'auto' instead.
2025-07-02 11:28:20,080 - ModelingPipeline - WARNING - Fold 3 NORMAL 처리 실패: The 'class_weight' parameter of LogisticRegression must be an instance of 'dict', a str among {'balanced'} or None. Got 'auto' instead.
2025-07-02 11:28:20,081 - ModelingPipeline - ERROR - Fold 3 완전 실패: The 'class_weight' parameter of LogisticRegression must be an instance of 'dict', a str among {'balanced'} or None. Got 'auto' instead.
2025-07-02 11:28:20,081 - ModelingPipeline - INFO - Trial 11/20 - Current: 0.0000, Best: 0.0000
2025-07-02 11:28:20,092 - ModelingPipeline - WARNING - Fold 1 NORMAL 처리 실패: The 'class_weight' parameter of LogisticRegression must be an instance of 'dict', a str among {'balanced'} or None. Got 'auto' instead.
2025-07-02 11:28:20,093 - ModelingPipeline - ERROR - Fold 1 완전 실패: The 'class_weight' parameter of LogisticRegression must be an instance of 'dict', a str among {'balanced'} or None. Got 'auto' instead.
2025-07-02 11:28:20,100 - ModelingPipeline - WARNING - Fold 2 NORMAL 처리 실패: The 'class_weight' parameter of LogisticRegression must be an instance of 'dict', a str among {'balanced'} or None. Got 'auto' instead.
2025-07-02 11:28:20,100 - ModelingPipeline - ERROR - Fold 2 완전 실패: The 'class_weight' parameter of LogisticRegression must be an instance of 'dict', a str among {'balanced'} or None. Got 'auto' instead.
2025-07-02 11:28:20,107 - ModelingPipeline - WARNING - Fold 3 NORMAL 처리 실패: The 'class_weight' parameter of LogisticRegression must be an instance of 'dict', a str among {'balanced'} or None. Got 'auto' instead.
2025-07-02 11:28:20,107 - ModelingPipeline - ERROR - Fold 3 완전 실패: The 'class_weight' parameter of LogisticRegression must be an instance of 'dict', a str among {'balanced'} or None. Got 'auto' instead.
2025-07-02 11:28:20,118 - ModelingPipeline - WARNING - Fold 1 NORMAL 처리 실패: The 'class_weight' parameter of LogisticRegression must be an instance of 'dict', a str among {'balanced'} or None. Got 'auto' instead.
2025-07-02 11:28:20,118 - ModelingPipeline - ERROR - Fold 1 완전 실패: The 'class_weight' parameter of LogisticRegression must be an instance of 'dict', a str among {'balanced'} or None. Got 'auto' instead.
2025-07-02 11:28:20,124 - ModelingPipeline - WARNING - Fold 2 NORMAL 처리 실패: The 'class_weight' parameter of LogisticRegression must be an instance of 'dict', a str among {'balanced'} or None. Got 'auto' instead.
2025-07-02 11:28:20,124 - ModelingPipeline - ERROR - Fold 2 완전 실패: The 'class_weight' parameter of LogisticRegression must be an instance of 'dict', a str among {'balanced'} or None. Got 'auto' instead.
2025-07-02 11:28:20,131 - ModelingPipeline - WARNING - Fold 3 NORMAL 처리 실패: The 'class_weight' parameter of LogisticRegression must be an instance of 'dict', a str among {'balanced'} or None. Got 'auto' instead.
2025-07-02 11:28:20,131 - ModelingPipeline - ERROR - Fold 3 완전 실패: The 'class_weight' parameter of LogisticRegression must be an instance of 'dict', a str among {'balanced'} or None. Got 'auto' instead.
2025-07-02 11:28:20,143 - ModelingPipeline - WARNING - Fold 1 NORMAL 처리 실패: The 'class_weight' parameter of LogisticRegression must be an instance of 'dict', a str among {'balanced'} or None. Got 'auto' instead.
2025-07-02 11:28:20,143 - ModelingPipeline - ERROR - Fold 1 완전 실패: The 'class_weight' parameter of LogisticRegression must be an instance of 'dict', a str among {'balanced'} or None. Got 'auto' instead.
2025-07-02 11:28:20,149 - ModelingPipeline - WARNING - Fold 2 NORMAL 처리 실패: The 'class_weight' parameter of LogisticRegression must be an instance of 'dict', a str among {'balanced'} or None. Got 'auto' instead.
2025-07-02 11:28:20,149 - ModelingPipeline - ERROR - Fold 2 완전 실패: The 'class_weight' parameter of LogisticRegression must be an instance of 'dict', a str among {'balanced'} or None. Got 'auto' instead.
2025-07-02 11:28:20,155 - ModelingPipeline - WARNING - Fold 3 NORMAL 처리 실패: The 'class_weight' parameter of LogisticRegression must be an instance of 'dict', a str among {'balanced'} or None. Got 'auto' instead.
2025-07-02 11:28:20,156 - ModelingPipeline - ERROR - Fold 3 완전 실패: The 'class_weight' parameter of LogisticRegression must be an instance of 'dict', a str among {'balanced'} or None. Got 'auto' instead.
2025-07-02 11:28:20,167 - ModelingPipeline - WARNING - Fold 1 NORMAL 처리 실패: The 'class_weight' parameter of LogisticRegression must be an instance of 'dict', a str among {'balanced'} or None. Got 'auto' instead.
2025-07-02 11:28:20,167 - ModelingPipeline - ERROR - Fold 1 완전 실패: The 'class_weight' parameter of LogisticRegression must be an instance of 'dict', a str among {'balanced'} or None. Got 'auto' instead.
2025-07-02 11:28:20,174 - ModelingPipeline - WARNING - Fold 2 NORMAL 처리 실패: The 'class_weight' parameter of LogisticRegression must be an instance of 'dict', a str among {'balanced'} or None. Got 'auto' instead.
2025-07-02 11:28:20,174 - ModelingPipeline - ERROR - Fold 2 완전 실패: The 'class_weight' parameter of LogisticRegression must be an instance of 'dict', a str among {'balanced'} or None. Got 'auto' instead.
2025-07-02 11:28:20,180 - ModelingPipeline - WARNING - Fold 3 NORMAL 처리 실패: The 'class_weight' parameter of LogisticRegression must be an instance of 'dict', a str among {'balanced'} or None. Got 'auto' instead.
2025-07-02 11:28:20,180 - ModelingPipeline - ERROR - Fold 3 완전 실패: The 'class_weight' parameter of LogisticRegression must be an instance of 'dict', a str among {'balanced'} or None. Got 'auto' instead.
2025-07-02 11:28:20,191 - ModelingPipeline - WARNING - Fold 1 NORMAL 처리 실패: The 'class_weight' parameter of LogisticRegression must be an instance of 'dict', a str among {'balanced'} or None. Got 'auto' instead.
2025-07-02 11:28:20,191 - ModelingPipeline - ERROR - Fold 1 완전 실패: The 'class_weight' parameter of LogisticRegression must be an instance of 'dict', a str among {'balanced'} or None. Got 'auto' instead.
2025-07-02 11:28:20,199 - ModelingPipeline - WARNING - Fold 2 NORMAL 처리 실패: The 'class_weight' parameter of LogisticRegression must be an instance of 'dict', a str among {'balanced'} or None. Got 'auto' instead.
2025-07-02 11:28:20,199 - ModelingPipeline - ERROR - Fold 2 완전 실패: The 'class_weight' parameter of LogisticRegression must be an instance of 'dict', a str among {'balanced'} or None. Got 'auto' instead.
2025-07-02 11:28:20,205 - ModelingPipeline - WARNING - Fold 3 NORMAL 처리 실패: The 'class_weight' parameter of LogisticRegression must be an instance of 'dict', a str among {'balanced'} or None. Got 'auto' instead.
2025-07-02 11:28:20,205 - ModelingPipeline - ERROR - Fold 3 완전 실패: The 'class_weight' parameter of LogisticRegression must be an instance of 'dict', a str among {'balanced'} or None. Got 'auto' instead.
2025-07-02 11:28:20,206 - ModelingPipeline - INFO - Trial 16/20 - Current: 0.0000, Best: 0.0000
2025-07-02 11:28:20,217 - ModelingPipeline - WARNING - Fold 1 NORMAL 처리 실패: The 'class_weight' parameter of LogisticRegression must be an instance of 'dict', a str among {'balanced'} or None. Got 'auto' instead.
2025-07-02 11:28:20,217 - ModelingPipeline - ERROR - Fold 1 완전 실패: The 'class_weight' parameter of LogisticRegression must be an instance of 'dict', a str among {'balanced'} or None. Got 'auto' instead.
2025-07-02 11:28:20,224 - ModelingPipeline - WARNING - Fold 2 NORMAL 처리 실패: The 'class_weight' parameter of LogisticRegression must be an instance of 'dict', a str among {'balanced'} or None. Got 'auto' instead.
2025-07-02 11:28:20,224 - ModelingPipeline - ERROR - Fold 2 완전 실패: The 'class_weight' parameter of LogisticRegression must be an instance of 'dict', a str among {'balanced'} or None. Got 'auto' instead.
2025-07-02 11:28:20,232 - ModelingPipeline - WARNING - Fold 3 NORMAL 처리 실패: The 'class_weight' parameter of LogisticRegression must be an instance of 'dict', a str among {'balanced'} or None. Got 'auto' instead.
2025-07-02 11:28:20,232 - ModelingPipeline - ERROR - Fold 3 완전 실패: The 'class_weight' parameter of LogisticRegression must be an instance of 'dict', a str among {'balanced'} or None. Got 'auto' instead.
2025-07-02 11:28:20,243 - ModelingPipeline - WARNING - Fold 1 NORMAL 처리 실패: The 'class_weight' parameter of LogisticRegression must be an instance of 'dict', a str among {'balanced'} or None. Got 'auto' instead.
2025-07-02 11:28:20,243 - ModelingPipeline - ERROR - Fold 1 완전 실패: The 'class_weight' parameter of LogisticRegression must be an instance of 'dict', a str among {'balanced'} or None. Got 'auto' instead.
2025-07-02 11:28:20,249 - ModelingPipeline - WARNING - Fold 2 NORMAL 처리 실패: The 'class_weight' parameter of LogisticRegression must be an instance of 'dict', a str among {'balanced'} or None. Got 'auto' instead.
2025-07-02 11:28:20,250 - ModelingPipeline - ERROR - Fold 2 완전 실패: The 'class_weight' parameter of LogisticRegression must be an instance of 'dict', a str among {'balanced'} or None. Got 'auto' instead.
2025-07-02 11:28:20,256 - ModelingPipeline - WARNING - Fold 3 NORMAL 처리 실패: The 'class_weight' parameter of LogisticRegression must be an instance of 'dict', a str among {'balanced'} or None. Got 'auto' instead.
2025-07-02 11:28:20,256 - ModelingPipeline - ERROR - Fold 3 완전 실패: The 'class_weight' parameter of LogisticRegression must be an instance of 'dict', a str among {'balanced'} or None. Got 'auto' instead.
2025-07-02 11:28:20,268 - ModelingPipeline - WARNING - Fold 1 NORMAL 처리 실패: The 'class_weight' parameter of LogisticRegression must be an instance of 'dict', a str among {'balanced'} or None. Got 'auto' instead.
2025-07-02 11:28:20,268 - ModelingPipeline - ERROR - Fold 1 완전 실패: The 'class_weight' parameter of LogisticRegression must be an instance of 'dict', a str among {'balanced'} or None. Got 'auto' instead.
2025-07-02 11:28:20,275 - ModelingPipeline - WARNING - Fold 2 NORMAL 처리 실패: The 'class_weight' parameter of LogisticRegression must be an instance of 'dict', a str among {'balanced'} or None. Got 'auto' instead.
2025-07-02 11:28:20,275 - ModelingPipeline - ERROR - Fold 2 완전 실패: The 'class_weight' parameter of LogisticRegression must be an instance of 'dict', a str among {'balanced'} or None. Got 'auto' instead.
2025-07-02 11:28:20,281 - ModelingPipeline - WARNING - Fold 3 NORMAL 처리 실패: The 'class_weight' parameter of LogisticRegression must be an instance of 'dict', a str among {'balanced'} or None. Got 'auto' instead.
2025-07-02 11:28:20,281 - ModelingPipeline - ERROR - Fold 3 완전 실패: The 'class_weight' parameter of LogisticRegression must be an instance of 'dict', a str among {'balanced'} or None. Got 'auto' instead.
2025-07-02 11:28:20,292 - ModelingPipeline - WARNING - Fold 1 NORMAL 처리 실패: The 'class_weight' parameter of LogisticRegression must be an instance of 'dict', a str among {'balanced'} or None. Got 'auto' instead.
2025-07-02 11:28:20,292 - ModelingPipeline - ERROR - Fold 1 완전 실패: The 'class_weight' parameter of LogisticRegression must be an instance of 'dict', a str among {'balanced'} or None. Got 'auto' instead.
2025-07-02 11:28:20,299 - ModelingPipeline - WARNING - Fold 2 NORMAL 처리 실패: The 'class_weight' parameter of LogisticRegression must be an instance of 'dict', a str among {'balanced'} or None. Got 'auto' instead.
2025-07-02 11:28:20,299 - ModelingPipeline - ERROR - Fold 2 완전 실패: The 'class_weight' parameter of LogisticRegression must be an instance of 'dict', a str among {'balanced'} or None. Got 'auto' instead.
2025-07-02 11:28:20,307 - ModelingPipeline - WARNING - Fold 3 NORMAL 처리 실패: The 'class_weight' parameter of LogisticRegression must be an instance of 'dict', a str among {'balanced'} or None. Got 'auto' instead.
2025-07-02 11:28:20,307 - ModelingPipeline - ERROR - Fold 3 완전 실패: The 'class_weight' parameter of LogisticRegression must be an instance of 'dict', a str among {'balanced'} or None. Got 'auto' instead.
2025-07-02 11:28:20,307 - ModelingPipeline - INFO - Trial 20/20 - Current: 0.0000, Best: 0.0000
2025-07-02 11:28:20,315 - ModelingPipeline - ERROR - 파이프라인 실행 중 오류 발생: The 'class_weight' parameter of LogisticRegression must be an instance of 'dict', a str among {'balanced'} or None. Got 'auto' instead.
