2025-07-02 13:14:24,612 - ModelingPipeline - INFO - 모델링 파이프라인이 초기화되었습니다.
2025-07-02 13:14:24,612 - ModelingPipeline - INFO - 실행 이름: default_modeling_run_20250702_131424
2025-07-02 13:14:24,612 - ModelingPipeline - INFO - 출력 경로: /Users/jojongho/KDT/P2_Default-invest/outputs/modeling_runs/default_modeling_run_20250702_131424
2025-07-02 13:14:24,612 - ModelingPipeline - INFO - === 모델링 파이프라인 시작 ===
2025-07-02 13:14:24,612 - ModelingPipeline - INFO - 데이터 로드 시작
2025-07-02 13:14:24,612 - ModelingPipeline - INFO - 오버라이드된 데이터 경로 사용: data/final
2025-07-02 13:14:24,688 - ModelingPipeline - INFO - Train: (10745, 33), 부실비율: 0.58%
2025-07-02 13:14:24,688 - ModelingPipeline - INFO - Validation: (4417, 33), 부실비율: 0.57%
2025-07-02 13:14:24,688 - ModelingPipeline - INFO - Test: (6438, 33), 부실비율: 0.50%
2025-07-02 13:14:24,689 - ModelingPipeline - INFO - 모든 모델 실행 시작
2025-07-02 13:14:24,689 - ModelingPipeline - INFO - 특성 선택 방법: LOGISTIC_REGRESSION_CV (NORMAL)
2025-07-02 13:14:27,280 - ModelingPipeline - INFO - 최적 C: 10.000000
2025-07-02 13:14:27,280 - ModelingPipeline - INFO - CV 점수: 0.1581 (±0.1652)
2025-07-02 13:14:27,284 - ModelingPipeline - INFO - 선택된 특성: 17/33
2025-07-02 13:14:27,285 - ModelingPipeline - INFO - 활성화된 데이터 타입: ['normal', 'smote', 'undersampling', 'combined']
2025-07-02 13:14:27,285 - ModelingPipeline - INFO - 활성화된 모델: ['logistic_regression', 'random_forest', 'xgboost']
2025-07-02 13:14:27,285 - ModelingPipeline - INFO - NORMAL 데이터 처리
2025-07-02 13:14:27,286 - ModelingPipeline - INFO - logistic_regression 최적화 시작 (NORMAL)
2025-07-02 13:14:27,286 - ModelingPipeline - INFO - Logistic Regression 클래스 불균형 가중치: class_weight=balanced
2025-07-02 13:14:27,286 - ModelingPipeline - INFO - 최적화 메트릭: PRECISION
2025-07-02 13:14:27,391 - ModelingPipeline - INFO - Trial 1/20 - Current: 0.6014, Best: 0.6014
2025-07-02 13:14:27,779 - ModelingPipeline - INFO - Trial 6/20 - Current: 0.6011, Best: 0.6028
2025-07-02 13:14:28,126 - ModelingPipeline - INFO - Trial 11/20 - Current: 0.5857, Best: 0.6028
2025-07-02 13:14:28,468 - ModelingPipeline - INFO - Trial 16/20 - Current: 0.5759, Best: 0.6057
2025-07-02 13:14:28,771 - ModelingPipeline - INFO - Trial 20/20 - Current: 0.5956, Best: 0.6057
2025-07-02 13:14:29,454 - ModelingPipeline - INFO - 최적 AUC: 0.6057
2025-07-02 13:14:29,454 - ModelingPipeline - INFO - 최적 파라미터: {'C': 0.2214185159076232, 'max_iter': 4777, 'penalty': 'l2', 'solver': 'newton-cg', 'tol': 0.0001, 'class_weight': 'balanced'}
2025-07-02 13:14:29,454 - ModelingPipeline - INFO - CV 메트릭 계산 시작 (NORMAL)
2025-07-02 13:14:29,570 - ModelingPipeline - INFO - 최적화된 CV 완료: AUC=0.5932(±0.0523), AP=0.0072(±0.0011), F1=0.0125(±0.0005)
2025-07-02 13:14:29,570 - ModelingPipeline - INFO - CV 메트릭 계산 완료 - AUC: 0.5932, AP: 0.0072, F1: 0.0125
2025-07-02 13:14:29,570 - ModelingPipeline - INFO - random_forest 최적화 시작 (NORMAL)
2025-07-02 13:14:29,570 - ModelingPipeline - INFO - Random Forest 클래스 불균형 가중치: class_weight=balanced
2025-07-02 13:14:29,570 - ModelingPipeline - INFO - 최적화 메트릭: PRECISION
2025-07-02 13:14:31,302 - ModelingPipeline - INFO - Trial 1/20 - Current: 0.2503, Best: 0.2503
2025-07-02 13:14:42,126 - ModelingPipeline - INFO - Trial 6/20 - Current: 0.2334, Best: 0.3365
2025-07-02 13:14:58,857 - ModelingPipeline - INFO - Trial 11/20 - Current: 0.1959, Best: 0.3365
2025-07-02 13:15:06,267 - ModelingPipeline - INFO - Trial 16/20 - Current: 0.2869, Best: 0.4085
2025-07-02 13:15:16,064 - ModelingPipeline - INFO - Trial 20/20 - Current: 0.2407, Best: 0.4085
2025-07-02 13:15:16,726 - ModelingPipeline - INFO - 최적 AUC: 0.4085
2025-07-02 13:15:16,726 - ModelingPipeline - INFO - 최적 파라미터: {'n_estimators': 216, 'max_depth': 16, 'min_samples_split': 15, 'min_samples_leaf': 3, 'max_features': 0.10327073461745742, 'class_weight': 'balanced'}
2025-07-02 13:15:16,726 - ModelingPipeline - INFO - CV 메트릭 계산 시작 (NORMAL)
2025-07-02 13:15:19,502 - ModelingPipeline - INFO - 최적화된 CV 완료: AUC=0.3772(±0.0624), AP=0.0047(±0.0005), F1=0.0000(±0.0000)
2025-07-02 13:15:19,502 - ModelingPipeline - INFO - CV 메트릭 계산 완료 - AUC: 0.3772, AP: 0.0047, F1: 0.0000
2025-07-02 13:15:19,511 - ModelingPipeline - INFO - xgboost 최적화 시작 (NORMAL)
2025-07-02 13:15:19,512 - ModelingPipeline - INFO - XGBoost 클래스 불균형 처리: scale_pos_weight
2025-07-02 13:15:19,512 - ModelingPipeline - INFO - scale_pos_weight = 172.31 (설정: auto)
2025-07-02 13:15:19,512 - ModelingPipeline - INFO - 최적화 메트릭: PRECISION
2025-07-02 13:15:20,630 - ModelingPipeline - INFO - Trial 1/20 - Current: 0.2715, Best: 0.2715
2025-07-02 13:15:28,601 - ModelingPipeline - INFO - Trial 6/20 - Current: 0.2390, Best: 0.2999
2025-07-02 13:15:34,036 - ModelingPipeline - INFO - Trial 11/20 - Current: 0.3730, Best: 0.3730
2025-07-02 13:15:40,082 - ModelingPipeline - INFO - Trial 16/20 - Current: 0.3495, Best: 0.3737
2025-07-02 13:15:45,183 - ModelingPipeline - INFO - Trial 20/20 - Current: 0.2990, Best: 0.3737
2025-07-02 13:15:45,604 - ModelingPipeline - INFO - 최적 AUC: 0.3737
2025-07-02 13:15:45,604 - ModelingPipeline - INFO - 최적 파라미터: {'n_estimators': 583, 'max_depth': 7, 'learning_rate': 0.29899907839534773, 'subsample': 0.6838366696571874, 'colsample_bytree': 0.6034821444793572, 'reg_alpha': 9.536235736577245, 'reg_lambda': 7.52473741255546, 'scale_pos_weight': np.float64(172.30645161290323)}
2025-07-02 13:15:45,604 - ModelingPipeline - INFO - CV 메트릭 계산 시작 (NORMAL)
2025-07-02 13:15:47,596 - ModelingPipeline - INFO - 최적화된 CV 완료: AUC=0.3023(±0.0470), AP=0.0043(±0.0004), F1=0.0000(±0.0000)
2025-07-02 13:15:47,596 - ModelingPipeline - INFO - CV 메트릭 계산 완료 - AUC: 0.3023, AP: 0.0043, F1: 0.0000
2025-07-02 13:15:47,596 - ModelingPipeline - INFO - SMOTE 데이터 처리
2025-07-02 13:15:47,597 - ModelingPipeline - INFO - logistic_regression 최적화 시작 (SMOTE)
2025-07-02 13:15:47,597 - ModelingPipeline - INFO - Logistic Regression 클래스 불균형 가중치: class_weight=balanced
2025-07-02 13:15:47,597 - ModelingPipeline - INFO - 최적화 메트릭: PRECISION
2025-07-02 13:15:47,755 - ModelingPipeline - INFO - Trial 1/20 - Current: 0.5234, Best: 0.5234
2025-07-02 13:15:48,401 - ModelingPipeline - INFO - Trial 6/20 - Current: 0.5233, Best: 0.5310
2025-07-02 13:15:49,005 - ModelingPipeline - INFO - Trial 11/20 - Current: 0.5437, Best: 0.5437
2025-07-02 13:15:49,476 - ModelingPipeline - INFO - Trial 16/20 - Current: 0.5287, Best: 0.5525
2025-07-02 13:15:49,926 - ModelingPipeline - INFO - Trial 20/20 - Current: 0.5268, Best: 0.5525
2025-07-02 13:15:54,754 - ModelingPipeline - INFO - 최적 AUC: 0.5525
2025-07-02 13:15:54,754 - ModelingPipeline - INFO - 최적 파라미터: {'C': 0.010819426002640657, 'max_iter': 7499, 'penalty': 'l2', 'solver': 'lbfgs', 'tol': 0.0001, 'class_weight': 'balanced'}
2025-07-02 13:15:54,755 - ModelingPipeline - INFO - CV 메트릭 계산 시작 (SMOTE)
2025-07-02 13:15:54,983 - ModelingPipeline - INFO - 최적화된 CV 완료: AUC=0.6356(±0.0497), AP=0.0100(±0.0014), F1=0.0117(±0.0010)
2025-07-02 13:15:54,984 - ModelingPipeline - INFO - CV 메트릭 계산 완료 - AUC: 0.6356, AP: 0.0100, F1: 0.0117
2025-07-02 13:15:54,984 - ModelingPipeline - INFO - random_forest 최적화 시작 (SMOTE)
2025-07-02 13:15:54,984 - ModelingPipeline - INFO - Random Forest 클래스 불균형 가중치: class_weight=balanced
2025-07-02 13:15:54,984 - ModelingPipeline - INFO - 최적화 메트릭: PRECISION
2025-07-02 13:15:58,126 - ModelingPipeline - INFO - Trial 1/20 - Current: 0.3515, Best: 0.3515
2025-07-02 13:16:14,147 - ModelingPipeline - INFO - Trial 6/20 - Current: 0.2468, Best: 0.4794
2025-07-02 13:16:58,627 - ModelingPipeline - INFO - Trial 11/20 - Current: 0.4989, Best: 0.4989
2025-07-02 13:18:18,953 - ModelingPipeline - INFO - Trial 16/20 - Current: 0.4984, Best: 0.4989
2025-07-02 13:19:08,472 - ModelingPipeline - INFO - Trial 20/20 - Current: 0.4973, Best: 0.4989
2025-07-02 13:19:57,692 - ModelingPipeline - INFO - 최적 AUC: 0.4989
2025-07-02 13:19:57,692 - ModelingPipeline - INFO - 최적 파라미터: {'n_estimators': 964, 'max_depth': 15, 'min_samples_split': 6, 'min_samples_leaf': 1, 'max_features': 0.9855066118782934, 'class_weight': 'balanced'}
2025-07-02 13:19:57,693 - ModelingPipeline - INFO - CV 메트릭 계산 시작 (SMOTE)
2025-07-02 13:24:55,006 - ModelingPipeline - INFO - 최적화된 CV 완료: AUC=0.4989(±0.0006), AP=0.0058(±0.0002), F1=0.0000(±0.0000)
2025-07-02 13:24:55,007 - ModelingPipeline - INFO - CV 메트릭 계산 완료 - AUC: 0.4989, AP: 0.0058, F1: 0.0000
2025-07-02 13:24:55,051 - ModelingPipeline - INFO - xgboost 최적화 시작 (SMOTE)
2025-07-02 13:24:55,052 - ModelingPipeline - INFO - XGBoost 클래스 불균형 처리: scale_pos_weight
2025-07-02 13:24:55,052 - ModelingPipeline - INFO - scale_pos_weight = 172.31 (설정: auto)
2025-07-02 13:24:55,052 - ModelingPipeline - INFO - 최적화 메트릭: PRECISION
2025-07-02 13:24:56,774 - ModelingPipeline - INFO - Trial 1/20 - Current: 0.4672, Best: 0.4672
2025-07-02 13:25:06,718 - ModelingPipeline - INFO - Trial 6/20 - Current: 0.4644, Best: 0.4722
2025-07-02 13:25:14,590 - ModelingPipeline - INFO - Trial 11/20 - Current: 0.4493, Best: 0.4722
2025-07-02 13:25:24,457 - ModelingPipeline - INFO - Trial 16/20 - Current: 0.4703, Best: 0.4824
2025-07-02 13:25:33,007 - ModelingPipeline - INFO - Trial 20/20 - Current: 0.4612, Best: 0.4824
2025-07-02 13:25:33,712 - ModelingPipeline - INFO - 최적 AUC: 0.4824
2025-07-02 13:25:33,712 - ModelingPipeline - INFO - 최적 파라미터: {'n_estimators': 395, 'max_depth': 8, 'learning_rate': 0.1087009760964518, 'subsample': 0.8312125171317493, 'colsample_bytree': 0.6564617716637122, 'reg_alpha': 3.4284981640760206, 'reg_lambda': 1.5451449308562022, 'scale_pos_weight': np.float64(172.30645161290323)}
2025-07-02 13:25:33,713 - ModelingPipeline - INFO - CV 메트릭 계산 시작 (SMOTE)
2025-07-02 13:25:36,971 - ModelingPipeline - INFO - 최적화된 CV 완료: AUC=0.4624(±0.0885), AP=0.0061(±0.0016), F1=0.0000(±0.0000)
2025-07-02 13:25:36,972 - ModelingPipeline - INFO - CV 메트릭 계산 완료 - AUC: 0.4624, AP: 0.0061, F1: 0.0000
2025-07-02 13:25:36,972 - ModelingPipeline - INFO - UNDERSAMPLING 데이터 처리
2025-07-02 13:25:36,973 - ModelingPipeline - INFO - logistic_regression 최적화 시작 (UNDERSAMPLING)
2025-07-02 13:25:36,973 - ModelingPipeline - INFO - Logistic Regression 클래스 불균형 가중치: class_weight=balanced
2025-07-02 13:25:36,973 - ModelingPipeline - INFO - 최적화 메트릭: PRECISION
2025-07-02 13:25:37,176 - ModelingPipeline - INFO - Trial 1/20 - Current: 0.6012, Best: 0.6012
2025-07-02 13:25:38,119 - ModelingPipeline - INFO - Trial 6/20 - Current: 0.6011, Best: 0.6024
2025-07-02 13:25:39,046 - ModelingPipeline - INFO - Trial 11/20 - Current: 0.5853, Best: 0.6024
2025-07-02 13:25:39,979 - ModelingPipeline - INFO - Trial 16/20 - Current: 0.5758, Best: 0.6055
2025-07-02 13:25:40,796 - ModelingPipeline - INFO - Trial 20/20 - Current: 0.5956, Best: 0.6055
2025-07-02 13:25:41,592 - ModelingPipeline - INFO - 최적 AUC: 0.6055
2025-07-02 13:25:41,592 - ModelingPipeline - INFO - 최적 파라미터: {'C': 0.2214185159076232, 'max_iter': 4777, 'penalty': 'l2', 'solver': 'newton-cg', 'tol': 0.0001, 'class_weight': 'balanced'}
2025-07-02 13:25:41,593 - ModelingPipeline - INFO - CV 메트릭 계산 시작 (UNDERSAMPLING)
2025-07-02 13:25:42,013 - ModelingPipeline - INFO - 최적화된 CV 완료: AUC=0.5929(±0.0522), AP=0.0072(±0.0010), F1=0.0125(±0.0005)
2025-07-02 13:25:42,014 - ModelingPipeline - INFO - CV 메트릭 계산 완료 - AUC: 0.5929, AP: 0.0072, F1: 0.0125
2025-07-02 13:25:42,014 - ModelingPipeline - INFO - random_forest 최적화 시작 (UNDERSAMPLING)
2025-07-02 13:25:42,014 - ModelingPipeline - INFO - Random Forest 클래스 불균형 가중치: class_weight=balanced
2025-07-02 13:25:42,014 - ModelingPipeline - INFO - 최적화 메트릭: PRECISION
2025-07-02 13:25:43,900 - ModelingPipeline - INFO - Trial 1/20 - Current: 0.2565, Best: 0.2565
2025-07-02 13:25:54,220 - ModelingPipeline - INFO - Trial 6/20 - Current: 0.2645, Best: 0.3793
2025-07-02 13:26:09,677 - ModelingPipeline - INFO - Trial 11/20 - Current: 0.2298, Best: 0.3793
2025-07-02 13:26:17,631 - ModelingPipeline - INFO - Trial 16/20 - Current: 0.2844, Best: 0.4217
2025-07-02 13:26:24,934 - ModelingPipeline - INFO - Trial 20/20 - Current: 0.3885, Best: 0.4217
2025-07-02 13:26:25,641 - ModelingPipeline - INFO - 최적 AUC: 0.4217
2025-07-02 13:26:25,641 - ModelingPipeline - INFO - 최적 파라미터: {'n_estimators': 208, 'max_depth': 16, 'min_samples_split': 15, 'min_samples_leaf': 1, 'max_features': 0.11384146255078903, 'class_weight': 'balanced'}
2025-07-02 13:26:25,641 - ModelingPipeline - INFO - CV 메트릭 계산 시작 (UNDERSAMPLING)
2025-07-02 13:26:28,679 - ModelingPipeline - INFO - 최적화된 CV 완료: AUC=0.3395(±0.0986), AP=0.0045(±0.0009), F1=0.0000(±0.0000)
2025-07-02 13:26:28,679 - ModelingPipeline - INFO - CV 메트릭 계산 완료 - AUC: 0.3395, AP: 0.0045, F1: 0.0000
2025-07-02 13:26:28,688 - ModelingPipeline - INFO - xgboost 최적화 시작 (UNDERSAMPLING)
2025-07-02 13:26:28,688 - ModelingPipeline - INFO - XGBoost 클래스 불균형 처리: scale_pos_weight
2025-07-02 13:26:28,688 - ModelingPipeline - INFO - scale_pos_weight = 172.31 (설정: auto)
2025-07-02 13:26:28,688 - ModelingPipeline - INFO - 최적화 메트릭: PRECISION
2025-07-02 13:26:30,100 - ModelingPipeline - INFO - Trial 1/20 - Current: 0.2964, Best: 0.2964
2025-07-02 13:26:40,414 - ModelingPipeline - INFO - Trial 6/20 - Current: 0.2359, Best: 0.3154
2025-07-02 13:26:47,548 - ModelingPipeline - INFO - Trial 11/20 - Current: 0.3113, Best: 0.3154
2025-07-02 13:26:56,296 - ModelingPipeline - INFO - Trial 16/20 - Current: 0.3060, Best: 0.3619
2025-07-02 13:27:03,452 - ModelingPipeline - INFO - Trial 20/20 - Current: 0.3274, Best: 0.3619
2025-07-02 13:27:04,150 - ModelingPipeline - INFO - 최적 AUC: 0.3619
2025-07-02 13:27:04,150 - ModelingPipeline - INFO - 최적 파라미터: {'n_estimators': 798, 'max_depth': 8, 'learning_rate': 0.28603223669671374, 'subsample': 0.605903850977514, 'colsample_bytree': 0.6952168777329774, 'reg_alpha': 7.316500613968534, 'reg_lambda': 7.407800219920706, 'scale_pos_weight': np.float64(172.30645161290323)}
2025-07-02 13:27:04,150 - ModelingPipeline - INFO - CV 메트릭 계산 시작 (UNDERSAMPLING)
2025-07-02 13:27:07,688 - ModelingPipeline - INFO - 최적화된 CV 완료: AUC=0.3307(±0.0386), AP=0.0044(±0.0003), F1=0.0000(±0.0000)
2025-07-02 13:27:07,688 - ModelingPipeline - INFO - CV 메트릭 계산 완료 - AUC: 0.3307, AP: 0.0044, F1: 0.0000
2025-07-02 13:27:07,689 - ModelingPipeline - INFO - COMBINED 데이터 처리
2025-07-02 13:27:07,690 - ModelingPipeline - INFO - logistic_regression 최적화 시작 (COMBINED)
2025-07-02 13:27:07,690 - ModelingPipeline - INFO - Logistic Regression 클래스 불균형 가중치: class_weight=balanced
2025-07-02 13:27:07,690 - ModelingPipeline - INFO - 최적화 메트릭: PRECISION
2025-07-02 13:27:07,978 - ModelingPipeline - INFO - Trial 1/20 - Current: 0.5351, Best: 0.5351
2025-07-02 13:27:09,318 - ModelingPipeline - INFO - Trial 6/20 - Current: 0.5350, Best: 0.5373
2025-07-02 13:27:10,588 - ModelingPipeline - INFO - Trial 11/20 - Current: 0.5681, Best: 0.5681
2025-07-02 13:27:11,810 - ModelingPipeline - INFO - Trial 16/20 - Current: 0.5440, Best: 0.5682
2025-07-02 13:27:12,795 - ModelingPipeline - INFO - Trial 20/20 - Current: 0.5446, Best: 0.5682
2025-07-02 13:27:13,592 - ModelingPipeline - INFO - 최적 AUC: 0.5682
2025-07-02 13:27:13,592 - ModelingPipeline - INFO - 최적 파라미터: {'C': 0.010550558461247956, 'max_iter': 7379, 'penalty': 'l2', 'solver': 'newton-cg', 'tol': 0.0001, 'class_weight': 'balanced'}
2025-07-02 13:27:13,593 - ModelingPipeline - INFO - CV 메트릭 계산 시작 (COMBINED)
2025-07-02 13:27:14,128 - ModelingPipeline - INFO - 최적화된 CV 완료: AUC=0.6375(±0.0436), AP=0.0108(±0.0020), F1=0.0119(±0.0007)
2025-07-02 13:27:14,128 - ModelingPipeline - INFO - CV 메트릭 계산 완료 - AUC: 0.6375, AP: 0.0108, F1: 0.0119
2025-07-02 13:27:14,128 - ModelingPipeline - INFO - random_forest 최적화 시작 (COMBINED)
2025-07-02 13:27:14,128 - ModelingPipeline - INFO - Random Forest 클래스 불균형 가중치: class_weight=balanced
2025-07-02 13:27:14,128 - ModelingPipeline - INFO - 최적화 메트릭: PRECISION
2025-07-02 13:27:16,730 - ModelingPipeline - INFO - Trial 1/20 - Current: 0.4932, Best: 0.4932
2025-07-02 13:27:30,370 - ModelingPipeline - INFO - Trial 6/20 - Current: 0.2084, Best: 0.4932
2025-07-02 13:28:05,348 - ModelingPipeline - INFO - Trial 11/20 - Current: 0.4987, Best: 0.4987
2025-07-02 13:29:06,914 - ModelingPipeline - INFO - Trial 16/20 - Current: 0.4985, Best: 0.4987
2025-07-02 13:29:43,167 - ModelingPipeline - INFO - Trial 20/20 - Current: 0.4975, Best: 0.4987
2025-07-02 13:30:12,971 - ModelingPipeline - INFO - 최적 AUC: 0.4987
2025-07-02 13:30:12,972 - ModelingPipeline - INFO - 최적 파라미터: {'n_estimators': 964, 'max_depth': 15, 'min_samples_split': 6, 'min_samples_leaf': 1, 'max_features': 0.9855066118782934, 'class_weight': 'balanced'}
2025-07-02 13:30:12,973 - ModelingPipeline - INFO - CV 메트릭 계산 시작 (COMBINED)
2025-07-02 13:33:55,470 - ModelingPipeline - INFO - 최적화된 CV 완료: AUC=0.4990(±0.0006), AP=0.0058(±0.0002), F1=0.0000(±0.0000)
2025-07-02 13:33:55,472 - ModelingPipeline - INFO - CV 메트릭 계산 완료 - AUC: 0.4990, AP: 0.0058, F1: 0.0000
2025-07-02 13:33:55,513 - ModelingPipeline - INFO - xgboost 최적화 시작 (COMBINED)
2025-07-02 13:33:55,514 - ModelingPipeline - INFO - XGBoost 클래스 불균형 처리: scale_pos_weight
2025-07-02 13:33:55,514 - ModelingPipeline - INFO - scale_pos_weight = 172.31 (설정: auto)
2025-07-02 13:33:55,514 - ModelingPipeline - INFO - 최적화 메트릭: PRECISION
2025-07-02 13:33:57,314 - ModelingPipeline - INFO - Trial 1/20 - Current: 0.4325, Best: 0.4325
2025-07-02 13:34:07,742 - ModelingPipeline - INFO - Trial 6/20 - Current: 0.4301, Best: 0.4521
2025-07-02 13:34:15,804 - ModelingPipeline - INFO - Trial 11/20 - Current: 0.4300, Best: 0.4521
2025-07-02 13:34:24,702 - ModelingPipeline - INFO - Trial 16/20 - Current: 0.4583, Best: 0.4583
2025-07-02 13:34:33,077 - ModelingPipeline - INFO - Trial 20/20 - Current: 0.4285, Best: 0.4583
2025-07-02 13:34:33,706 - ModelingPipeline - INFO - 최적 AUC: 0.4583
2025-07-02 13:34:33,706 - ModelingPipeline - INFO - 최적 파라미터: {'n_estimators': 322, 'max_depth': 4, 'learning_rate': 0.05909489341925964, 'subsample': 0.8193308612556743, 'colsample_bytree': 0.9078142323091728, 'reg_alpha': 2.271707595064726, 'reg_lambda': 4.0083255270228495, 'scale_pos_weight': np.float64(172.30645161290323)}
2025-07-02 13:34:33,706 - ModelingPipeline - INFO - CV 메트릭 계산 시작 (COMBINED)
2025-07-02 13:34:36,725 - ModelingPipeline - INFO - 최적화된 CV 완료: AUC=0.4421(±0.0780), AP=0.0057(±0.0011), F1=0.0000(±0.0000)
2025-07-02 13:34:36,725 - ModelingPipeline - INFO - CV 메트릭 계산 완료 - AUC: 0.4421, AP: 0.0057, F1: 0.0000
2025-07-02 13:34:36,726 - ModelingPipeline - INFO - 모든 모델 평가 및 Threshold 최적화
2025-07-02 13:34:36,735 - ModelingPipeline - INFO - logistic_regression_normal 최적 Threshold 탐색
2025-07-02 13:34:36,735 - ModelingPipeline - INFO - 임계값 범위: 0.0011 ~ 0.5000 (3000개 점)
2025-07-02 13:34:36,760 - ModelingPipeline - WARNING - 최적 threshold 찾기 실패, 기본값 0.5 사용
2025-07-02 13:34:36,762 - ModelingPipeline - INFO - 최종 선택: 0.500 (PRECISION: 0.0000)
2025-07-02 13:34:36,781 - ModelingPipeline - INFO - logistic_regression_normal 최종 평가 (Threshold: 0.500):
2025-07-02 13:34:36,781 - ModelingPipeline - INFO - 검증 - AUC: 0.7831, F1: 0.0000
2025-07-02 13:34:36,781 - ModelingPipeline - INFO - 테스트 - AUC: 0.7819, F1: 0.0000
2025-07-02 13:34:36,804 - ModelingPipeline - INFO - random_forest_normal 최적 Threshold 탐색
2025-07-02 13:34:36,804 - ModelingPipeline - INFO - 임계값 범위: 0.0011 ~ 0.5000 (3000개 점)
2025-07-02 13:34:38,264 - ModelingPipeline - INFO - 최종 선택: 0.027 (PRECISION: 0.0064)
2025-07-02 13:34:38,328 - ModelingPipeline - INFO - random_forest_normal 최종 평가 (Threshold: 0.027):
2025-07-02 13:34:38,328 - ModelingPipeline - INFO - 검증 - AUC: 0.4222, F1: 0.0123
2025-07-02 13:34:38,328 - ModelingPipeline - INFO - 테스트 - AUC: 0.4339, F1: 0.0064
2025-07-02 13:34:38,339 - ModelingPipeline - INFO - xgboost_normal 최적 Threshold 탐색
2025-07-02 13:34:38,339 - ModelingPipeline - INFO - 임계값 범위: 0.0011 ~ 0.5000 (3000개 점)
2025-07-02 13:34:38,479 - ModelingPipeline - INFO - 최종 선택: 0.001 (PRECISION: 0.0000)
2025-07-02 13:34:38,501 - ModelingPipeline - INFO - xgboost_normal 최종 평가 (Threshold: 0.001):
2025-07-02 13:34:38,501 - ModelingPipeline - INFO - 검증 - AUC: 0.6892, F1: 0.0000
2025-07-02 13:34:38,501 - ModelingPipeline - INFO - 테스트 - AUC: 0.6804, F1: 0.0000
2025-07-02 13:34:38,516 - ModelingPipeline - INFO - logistic_regression_smote 최적 Threshold 탐색
2025-07-02 13:34:38,516 - ModelingPipeline - INFO - 임계값 범위: 0.0011 ~ 0.5000 (3000개 점)
2025-07-02 13:34:46,004 - ModelingPipeline - INFO - 최종 선택: 0.476 (PRECISION: 0.0084)
2025-07-02 13:34:46,045 - ModelingPipeline - INFO - logistic_regression_smote 최종 평가 (Threshold: 0.476):
2025-07-02 13:34:46,045 - ModelingPipeline - INFO - 검증 - AUC: 0.7282, F1: 0.0167
2025-07-02 13:34:46,045 - ModelingPipeline - INFO - 테스트 - AUC: 0.6468, F1: 0.0123
2025-07-02 13:34:46,162 - ModelingPipeline - INFO - random_forest_smote 최적 Threshold 탐색
2025-07-02 13:34:46,162 - ModelingPipeline - INFO - 임계값 범위: 0.0011 ~ 0.5000 (3000개 점)
2025-07-02 13:34:47,122 - ModelingPipeline - INFO - 최종 선택: 0.001 (PRECISION: 0.0000)
2025-07-02 13:34:47,344 - ModelingPipeline - INFO - random_forest_smote 최종 평가 (Threshold: 0.001):
2025-07-02 13:34:47,344 - ModelingPipeline - INFO - 검증 - AUC: 0.4429, F1: 0.0000
2025-07-02 13:34:47,344 - ModelingPipeline - INFO - 테스트 - AUC: 0.4415, F1: 0.0000
2025-07-02 13:34:47,379 - ModelingPipeline - INFO - xgboost_smote 최적 Threshold 탐색
2025-07-02 13:34:47,379 - ModelingPipeline - INFO - 임계값 범위: 0.0011 ~ 0.5000 (3000개 점)
2025-07-02 13:34:47,550 - ModelingPipeline - INFO - 최종 선택: 0.001 (PRECISION: 0.0198)
2025-07-02 13:34:47,582 - ModelingPipeline - INFO - xgboost_smote 최종 평가 (Threshold: 0.001):
2025-07-02 13:34:47,583 - ModelingPipeline - INFO - 검증 - AUC: 0.7392, F1: 0.0366
2025-07-02 13:34:47,583 - ModelingPipeline - INFO - 테스트 - AUC: 0.7263, F1: 0.0209
2025-07-02 13:34:47,634 - ModelingPipeline - INFO - logistic_regression_undersampling 최적 Threshold 탐색
2025-07-02 13:34:47,635 - ModelingPipeline - INFO - 임계값 범위: 0.0011 ~ 0.5000 (3000개 점)
2025-07-02 13:34:47,662 - ModelingPipeline - WARNING - 최적 threshold 찾기 실패, 기본값 0.5 사용
2025-07-02 13:34:47,662 - ModelingPipeline - INFO - 최종 선택: 0.500 (PRECISION: 0.0000)
2025-07-02 13:34:47,681 - ModelingPipeline - INFO - logistic_regression_undersampling 최종 평가 (Threshold: 0.500):
2025-07-02 13:34:47,681 - ModelingPipeline - INFO - 검증 - AUC: 0.7831, F1: 0.0000
2025-07-02 13:34:47,681 - ModelingPipeline - INFO - 테스트 - AUC: 0.7819, F1: 0.0000
2025-07-02 13:34:47,743 - ModelingPipeline - INFO - random_forest_undersampling 최적 Threshold 탐색
2025-07-02 13:34:47,743 - ModelingPipeline - INFO - 임계값 범위: 0.0011 ~ 0.5000 (3000개 점)
2025-07-02 13:34:49,047 - ModelingPipeline - INFO - 최종 선택: 0.024 (PRECISION: 0.0135)
2025-07-02 13:34:49,107 - ModelingPipeline - INFO - random_forest_undersampling 최종 평가 (Threshold: 0.024):
2025-07-02 13:34:49,107 - ModelingPipeline - INFO - 검증 - AUC: 0.5076, F1: 0.0255
2025-07-02 13:34:49,107 - ModelingPipeline - INFO - 테스트 - AUC: 0.5129, F1: 0.0093
2025-07-02 13:34:49,163 - ModelingPipeline - INFO - xgboost_undersampling 최적 Threshold 탐색
2025-07-02 13:34:49,163 - ModelingPipeline - INFO - 임계값 범위: 0.0011 ~ 0.5000 (3000개 점)
2025-07-02 13:34:49,227 - ModelingPipeline - INFO - 최종 선택: 0.001 (PRECISION: 0.0000)
2025-07-02 13:34:49,251 - ModelingPipeline - INFO - xgboost_undersampling 최종 평가 (Threshold: 0.001):
2025-07-02 13:34:49,251 - ModelingPipeline - INFO - 검증 - AUC: 0.6403, F1: 0.0000
2025-07-02 13:34:49,251 - ModelingPipeline - INFO - 테스트 - AUC: 0.5829, F1: 0.0000
2025-07-02 13:34:49,344 - ModelingPipeline - INFO - logistic_regression_combined 최적 Threshold 탐색
2025-07-02 13:34:49,344 - ModelingPipeline - INFO - 임계값 범위: 0.0011 ~ 0.5000 (3000개 점)
2025-07-02 13:34:49,372 - ModelingPipeline - WARNING - 최적 threshold 찾기 실패, 기본값 0.5 사용
2025-07-02 13:34:49,372 - ModelingPipeline - INFO - 최종 선택: 0.500 (PRECISION: 0.0000)
2025-07-02 13:34:49,392 - ModelingPipeline - INFO - logistic_regression_combined 최종 평가 (Threshold: 0.500):
2025-07-02 13:34:49,392 - ModelingPipeline - INFO - 검증 - AUC: 0.8293, F1: 0.0000
2025-07-02 13:34:49,392 - ModelingPipeline - INFO - 테스트 - AUC: 0.7943, F1: 0.0000
2025-07-02 13:34:49,544 - ModelingPipeline - INFO - random_forest_combined 최적 Threshold 탐색
2025-07-02 13:34:49,544 - ModelingPipeline - INFO - 임계값 범위: 0.0011 ~ 0.5000 (3000개 점)
2025-07-02 13:34:50,525 - ModelingPipeline - INFO - 최종 선택: 0.001 (PRECISION: 0.0000)
2025-07-02 13:34:50,718 - ModelingPipeline - INFO - random_forest_combined 최종 평가 (Threshold: 0.001):
2025-07-02 13:34:50,718 - ModelingPipeline - INFO - 검증 - AUC: 0.4543, F1: 0.0000
2025-07-02 13:34:50,718 - ModelingPipeline - INFO - 테스트 - AUC: 0.4504, F1: 0.0000
2025-07-02 13:34:50,820 - ModelingPipeline - INFO - xgboost_combined 최적 Threshold 탐색
2025-07-02 13:34:50,820 - ModelingPipeline - INFO - 임계값 범위: 0.0011 ~ 0.5000 (3000개 점)
2025-07-02 13:34:50,864 - ModelingPipeline - INFO - 최종 선택: 0.001 (PRECISION: 0.0000)
2025-07-02 13:34:50,891 - ModelingPipeline - INFO - xgboost_combined 최종 평가 (Threshold: 0.001):
2025-07-02 13:34:50,891 - ModelingPipeline - INFO - 검증 - AUC: 0.7452, F1: 0.0000
2025-07-02 13:34:50,891 - ModelingPipeline - INFO - 테스트 - AUC: 0.6762, F1: 0.0000
2025-07-02 13:34:50,891 - ModelingPipeline - INFO - 앙상블 모델 실행 시작
2025-07-02 13:34:50,894 - ModelingPipeline - INFO - 앙상블에 추가: logistic_regression_normal
2025-07-02 13:34:50,894 - ModelingPipeline - INFO - 앙상블에 추가: logistic_regression_smote
2025-07-02 13:34:50,894 - ModelingPipeline - INFO - 앙상블에 추가: logistic_regression_undersampling
2025-07-02 13:34:50,894 - ModelingPipeline - INFO - 앙상블에 추가: logistic_regression_combined
2025-07-02 13:34:50,894 - ModelingPipeline - INFO - 앙상블에 추가: random_forest_normal
2025-07-02 13:34:50,894 - ModelingPipeline - INFO - 앙상블에 추가: random_forest_smote
2025-07-02 13:34:50,894 - ModelingPipeline - INFO - 앙상블에 추가: random_forest_undersampling
2025-07-02 13:34:50,894 - ModelingPipeline - INFO - 앙상블에 추가: random_forest_combined
2025-07-02 13:34:50,894 - ModelingPipeline - INFO - 앙상블에 추가: xgboost_normal
2025-07-02 13:34:50,894 - ModelingPipeline - INFO - 앙상블에 추가: xgboost_smote
2025-07-02 13:34:50,894 - ModelingPipeline - INFO - 앙상블에 추가: xgboost_undersampling
2025-07-02 13:34:50,894 - ModelingPipeline - INFO - 앙상블에 추가: xgboost_combined
2025-07-02 13:34:51,303 - ModelingPipeline - INFO - 앙상블 모델 완료 - Test AUC: 0.4374, F1: 0.0070
2025-07-02 13:34:51,679 - ModelingPipeline - INFO - 앙상블 모델 저장: /Users/jojongho/KDT/P2_Default-invest/outputs/modeling_runs/default_modeling_run_20250702_131424/models/ensemble_model_model.joblib
2025-07-02 13:34:51,679 - ModelingPipeline - INFO - 시각화 생성 시작
2025-07-02 13:34:58,401 - ModelingPipeline - INFO - Train vs Test 비교 시각화 완료
2025-07-02 13:34:58,653 - ModelingPipeline - INFO - 시각화 생성 완료
2025-07-02 13:34:58,653 - ModelingPipeline - INFO - 결과 저장 시작
2025-07-02 13:34:58,653 - ModelingPipeline - INFO - logistic_regression_normal 모델 저장: /Users/jojongho/KDT/P2_Default-invest/outputs/modeling_runs/default_modeling_run_20250702_131424/models/logistic_regression_normal_model.joblib
2025-07-02 13:34:58,685 - ModelingPipeline - INFO - random_forest_normal 모델 저장: /Users/jojongho/KDT/P2_Default-invest/outputs/modeling_runs/default_modeling_run_20250702_131424/models/random_forest_normal_model.joblib
2025-07-02 13:34:58,687 - ModelingPipeline - INFO - xgboost_normal 모델 저장: /Users/jojongho/KDT/P2_Default-invest/outputs/modeling_runs/default_modeling_run_20250702_131424/models/xgboost_normal_model.joblib
2025-07-02 13:34:58,687 - ModelingPipeline - INFO - logistic_regression_smote 모델 저장: /Users/jojongho/KDT/P2_Default-invest/outputs/modeling_runs/default_modeling_run_20250702_131424/models/logistic_regression_smote_model.joblib
2025-07-02 13:34:58,813 - ModelingPipeline - INFO - random_forest_smote 모델 저장: /Users/jojongho/KDT/P2_Default-invest/outputs/modeling_runs/default_modeling_run_20250702_131424/models/random_forest_smote_model.joblib
2025-07-02 13:34:58,815 - ModelingPipeline - INFO - xgboost_smote 모델 저장: /Users/jojongho/KDT/P2_Default-invest/outputs/modeling_runs/default_modeling_run_20250702_131424/models/xgboost_smote_model.joblib
2025-07-02 13:34:58,816 - ModelingPipeline - INFO - logistic_regression_undersampling 모델 저장: /Users/jojongho/KDT/P2_Default-invest/outputs/modeling_runs/default_modeling_run_20250702_131424/models/logistic_regression_undersampling_model.joblib
2025-07-02 13:34:58,843 - ModelingPipeline - INFO - random_forest_undersampling 모델 저장: /Users/jojongho/KDT/P2_Default-invest/outputs/modeling_runs/default_modeling_run_20250702_131424/models/random_forest_undersampling_model.joblib
2025-07-02 13:34:58,846 - ModelingPipeline - INFO - xgboost_undersampling 모델 저장: /Users/jojongho/KDT/P2_Default-invest/outputs/modeling_runs/default_modeling_run_20250702_131424/models/xgboost_undersampling_model.joblib
2025-07-02 13:34:58,846 - ModelingPipeline - INFO - logistic_regression_combined 모델 저장: /Users/jojongho/KDT/P2_Default-invest/outputs/modeling_runs/default_modeling_run_20250702_131424/models/logistic_regression_combined_model.joblib
2025-07-02 13:34:58,968 - ModelingPipeline - INFO - random_forest_combined 모델 저장: /Users/jojongho/KDT/P2_Default-invest/outputs/modeling_runs/default_modeling_run_20250702_131424/models/random_forest_combined_model.joblib
2025-07-02 13:34:58,971 - ModelingPipeline - INFO - xgboost_combined 모델 저장: /Users/jojongho/KDT/P2_Default-invest/outputs/modeling_runs/default_modeling_run_20250702_131424/models/xgboost_combined_model.joblib
2025-07-02 13:34:59,284 - ModelingPipeline - INFO - ensemble_model 모델 저장: /Users/jojongho/KDT/P2_Default-invest/outputs/modeling_runs/default_modeling_run_20250702_131424/models/ensemble_model_model.joblib
2025-07-02 13:34:59,730 - ModelingPipeline - INFO - 전체 결과 저장: /Users/jojongho/KDT/P2_Default-invest/outputs/modeling_runs/default_modeling_run_20250702_131424/results/modeling_results.json
2025-07-02 13:34:59,731 - ModelingPipeline - INFO - 설정 저장: /Users/jojongho/KDT/P2_Default-invest/outputs/modeling_runs/default_modeling_run_20250702_131424/modeling_config.json
2025-07-02 13:34:59,732 - ModelingPipeline - INFO - 실행 결과 요약:
2025-07-02 13:34:59,736 - ModelingPipeline - INFO - 
                  Model        Data_Type  Optimal_Threshold  CV_AUC  CV_AUC_Mean  CV_AP_Mean  CV_F1_Mean  Val_AUC  Val_F1  Test_AUC  Test_Precision  Test_Recall  Test_F1  Test_Balanced_Acc  Test_Average_Precision
0   logistic_regression           NORMAL             0.5000  0.6057       0.5932      0.0072      0.0125   0.7831  0.0000    0.7819          0.0000       0.0000   0.0000             0.5000                  0.0699
1         random_forest           NORMAL             0.0272  0.4085       0.3772      0.0047      0.0000   0.4222  0.0123    0.4339          0.0033       0.0938   0.0064             0.4762                  0.0043
2               xgboost           NORMAL             0.0011  0.3737       0.3023      0.0043      0.0000   0.6892  0.0000    0.6804          0.0000       0.0000   0.0000             0.4965                  0.0155
3   logistic_regression            SMOTE             0.4757  0.5525       0.6356      0.0100      0.0117   0.7282  0.0167    0.6468          0.0062       0.7500   0.0123             0.5741                  0.0233
4         random_forest            SMOTE             0.0011  0.4989       0.4989      0.0058      0.0000   0.4429  0.0000    0.4415          0.0000       0.0000   0.0000             0.4611                  0.0050
5               xgboost            SMOTE             0.0013  0.4824       0.4624      0.0061      0.0000   0.7392  0.0366    0.7263          0.0112       0.1562   0.0209             0.5436                  0.0123
6   logistic_regression    UNDERSAMPLING             0.5000  0.6055       0.5929      0.0072      0.0125   0.7831  0.0000    0.7819          0.0000       0.0000   0.0000             0.5000                  0.0699
7         random_forest    UNDERSAMPLING             0.0236  0.4217       0.3395      0.0045      0.0000   0.5076  0.0255    0.5129          0.0049       0.0938   0.0093             0.4990                  0.0057
8               xgboost    UNDERSAMPLING             0.0011  0.3619       0.3307      0.0044      0.0000   0.6403  0.0000    0.5829          0.0000       0.0000   0.0000             0.4996                  0.0130
9   logistic_regression         COMBINED             0.5000  0.5682       0.6375      0.0108      0.0119   0.8293  0.0000    0.7943          0.0000       0.0000   0.0000             0.5000                  0.0606
10        random_forest         COMBINED             0.0011  0.4987       0.4990      0.0058      0.0000   0.4543  0.0000    0.4504          0.0000       0.0000   0.0000             0.4511                  0.0050
11              xgboost         COMBINED             0.0011  0.4583       0.4421      0.0057      0.0000   0.7452  0.0000    0.6762          0.0000       0.0000   0.0000             0.4996                  0.0208
12             ensemble  COMBINED_MODELS             0.3000  0.6057       0.6057      0.0000      0.0000   0.4374  0.0038    0.4374          0.0035       0.6250   0.0070             0.3707                  0.0057
2025-07-02 13:34:59,736 - ModelingPipeline - INFO - 요약 테이블 저장: /Users/jojongho/KDT/P2_Default-invest/outputs/modeling_runs/default_modeling_run_20250702_131424/results/summary_table.csv
2025-07-02 13:34:59,737 - ModelingPipeline - INFO - === 모델링 파이프라인 완료 ===
