2025-07-03 15:27:49,984 - ModelingPipeline - INFO - 모델링 파이프라인이 초기화되었습니다.
2025-07-03 15:27:49,984 - ModelingPipeline - INFO - 실행 이름: default_modeling_run_20250703_152749
2025-07-03 15:27:49,984 - ModelingPipeline - INFO - 출력 경로: /Users/jojongho/KDT/P2_Default-invest/outputs/modeling_runs/default_modeling_run_20250703_152749
2025-07-03 15:27:49,984 - ModelingPipeline - INFO - === 모델링 파이프라인 시작 ===
2025-07-03 15:27:49,984 - ModelingPipeline - INFO - 데이터 로드 시작
2025-07-03 15:27:49,984 - ModelingPipeline - INFO - 오버라이드된 데이터 경로 사용: data/final
2025-07-03 15:27:50,032 - ModelingPipeline - INFO - Train: (10905, 19), 부실비율: 0.72%
2025-07-03 15:27:50,032 - ModelingPipeline - INFO - Validation: (5462, 19), 부실비율: 0.77%
2025-07-03 15:27:50,032 - ModelingPipeline - INFO - Test: (5329, 19), 부실비율: 0.62%
2025-07-03 15:27:50,032 - ModelingPipeline - INFO - 모든 모델 실행 시작
2025-07-03 15:27:50,032 - ModelingPipeline - INFO - 활성화된 데이터 타입: ['normal']
2025-07-03 15:27:50,032 - ModelingPipeline - INFO - 활성화된 모델: ['logistic_regression', 'random_forest', 'xgboost']
2025-07-03 15:27:50,032 - ModelingPipeline - INFO - NORMAL 데이터 처리
2025-07-03 15:27:50,033 - ModelingPipeline - INFO - logistic_regression 최적화 시작 (NORMAL)
2025-07-03 15:27:50,033 - ModelingPipeline - INFO - Logistic Regression 클래스 불균형 가중치: class_weight=balanced
2025-07-03 15:27:50,033 - ModelingPipeline - INFO - 최적화 메트릭: F1
2025-07-03 15:27:50,038 - ModelingPipeline - INFO - 스케일링이 비활성화되어 있어 로그 변환도 건너뜁니다
2025-07-03 15:27:50,038 - ModelingPipeline - INFO - 스케일링이 비활성화되어 있습니다
2025-07-03 15:27:50,316 - ModelingPipeline - INFO -   Trial 1/10 - Current: 0.0000, Best: 0.0000
2025-07-03 15:27:57,992 - ModelingPipeline - INFO -   Trial 6/10 - Current: 0.0000, Best: 0.0418
2025-07-03 15:27:59,024 - ModelingPipeline - INFO -   Trial 10/10 - Current: 0.0000, Best: 0.0418
2025-07-03 15:27:59,112 - ModelingPipeline - INFO - 최적 AUC: 0.0418
2025-07-03 15:27:59,112 - ModelingPipeline - INFO - 최적 파라미터: {'C': 0.1648044642797898, 'max_iter': 6198, 'penalty': 'l2', 'solver': 'newton-cg', 'tol': 0.0001, 'class_weight': 'balanced'}
2025-07-03 15:27:59,113 - ModelingPipeline - INFO - CV 메트릭 계산 시작 (NORMAL)
2025-07-03 15:27:59,478 - ModelingPipeline - INFO - 최적화된 CV 완료: AUC=0.7234(±0.0899), AP=0.0261(±0.0167), F1=0.0299(±0.0187)
2025-07-03 15:27:59,479 - ModelingPipeline - INFO - CV 메트릭 계산 완료 - AUC: 0.7234, AP: 0.0261, F1: 0.0299
2025-07-03 15:27:59,479 - ModelingPipeline - INFO - random_forest 최적화 시작 (NORMAL)
2025-07-03 15:27:59,479 - ModelingPipeline - INFO - Random Forest 클래스 불균형 가중치: class_weight=balanced
2025-07-03 15:27:59,479 - ModelingPipeline - INFO - 최적화 메트릭: F1
2025-07-03 15:28:08,261 - ModelingPipeline - INFO -   Trial 1/10 - Current: 0.3019, Best: 0.3019
2025-07-03 15:28:55,745 - ModelingPipeline - INFO -   Trial 6/10 - Current: 0.2377, Best: 0.3019
2025-07-03 15:29:58,462 - ModelingPipeline - INFO -   Trial 10/10 - Current: 0.2507, Best: 0.3019
2025-07-03 15:30:01,554 - ModelingPipeline - INFO - 최적 AUC: 0.3019
2025-07-03 15:30:01,554 - ModelingPipeline - INFO - 최적 파라미터: {'n_estimators': 250, 'max_depth': 20, 'min_samples_split': 15, 'min_samples_leaf': 6, 'max_features': 0.24041677639819287, 'class_weight': 'balanced'}
2025-07-03 15:30:01,554 - ModelingPipeline - INFO - CV 메트릭 계산 시작 (NORMAL)
2025-07-03 15:30:12,184 - ModelingPipeline - INFO - 최적화된 CV 완료: AUC=0.9518(±0.0189), AP=0.3179(±0.0802), F1=0.2868(±0.1402)
2025-07-03 15:30:12,184 - ModelingPipeline - INFO - CV 메트릭 계산 완료 - AUC: 0.9518, AP: 0.3179, F1: 0.2868
2025-07-03 15:30:12,195 - ModelingPipeline - INFO - xgboost 최적화 시작 (NORMAL)
2025-07-03 15:30:12,196 - ModelingPipeline - INFO - XGBoost 클래스 불균형 처리: scale_pos_weight
2025-07-03 15:30:12,196 - ModelingPipeline - INFO - scale_pos_weight = 138.81 (설정: auto)
2025-07-03 15:30:12,196 - ModelingPipeline - INFO - 최적화 메트릭: F1
2025-07-03 15:30:20,410 - ModelingPipeline - INFO -   Trial 1/10 - Current: 0.3436, Best: 0.3436
2025-07-03 15:30:57,160 - ModelingPipeline - INFO -   Trial 6/10 - Current: 0.3011, Best: 0.3436
2025-07-03 15:31:21,513 - ModelingPipeline - INFO -   Trial 10/10 - Current: 0.3166, Best: 0.3436
2025-07-03 15:31:21,514 - ModelingPipeline - INFO - Using XGBoost ≥ 2.0 callbacks
2025-07-03 15:31:21,515 - ModelingPipeline - WARNING - Early stopping failed, using fallback: XGBClassifier.fit() got an unexpected keyword argument 'callbacks'
2025-07-03 15:31:22,005 - ModelingPipeline - INFO - 최적 AUC: 0.3436
2025-07-03 15:31:22,005 - ModelingPipeline - INFO - 최적 파라미터: {'n_estimators': 175, 'max_depth': 10, 'learning_rate': 0.2209382128343645, 'subsample': 0.8394633936788146, 'colsample_bytree': 0.6624074561769746, 'reg_alpha': 1.5599452033620265, 'reg_lambda': 1.5227525095137953, 'scale_pos_weight': np.float64(138.80769230769232)}
2025-07-03 15:31:22,005 - ModelingPipeline - INFO - CV 메트릭 계산 시작 (NORMAL)
2025-07-03 15:31:24,081 - ModelingPipeline - INFO - 최적화된 CV 완료: AUC=0.9429(±0.0260), AP=0.2799(±0.0349), F1=0.3160(±0.0512)
2025-07-03 15:31:24,081 - ModelingPipeline - INFO - CV 메트릭 계산 완료 - AUC: 0.9429, AP: 0.2799, F1: 0.3160
2025-07-03 15:31:24,082 - ModelingPipeline - INFO - 모든 모델 평가 및 Threshold 최적화
2025-07-03 15:31:24,082 - ModelingPipeline - INFO - 모델 평가 시작: normal__logistic_regression
2025-07-03 15:31:24,082 - ModelingPipeline - INFO - CV 메트릭 계산 시작 (NORMAL)
2025-07-03 15:31:24,399 - ModelingPipeline - INFO - 최적화된 CV 완료: AUC=0.7234(±0.0899), AP=0.0261(±0.0167), F1=0.0299(±0.0187)
2025-07-03 15:31:24,399 - ModelingPipeline - INFO - CV 메트릭 계산 완료 - AUC: 0.7234, AP: 0.0261, F1: 0.0299
2025-07-03 15:31:24,399 - ModelingPipeline - INFO - [normal__logistic_regression] Cross-Validation (Train): {'cv_auc_mean': 0.7233871320861206, 'cv_auc_std': 0.08987612066246392, 'cv_average_precision_mean': 0.026062491384959495, 'cv_average_precision_std': 0.016698746182794776, 'cv_f1_mean': 0.029898516783762687, 'cv_f1_std': 0.018746158742341725}
2025-07-03 15:31:24,401 - ModelingPipeline - INFO - Optimal threshold found: 0.8492 (F1: 0.0606)
2025-07-03 15:31:24,408 - ModelingPipeline - INFO - [normal__logistic_regression] Validation (Optimal Threshold): F1=0.0606, Recall=0.0476
2025-07-03 15:31:24,418 - ModelingPipeline - INFO - [normal__logistic_regression] Test (Optimal Threshold=0.8492): F1=0.0000, Recall=0.0000
2025-07-03 15:31:24,418 - ModelingPipeline - INFO - [normal__logistic_regression] Test (Default Threshold=0.5): F1=0.0346, Recall=0.5455
2025-07-03 15:31:24,418 - ModelingPipeline - INFO - 모델 평가 완료: normal__logistic_regression
2025-07-03 15:31:24,418 - ModelingPipeline - INFO - 모델 평가 시작: normal__random_forest
2025-07-03 15:31:24,418 - ModelingPipeline - INFO - CV 메트릭 계산 시작 (NORMAL)
2025-07-03 15:31:34,957 - ModelingPipeline - INFO - 최적화된 CV 완료: AUC=0.9517(±0.0180), AP=0.3319(±0.0863), F1=0.2982(±0.1522)
2025-07-03 15:31:34,958 - ModelingPipeline - INFO - CV 메트릭 계산 완료 - AUC: 0.9517, AP: 0.3319, F1: 0.2982
2025-07-03 15:31:34,959 - ModelingPipeline - INFO - [normal__random_forest] Cross-Validation (Train): {'cv_auc_mean': 0.9517402476654746, 'cv_auc_std': 0.018014815807450586, 'cv_average_precision_mean': 0.3318770485612946, 'cv_average_precision_std': 0.08627591320116566, 'cv_f1_mean': 0.2981686429512517, 'cv_f1_std': 0.15220895398165135}
2025-07-03 15:31:35,021 - ModelingPipeline - INFO - Optimal threshold found: 0.3058 (F1: 0.2569)
2025-07-03 15:31:35,025 - ModelingPipeline - INFO - [normal__random_forest] Validation (Optimal Threshold): F1=0.2569, Recall=0.3333
2025-07-03 15:31:35,066 - ModelingPipeline - INFO - [normal__random_forest] Test (Optimal Threshold=0.3058): F1=0.2947, Recall=0.4242
2025-07-03 15:31:35,066 - ModelingPipeline - INFO - [normal__random_forest] Test (Default Threshold=0.5): F1=0.2759, Recall=0.2424
2025-07-03 15:31:35,067 - ModelingPipeline - INFO - 모델 평가 완료: normal__random_forest
2025-07-03 15:31:35,067 - ModelingPipeline - INFO - 모델 평가 시작: normal__xgboost
2025-07-03 15:31:35,067 - ModelingPipeline - INFO - CV 메트릭 계산 시작 (NORMAL)
2025-07-03 15:31:37,242 - ModelingPipeline - INFO - 최적화된 CV 완료: AUC=0.9429(±0.0260), AP=0.2799(±0.0349), F1=0.3160(±0.0512)
2025-07-03 15:31:37,243 - ModelingPipeline - INFO - CV 메트릭 계산 완료 - AUC: 0.9429, AP: 0.2799, F1: 0.3160
2025-07-03 15:31:37,243 - ModelingPipeline - INFO - [normal__xgboost] Cross-Validation (Train): {'cv_auc_mean': 0.9428749688125748, 'cv_auc_std': 0.026025486082982285, 'cv_average_precision_mean': 0.27988985817330425, 'cv_average_precision_std': 0.034872348563880246, 'cv_f1_mean': 0.31603296592173125, 'cv_f1_std': 0.051150739711388296}
2025-07-03 15:31:37,252 - ModelingPipeline - INFO - Optimal threshold found: 0.1105 (F1: 0.3077)
2025-07-03 15:31:37,256 - ModelingPipeline - INFO - [normal__xgboost] Validation (Optimal Threshold): F1=0.3077, Recall=0.4286
2025-07-03 15:31:37,267 - ModelingPipeline - INFO - [normal__xgboost] Test (Optimal Threshold=0.1105): F1=0.2000, Recall=0.3030
2025-07-03 15:31:37,267 - ModelingPipeline - INFO - [normal__xgboost] Test (Default Threshold=0.5): F1=0.2069, Recall=0.1818
2025-07-03 15:31:37,267 - ModelingPipeline - INFO - 모델 평가 완료: normal__xgboost
2025-07-03 15:31:37,267 - ModelingPipeline - INFO - 앙상블 모델 실행 시작
2025-07-03 15:31:37,270 - ModelingPipeline - INFO - 앙상블에 추가: normal__logistic_regression
2025-07-03 15:31:37,270 - ModelingPipeline - INFO - 앙상블에 추가: normal__random_forest
2025-07-03 15:31:37,270 - ModelingPipeline - INFO - 앙상블에 추가: normal__xgboost
2025-07-03 15:31:37,422 - ModelingPipeline - INFO - 앙상블 모델 완료 - Test AUC: 0.9250, F1: 0.2540
2025-07-03 15:31:37,465 - ModelingPipeline - INFO - 앙상블 모델 저장: /Users/jojongho/KDT/P2_Default-invest/outputs/modeling_runs/default_modeling_run_20250703_152749/models/combined_models__ensemble_model.joblib
2025-07-03 15:31:37,465 - ModelingPipeline - INFO - 시각화 생성 시작
2025-07-03 15:31:37,787 - ModelingPipeline - INFO - ROC 곡선 저장 완료: /Users/jojongho/KDT/P2_Default-invest/outputs/modeling_runs/default_modeling_run_20250703_152749/visualizations/roc_curves_comparison.png
2025-07-03 15:31:38,029 - ModelingPipeline - INFO - PR 곡선 저장 완료: /Users/jojongho/KDT/P2_Default-invest/outputs/modeling_runs/default_modeling_run_20250703_152749/visualizations/pr_curves_comparison.png
2025-07-03 15:31:38,488 - ModelingPipeline - INFO - 성능 비교 차트 저장 완료: /Users/jojongho/KDT/P2_Default-invest/outputs/modeling_runs/default_modeling_run_20250703_152749/visualizations/performance_comparison.png
2025-07-03 15:31:38,488 - ModelingPipeline - INFO - 특성 중요도를 시각화할 tree 기반 모델이 없습니다.
2025-07-03 15:31:38,488 - ModelingPipeline - INFO - Threshold 분석을 위한 유효한 모델이 없습니다.
2025-07-03 15:31:38,488 - ModelingPipeline - INFO - Train vs Test 비교를 위한 모델이 없습니다.
2025-07-03 15:31:38,885 - ModelingPipeline - INFO - 앙상블 가중치 차트 저장 완료: /Users/jojongho/KDT/P2_Default-invest/outputs/modeling_runs/default_modeling_run_20250703_152749/visualizations/ensemble_weights.png
2025-07-03 15:31:38,885 - ModelingPipeline - INFO - 시각화 생성 완료
2025-07-03 15:31:38,885 - ModelingPipeline - INFO - 결과 저장 시작
2025-07-03 15:31:38,886 - ModelingPipeline - INFO - normal__logistic_regression 모델 저장: /Users/jojongho/KDT/P2_Default-invest/outputs/modeling_runs/default_modeling_run_20250703_152749/models/normal__logistic_regression_model.joblib
2025-07-03 15:31:38,920 - ModelingPipeline - INFO - normal__random_forest 모델 저장: /Users/jojongho/KDT/P2_Default-invest/outputs/modeling_runs/default_modeling_run_20250703_152749/models/normal__random_forest_model.joblib
2025-07-03 15:31:38,922 - ModelingPipeline - INFO - normal__xgboost 모델 저장: /Users/jojongho/KDT/P2_Default-invest/outputs/modeling_runs/default_modeling_run_20250703_152749/models/normal__xgboost_model.joblib
2025-07-03 15:31:38,956 - ModelingPipeline - INFO - combined_models__ensemble 모델 저장: /Users/jojongho/KDT/P2_Default-invest/outputs/modeling_runs/default_modeling_run_20250703_152749/models/combined_models__ensemble_model.joblib
2025-07-03 15:31:39,004 - ModelingPipeline - INFO - 전체 결과 저장: /Users/jojongho/KDT/P2_Default-invest/outputs/modeling_runs/default_modeling_run_20250703_152749/results/modeling_results.json
2025-07-03 15:31:39,004 - ModelingPipeline - INFO - 설정 저장: /Users/jojongho/KDT/P2_Default-invest/outputs/modeling_runs/default_modeling_run_20250703_152749/modeling_config.json
2025-07-03 15:31:39,006 - ModelingPipeline - INFO - 실행 결과 요약:
2025-07-03 15:31:39,007 - ModelingPipeline - INFO - 
                 Model        Data_Type  Optimal_Threshold  CV_AUC  CV_AUC_Mean  CV_AP_Mean  CV_F1_Mean  Val_AUC  Val_F1  Test_AUC  Test_Precision  Test_Recall  Test_F1  Test_Balanced_Acc  Test_Average_Precision
0  logistic_regression           NORMAL               0.50       0            0           0           0   0.7191  0.0606    0.7528          0.0000       0.0000   0.0000             0.4986                  0.0137
1        random_forest           NORMAL               0.50       0            0           0           0   0.9299  0.2569    0.9228          0.2258       0.4242   0.2947             0.7076                  0.1623
2              xgboost           NORMAL               0.50       0            0           0           0   0.9377  0.3077    0.9180          0.1493       0.3030   0.2000             0.6461                  0.1169
3             ensemble  COMBINED_MODELS               0.45       0            0           0           0   0.0000  0.0000    0.9250          0.2667       0.2424   0.2540             0.6191                  0.1238
2025-07-03 15:31:39,008 - ModelingPipeline - INFO - 요약 테이블 저장: /Users/jojongho/KDT/P2_Default-invest/outputs/modeling_runs/default_modeling_run_20250703_152749/results/summary_table.csv
2025-07-03 15:31:39,008 - ModelingPipeline - INFO - === 모델링 파이프라인 완료 ===
