2025-06-26 17:35:54,463 - ModelingPipeline - INFO - 모델링 파이프라인이 초기화되었습니다.
2025-06-26 17:35:54,463 - ModelingPipeline - INFO - 실행 이름: default_modeling_run_20250626_173554
2025-06-26 17:35:54,463 - ModelingPipeline - INFO - 출력 경로: /Users/jojongho/KDT/P2_Default-invest/outputs/modeling_runs/default_modeling_run_20250626_173554
2025-06-26 17:35:54,463 - ModelingPipeline - INFO - === 모델링 파이프라인 시작 ===
2025-06-26 17:35:54,463 - ModelingPipeline - INFO - 데이터 로드 시작
2025-06-26 17:35:54,496 - ModelingPipeline - INFO - Train: (11241, 16), 부실비율: 0.68%
2025-06-26 17:35:54,496 - ModelingPipeline - INFO - Validation: (6749, 16), 부실비율: 0.68%
2025-06-26 17:35:54,496 - ModelingPipeline - INFO - Test: (4495, 16), 부실비율: 0.69%
2025-06-26 17:35:54,498 - ModelingPipeline - INFO - 모든 모델 실행 시작
2025-06-26 17:35:54,498 - ModelingPipeline - INFO - Lasso 특성 선택 적용 (NORMAL)
2025-06-26 17:35:54,531 - ModelingPipeline - INFO - 최적 alpha: 0.001000
2025-06-26 17:35:54,531 - ModelingPipeline - INFO - 선택된 특성: 10/16
2025-06-26 17:35:54,534 - ModelingPipeline - INFO - 활성화된 데이터 타입: ['normal', 'combined']
2025-06-26 17:35:54,534 - ModelingPipeline - INFO - 활성화된 모델: ['logistic_regression', 'random_forest', 'xgboost']
2025-06-26 17:35:54,534 - ModelingPipeline - INFO - NORMAL 데이터 처리
2025-06-26 17:35:54,534 - ModelingPipeline - INFO - 스케일링 적용 시작 (NORMAL)
2025-06-26 17:35:54,534 - ModelingPipeline - INFO - Standard 그룹 - 데이터에 없는 컬럼 (32개): ['총자산', '총부채', '총자본', '유동자산', '유동부채']...
2025-06-26 17:35:54,538 - ModelingPipeline - INFO - Standard 스케일링 적용 완료: 1개 컬럼 처리
2025-06-26 17:35:54,538 - ModelingPipeline - INFO - Robust 그룹 - 데이터에 없는 컬럼 (126개): ['매출액증가율', '총자본증가율', '유형자산증가율', '비유동생물자산증가율', '투자부동산증가율']...
2025-06-26 17:35:54,543 - ModelingPipeline - INFO - Robust 스케일링 적용 완료: 9개 컬럼 처리
2025-06-26 17:35:54,544 - ModelingPipeline - INFO - MinMax 그룹에 설정된 컬럼이 없습니다
2025-06-26 17:35:54,544 - ModelingPipeline - INFO - 스케일링 완료 요약 (NORMAL):
2025-06-26 17:35:54,544 - ModelingPipeline - INFO -   - 총 컬럼 수: 10
2025-06-26 17:35:54,544 - ModelingPipeline - INFO -   - 스케일링 적용: 10개 컬럼
2025-06-26 17:35:54,544 - ModelingPipeline - INFO -   - 스케일링 미적용: 0개 컬럼
2025-06-26 17:35:54,544 - ModelingPipeline - INFO - logistic_regression 최적화 시작 (NORMAL)
2025-06-26 17:35:54,753 - ModelingPipeline - INFO - Trial 1/100 - Current: 0.9052, Best: 0.9052
2025-06-26 17:35:58,677 - ModelingPipeline - INFO - Trial 6/100 - Current: 0.5000, Best: 0.9052
2025-06-26 17:36:01,744 - ModelingPipeline - INFO - Trial 11/100 - Current: 0.9083, Best: 0.9083
2025-06-26 17:36:02,776 - ModelingPipeline - INFO - Trial 16/100 - Current: 0.9110, Best: 0.9110
2025-06-26 17:36:03,818 - ModelingPipeline - INFO - Trial 21/100 - Current: 0.9089, Best: 0.9110
2025-06-26 17:36:04,842 - ModelingPipeline - INFO - Trial 26/100 - Current: 0.9031, Best: 0.9110
2025-06-26 17:36:06,893 - ModelingPipeline - INFO - Trial 31/100 - Current: 0.9021, Best: 0.9110
2025-06-26 17:36:09,005 - ModelingPipeline - INFO - Trial 36/100 - Current: 0.9038, Best: 0.9129
2025-06-26 17:36:11,982 - ModelingPipeline - INFO - Trial 41/100 - Current: 0.5000, Best: 0.9129
2025-06-26 17:36:12,996 - ModelingPipeline - INFO - Trial 46/100 - Current: 0.9051, Best: 0.9129
2025-06-26 17:36:15,087 - ModelingPipeline - INFO - Trial 51/100 - Current: 0.9075, Best: 0.9129
2025-06-26 17:36:16,067 - ModelingPipeline - INFO - Trial 56/100 - Current: 0.9071, Best: 0.9129
2025-06-26 17:36:18,147 - ModelingPipeline - INFO - Trial 61/100 - Current: 0.5000, Best: 0.9138
2025-06-26 17:36:19,148 - ModelingPipeline - INFO - Trial 66/100 - Current: 0.9031, Best: 0.9138
2025-06-26 17:36:20,194 - ModelingPipeline - INFO - Trial 71/100 - Current: 0.9032, Best: 0.9138
2025-06-26 17:36:21,207 - ModelingPipeline - INFO - Trial 76/100 - Current: 0.9103, Best: 0.9138
2025-06-26 17:36:23,235 - ModelingPipeline - INFO - Trial 81/100 - Current: 0.9038, Best: 0.9138
2025-06-26 17:36:24,276 - ModelingPipeline - INFO - Trial 86/100 - Current: 0.9042, Best: 0.9194
2025-06-26 17:36:26,330 - ModelingPipeline - INFO - Trial 91/100 - Current: 0.9031, Best: 0.9194
2025-06-26 17:36:27,469 - ModelingPipeline - INFO - Trial 96/100 - Current: 0.9035, Best: 0.9194
2025-06-26 17:36:28,323 - ModelingPipeline - INFO - Trial 100/100 - Current: 0.9045, Best: 0.9194
2025-06-26 17:36:28,365 - ModelingPipeline - INFO - 최적 AUC: 0.9194
2025-06-26 17:36:28,365 - ModelingPipeline - INFO - 최적 파라미터: {'C': 0.1141016889926554, 'max_iter': 1819, 'penalty': 'l2', 'solver': 'lbfgs', 'tol': 0.0001}
2025-06-26 17:36:28,366 - ModelingPipeline - INFO - random_forest 최적화 시작 (NORMAL)
2025-06-26 17:36:30,324 - ModelingPipeline - INFO - Trial 1/100 - Current: 0.9221, Best: 0.9221
2025-06-26 17:36:35,566 - ModelingPipeline - INFO - Trial 6/100 - Current: 0.9357, Best: 0.9357
2025-06-26 17:36:41,846 - ModelingPipeline - INFO - Trial 11/100 - Current: 0.9240, Best: 0.9357
2025-06-26 17:36:47,853 - ModelingPipeline - INFO - Trial 16/100 - Current: 0.9069, Best: 0.9373
2025-06-26 17:36:58,404 - ModelingPipeline - INFO - Trial 21/100 - Current: 0.9162, Best: 0.9373
2025-06-26 17:37:02,934 - ModelingPipeline - INFO - Trial 26/100 - Current: 0.9353, Best: 0.9373
2025-06-26 17:37:07,646 - ModelingPipeline - INFO - Trial 31/100 - Current: 0.9154, Best: 0.9373
2025-06-26 17:37:11,829 - ModelingPipeline - INFO - Trial 36/100 - Current: 0.9283, Best: 0.9373
2025-06-26 17:37:19,397 - ModelingPipeline - INFO - Trial 41/100 - Current: 0.9156, Best: 0.9373
2025-06-26 17:37:23,045 - ModelingPipeline - INFO - Trial 46/100 - Current: 0.9350, Best: 0.9373
2025-06-26 17:37:28,702 - ModelingPipeline - INFO - Trial 51/100 - Current: 0.8779, Best: 0.9373
2025-06-26 17:37:32,458 - ModelingPipeline - INFO - Trial 56/100 - Current: 0.9377, Best: 0.9380
2025-06-26 17:37:37,185 - ModelingPipeline - INFO - Trial 61/100 - Current: 0.9332, Best: 0.9380
2025-06-26 17:37:40,730 - ModelingPipeline - INFO - Trial 66/100 - Current: 0.9277, Best: 0.9380
2025-06-26 17:37:45,236 - ModelingPipeline - INFO - Trial 71/100 - Current: 0.9378, Best: 0.9380
2025-06-26 17:37:49,020 - ModelingPipeline - INFO - Trial 76/100 - Current: 0.9377, Best: 0.9380
2025-06-26 17:37:54,936 - ModelingPipeline - INFO - Trial 81/100 - Current: 0.9300, Best: 0.9380
2025-06-26 17:38:00,976 - ModelingPipeline - INFO - Trial 86/100 - Current: 0.9226, Best: 0.9380
2025-06-26 17:38:05,148 - ModelingPipeline - INFO - Trial 91/100 - Current: 0.9377, Best: 0.9380
2025-06-26 17:38:09,355 - ModelingPipeline - INFO - Trial 96/100 - Current: 0.9356, Best: 0.9380
2025-06-26 17:38:12,700 - ModelingPipeline - INFO - Trial 100/100 - Current: 0.9356, Best: 0.9380
2025-06-26 17:38:13,807 - ModelingPipeline - INFO - 최적 AUC: 0.9380
2025-06-26 17:38:13,807 - ModelingPipeline - INFO - 최적 파라미터: {'n_estimators': 266, 'max_depth': 7, 'min_samples_split': 12, 'min_samples_leaf': 9, 'max_features': 0.101385555409196}
2025-06-26 17:38:13,819 - ModelingPipeline - INFO - xgboost 최적화 시작 (NORMAL)
2025-06-26 17:38:13,958 - ModelingPipeline - INFO - Trial 1/100 - Current: 0.8931, Best: 0.8931
2025-06-26 17:38:14,456 - ModelingPipeline - INFO - Trial 6/100 - Current: 0.9270, Best: 0.9296
2025-06-26 17:38:14,854 - ModelingPipeline - INFO - Trial 11/100 - Current: 0.9266, Best: 0.9296
2025-06-26 17:38:15,373 - ModelingPipeline - INFO - Trial 16/100 - Current: 0.9275, Best: 0.9296
2025-06-26 17:38:15,828 - ModelingPipeline - INFO - Trial 21/100 - Current: 0.9255, Best: 0.9303
2025-06-26 17:38:16,373 - ModelingPipeline - INFO - Trial 26/100 - Current: 0.9271, Best: 0.9303
2025-06-26 17:38:16,842 - ModelingPipeline - INFO - Trial 31/100 - Current: 0.8825, Best: 0.9304
2025-06-26 17:38:17,254 - ModelingPipeline - INFO - Trial 36/100 - Current: 0.9254, Best: 0.9304
2025-06-26 17:38:17,699 - ModelingPipeline - INFO - Trial 41/100 - Current: 0.9250, Best: 0.9304
2025-06-26 17:38:18,194 - ModelingPipeline - INFO - Trial 46/100 - Current: 0.9301, Best: 0.9304
2025-06-26 17:38:18,865 - ModelingPipeline - INFO - Trial 51/100 - Current: 0.9283, Best: 0.9304
2025-06-26 17:38:19,422 - ModelingPipeline - INFO - Trial 56/100 - Current: 0.9210, Best: 0.9317
2025-06-26 17:38:20,025 - ModelingPipeline - INFO - Trial 61/100 - Current: 0.9248, Best: 0.9317
2025-06-26 17:38:20,606 - ModelingPipeline - INFO - Trial 66/100 - Current: 0.9291, Best: 0.9322
2025-06-26 17:38:21,219 - ModelingPipeline - INFO - Trial 71/100 - Current: 0.9266, Best: 0.9322
2025-06-26 17:38:21,782 - ModelingPipeline - INFO - Trial 76/100 - Current: 0.9284, Best: 0.9322
2025-06-26 17:38:22,308 - ModelingPipeline - INFO - Trial 81/100 - Current: 0.9279, Best: 0.9322
2025-06-26 17:38:22,921 - ModelingPipeline - INFO - Trial 86/100 - Current: 0.9286, Best: 0.9322
2025-06-26 17:38:23,537 - ModelingPipeline - INFO - Trial 91/100 - Current: 0.9281, Best: 0.9322
2025-06-26 17:38:24,126 - ModelingPipeline - INFO - Trial 96/100 - Current: 0.9265, Best: 0.9322
2025-06-26 17:38:24,586 - ModelingPipeline - INFO - Trial 100/100 - Current: 0.9278, Best: 0.9322
2025-06-26 17:38:24,842 - ModelingPipeline - INFO - 최적 AUC: 0.9322
2025-06-26 17:38:24,842 - ModelingPipeline - INFO - 최적 파라미터: {'n_estimators': 221, 'max_depth': 8, 'learning_rate': 0.1297020558700546, 'subsample': 0.6137373602893279, 'colsample_bytree': 0.6407967756314852, 'reg_alpha': 7.590856609565409, 'reg_lambda': 4.073792072616392}
2025-06-26 17:38:24,843 - ModelingPipeline - INFO - COMBINED 데이터 처리
2025-06-26 17:38:24,857 - ModelingPipeline - INFO - COMBINED 샘플링 적용 완료: 1,221개 샘플
2025-06-26 17:38:24,857 - ModelingPipeline - INFO - 스케일링 적용 시작 (COMBINED)
2025-06-26 17:38:24,857 - ModelingPipeline - INFO - Standard 그룹 - 데이터에 없는 컬럼 (32개): ['총자산', '총부채', '총자본', '유동자산', '유동부채']...
2025-06-26 17:38:24,860 - ModelingPipeline - INFO - Standard 스케일링 적용 완료: 1개 컬럼 처리
2025-06-26 17:38:24,860 - ModelingPipeline - INFO - Robust 그룹 - 데이터에 없는 컬럼 (126개): ['매출액증가율', '총자본증가율', '유형자산증가율', '비유동생물자산증가율', '투자부동산증가율']...
2025-06-26 17:38:24,863 - ModelingPipeline - INFO - Robust 스케일링 적용 완료: 9개 컬럼 처리
2025-06-26 17:38:24,863 - ModelingPipeline - INFO - MinMax 그룹에 설정된 컬럼이 없습니다
2025-06-26 17:38:24,863 - ModelingPipeline - INFO - 스케일링 완료 요약 (COMBINED):
2025-06-26 17:38:24,863 - ModelingPipeline - INFO -   - 총 컬럼 수: 10
2025-06-26 17:38:24,863 - ModelingPipeline - INFO -   - 스케일링 적용: 10개 컬럼
2025-06-26 17:38:24,863 - ModelingPipeline - INFO -   - 스케일링 미적용: 0개 컬럼
2025-06-26 17:38:24,863 - ModelingPipeline - INFO - logistic_regression 최적화 시작 (COMBINED)
2025-06-26 17:38:24,908 - ModelingPipeline - INFO - Trial 1/100 - Current: 0.9323, Best: 0.9323
2025-06-26 17:38:25,616 - ModelingPipeline - INFO - Trial 6/100 - Current: 0.5000, Best: 0.9448
2025-06-26 17:38:26,178 - ModelingPipeline - INFO - Trial 11/100 - Current: 0.9397, Best: 0.9448
2025-06-26 17:38:26,417 - ModelingPipeline - INFO - Trial 16/100 - Current: 0.9412, Best: 0.9448
2025-06-26 17:38:26,629 - ModelingPipeline - INFO - Trial 21/100 - Current: 0.9426, Best: 0.9448
2025-06-26 17:38:26,856 - ModelingPipeline - INFO - Trial 26/100 - Current: 0.9403, Best: 0.9448
2025-06-26 17:38:27,234 - ModelingPipeline - INFO - Trial 31/100 - Current: 0.9127, Best: 0.9448
2025-06-26 17:38:27,614 - ModelingPipeline - INFO - Trial 36/100 - Current: 0.9271, Best: 0.9448
2025-06-26 17:38:28,169 - ModelingPipeline - INFO - Trial 41/100 - Current: 0.9281, Best: 0.9454
2025-06-26 17:38:28,416 - ModelingPipeline - INFO - Trial 46/100 - Current: 0.9442, Best: 0.9454
2025-06-26 17:38:28,837 - ModelingPipeline - INFO - Trial 51/100 - Current: 0.9237, Best: 0.9454
2025-06-26 17:38:29,115 - ModelingPipeline - INFO - Trial 56/100 - Current: 0.9359, Best: 0.9485
2025-06-26 17:38:29,519 - ModelingPipeline - INFO - Trial 61/100 - Current: 0.5000, Best: 0.9485
2025-06-26 17:38:29,761 - ModelingPipeline - INFO - Trial 66/100 - Current: 0.9386, Best: 0.9485
2025-06-26 17:38:30,001 - ModelingPipeline - INFO - Trial 71/100 - Current: 0.9422, Best: 0.9485
2025-06-26 17:38:30,247 - ModelingPipeline - INFO - Trial 76/100 - Current: 0.9104, Best: 0.9485
2025-06-26 17:38:30,616 - ModelingPipeline - INFO - Trial 81/100 - Current: 0.9386, Best: 0.9485
2025-06-26 17:38:30,858 - ModelingPipeline - INFO - Trial 86/100 - Current: 0.9385, Best: 0.9485
2025-06-26 17:38:31,254 - ModelingPipeline - INFO - Trial 91/100 - Current: 0.9228, Best: 0.9485
2025-06-26 17:38:31,496 - ModelingPipeline - INFO - Trial 96/100 - Current: 0.9370, Best: 0.9485
2025-06-26 17:38:31,738 - ModelingPipeline - INFO - Trial 100/100 - Current: 0.9474, Best: 0.9485
2025-06-26 17:38:31,751 - ModelingPipeline - INFO - 최적 AUC: 0.9485
2025-06-26 17:38:31,751 - ModelingPipeline - INFO - 최적 파라미터: {'C': 0.031540421868310436, 'max_iter': 1933, 'penalty': 'l2', 'solver': 'lbfgs', 'tol': 0.0001}
2025-06-26 17:38:31,751 - ModelingPipeline - INFO - random_forest 최적화 시작 (COMBINED)
2025-06-26 17:38:31,921 - ModelingPipeline - INFO - Trial 1/100 - Current: 0.9596, Best: 0.9596
2025-06-26 17:38:32,801 - ModelingPipeline - INFO - Trial 6/100 - Current: 0.9544, Best: 0.9598
2025-06-26 17:38:34,056 - ModelingPipeline - INFO - Trial 11/100 - Current: 0.9594, Best: 0.9598
2025-06-26 17:38:35,136 - ModelingPipeline - INFO - Trial 16/100 - Current: 0.9616, Best: 0.9636
2025-06-26 17:38:36,972 - ModelingPipeline - INFO - Trial 21/100 - Current: 0.9530, Best: 0.9636
2025-06-26 17:38:38,348 - ModelingPipeline - INFO - Trial 26/100 - Current: 0.9608, Best: 0.9636
2025-06-26 17:38:39,399 - ModelingPipeline - INFO - Trial 31/100 - Current: 0.9614, Best: 0.9636
2025-06-26 17:38:41,210 - ModelingPipeline - INFO - Trial 36/100 - Current: 0.9653, Best: 0.9654
2025-06-26 17:38:42,979 - ModelingPipeline - INFO - Trial 41/100 - Current: 0.9514, Best: 0.9667
2025-06-26 17:38:44,617 - ModelingPipeline - INFO - Trial 46/100 - Current: 0.9605, Best: 0.9667
2025-06-26 17:38:46,185 - ModelingPipeline - INFO - Trial 51/100 - Current: 0.9609, Best: 0.9667
2025-06-26 17:38:47,998 - ModelingPipeline - INFO - Trial 56/100 - Current: 0.9632, Best: 0.9667
2025-06-26 17:38:49,697 - ModelingPipeline - INFO - Trial 61/100 - Current: 0.9583, Best: 0.9667
2025-06-26 17:38:51,652 - ModelingPipeline - INFO - Trial 66/100 - Current: 0.9506, Best: 0.9667
2025-06-26 17:38:53,442 - ModelingPipeline - INFO - Trial 71/100 - Current: 0.9655, Best: 0.9667
2025-06-26 17:38:55,355 - ModelingPipeline - INFO - Trial 76/100 - Current: 0.9611, Best: 0.9667
2025-06-26 17:38:57,347 - ModelingPipeline - INFO - Trial 81/100 - Current: 0.9560, Best: 0.9667
2025-06-26 17:38:59,213 - ModelingPipeline - INFO - Trial 86/100 - Current: 0.9608, Best: 0.9667
2025-06-26 17:39:00,584 - ModelingPipeline - INFO - Trial 91/100 - Current: 0.9547, Best: 0.9667
2025-06-26 17:39:02,320 - ModelingPipeline - INFO - Trial 96/100 - Current: 0.9661, Best: 0.9667
2025-06-26 17:39:03,975 - ModelingPipeline - INFO - Trial 100/100 - Current: 0.9611, Best: 0.9667
2025-06-26 17:39:04,297 - ModelingPipeline - INFO - 최적 AUC: 0.9667
2025-06-26 17:39:04,297 - ModelingPipeline - INFO - 최적 파라미터: {'n_estimators': 284, 'max_depth': 10, 'min_samples_split': 5, 'min_samples_leaf': 1, 'max_features': 0.2334132149978706}
2025-06-26 17:39:04,310 - ModelingPipeline - INFO - xgboost 최적화 시작 (COMBINED)
2025-06-26 17:39:04,376 - ModelingPipeline - INFO - Trial 1/100 - Current: 0.9585, Best: 0.9585
2025-06-26 17:39:04,608 - ModelingPipeline - INFO - Trial 6/100 - Current: 0.9567, Best: 0.9585
2025-06-26 17:39:04,799 - ModelingPipeline - INFO - Trial 11/100 - Current: 0.9527, Best: 0.9585
2025-06-26 17:39:05,166 - ModelingPipeline - INFO - Trial 16/100 - Current: 0.9573, Best: 0.9585
2025-06-26 17:39:05,462 - ModelingPipeline - INFO - Trial 21/100 - Current: 0.9522, Best: 0.9587
2025-06-26 17:39:05,831 - ModelingPipeline - INFO - Trial 26/100 - Current: 0.9548, Best: 0.9608
2025-06-26 17:39:06,159 - ModelingPipeline - INFO - Trial 31/100 - Current: 0.9565, Best: 0.9608
2025-06-26 17:39:06,511 - ModelingPipeline - INFO - Trial 36/100 - Current: 0.9579, Best: 0.9608
2025-06-26 17:39:06,835 - ModelingPipeline - INFO - Trial 41/100 - Current: 0.9583, Best: 0.9608
2025-06-26 17:39:07,079 - ModelingPipeline - INFO - Trial 46/100 - Current: 0.9555, Best: 0.9608
2025-06-26 17:39:07,332 - ModelingPipeline - INFO - Trial 51/100 - Current: 0.9568, Best: 0.9608
2025-06-26 17:39:07,581 - ModelingPipeline - INFO - Trial 56/100 - Current: 0.9595, Best: 0.9608
2025-06-26 17:39:07,787 - ModelingPipeline - INFO - Trial 61/100 - Current: 0.9566, Best: 0.9608
2025-06-26 17:39:07,994 - ModelingPipeline - INFO - Trial 66/100 - Current: 0.9529, Best: 0.9608
2025-06-26 17:39:08,226 - ModelingPipeline - INFO - Trial 71/100 - Current: 0.9565, Best: 0.9608
2025-06-26 17:39:08,503 - ModelingPipeline - INFO - Trial 76/100 - Current: 0.9537, Best: 0.9608
2025-06-26 17:39:08,766 - ModelingPipeline - INFO - Trial 81/100 - Current: 0.9559, Best: 0.9608
2025-06-26 17:39:09,028 - ModelingPipeline - INFO - Trial 86/100 - Current: 0.9544, Best: 0.9608
2025-06-26 17:39:09,311 - ModelingPipeline - INFO - Trial 91/100 - Current: 0.9586, Best: 0.9608
2025-06-26 17:39:09,549 - ModelingPipeline - INFO - Trial 96/100 - Current: 0.9596, Best: 0.9608
2025-06-26 17:39:09,747 - ModelingPipeline - INFO - Trial 100/100 - Current: 0.9575, Best: 0.9608
2025-06-26 17:39:10,078 - ModelingPipeline - INFO - 최적 AUC: 0.9608
2025-06-26 17:39:10,078 - ModelingPipeline - INFO - 최적 파라미터: {'n_estimators': 228, 'max_depth': 7, 'learning_rate': 0.17981947917139132, 'subsample': 0.8379779879268908, 'colsample_bytree': 0.704050027183815, 'reg_alpha': 1.6695858703955326, 'reg_lambda': 1.9351753338650717}
2025-06-26 17:39:10,078 - ModelingPipeline - INFO - 모든 모델 평가 및 Threshold 최적화
2025-06-26 17:39:10,078 - ModelingPipeline - INFO - logistic_regression_normal 최적 Threshold 탐색
2025-06-26 17:39:10,108 - ModelingPipeline - INFO - 최종 선택: 0.150 (F1: 0.2353)
2025-06-26 17:39:10,126 - ModelingPipeline - INFO - logistic_regression_normal 최종 평가 (Threshold: 0.150):
2025-06-26 17:39:10,126 - ModelingPipeline - INFO - 검증 - AUC: 0.9215, F1: 0.2353
2025-06-26 17:39:10,126 - ModelingPipeline - INFO - 테스트 - AUC: 0.7998, F1: 0.2593
2025-06-26 17:39:10,126 - ModelingPipeline - INFO - random_forest_normal 최적 Threshold 탐색
2025-06-26 17:39:10,190 - ModelingPipeline - INFO - 최종 선택: 0.100 (F1: 0.3053)
2025-06-26 17:39:10,354 - ModelingPipeline - INFO - random_forest_normal 최종 평가 (Threshold: 0.100):
2025-06-26 17:39:10,354 - ModelingPipeline - INFO - 검증 - AUC: 0.9523, F1: 0.3053
2025-06-26 17:39:10,355 - ModelingPipeline - INFO - 테스트 - AUC: 0.9198, F1: 0.3210
2025-06-26 17:39:10,355 - ModelingPipeline - INFO - xgboost_normal 최적 Threshold 탐색
2025-06-26 17:39:10,380 - ModelingPipeline - INFO - 최종 선택: 0.150 (F1: 0.2951)
2025-06-26 17:39:10,406 - ModelingPipeline - INFO - xgboost_normal 최종 평가 (Threshold: 0.150):
2025-06-26 17:39:10,406 - ModelingPipeline - INFO - 검증 - AUC: 0.9497, F1: 0.2951
2025-06-26 17:39:10,406 - ModelingPipeline - INFO - 테스트 - AUC: 0.9066, F1: 0.3492
2025-06-26 17:39:10,406 - ModelingPipeline - INFO - logistic_regression_combined 최적 Threshold 탐색
2025-06-26 17:39:10,432 - ModelingPipeline - INFO - 최종 선택: 0.400 (F1: 0.1767)
2025-06-26 17:39:10,447 - ModelingPipeline - INFO - logistic_regression_combined 최종 평가 (Threshold: 0.400):
2025-06-26 17:39:10,447 - ModelingPipeline - INFO - 검증 - AUC: 0.9081, F1: 0.1767
2025-06-26 17:39:10,447 - ModelingPipeline - INFO - 테스트 - AUC: 0.8475, F1: 0.1783
2025-06-26 17:39:10,447 - ModelingPipeline - INFO - random_forest_combined 최적 Threshold 탐색
2025-06-26 17:39:10,521 - ModelingPipeline - INFO - 최종 선택: 0.450 (F1: 0.1970)
2025-06-26 17:39:10,633 - ModelingPipeline - INFO - random_forest_combined 최종 평가 (Threshold: 0.450):
2025-06-26 17:39:10,633 - ModelingPipeline - INFO - 검증 - AUC: 0.9482, F1: 0.1970
2025-06-26 17:39:10,633 - ModelingPipeline - INFO - 테스트 - AUC: 0.9245, F1: 0.1935
2025-06-26 17:39:10,633 - ModelingPipeline - INFO - xgboost_combined 최적 Threshold 탐색
2025-06-26 17:39:10,663 - ModelingPipeline - INFO - 최종 선택: 0.400 (F1: 0.2039)
2025-06-26 17:39:10,685 - ModelingPipeline - INFO - xgboost_combined 최종 평가 (Threshold: 0.400):
2025-06-26 17:39:10,685 - ModelingPipeline - INFO - 검증 - AUC: 0.9434, F1: 0.2039
2025-06-26 17:39:10,685 - ModelingPipeline - INFO - 테스트 - AUC: 0.8884, F1: 0.1939
2025-06-26 17:39:10,685 - ModelingPipeline - INFO - 앙상블 모델 실행 시작
2025-06-26 17:39:10,685 - ModelingPipeline - INFO - 앙상블에 추가: logistic_regression_normal
2025-06-26 17:39:10,686 - ModelingPipeline - INFO - 앙상블에 추가: logistic_regression_combined
2025-06-26 17:39:10,686 - ModelingPipeline - INFO - 앙상블에 추가: random_forest_normal
2025-06-26 17:39:10,686 - ModelingPipeline - INFO - 앙상블에 추가: random_forest_combined
2025-06-26 17:39:10,686 - ModelingPipeline - INFO - 앙상블에 추가: xgboost_normal
2025-06-26 17:39:10,686 - ModelingPipeline - INFO - 앙상블에 추가: xgboost_combined
2025-06-26 17:39:11,010 - ModelingPipeline - INFO - 앙상블 모델 완료 - Test AUC: 0.9000, F1: 0.3030
2025-06-26 17:39:11,090 - ModelingPipeline - INFO - 앙상블 모델 저장: /Users/jojongho/KDT/P2_Default-invest/outputs/modeling_runs/default_modeling_run_20250626_173554/models/ensemble_model_model.joblib
2025-06-26 17:39:11,090 - ModelingPipeline - INFO - 시각화 생성 시작
2025-06-26 17:39:15,548 - ModelingPipeline - INFO - Train vs Test 비교 시각화 완료
2025-06-26 17:39:15,548 - ModelingPipeline - INFO - 시각화 생성 완료
2025-06-26 17:39:15,548 - ModelingPipeline - INFO - 결과 저장 시작
2025-06-26 17:39:15,549 - ModelingPipeline - INFO - logistic_regression_normal 모델 저장: /Users/jojongho/KDT/P2_Default-invest/outputs/modeling_runs/default_modeling_run_20250626_173554/models/logistic_regression_normal_model.joblib
2025-06-26 17:39:15,584 - ModelingPipeline - INFO - random_forest_normal 모델 저장: /Users/jojongho/KDT/P2_Default-invest/outputs/modeling_runs/default_modeling_run_20250626_173554/models/random_forest_normal_model.joblib
2025-06-26 17:39:15,586 - ModelingPipeline - INFO - xgboost_normal 모델 저장: /Users/jojongho/KDT/P2_Default-invest/outputs/modeling_runs/default_modeling_run_20250626_173554/models/xgboost_normal_model.joblib
2025-06-26 17:39:15,587 - ModelingPipeline - INFO - logistic_regression_combined 모델 저장: /Users/jojongho/KDT/P2_Default-invest/outputs/modeling_runs/default_modeling_run_20250626_173554/models/logistic_regression_combined_model.joblib
2025-06-26 17:39:15,624 - ModelingPipeline - INFO - random_forest_combined 모델 저장: /Users/jojongho/KDT/P2_Default-invest/outputs/modeling_runs/default_modeling_run_20250626_173554/models/random_forest_combined_model.joblib
2025-06-26 17:39:15,626 - ModelingPipeline - INFO - xgboost_combined 모델 저장: /Users/jojongho/KDT/P2_Default-invest/outputs/modeling_runs/default_modeling_run_20250626_173554/models/xgboost_combined_model.joblib
2025-06-26 17:39:15,699 - ModelingPipeline - INFO - ensemble_model 모델 저장: /Users/jojongho/KDT/P2_Default-invest/outputs/modeling_runs/default_modeling_run_20250626_173554/models/ensemble_model_model.joblib
2025-06-26 17:39:15,936 - ModelingPipeline - INFO - 전체 결과 저장: /Users/jojongho/KDT/P2_Default-invest/outputs/modeling_runs/default_modeling_run_20250626_173554/results/modeling_results.json
2025-06-26 17:39:15,936 - ModelingPipeline - INFO - 설정 저장: /Users/jojongho/KDT/P2_Default-invest/outputs/modeling_runs/default_modeling_run_20250626_173554/modeling_config.json
2025-06-26 17:39:15,940 - ModelingPipeline - INFO - 실행 결과 요약:
2025-06-26 17:39:15,942 - ModelingPipeline - INFO - 
                 Model        Data_Type  Optimal_Threshold  CV_AUC  Val_AUC  Val_F1  Test_AUC  Test_Precision  Test_Recall  Test_F1  Test_Balanced_Acc  Average_Precision
0  logistic_regression           NORMAL               0.15  0.9194   0.9215  0.2353    0.7998          0.3043       0.2258   0.2593             0.6111             0.1647
1        random_forest           NORMAL               0.10  0.9380   0.9523  0.3053    0.9198          0.2600       0.4194   0.3210             0.7055             0.2404
2              xgboost           NORMAL               0.15  0.9322   0.9497  0.2951    0.9066          0.3438       0.3548   0.3492             0.6751             0.2709
3  logistic_regression         COMBINED               0.40  0.9485   0.9081  0.1767    0.8475          0.1111       0.4516   0.1783             0.7133             0.1208
4        random_forest         COMBINED               0.45  0.9667   0.9482  0.1970    0.9245          0.1210       0.4839   0.1935             0.7297             0.1552
5              xgboost         COMBINED               0.40  0.9608   0.9434  0.2039    0.8884          0.1152       0.6129   0.1939             0.7901             0.1918
6             ensemble  COMBINED_MODELS               0.45  0.9667   0.9000  0.2636    0.9000          0.2857       0.3226   0.3030             0.6585             0.2637
2025-06-26 17:39:15,942 - ModelingPipeline - INFO - 요약 테이블 저장: /Users/jojongho/KDT/P2_Default-invest/outputs/modeling_runs/default_modeling_run_20250626_173554/results/summary_table.csv
2025-06-26 17:39:15,943 - ModelingPipeline - INFO - === 모델링 파이프라인 완료 ===
