2025-07-06 23:23:41,564 - ModelingPipeline - INFO - 모델링 파이프라인이 초기화되었습니다.
2025-07-06 23:23:41,564 - ModelingPipeline - INFO - 실행 이름: default_modeling_run_20250706_232341
2025-07-06 23:23:41,564 - ModelingPipeline - INFO - 출력 경로: /Users/jojongho/KDT/P2_Default-invest/outputs/modeling_runs/default_modeling_run_20250706_232341
2025-07-06 23:23:41,564 - ModelingPipeline - INFO - === 모델링 파이프라인 시작 ===
2025-07-06 23:23:41,564 - ModelingPipeline - INFO - 데이터 로드 시작
2025-07-06 23:23:41,564 - ModelingPipeline - INFO - 오버라이드된 데이터 경로 사용: data/final
2025-07-06 23:23:41,604 - ModelingPipeline - INFO - Train: (10899, 17), 부실비율: 0.72%
2025-07-06 23:23:41,604 - ModelingPipeline - INFO - Validation: (5462, 17), 부실비율: 0.77%
2025-07-06 23:23:41,604 - ModelingPipeline - INFO - Test: (5329, 17), 부실비율: 0.62%
2025-07-06 23:23:41,604 - ModelingPipeline - INFO - 모든 모델 실행 시작
2025-07-06 23:23:41,604 - ModelingPipeline - INFO - 특성 선택 방법: LOGISTIC_REGRESSION_CV (NORMAL)
2025-07-06 23:23:42,140 - ModelingPipeline - INFO - 최적 C: 0.100000
2025-07-06 23:23:42,140 - ModelingPipeline - INFO - CV 점수: 0.0746 (±0.0966)
2025-07-06 23:23:42,142 - ModelingPipeline - INFO - 선택된 특성: 10/17
2025-07-06 23:23:42,143 - ModelingPipeline - INFO - 활성화된 데이터 타입: ['normal', 'undersampling', 'combined']
2025-07-06 23:23:42,143 - ModelingPipeline - INFO - 활성화된 모델: ['logistic_regression', 'random_forest', 'xgboost']
2025-07-06 23:23:42,143 - ModelingPipeline - INFO - NORMAL 데이터 처리
2025-07-06 23:23:42,143 - ModelingPipeline - INFO - logistic_regression 최적화 시작 (NORMAL)
2025-07-06 23:23:42,144 - ModelingPipeline - INFO - Logistic Regression 클래스 불균형 가중치: class_weight=balanced
2025-07-06 23:23:42,144 - ModelingPipeline - INFO - 최적화 메트릭: F1
2025-07-06 23:23:42,148 - ModelingPipeline - INFO - 스케일링이 비활성화되어 있어 로그 변환도 건너뜁니다
2025-07-06 23:23:42,148 - ModelingPipeline - INFO - 스케일링이 비활성화되어 있습니다
2025-07-06 23:23:42,949 - ModelingPipeline - INFO -   Trial 1/200 - Current: 0.0853, Best: 0.0853
2025-07-07 00:59:53,421 - ModelingPipeline - INFO -   Trial 101/200 - Current: 0.0519, Best: 0.1154
