2025-07-03 22:19:55,197 - ModelingPipeline - INFO - 모델링 파이프라인이 초기화되었습니다.
2025-07-03 22:19:55,197 - ModelingPipeline - INFO - 실행 이름: default_modeling_run_20250703_221955
2025-07-03 22:19:55,197 - ModelingPipeline - INFO - 출력 경로: /Users/jojongho/KDT/P2_Default-invest/outputs/modeling_runs/default_modeling_run_20250703_221955
2025-07-03 22:19:55,197 - ModelingPipeline - INFO - === 모델링 파이프라인 시작 ===
2025-07-03 22:19:55,197 - ModelingPipeline - INFO - 데이터 로드 시작
2025-07-03 22:19:55,197 - ModelingPipeline - INFO - 오버라이드된 데이터 경로 사용: data/final
2025-07-03 22:19:55,243 - ModelingPipeline - INFO - Train: (10905, 19), 부실비율: 0.72%
2025-07-03 22:19:55,243 - ModelingPipeline - INFO - Validation: (5462, 19), 부실비율: 0.77%
2025-07-03 22:19:55,243 - ModelingPipeline - INFO - Test: (5329, 19), 부실비율: 0.62%
2025-07-03 22:19:55,244 - ModelingPipeline - INFO - 모든 모델 실행 시작
2025-07-03 22:19:55,244 - ModelingPipeline - INFO - 활성화된 데이터 타입: ['normal', 'smote', 'undersampling', 'combined']
2025-07-03 22:19:55,244 - ModelingPipeline - INFO - 활성화된 모델: ['logistic_regression', 'random_forest', 'xgboost']
2025-07-03 22:19:55,244 - ModelingPipeline - INFO - NORMAL 데이터 처리
2025-07-03 22:19:55,244 - ModelingPipeline - INFO - logistic_regression 최적화 시작 (NORMAL)
2025-07-03 22:19:55,244 - ModelingPipeline - INFO - Logistic Regression 클래스 불균형 가중치: class_weight=balanced
2025-07-03 22:19:55,244 - ModelingPipeline - INFO - 최적화 메트릭: F1
2025-07-03 22:19:55,248 - ModelingPipeline - INFO - 스케일링이 비활성화되어 있어 로그 변환도 건너뜁니다
2025-07-03 22:19:55,248 - ModelingPipeline - INFO - 스케일링이 비활성화되어 있습니다
2025-07-03 22:19:55,513 - ModelingPipeline - INFO -   Trial 1/50 - Current: 0.0000, Best: 0.0000
2025-07-03 22:20:49,808 - ModelingPipeline - INFO -   Trial 26/50 - Current: 0.0000, Best: 0.0439
2025-07-03 22:21:42,785 - ModelingPipeline - INFO -   Trial 50/50 - Current: 0.0000, Best: 0.0445
2025-07-03 22:21:42,938 - ModelingPipeline - INFO - 최적 AUC: 0.0445
2025-07-03 22:21:42,938 - ModelingPipeline - INFO - 최적 파라미터: {'C': 0.3108357718614726, 'max_iter': 5862, 'penalty': 'l2', 'solver': 'newton-cg', 'tol': 0.0001, 'class_weight': 'balanced'}
2025-07-03 22:21:42,938 - ModelingPipeline - INFO - CV 메트릭 계산 시작 (NORMAL)
2025-07-03 22:21:43,571 - ModelingPipeline - INFO - 최적화된 CV 완료: AUC=0.7789(±0.0682), AP=0.0568(±0.0422), F1=0.0489(±0.0303)
2025-07-03 22:21:43,571 - ModelingPipeline - INFO - CV 메트릭 계산 완료 - AUC: 0.7789, AP: 0.0568, F1: 0.0489
2025-07-03 22:21:43,571 - ModelingPipeline - INFO - random_forest 최적화 시작 (NORMAL)
2025-07-03 22:21:43,571 - ModelingPipeline - INFO - Random Forest 클래스 불균형 가중치: class_weight=balanced
2025-07-03 22:21:43,571 - ModelingPipeline - INFO - 최적화 메트릭: F1
2025-07-03 22:21:52,104 - ModelingPipeline - INFO -   Trial 1/20 - Current: 0.3019, Best: 0.3019
2025-07-03 22:23:52,597 - ModelingPipeline - INFO -   Trial 11/20 - Current: 0.2236, Best: 0.3019
2025-07-03 22:26:21,713 - ModelingPipeline - INFO -   Trial 20/20 - Current: 0.3000, Best: 0.3069
2025-07-03 22:26:27,729 - ModelingPipeline - INFO - 최적 AUC: 0.3069
2025-07-03 22:26:27,730 - ModelingPipeline - INFO - 최적 파라미터: {'n_estimators': 265, 'max_depth': 15, 'min_samples_split': 20, 'min_samples_leaf': 9, 'max_features': 0.43589616164523953, 'class_weight': 'balanced'}
2025-07-03 22:26:27,730 - ModelingPipeline - INFO - CV 메트릭 계산 시작 (NORMAL)
2025-07-03 22:26:47,761 - ModelingPipeline - INFO - 최적화된 CV 완료: AUC=0.9556(±0.0181), AP=0.2907(±0.0745), F1=0.3201(±0.1240)
2025-07-03 22:26:47,762 - ModelingPipeline - INFO - CV 메트릭 계산 완료 - AUC: 0.9556, AP: 0.2907, F1: 0.3201
2025-07-03 22:26:47,774 - ModelingPipeline - INFO - xgboost 최적화 시작 (NORMAL)
2025-07-03 22:26:47,774 - ModelingPipeline - INFO - XGBoost 클래스 불균형 처리: scale_pos_weight
2025-07-03 22:26:47,775 - ModelingPipeline - INFO - scale_pos_weight = 138.81 (설정: auto)
2025-07-03 22:26:47,775 - ModelingPipeline - INFO - 최적화 메트릭: F1
2025-07-03 22:26:56,543 - ModelingPipeline - INFO -   Trial 1/20 - Current: 0.3436, Best: 0.3436
2025-07-03 22:28:10,810 - ModelingPipeline - INFO -   Trial 11/20 - Current: 0.3124, Best: 0.3436
2025-07-03 22:29:45,107 - ModelingPipeline - INFO -   Trial 20/20 - Current: 0.3299, Best: 0.3485
2025-07-03 22:29:45,109 - ModelingPipeline - INFO - Using XGBoost ≥ 2.0 callbacks
2025-07-03 22:29:45,109 - ModelingPipeline - WARNING - Early stopping failed, using fallback: XGBClassifier.fit() got an unexpected keyword argument 'callbacks'
2025-07-03 22:29:45,719 - ModelingPipeline - INFO - 최적 AUC: 0.3485
2025-07-03 22:29:45,719 - ModelingPipeline - INFO - 최적 파라미터: {'n_estimators': 192, 'max_depth': 8, 'learning_rate': 0.1459585933114776, 'subsample': 0.7213891787137935, 'colsample_bytree': 0.6449668898871732, 'reg_alpha': 3.415500949354924, 'reg_lambda': 6.998820753769471, 'scale_pos_weight': np.float64(138.80769230769232)}
2025-07-03 22:29:45,719 - ModelingPipeline - INFO - CV 메트릭 계산 시작 (NORMAL)
2025-07-03 22:29:48,685 - ModelingPipeline - INFO - 최적화된 CV 완료: AUC=0.9528(±0.0179), AP=0.3155(±0.0895), F1=0.3484(±0.1131)
2025-07-03 22:29:48,686 - ModelingPipeline - INFO - CV 메트릭 계산 완료 - AUC: 0.9528, AP: 0.3155, F1: 0.3484
2025-07-03 22:29:48,686 - ModelingPipeline - INFO - SMOTE 데이터 처리
2025-07-03 22:29:48,688 - ModelingPipeline - INFO - logistic_regression 최적화 시작 (SMOTE)
2025-07-03 22:29:48,688 - ModelingPipeline - INFO - Logistic Regression 클래스 불균형 가중치: class_weight=balanced
2025-07-03 22:29:48,688 - ModelingPipeline - INFO - 최적화 메트릭: F1
2025-07-03 22:29:49,151 - ModelingPipeline - INFO -   Trial 1/50 - Current: 0.0105, Best: 0.0105
2025-07-03 22:32:23,057 - ModelingPipeline - INFO -   Trial 26/50 - Current: 0.0105, Best: 0.0347
2025-07-03 22:34:45,924 - ModelingPipeline - INFO -   Trial 50/50 - Current: 0.0105, Best: 0.0366
2025-07-03 22:34:46,078 - ModelingPipeline - INFO - 최적 AUC: 0.0366
2025-07-03 22:34:46,078 - ModelingPipeline - INFO - 최적 파라미터: {'C': 3.3819568330753436, 'max_iter': 7774, 'penalty': 'l2', 'solver': 'newton-cg', 'tol': 0.0001, 'class_weight': 'balanced'}
2025-07-03 22:34:46,079 - ModelingPipeline - INFO - CV 메트릭 계산 시작 (SMOTE)
2025-07-03 22:34:46,388 - ModelingPipeline - INFO - 최적화된 CV 완료: AUC=0.7368(±0.0762), AP=0.0540(±0.0451), F1=0.0367(±0.0265)
2025-07-03 22:34:46,389 - ModelingPipeline - INFO - CV 메트릭 계산 완료 - AUC: 0.7368, AP: 0.0540, F1: 0.0367
2025-07-03 22:34:46,389 - ModelingPipeline - INFO - random_forest 최적화 시작 (SMOTE)
2025-07-03 22:34:46,389 - ModelingPipeline - INFO - Random Forest 클래스 불균형 가중치: class_weight=balanced
2025-07-03 22:34:46,389 - ModelingPipeline - INFO - 최적화 메트릭: F1
2025-07-03 22:34:58,632 - ModelingPipeline - INFO -   Trial 1/20 - Current: 0.2691, Best: 0.2691
2025-07-03 22:37:47,153 - ModelingPipeline - INFO -   Trial 11/20 - Current: 0.2082, Best: 0.2691
2025-07-03 22:42:22,669 - ModelingPipeline - INFO -   Trial 20/20 - Current: 0.2523, Best: 0.2847
2025-07-03 22:42:26,814 - ModelingPipeline - INFO - 최적 AUC: 0.2847
2025-07-03 22:42:26,814 - ModelingPipeline - INFO - 최적 파라미터: {'n_estimators': 489, 'max_depth': 15, 'min_samples_split': 14, 'min_samples_leaf': 9, 'max_features': 0.12458347788711945, 'class_weight': 'balanced'}
2025-07-03 22:42:26,815 - ModelingPipeline - INFO - CV 메트릭 계산 시작 (SMOTE)
2025-07-03 22:42:42,989 - ModelingPipeline - INFO - 최적화된 CV 완료: AUC=0.9540(±0.0172), AP=0.2278(±0.0847), F1=0.2710(±0.0496)
2025-07-03 22:42:42,990 - ModelingPipeline - INFO - CV 메트릭 계산 완료 - AUC: 0.9540, AP: 0.2278, F1: 0.2710
2025-07-03 22:42:43,013 - ModelingPipeline - INFO - xgboost 최적화 시작 (SMOTE)
2025-07-03 22:42:43,014 - ModelingPipeline - INFO - XGBoost 클래스 불균형 처리: scale_pos_weight
2025-07-03 22:42:43,014 - ModelingPipeline - INFO - scale_pos_weight = 138.81 (설정: auto)
2025-07-03 22:42:43,014 - ModelingPipeline - INFO - 최적화 메트릭: F1
2025-07-03 22:42:52,951 - ModelingPipeline - INFO -   Trial 1/20 - Current: 0.2997, Best: 0.2997
2025-07-03 22:44:19,377 - ModelingPipeline - INFO -   Trial 11/20 - Current: 0.3120, Best: 0.3120
2025-07-03 22:45:50,523 - ModelingPipeline - INFO -   Trial 20/20 - Current: 0.3089, Best: 0.3120
2025-07-03 22:45:50,531 - ModelingPipeline - INFO - Using XGBoost ≥ 2.0 callbacks
2025-07-03 22:45:50,532 - ModelingPipeline - WARNING - Early stopping failed, using fallback: XGBClassifier.fit() got an unexpected keyword argument 'callbacks'
2025-07-03 22:45:50,884 - ModelingPipeline - INFO - 최적 AUC: 0.3120
2025-07-03 22:45:50,884 - ModelingPipeline - INFO - 최적 파라미터: {'n_estimators': 207, 'max_depth': 8, 'learning_rate': 0.2910134476824205, 'subsample': 0.9729161367647149, 'colsample_bytree': 0.6061470949312417, 'reg_alpha': 3.9804334222017657, 'reg_lambda': 1.1362981339248117, 'scale_pos_weight': np.float64(138.80769230769232)}
2025-07-03 22:45:50,884 - ModelingPipeline - INFO - CV 메트릭 계산 시작 (SMOTE)
2025-07-03 22:45:52,560 - ModelingPipeline - INFO - 최적화된 CV 완료: AUC=0.9091(±0.0384), AP=0.2066(±0.0451), F1=0.2177(±0.0911)
2025-07-03 22:45:52,560 - ModelingPipeline - INFO - CV 메트릭 계산 완료 - AUC: 0.9091, AP: 0.2066, F1: 0.2177
2025-07-03 22:45:52,562 - ModelingPipeline - INFO - UNDERSAMPLING 데이터 처리
2025-07-03 22:45:52,563 - ModelingPipeline - INFO - logistic_regression 최적화 시작 (UNDERSAMPLING)
2025-07-03 22:45:52,563 - ModelingPipeline - INFO - Logistic Regression 클래스 불균형 가중치: class_weight=balanced
2025-07-03 22:45:52,563 - ModelingPipeline - INFO - 최적화 메트릭: F1
2025-07-03 22:45:53,938 - ModelingPipeline - INFO -   Trial 1/50 - Current: 0.0000, Best: 0.0000
2025-07-03 22:47:31,135 - ModelingPipeline - INFO -   Trial 26/50 - Current: 0.0000, Best: 0.0413
2025-07-03 22:49:03,464 - ModelingPipeline - INFO -   Trial 50/50 - Current: 0.0000, Best: 0.0442
2025-07-03 22:49:03,611 - ModelingPipeline - INFO - 최적 AUC: 0.0442
2025-07-03 22:49:03,611 - ModelingPipeline - INFO - 최적 파라미터: {'C': 16.428818250443758, 'max_iter': 8805, 'penalty': 'l2', 'solver': 'newton-cg', 'tol': 0.0001, 'class_weight': 'balanced'}
2025-07-03 22:49:03,611 - ModelingPipeline - INFO - CV 메트릭 계산 시작 (UNDERSAMPLING)
2025-07-03 22:49:04,545 - ModelingPipeline - INFO - 최적화된 CV 완료: AUC=0.7308(±0.1190), AP=0.0644(±0.0638), F1=0.0469(±0.0398)
2025-07-03 22:49:04,546 - ModelingPipeline - INFO - CV 메트릭 계산 완료 - AUC: 0.7308, AP: 0.0644, F1: 0.0469
2025-07-03 22:49:04,546 - ModelingPipeline - INFO - random_forest 최적화 시작 (UNDERSAMPLING)
2025-07-03 22:49:04,546 - ModelingPipeline - INFO - Random Forest 클래스 불균형 가중치: class_weight=balanced
2025-07-03 22:49:04,546 - ModelingPipeline - INFO - 최적화 메트릭: F1
2025-07-03 22:49:15,076 - ModelingPipeline - INFO -   Trial 1/20 - Current: 0.2892, Best: 0.2892
2025-07-03 22:51:51,457 - ModelingPipeline - INFO -   Trial 11/20 - Current: 0.2312, Best: 0.3020
2025-07-03 22:54:05,288 - ModelingPipeline - INFO -   Trial 20/20 - Current: 0.3016, Best: 0.3576
2025-07-03 22:54:07,453 - ModelingPipeline - INFO - 최적 AUC: 0.3576
2025-07-03 22:54:07,453 - ModelingPipeline - INFO - 최적 파라미터: {'n_estimators': 266, 'max_depth': 14, 'min_samples_split': 14, 'min_samples_leaf': 9, 'max_features': 0.1059108142947453, 'class_weight': 'balanced'}
2025-07-03 22:54:07,454 - ModelingPipeline - INFO - CV 메트릭 계산 시작 (UNDERSAMPLING)
2025-07-03 22:54:15,889 - ModelingPipeline - INFO - 최적화된 CV 완료: AUC=0.9559(±0.0195), AP=0.3169(±0.0705), F1=0.3347(±0.1170)
2025-07-03 22:54:15,891 - ModelingPipeline - INFO - CV 메트릭 계산 완료 - AUC: 0.9559, AP: 0.3169, F1: 0.3347
2025-07-03 22:54:15,904 - ModelingPipeline - INFO - xgboost 최적화 시작 (UNDERSAMPLING)
2025-07-03 22:54:15,904 - ModelingPipeline - INFO - XGBoost 클래스 불균형 처리: scale_pos_weight
2025-07-03 22:54:15,904 - ModelingPipeline - INFO - scale_pos_weight = 138.81 (설정: auto)
2025-07-03 22:54:15,904 - ModelingPipeline - INFO - 최적화 메트릭: F1
2025-07-03 22:54:26,591 - ModelingPipeline - INFO -   Trial 1/20 - Current: 0.3289, Best: 0.3289
2025-07-03 22:56:01,811 - ModelingPipeline - INFO -   Trial 11/20 - Current: 0.3116, Best: 0.3361
2025-07-03 22:57:39,788 - ModelingPipeline - INFO -   Trial 20/20 - Current: 0.3166, Best: 0.3374
2025-07-03 22:57:39,841 - ModelingPipeline - INFO - Using XGBoost ≥ 2.0 callbacks
2025-07-03 22:57:39,842 - ModelingPipeline - WARNING - Early stopping failed, using fallback: XGBClassifier.fit() got an unexpected keyword argument 'callbacks'
2025-07-03 22:57:40,358 - ModelingPipeline - INFO - 최적 AUC: 0.3374
2025-07-03 22:57:40,358 - ModelingPipeline - INFO - 최적 파라미터: {'n_estimators': 230, 'max_depth': 6, 'learning_rate': 0.13424839940988464, 'subsample': 0.9317856148030988, 'colsample_bytree': 0.8308081335657098, 'reg_alpha': 3.9955474144678784, 'reg_lambda': 4.608603727138396, 'scale_pos_weight': np.float64(138.80769230769232)}
2025-07-03 22:57:40,360 - ModelingPipeline - INFO - CV 메트릭 계산 시작 (UNDERSAMPLING)
2025-07-03 22:57:43,181 - ModelingPipeline - INFO - 최적화된 CV 완료: AUC=0.9422(±0.0202), AP=0.3409(±0.0658), F1=0.3670(±0.0679)
2025-07-03 22:57:43,181 - ModelingPipeline - INFO - CV 메트릭 계산 완료 - AUC: 0.9422, AP: 0.3409, F1: 0.3670
2025-07-03 22:57:43,183 - ModelingPipeline - INFO - COMBINED 데이터 처리
2025-07-03 22:57:43,186 - ModelingPipeline - INFO - logistic_regression 최적화 시작 (COMBINED)
2025-07-03 22:57:43,186 - ModelingPipeline - INFO - Logistic Regression 클래스 불균형 가중치: class_weight=balanced
2025-07-03 22:57:43,186 - ModelingPipeline - INFO - 최적화 메트릭: F1
2025-07-03 22:57:45,227 - ModelingPipeline - INFO -   Trial 1/50 - Current: 0.0089, Best: 0.0089
2025-07-03 23:02:10,777 - ModelingPipeline - INFO -   Trial 26/50 - Current: 0.0089, Best: 0.0236
2025-07-03 23:06:04,067 - ModelingPipeline - INFO -   Trial 50/50 - Current: 0.0089, Best: 0.0246
2025-07-03 23:06:04,669 - ModelingPipeline - INFO - 최적 AUC: 0.0246
2025-07-03 23:06:04,669 - ModelingPipeline - INFO - 최적 파라미터: {'C': 0.5094026751695042, 'max_iter': 7603, 'penalty': 'l2', 'solver': 'newton-cg', 'tol': 0.0001, 'class_weight': 'balanced'}
2025-07-03 23:06:04,671 - ModelingPipeline - INFO - CV 메트릭 계산 시작 (COMBINED)
2025-07-03 23:06:05,345 - ModelingPipeline - INFO - 최적화된 CV 완료: AUC=0.6768(±0.0335), AP=0.0186(±0.0027), F1=0.0045(±0.0091)
2025-07-03 23:06:05,346 - ModelingPipeline - INFO - CV 메트릭 계산 완료 - AUC: 0.6768, AP: 0.0186, F1: 0.0045
2025-07-03 23:06:05,348 - ModelingPipeline - INFO - random_forest 최적화 시작 (COMBINED)
2025-07-03 23:06:05,348 - ModelingPipeline - INFO - Random Forest 클래스 불균형 가중치: class_weight=balanced
2025-07-03 23:06:05,349 - ModelingPipeline - INFO - 최적화 메트릭: F1
2025-07-03 23:06:24,450 - ModelingPipeline - INFO -   Trial 1/20 - Current: 0.1917, Best: 0.1917
2025-07-03 23:11:36,381 - ModelingPipeline - INFO -   Trial 11/20 - Current: 0.1570, Best: 0.1951
2025-07-03 23:17:11,241 - ModelingPipeline - INFO -   Trial 20/20 - Current: 0.2143, Best: 0.2177
2025-07-03 23:17:26,204 - ModelingPipeline - INFO - 최적 AUC: 0.2177
2025-07-03 23:17:26,206 - ModelingPipeline - INFO - 최적 파라미터: {'n_estimators': 250, 'max_depth': 20, 'min_samples_split': 15, 'min_samples_leaf': 8, 'max_features': 0.5213518139453868, 'class_weight': 'balanced'}
2025-07-03 23:17:26,208 - ModelingPipeline - INFO - CV 메트릭 계산 시작 (COMBINED)
2025-07-03 23:18:19,869 - ModelingPipeline - INFO - 최적화된 CV 완료: AUC=0.9398(±0.0225), AP=0.1212(±0.0049), F1=0.1465(±0.0800)
2025-07-03 23:18:19,872 - ModelingPipeline - INFO - CV 메트릭 계산 완료 - AUC: 0.9398, AP: 0.1212, F1: 0.1465
2025-07-03 23:18:19,888 - ModelingPipeline - INFO - xgboost 최적화 시작 (COMBINED)
2025-07-03 23:18:19,888 - ModelingPipeline - INFO - XGBoost 클래스 불균형 처리: scale_pos_weight
2025-07-03 23:18:19,888 - ModelingPipeline - INFO - scale_pos_weight = 138.81 (설정: auto)
2025-07-03 23:18:19,888 - ModelingPipeline - INFO - 최적화 메트릭: F1
2025-07-03 23:18:31,501 - ModelingPipeline - INFO -   Trial 1/20 - Current: 0.2886, Best: 0.2886
2025-07-03 23:20:13,717 - ModelingPipeline - INFO -   Trial 11/20 - Current: 0.2928, Best: 0.2928
2025-07-03 23:21:47,944 - ModelingPipeline - INFO -   Trial 20/20 - Current: 0.2892, Best: 0.2935
2025-07-03 23:21:48,040 - ModelingPipeline - INFO - Using XGBoost ≥ 2.0 callbacks
2025-07-03 23:21:48,041 - ModelingPipeline - WARNING - Early stopping failed, using fallback: XGBClassifier.fit() got an unexpected keyword argument 'callbacks'
2025-07-03 23:21:48,608 - ModelingPipeline - INFO - 최적 AUC: 0.2935
2025-07-03 23:21:48,608 - ModelingPipeline - INFO - 최적 파라미터: {'n_estimators': 298, 'max_depth': 9, 'learning_rate': 0.2652378900932526, 'subsample': 0.8780752852784675, 'colsample_bytree': 0.6501490062975691, 'reg_alpha': 5.442235962082702, 'reg_lambda': 4.33145539150863, 'scale_pos_weight': np.float64(138.80769230769232)}
2025-07-03 23:21:48,608 - ModelingPipeline - INFO - CV 메트릭 계산 시작 (COMBINED)
2025-07-03 23:21:51,593 - ModelingPipeline - INFO - 최적화된 CV 완료: AUC=0.9264(±0.0242), AP=0.2211(±0.0527), F1=0.2919(±0.0572)
2025-07-03 23:21:51,595 - ModelingPipeline - INFO - CV 메트릭 계산 완료 - AUC: 0.9264, AP: 0.2211, F1: 0.2919
2025-07-03 23:21:51,596 - ModelingPipeline - INFO - 모든 모델 평가 및 Threshold 최적화
2025-07-03 23:21:51,596 - ModelingPipeline - INFO - 모델 평가 시작: normal__logistic_regression
2025-07-03 23:21:51,606 - ModelingPipeline - INFO - CV 메트릭 계산 시작 (NORMAL)
2025-07-03 23:21:52,760 - ModelingPipeline - INFO - 최적화된 CV 완료: AUC=0.7789(±0.0682), AP=0.0568(±0.0422), F1=0.0489(±0.0303)
2025-07-03 23:21:52,761 - ModelingPipeline - INFO - CV 메트릭 계산 완료 - AUC: 0.7789, AP: 0.0568, F1: 0.0489
2025-07-03 23:21:52,761 - ModelingPipeline - INFO - [normal__logistic_regression] Cross-Validation (Train): AUC=0.7789, F1=0.0489
2025-07-03 23:21:52,761 - ModelingPipeline - INFO - [normal__logistic_regression] 평가용 전처리 완료
2025-07-03 23:21:52,767 - ModelingPipeline - INFO - Threshold 최적화 디버깅:
2025-07-03 23:21:52,767 - ModelingPipeline - INFO -   - 검증 데이터 크기: 5462
2025-07-03 23:21:52,768 - ModelingPipeline - INFO -   - 양성 클래스 비율: 0.0077 (42/5462)
2025-07-03 23:21:52,768 - ModelingPipeline - INFO -   - 예측 확률 범위: [0.0012, 0.9718]
2025-07-03 23:21:52,768 - ModelingPipeline - INFO -   - 예측 확률 평균: 0.3892
2025-07-03 23:21:52,769 - ModelingPipeline - INFO -   - F1 점수 범위: [0.0000, 0.0980]
2025-07-03 23:21:52,770 - ModelingPipeline - INFO -   - 0이 아닌 F1 점수 개수: 5451/5462
2025-07-03 23:21:52,775 - ModelingPipeline - INFO - 최적 임계값 검증: 0.6909
2025-07-03 23:21:52,775 - ModelingPipeline - INFO -   - F1: 0.0980, Precision: 0.0617, Recall: 0.2381
2025-07-03 23:21:52,775 - ModelingPipeline - INFO -   - 양성 예측 개수: 162/5462
2025-07-03 23:21:52,787 - ModelingPipeline - INFO - [normal__logistic_regression] Validation (Optimal Threshold): F1=0.0980, Recall=0.2381
2025-07-03 23:21:52,801 - ModelingPipeline - INFO - [normal__logistic_regression] Test (Optimal Threshold=0.6909): F1=0.0459, Recall=0.1515
2025-07-03 23:21:52,801 - ModelingPipeline - INFO - [normal__logistic_regression] Test (Default Threshold=0.5): F1=0.0454, Recall=0.6061
2025-07-03 23:21:52,802 - ModelingPipeline - INFO - 모델 평가 완료: normal__logistic_regression
2025-07-03 23:21:52,804 - ModelingPipeline - INFO - 모델 평가 시작: normal__random_forest
2025-07-03 23:21:52,805 - ModelingPipeline - INFO - CV 메트릭 계산 시작 (NORMAL)
2025-07-03 23:22:13,613 - ModelingPipeline - INFO - 최적화된 CV 완료: AUC=0.9492(±0.0199), AP=0.2879(±0.0842), F1=0.3053(±0.1453)
2025-07-03 23:22:13,615 - ModelingPipeline - INFO - CV 메트릭 계산 완료 - AUC: 0.9492, AP: 0.2879, F1: 0.3053
2025-07-03 23:22:13,616 - ModelingPipeline - INFO - [normal__random_forest] Cross-Validation (Train): AUC=0.9492, F1=0.3053
2025-07-03 23:22:13,616 - ModelingPipeline - INFO - [normal__random_forest] 평가용 전처리 완료
2025-07-03 23:22:13,681 - ModelingPipeline - INFO - Threshold 최적화 디버깅:
2025-07-03 23:22:13,681 - ModelingPipeline - INFO -   - 검증 데이터 크기: 5462
2025-07-03 23:22:13,681 - ModelingPipeline - INFO -   - 양성 클래스 비율: 0.0077 (42/5462)
2025-07-03 23:22:13,681 - ModelingPipeline - INFO -   - 예측 확률 범위: [0.0000, 0.8599]
2025-07-03 23:22:13,681 - ModelingPipeline - INFO -   - 예측 확률 평균: 0.0268
2025-07-03 23:22:13,682 - ModelingPipeline - INFO -   - F1 점수 범위: [0.0000, 0.2581]
2025-07-03 23:22:13,682 - ModelingPipeline - INFO -   - 0이 아닌 F1 점수 개수: 1647/1650
2025-07-03 23:22:13,685 - ModelingPipeline - INFO - 최적 임계값 검증: 0.6240
2025-07-03 23:22:13,685 - ModelingPipeline - INFO -   - F1: 0.2581, Precision: 0.4000, Recall: 0.1905
2025-07-03 23:22:13,685 - ModelingPipeline - INFO -   - 양성 예측 개수: 20/5462
2025-07-03 23:22:13,688 - ModelingPipeline - INFO - [normal__random_forest] Validation (Optimal Threshold): F1=0.2581, Recall=0.1905
2025-07-03 23:22:13,722 - ModelingPipeline - INFO - [normal__random_forest] Test (Optimal Threshold=0.6240): F1=0.1600, Recall=0.1212
2025-07-03 23:22:13,723 - ModelingPipeline - INFO - [normal__random_forest] Test (Default Threshold=0.5): F1=0.2687, Recall=0.2727
2025-07-03 23:22:13,725 - ModelingPipeline - INFO - 모델 평가 완료: normal__random_forest
2025-07-03 23:22:13,725 - ModelingPipeline - INFO - 모델 평가 시작: normal__xgboost
2025-07-03 23:22:13,726 - ModelingPipeline - INFO - CV 메트릭 계산 시작 (NORMAL)
2025-07-03 23:22:16,853 - ModelingPipeline - INFO - 최적화된 CV 완료: AUC=0.9528(±0.0179), AP=0.3155(±0.0895), F1=0.3484(±0.1131)
2025-07-03 23:22:16,854 - ModelingPipeline - INFO - CV 메트릭 계산 완료 - AUC: 0.9528, AP: 0.3155, F1: 0.3484
2025-07-03 23:22:16,854 - ModelingPipeline - INFO - [normal__xgboost] Cross-Validation (Train): AUC=0.9528, F1=0.3484
2025-07-03 23:22:16,854 - ModelingPipeline - INFO - [normal__xgboost] 평가용 전처리 완료
2025-07-03 23:22:16,868 - ModelingPipeline - INFO - Threshold 최적화 디버깅:
2025-07-03 23:22:16,868 - ModelingPipeline - INFO -   - 검증 데이터 크기: 5462
2025-07-03 23:22:16,868 - ModelingPipeline - INFO -   - 양성 클래스 비율: 0.0077 (42/5462)
2025-07-03 23:22:16,868 - ModelingPipeline - INFO -   - 예측 확률 범위: [0.0000, 0.9896]
2025-07-03 23:22:16,868 - ModelingPipeline - INFO -   - 예측 확률 평균: 0.0102
2025-07-03 23:22:16,869 - ModelingPipeline - INFO -   - F1 점수 범위: [0.0000, 0.2766]
2025-07-03 23:22:16,869 - ModelingPipeline - INFO -   - 0이 아닌 F1 점수 개수: 5455/5456
2025-07-03 23:22:16,872 - ModelingPipeline - INFO - 최적 임계값 검증: 0.0668
2025-07-03 23:22:16,872 - ModelingPipeline - INFO -   - F1: 0.2766, Precision: 0.1781, Recall: 0.6190
2025-07-03 23:22:16,872 - ModelingPipeline - INFO -   - 양성 예측 개수: 146/5462
2025-07-03 23:22:16,877 - ModelingPipeline - INFO - [normal__xgboost] Validation (Optimal Threshold): F1=0.2766, Recall=0.6190
2025-07-03 23:22:16,890 - ModelingPipeline - INFO - [normal__xgboost] Test (Optimal Threshold=0.0668): F1=0.2045, Recall=0.5455
2025-07-03 23:22:16,890 - ModelingPipeline - INFO - [normal__xgboost] Test (Default Threshold=0.5): F1=0.1449, Recall=0.1515
2025-07-03 23:22:16,891 - ModelingPipeline - INFO - 모델 평가 완료: normal__xgboost
2025-07-03 23:22:16,892 - ModelingPipeline - INFO - 모델 평가 시작: smote__logistic_regression
2025-07-03 23:22:16,901 - ModelingPipeline - INFO - CV 메트릭 계산 시작 (SMOTE)
2025-07-03 23:22:17,210 - ModelingPipeline - INFO - 최적화된 CV 완료: AUC=0.7368(±0.0762), AP=0.0540(±0.0451), F1=0.0367(±0.0265)
2025-07-03 23:22:17,211 - ModelingPipeline - INFO - CV 메트릭 계산 완료 - AUC: 0.7368, AP: 0.0540, F1: 0.0367
2025-07-03 23:22:17,211 - ModelingPipeline - INFO - [smote__logistic_regression] Cross-Validation (Train): AUC=0.7368, F1=0.0367
2025-07-03 23:22:17,211 - ModelingPipeline - INFO - [smote__logistic_regression] 평가용 전처리 완료
2025-07-03 23:22:17,213 - ModelingPipeline - INFO - Threshold 최적화 디버깅:
2025-07-03 23:22:17,213 - ModelingPipeline - INFO -   - 검증 데이터 크기: 5462
2025-07-03 23:22:17,213 - ModelingPipeline - INFO -   - 양성 클래스 비율: 0.0077 (42/5462)
2025-07-03 23:22:17,213 - ModelingPipeline - INFO -   - 예측 확률 범위: [0.0000, 0.9645]
2025-07-03 23:22:17,213 - ModelingPipeline - INFO -   - 예측 확률 평균: 0.3975
2025-07-03 23:22:17,214 - ModelingPipeline - INFO -   - F1 점수 범위: [0.0000, 0.0980]
2025-07-03 23:22:17,214 - ModelingPipeline - INFO -   - 0이 아닌 F1 점수 개수: 5440/5462
2025-07-03 23:22:17,217 - ModelingPipeline - INFO - 최적 임계값 검증: 0.7851
2025-07-03 23:22:17,217 - ModelingPipeline - INFO -   - F1: 0.0980, Precision: 0.0833, Recall: 0.1190
2025-07-03 23:22:17,218 - ModelingPipeline - INFO -   - 양성 예측 개수: 60/5462
2025-07-03 23:22:17,222 - ModelingPipeline - INFO - [smote__logistic_regression] Validation (Optimal Threshold): F1=0.0980, Recall=0.1190
2025-07-03 23:22:17,232 - ModelingPipeline - INFO - [smote__logistic_regression] Test (Optimal Threshold=0.7851): F1=0.0480, Recall=0.0909
2025-07-03 23:22:17,232 - ModelingPipeline - INFO - [smote__logistic_regression] Test (Default Threshold=0.5): F1=0.0267, Recall=0.6364
2025-07-03 23:22:17,234 - ModelingPipeline - INFO - 모델 평가 완료: smote__logistic_regression
2025-07-03 23:22:17,234 - ModelingPipeline - INFO - 모델 평가 시작: smote__random_forest
2025-07-03 23:22:17,235 - ModelingPipeline - INFO - CV 메트릭 계산 시작 (SMOTE)
2025-07-03 23:22:33,814 - ModelingPipeline - INFO - 최적화된 CV 완료: AUC=0.9513(±0.0227), AP=0.2292(±0.0834), F1=0.2524(±0.0677)
2025-07-03 23:22:33,815 - ModelingPipeline - INFO - CV 메트릭 계산 완료 - AUC: 0.9513, AP: 0.2292, F1: 0.2524
2025-07-03 23:22:33,815 - ModelingPipeline - INFO - [smote__random_forest] Cross-Validation (Train): AUC=0.9513, F1=0.2524
2025-07-03 23:22:33,815 - ModelingPipeline - INFO - [smote__random_forest] 평가용 전처리 완료
2025-07-03 23:22:33,980 - ModelingPipeline - INFO - Threshold 최적화 디버깅:
2025-07-03 23:22:33,980 - ModelingPipeline - INFO -   - 검증 데이터 크기: 5462
2025-07-03 23:22:33,980 - ModelingPipeline - INFO -   - 양성 클래스 비율: 0.0077 (42/5462)
2025-07-03 23:22:33,980 - ModelingPipeline - INFO -   - 예측 확률 범위: [0.0000, 0.8892]
2025-07-03 23:22:33,980 - ModelingPipeline - INFO -   - 예측 확률 평균: 0.0427
2025-07-03 23:22:33,981 - ModelingPipeline - INFO -   - F1 점수 범위: [0.0000, 0.2047]
2025-07-03 23:22:33,981 - ModelingPipeline - INFO -   - 0이 아닌 F1 점수 개수: 2588/2589
2025-07-03 23:22:33,984 - ModelingPipeline - INFO - 최적 임계값 검증: 0.5140
2025-07-03 23:22:33,984 - ModelingPipeline - INFO -   - F1: 0.2047, Precision: 0.1529, Recall: 0.3095
2025-07-03 23:22:33,985 - ModelingPipeline - INFO -   - 양성 예측 개수: 85/5462
2025-07-03 23:22:33,989 - ModelingPipeline - INFO - [smote__random_forest] Validation (Optimal Threshold): F1=0.2047, Recall=0.3095
2025-07-03 23:22:34,064 - ModelingPipeline - INFO - [smote__random_forest] Test (Optimal Threshold=0.5140): F1=0.2330, Recall=0.3636
2025-07-03 23:22:34,065 - ModelingPipeline - INFO - [smote__random_forest] Test (Default Threshold=0.5): F1=0.2264, Recall=0.3636
2025-07-03 23:22:34,066 - ModelingPipeline - INFO - 모델 평가 완료: smote__random_forest
2025-07-03 23:22:34,066 - ModelingPipeline - INFO - 모델 평가 시작: smote__xgboost
2025-07-03 23:22:34,067 - ModelingPipeline - INFO - CV 메트릭 계산 시작 (SMOTE)
2025-07-03 23:22:35,844 - ModelingPipeline - INFO - 최적화된 CV 완료: AUC=0.9091(±0.0384), AP=0.2066(±0.0451), F1=0.2177(±0.0911)
2025-07-03 23:22:35,844 - ModelingPipeline - INFO - CV 메트릭 계산 완료 - AUC: 0.9091, AP: 0.2066, F1: 0.2177
2025-07-03 23:22:35,844 - ModelingPipeline - INFO - [smote__xgboost] Cross-Validation (Train): AUC=0.9091, F1=0.2177
2025-07-03 23:22:35,844 - ModelingPipeline - INFO - [smote__xgboost] 평가용 전처리 완료
2025-07-03 23:22:35,854 - ModelingPipeline - INFO - Threshold 최적화 디버깅:
2025-07-03 23:22:35,854 - ModelingPipeline - INFO -   - 검증 데이터 크기: 5462
2025-07-03 23:22:35,855 - ModelingPipeline - INFO -   - 양성 클래스 비율: 0.0077 (42/5462)
2025-07-03 23:22:35,855 - ModelingPipeline - INFO -   - 예측 확률 범위: [0.0000, 0.9992]
2025-07-03 23:22:35,855 - ModelingPipeline - INFO -   - 예측 확률 평균: 0.0158
2025-07-03 23:22:35,856 - ModelingPipeline - INFO -   - F1 점수 범위: [0.0000, 0.3023]
2025-07-03 23:22:35,856 - ModelingPipeline - INFO -   - 0이 아닌 F1 점수 개수: 5384/5387
2025-07-03 23:22:35,859 - ModelingPipeline - INFO - 최적 임계값 검증: 0.6850
2025-07-03 23:22:35,859 - ModelingPipeline - INFO -   - F1: 0.3023, Precision: 0.2955, Recall: 0.3095
2025-07-03 23:22:35,859 - ModelingPipeline - INFO -   - 양성 예측 개수: 44/5462
2025-07-03 23:22:35,864 - ModelingPipeline - INFO - [smote__xgboost] Validation (Optimal Threshold): F1=0.3023, Recall=0.3095
2025-07-03 23:22:35,874 - ModelingPipeline - INFO - [smote__xgboost] Test (Optimal Threshold=0.6850): F1=0.2400, Recall=0.2727
2025-07-03 23:22:35,874 - ModelingPipeline - INFO - [smote__xgboost] Test (Default Threshold=0.5): F1=0.2292, Recall=0.3333
2025-07-03 23:22:35,876 - ModelingPipeline - INFO - 모델 평가 완료: smote__xgboost
2025-07-03 23:22:35,876 - ModelingPipeline - INFO - 모델 평가 시작: undersampling__logistic_regression
2025-07-03 23:22:35,884 - ModelingPipeline - INFO - CV 메트릭 계산 시작 (UNDERSAMPLING)
2025-07-03 23:22:36,752 - ModelingPipeline - INFO - 최적화된 CV 완료: AUC=0.7308(±0.1190), AP=0.0644(±0.0638), F1=0.0469(±0.0398)
2025-07-03 23:22:36,753 - ModelingPipeline - INFO - CV 메트릭 계산 완료 - AUC: 0.7308, AP: 0.0644, F1: 0.0469
2025-07-03 23:22:36,755 - ModelingPipeline - INFO - [undersampling__logistic_regression] Cross-Validation (Train): AUC=0.7308, F1=0.0469
2025-07-03 23:22:36,755 - ModelingPipeline - INFO - [undersampling__logistic_regression] 평가용 전처리 완료
2025-07-03 23:22:36,756 - ModelingPipeline - INFO - Threshold 최적화 디버깅:
2025-07-03 23:22:36,756 - ModelingPipeline - INFO -   - 검증 데이터 크기: 5462
2025-07-03 23:22:36,756 - ModelingPipeline - INFO -   - 양성 클래스 비율: 0.0077 (42/5462)
2025-07-03 23:22:36,756 - ModelingPipeline - INFO -   - 예측 확률 범위: [0.0051, 0.7734]
2025-07-03 23:22:36,756 - ModelingPipeline - INFO -   - 예측 확률 평균: 0.4679
2025-07-03 23:22:36,757 - ModelingPipeline - INFO -   - F1 점수 범위: [0.0000, 0.0714]
2025-07-03 23:22:36,757 - ModelingPipeline - INFO -   - 0이 아닌 F1 점수 개수: 5453/5462
2025-07-03 23:22:36,761 - ModelingPipeline - INFO - 최적 임계값 검증: 0.7696
2025-07-03 23:22:36,761 - ModelingPipeline - INFO -   - F1: 0.0714, Precision: 0.1429, Recall: 0.0476
2025-07-03 23:22:36,761 - ModelingPipeline - INFO -   - 양성 예측 개수: 14/5462
2025-07-03 23:22:36,767 - ModelingPipeline - INFO - [undersampling__logistic_regression] Validation (Optimal Threshold): F1=0.0714, Recall=0.0476
2025-07-03 23:22:36,776 - ModelingPipeline - INFO - [undersampling__logistic_regression] Test (Optimal Threshold=0.7696): F1=0.0000, Recall=0.0000
2025-07-03 23:22:36,776 - ModelingPipeline - INFO - [undersampling__logistic_regression] Test (Default Threshold=0.5): F1=0.0355, Recall=0.5152
2025-07-03 23:22:36,778 - ModelingPipeline - INFO - 모델 평가 완료: undersampling__logistic_regression
2025-07-03 23:22:36,778 - ModelingPipeline - INFO - 모델 평가 시작: undersampling__random_forest
2025-07-03 23:22:36,778 - ModelingPipeline - INFO - CV 메트릭 계산 시작 (UNDERSAMPLING)
2025-07-03 23:22:45,551 - ModelingPipeline - INFO - 최적화된 CV 완료: AUC=0.9564(±0.0178), AP=0.3123(±0.0860), F1=0.3353(±0.1165)
2025-07-03 23:22:45,556 - ModelingPipeline - INFO - CV 메트릭 계산 완료 - AUC: 0.9564, AP: 0.3123, F1: 0.3353
2025-07-03 23:22:45,557 - ModelingPipeline - INFO - [undersampling__random_forest] Cross-Validation (Train): AUC=0.9564, F1=0.3353
2025-07-03 23:22:45,557 - ModelingPipeline - INFO - [undersampling__random_forest] 평가용 전처리 완료
2025-07-03 23:22:45,777 - ModelingPipeline - INFO - Threshold 최적화 디버깅:
2025-07-03 23:22:45,777 - ModelingPipeline - INFO -   - 검증 데이터 크기: 5462
2025-07-03 23:22:45,777 - ModelingPipeline - INFO -   - 양성 클래스 비율: 0.0077 (42/5462)
2025-07-03 23:22:45,777 - ModelingPipeline - INFO -   - 예측 확률 범위: [0.0000, 0.8531]
2025-07-03 23:22:45,777 - ModelingPipeline - INFO -   - 예측 확률 평균: 0.0312
2025-07-03 23:22:45,779 - ModelingPipeline - INFO -   - F1 점수 범위: [0.0000, 0.2807]
2025-07-03 23:22:45,779 - ModelingPipeline - INFO -   - 0이 아닌 F1 점수 개수: 2095/2098
2025-07-03 23:22:45,784 - ModelingPipeline - INFO - 최적 임계값 검증: 0.3969
2025-07-03 23:22:45,784 - ModelingPipeline - INFO -   - F1: 0.2807, Precision: 0.2222, Recall: 0.3810
2025-07-03 23:22:45,784 - ModelingPipeline - INFO -   - 양성 예측 개수: 72/5462
2025-07-03 23:22:45,803 - ModelingPipeline - INFO - [undersampling__random_forest] Validation (Optimal Threshold): F1=0.2807, Recall=0.3810
2025-07-03 23:22:45,858 - ModelingPipeline - INFO - [undersampling__random_forest] Test (Optimal Threshold=0.3969): F1=0.3077, Recall=0.4242
2025-07-03 23:22:45,858 - ModelingPipeline - INFO - [undersampling__random_forest] Test (Default Threshold=0.5): F1=0.2857, Recall=0.3030
2025-07-03 23:22:45,860 - ModelingPipeline - INFO - 모델 평가 완료: undersampling__random_forest
2025-07-03 23:22:45,861 - ModelingPipeline - INFO - 모델 평가 시작: undersampling__xgboost
2025-07-03 23:22:45,862 - ModelingPipeline - INFO - CV 메트릭 계산 시작 (UNDERSAMPLING)
2025-07-03 23:22:49,054 - ModelingPipeline - INFO - 최적화된 CV 완료: AUC=0.9422(±0.0202), AP=0.3409(±0.0658), F1=0.3670(±0.0679)
2025-07-03 23:22:49,055 - ModelingPipeline - INFO - CV 메트릭 계산 완료 - AUC: 0.9422, AP: 0.3409, F1: 0.3670
2025-07-03 23:22:49,056 - ModelingPipeline - INFO - [undersampling__xgboost] Cross-Validation (Train): AUC=0.9422, F1=0.3670
2025-07-03 23:22:49,056 - ModelingPipeline - INFO - [undersampling__xgboost] 평가용 전처리 완료
2025-07-03 23:22:49,066 - ModelingPipeline - INFO - Threshold 최적화 디버깅:
2025-07-03 23:22:49,066 - ModelingPipeline - INFO -   - 검증 데이터 크기: 5462
2025-07-03 23:22:49,066 - ModelingPipeline - INFO -   - 양성 클래스 비율: 0.0077 (42/5462)
2025-07-03 23:22:49,066 - ModelingPipeline - INFO -   - 예측 확률 범위: [0.0000, 0.9897]
2025-07-03 23:22:49,066 - ModelingPipeline - INFO -   - 예측 확률 평균: 0.0115
2025-07-03 23:22:49,068 - ModelingPipeline - INFO -   - F1 점수 범위: [0.0153, 0.2796]
2025-07-03 23:22:49,068 - ModelingPipeline - INFO -   - 0이 아닌 F1 점수 개수: 5458/5458
2025-07-03 23:22:49,072 - ModelingPipeline - INFO - 최적 임계값 검증: 0.3694
2025-07-03 23:22:49,072 - ModelingPipeline - INFO -   - F1: 0.2796, Precision: 0.2549, Recall: 0.3095
2025-07-03 23:22:49,072 - ModelingPipeline - INFO -   - 양성 예측 개수: 51/5462
2025-07-03 23:22:49,080 - ModelingPipeline - INFO - [undersampling__xgboost] Validation (Optimal Threshold): F1=0.2796, Recall=0.3095
2025-07-03 23:22:49,106 - ModelingPipeline - INFO - [undersampling__xgboost] Test (Optimal Threshold=0.3694): F1=0.2308, Recall=0.2727
2025-07-03 23:22:49,106 - ModelingPipeline - INFO - [undersampling__xgboost] Test (Default Threshold=0.5): F1=0.2121, Recall=0.2121
2025-07-03 23:22:49,108 - ModelingPipeline - INFO - 모델 평가 완료: undersampling__xgboost
2025-07-03 23:22:49,109 - ModelingPipeline - INFO - 모델 평가 시작: combined__logistic_regression
2025-07-03 23:22:49,115 - ModelingPipeline - INFO - CV 메트릭 계산 시작 (COMBINED)
2025-07-03 23:22:49,829 - ModelingPipeline - INFO - 최적화된 CV 완료: AUC=0.6768(±0.0335), AP=0.0186(±0.0027), F1=0.0045(±0.0091)
2025-07-03 23:22:49,830 - ModelingPipeline - INFO - CV 메트릭 계산 완료 - AUC: 0.6768, AP: 0.0186, F1: 0.0045
2025-07-03 23:22:49,830 - ModelingPipeline - INFO - [combined__logistic_regression] Cross-Validation (Train): AUC=0.6768, F1=0.0045
2025-07-03 23:22:49,830 - ModelingPipeline - INFO - [combined__logistic_regression] 평가용 전처리 완료
2025-07-03 23:22:49,833 - ModelingPipeline - INFO - Threshold 최적화 디버깅:
2025-07-03 23:22:49,833 - ModelingPipeline - INFO -   - 검증 데이터 크기: 5462
2025-07-03 23:22:49,833 - ModelingPipeline - INFO -   - 양성 클래스 비율: 0.0077 (42/5462)
2025-07-03 23:22:49,833 - ModelingPipeline - INFO -   - 예측 확률 범위: [0.0000, 0.9999]
2025-07-03 23:22:49,833 - ModelingPipeline - INFO -   - 예측 확률 평균: 0.3192
2025-07-03 23:22:49,834 - ModelingPipeline - INFO -   - F1 점수 범위: [0.0000, 0.1259]
2025-07-03 23:22:49,834 - ModelingPipeline - INFO -   - 0이 아닌 F1 점수 개수: 5431/5462
2025-07-03 23:22:49,840 - ModelingPipeline - INFO - 최적 임계값 검증: 0.8699
2025-07-03 23:22:49,840 - ModelingPipeline - INFO -   - F1: 0.1259, Precision: 0.0891, Recall: 0.2143
2025-07-03 23:22:49,840 - ModelingPipeline - INFO -   - 양성 예측 개수: 101/5462
2025-07-03 23:22:49,848 - ModelingPipeline - INFO - [combined__logistic_regression] Validation (Optimal Threshold): F1=0.1259, Recall=0.2143
2025-07-03 23:22:49,857 - ModelingPipeline - INFO - [combined__logistic_regression] Test (Optimal Threshold=0.8699): F1=0.0649, Recall=0.1515
2025-07-03 23:22:49,858 - ModelingPipeline - INFO - [combined__logistic_regression] Test (Default Threshold=0.5): F1=0.0477, Recall=0.6970
2025-07-03 23:22:49,860 - ModelingPipeline - INFO - 모델 평가 완료: combined__logistic_regression
2025-07-03 23:22:49,860 - ModelingPipeline - INFO - 모델 평가 시작: combined__random_forest
2025-07-03 23:22:49,860 - ModelingPipeline - INFO - CV 메트릭 계산 시작 (COMBINED)
2025-07-03 23:23:44,588 - ModelingPipeline - INFO - 최적화된 CV 완료: AUC=0.9422(±0.0227), AP=0.1258(±0.0065), F1=0.1498(±0.0449)
2025-07-03 23:23:44,590 - ModelingPipeline - INFO - CV 메트릭 계산 완료 - AUC: 0.9422, AP: 0.1258, F1: 0.1498
2025-07-03 23:23:44,591 - ModelingPipeline - INFO - [combined__random_forest] Cross-Validation (Train): AUC=0.9422, F1=0.1498
2025-07-03 23:23:44,591 - ModelingPipeline - INFO - [combined__random_forest] 평가용 전처리 완료
2025-07-03 23:23:44,668 - ModelingPipeline - INFO - Threshold 최적화 디버깅:
2025-07-03 23:23:44,669 - ModelingPipeline - INFO -   - 검증 데이터 크기: 5462
2025-07-03 23:23:44,669 - ModelingPipeline - INFO -   - 양성 클래스 비율: 0.0077 (42/5462)
2025-07-03 23:23:44,669 - ModelingPipeline - INFO -   - 예측 확률 범위: [0.0000, 0.9732]
2025-07-03 23:23:44,669 - ModelingPipeline - INFO -   - 예측 확률 평균: 0.0300
2025-07-03 23:23:44,670 - ModelingPipeline - INFO -   - F1 점수 범위: [0.0000, 0.1900]
2025-07-03 23:23:44,670 - ModelingPipeline - INFO -   - 0이 아닌 F1 점수 개수: 1502/1536
2025-07-03 23:23:44,672 - ModelingPipeline - INFO - 최적 임계값 검증: 0.2967
2025-07-03 23:23:44,672 - ModelingPipeline - INFO -   - F1: 0.1900, Precision: 0.1173, Recall: 0.5000
2025-07-03 23:23:44,672 - ModelingPipeline - INFO -   - 양성 예측 개수: 179/5462
2025-07-03 23:23:44,676 - ModelingPipeline - INFO - [combined__random_forest] Validation (Optimal Threshold): F1=0.1900, Recall=0.5000
2025-07-03 23:23:44,711 - ModelingPipeline - INFO - [combined__random_forest] Test (Optimal Threshold=0.2967): F1=0.1351, Recall=0.3030
2025-07-03 23:23:44,712 - ModelingPipeline - INFO - [combined__random_forest] Test (Default Threshold=0.5): F1=0.1031, Recall=0.1515
2025-07-03 23:23:44,713 - ModelingPipeline - INFO - 모델 평가 완료: combined__random_forest
2025-07-03 23:23:44,714 - ModelingPipeline - INFO - 모델 평가 시작: combined__xgboost
2025-07-03 23:23:44,716 - ModelingPipeline - INFO - CV 메트릭 계산 시작 (COMBINED)
2025-07-03 23:23:48,168 - ModelingPipeline - INFO - 최적화된 CV 완료: AUC=0.9264(±0.0242), AP=0.2211(±0.0527), F1=0.2919(±0.0572)
2025-07-03 23:23:48,170 - ModelingPipeline - INFO - CV 메트릭 계산 완료 - AUC: 0.9264, AP: 0.2211, F1: 0.2919
2025-07-03 23:23:48,171 - ModelingPipeline - INFO - [combined__xgboost] Cross-Validation (Train): AUC=0.9264, F1=0.2919
2025-07-03 23:23:48,171 - ModelingPipeline - INFO - [combined__xgboost] 평가용 전처리 완료
2025-07-03 23:23:48,189 - ModelingPipeline - INFO - Threshold 최적화 디버깅:
2025-07-03 23:23:48,190 - ModelingPipeline - INFO -   - 검증 데이터 크기: 5462
2025-07-03 23:23:48,190 - ModelingPipeline - INFO -   - 양성 클래스 비율: 0.0077 (42/5462)
2025-07-03 23:23:48,190 - ModelingPipeline - INFO -   - 예측 확률 범위: [0.0000, 0.9998]
2025-07-03 23:23:48,190 - ModelingPipeline - INFO -   - 예측 확률 평균: 0.0185
2025-07-03 23:23:48,191 - ModelingPipeline - INFO -   - F1 점수 범위: [0.0000, 0.2593]
2025-07-03 23:23:48,191 - ModelingPipeline - INFO -   - 0이 아닌 F1 점수 개수: 5457/5459
2025-07-03 23:23:48,196 - ModelingPipeline - INFO - 최적 임계값 검증: 0.6636
2025-07-03 23:23:48,196 - ModelingPipeline - INFO -   - F1: 0.2593, Precision: 0.2121, Recall: 0.3333
2025-07-03 23:23:48,196 - ModelingPipeline - INFO -   - 양성 예측 개수: 66/5462
2025-07-03 23:23:48,202 - ModelingPipeline - INFO - [combined__xgboost] Validation (Optimal Threshold): F1=0.2593, Recall=0.3333
2025-07-03 23:23:48,220 - ModelingPipeline - INFO - [combined__xgboost] Test (Optimal Threshold=0.6636): F1=0.2558, Recall=0.3333
2025-07-03 23:23:48,220 - ModelingPipeline - INFO - [combined__xgboost] Test (Default Threshold=0.5): F1=0.2143, Recall=0.3636
2025-07-03 23:23:48,221 - ModelingPipeline - INFO - 모델 평가 완료: combined__xgboost
2025-07-03 23:23:48,222 - ModelingPipeline - INFO - 앙상블 모델 실행 시작
2025-07-03 23:23:48,237 - ModelingPipeline - INFO - 앙상블에 추가: normal__logistic_regression
2025-07-03 23:23:48,238 - ModelingPipeline - INFO - 앙상블에 추가: smote__logistic_regression
2025-07-03 23:23:48,238 - ModelingPipeline - INFO - 앙상블에 추가: undersampling__logistic_regression
2025-07-03 23:23:48,238 - ModelingPipeline - INFO - 앙상블에 추가: combined__logistic_regression
2025-07-03 23:23:48,238 - ModelingPipeline - INFO - 앙상블에 추가: normal__random_forest
2025-07-03 23:23:48,238 - ModelingPipeline - INFO - 앙상블에 추가: smote__random_forest
2025-07-03 23:23:48,238 - ModelingPipeline - INFO - 앙상블에 추가: undersampling__random_forest
2025-07-03 23:23:48,238 - ModelingPipeline - INFO - 앙상블에 추가: combined__random_forest
2025-07-03 23:23:48,238 - ModelingPipeline - INFO - 앙상블에 추가: normal__xgboost
2025-07-03 23:23:48,238 - ModelingPipeline - INFO - 앙상블에 추가: smote__xgboost
2025-07-03 23:23:48,238 - ModelingPipeline - INFO - 앙상블에 추가: undersampling__xgboost
2025-07-03 23:23:48,238 - ModelingPipeline - INFO - 앙상블에 추가: combined__xgboost
2025-07-03 23:23:48,934 - ModelingPipeline - INFO - 앙상블 모델 완료 - Test AUC: 0.9135, F1: 0.3011
2025-07-03 23:23:49,405 - ModelingPipeline - INFO - 앙상블 모델 저장: /Users/jojongho/KDT/P2_Default-invest/outputs/modeling_runs/default_modeling_run_20250703_221955/models/combined_models__ensemble_model.joblib
2025-07-03 23:23:49,405 - ModelingPipeline - INFO - 시각화 생성 시작
2025-07-03 23:23:50,010 - ModelingPipeline - INFO - ROC 곡선 저장 완료: /Users/jojongho/KDT/P2_Default-invest/outputs/modeling_runs/default_modeling_run_20250703_221955/visualizations/roc_curves_comparison.png
2025-07-03 23:23:50,547 - ModelingPipeline - INFO - PR 곡선 저장 완료: /Users/jojongho/KDT/P2_Default-invest/outputs/modeling_runs/default_modeling_run_20250703_221955/visualizations/pr_curves_comparison.png
2025-07-03 23:23:51,271 - ModelingPipeline - INFO - 성능 비교 차트 저장 완료: /Users/jojongho/KDT/P2_Default-invest/outputs/modeling_runs/default_modeling_run_20250703_221955/visualizations/performance_comparison.png
2025-07-03 23:23:51,271 - ModelingPipeline - INFO - 특성 중요도를 시각화할 tree 기반 모델이 없습니다.
2025-07-03 23:23:51,271 - ModelingPipeline - INFO - Threshold 분석을 위한 유효한 모델이 없습니다.
2025-07-03 23:23:51,271 - ModelingPipeline - INFO - Train vs Test 비교를 위한 모델이 없습니다.
2025-07-03 23:23:51,956 - ModelingPipeline - INFO - 앙상블 가중치 차트 저장 완료: /Users/jojongho/KDT/P2_Default-invest/outputs/modeling_runs/default_modeling_run_20250703_221955/visualizations/ensemble_weights.png
2025-07-03 23:23:51,956 - ModelingPipeline - INFO - 시각화 생성 완료
2025-07-03 23:23:51,956 - ModelingPipeline - INFO - 결과 저장 시작
2025-07-03 23:23:51,956 - ModelingPipeline - INFO - normal__logistic_regression 모델 저장: /Users/jojongho/KDT/P2_Default-invest/outputs/modeling_runs/default_modeling_run_20250703_221955/models/normal__logistic_regression_model.joblib
2025-07-03 23:23:51,995 - ModelingPipeline - INFO - normal__random_forest 모델 저장: /Users/jojongho/KDT/P2_Default-invest/outputs/modeling_runs/default_modeling_run_20250703_221955/models/normal__random_forest_model.joblib
2025-07-03 23:23:51,997 - ModelingPipeline - INFO - normal__xgboost 모델 저장: /Users/jojongho/KDT/P2_Default-invest/outputs/modeling_runs/default_modeling_run_20250703_221955/models/normal__xgboost_model.joblib
2025-07-03 23:23:51,997 - ModelingPipeline - INFO - smote__logistic_regression 모델 저장: /Users/jojongho/KDT/P2_Default-invest/outputs/modeling_runs/default_modeling_run_20250703_221955/models/smote__logistic_regression_model.joblib
2025-07-03 23:23:52,065 - ModelingPipeline - INFO - smote__random_forest 모델 저장: /Users/jojongho/KDT/P2_Default-invest/outputs/modeling_runs/default_modeling_run_20250703_221955/models/smote__random_forest_model.joblib
2025-07-03 23:23:52,067 - ModelingPipeline - INFO - smote__xgboost 모델 저장: /Users/jojongho/KDT/P2_Default-invest/outputs/modeling_runs/default_modeling_run_20250703_221955/models/smote__xgboost_model.joblib
2025-07-03 23:23:52,068 - ModelingPipeline - INFO - undersampling__logistic_regression 모델 저장: /Users/jojongho/KDT/P2_Default-invest/outputs/modeling_runs/default_modeling_run_20250703_221955/models/undersampling__logistic_regression_model.joblib
2025-07-03 23:23:52,113 - ModelingPipeline - INFO - undersampling__random_forest 모델 저장: /Users/jojongho/KDT/P2_Default-invest/outputs/modeling_runs/default_modeling_run_20250703_221955/models/undersampling__random_forest_model.joblib
2025-07-03 23:23:52,116 - ModelingPipeline - INFO - undersampling__xgboost 모델 저장: /Users/jojongho/KDT/P2_Default-invest/outputs/modeling_runs/default_modeling_run_20250703_221955/models/undersampling__xgboost_model.joblib
2025-07-03 23:23:52,117 - ModelingPipeline - INFO - combined__logistic_regression 모델 저장: /Users/jojongho/KDT/P2_Default-invest/outputs/modeling_runs/default_modeling_run_20250703_221955/models/combined__logistic_regression_model.joblib
2025-07-03 23:23:52,162 - ModelingPipeline - INFO - combined__random_forest 모델 저장: /Users/jojongho/KDT/P2_Default-invest/outputs/modeling_runs/default_modeling_run_20250703_221955/models/combined__random_forest_model.joblib
2025-07-03 23:23:52,165 - ModelingPipeline - INFO - combined__xgboost 모델 저장: /Users/jojongho/KDT/P2_Default-invest/outputs/modeling_runs/default_modeling_run_20250703_221955/models/combined__xgboost_model.joblib
2025-07-03 23:23:52,389 - ModelingPipeline - INFO - combined_models__ensemble 모델 저장: /Users/jojongho/KDT/P2_Default-invest/outputs/modeling_runs/default_modeling_run_20250703_221955/models/combined_models__ensemble_model.joblib
2025-07-03 23:23:52,548 - ModelingPipeline - INFO - 전체 결과 저장: /Users/jojongho/KDT/P2_Default-invest/outputs/modeling_runs/default_modeling_run_20250703_221955/results/modeling_results.json
2025-07-03 23:23:52,549 - ModelingPipeline - INFO - 설정 저장: /Users/jojongho/KDT/P2_Default-invest/outputs/modeling_runs/default_modeling_run_20250703_221955/modeling_config.json
2025-07-03 23:23:52,551 - ModelingPipeline - INFO - 실행 결과 요약:
2025-07-03 23:23:52,556 - ModelingPipeline - INFO - 
                  Model        Data_Type  Optimal_Threshold  CV_AUC  CV_AUC_Mean  CV_AP_Mean  CV_F1_Mean  Val_AUC  Val_F1  Test_AUC  Test_Precision  Test_Recall  Test_F1  Test_Balanced_Acc  Test_Average_Precision
0   logistic_regression           NORMAL             0.6909  0.0489       0.0489           0           0   0.8391  0.0980    0.8281          0.0270       0.1515   0.0459             0.5588                  0.0257
1         random_forest           NORMAL             0.6240  0.3053       0.3053           0           0   0.9266  0.2581    0.9188          0.2353       0.1212   0.1600             0.5594                  0.1443
2               xgboost           NORMAL             0.0668  0.3484       0.3484           0           0   0.9524  0.2766    0.9215          0.1259       0.5455   0.2045             0.7609                  0.1322
3   logistic_regression            SMOTE             0.7851  0.0367       0.0367           0           0   0.7603  0.0980    0.7407          0.0326       0.0909   0.0480             0.5371                  0.0222
4         random_forest            SMOTE             0.5140  0.2524       0.2524           0           0   0.9134  0.2047    0.9284          0.1714       0.3636   0.2330             0.6763                  0.1498
5               xgboost            SMOTE             0.6850  0.2177       0.2177           0           0   0.8918  0.3023    0.8974          0.2143       0.2727   0.2400             0.6332                  0.1560
6   logistic_regression    UNDERSAMPLING             0.7696  0.0469       0.0469           0           0   0.7154  0.0714    0.7469          0.0000       0.0000   0.0000             0.4987                  0.0134
7         random_forest    UNDERSAMPLING             0.3969  0.3353       0.3353           0           0   0.9337  0.2807    0.9243          0.2414       0.4242   0.3077             0.7080                  0.1562
8               xgboost    UNDERSAMPLING             0.3694  0.3670       0.3670           0           0   0.9406  0.2796    0.9106          0.2000       0.2727   0.2308             0.6330                  0.1332
9   logistic_regression         COMBINED             0.8699  0.0045       0.0045           0           0   0.8476  0.1259    0.8289          0.0413       0.1515   0.0649             0.5648                  0.0339
10        random_forest         COMBINED             0.2967  0.1498       0.1498           0           0   0.8990  0.1900    0.9065          0.0870       0.3030   0.1351             0.6416                  0.0862
11              xgboost         COMBINED             0.6636  0.2919       0.2919           0           0   0.9161  0.2593    0.9252          0.2075       0.3333   0.2558             0.6627                  0.1507
12             ensemble  COMBINED_MODELS             0.4500  0.3670       0.3670           0           0   0.0000  0.0000    0.9135          0.2333       0.4242   0.3011             0.7078                  0.1555
2025-07-03 23:23:52,556 - ModelingPipeline - INFO - 요약 테이블 저장: /Users/jojongho/KDT/P2_Default-invest/outputs/modeling_runs/default_modeling_run_20250703_221955/results/summary_table.csv
2025-07-03 23:23:52,557 - ModelingPipeline - INFO - === 모델링 파이프라인 완료 ===
