2025-06-28 21:44:15,297 - ModelingPipeline - INFO - 모델링 파이프라인이 초기화되었습니다.
2025-06-28 21:44:15,297 - ModelingPipeline - INFO - 실행 이름: default_modeling_run_20250628_214415
2025-06-28 21:44:15,297 - ModelingPipeline - INFO - 출력 경로: /Users/jojongho/KDT/P2_Default-invest/outputs/modeling_runs/default_modeling_run_20250628_214415
2025-06-28 21:44:15,297 - ModelingPipeline - INFO - === 모델링 파이프라인 시작 ===
2025-06-28 21:44:15,297 - ModelingPipeline - INFO - 데이터 로드 시작
2025-06-28 21:44:15,297 - ModelingPipeline - INFO - 기본 데이터 경로 사용: data/final
2025-06-28 21:44:15,470 - ModelingPipeline - INFO - Train: (9795, 118), 부실비율: 0.97%
2025-06-28 21:44:15,470 - ModelingPipeline - INFO - Validation: (5984, 118), 부실비율: 0.64%
2025-06-28 21:44:15,470 - ModelingPipeline - INFO - Test: (6706, 118), 부실비율: 0.30%
2025-06-28 21:44:15,471 - ModelingPipeline - INFO - 모든 모델 실행 시작
2025-06-28 21:44:15,471 - ModelingPipeline - INFO - 특성 선택 방법: SHAP (NORMAL)
2025-06-28 21:44:15,971 - ModelingPipeline - INFO - SHAP 기본 모델: random_forest
2025-06-28 21:44:15,971 - ModelingPipeline - INFO - 기본 모델 훈련 중...
2025-06-28 21:44:17,642 - ModelingPipeline - INFO - SHAP Explainer 생성 중...
2025-06-28 21:44:17,651 - ModelingPipeline - INFO - SHAP 값 계산 중...
2025-06-28 21:44:21,699 - ModelingPipeline - INFO - SHAP 값 배열 형태: (2000, 118)
2025-06-28 21:44:21,699 - ModelingPipeline - INFO - 평균 절댓값 SHAP 형태: (118,)
2025-06-28 21:44:21,699 - ModelingPipeline - INFO - 특성 개수: 118
2025-06-28 21:44:21,699 - ModelingPipeline - INFO - 임계값: 0.002341
2025-06-28 21:44:21,699 - ModelingPipeline - INFO - 평균 |SHAP|: 0.004457 (±0.005028)
2025-06-28 21:44:21,703 - ModelingPipeline - INFO - 선택된 특성: 10/118
2025-06-28 21:44:21,703 - ModelingPipeline - INFO - 활성화된 데이터 타입: ['normal', 'smote', 'undersampling']
2025-06-28 21:44:21,703 - ModelingPipeline - INFO - 활성화된 모델: ['logistic_regression', 'random_forest', 'xgboost']
2025-06-28 21:44:21,703 - ModelingPipeline - INFO - NORMAL 데이터 처리
2025-06-28 21:44:21,704 - ModelingPipeline - INFO - logistic_regression 최적화 시작 (NORMAL)
2025-06-28 21:44:21,704 - ModelingPipeline - INFO - Logistic Regression 클래스 불균형 가중치: class_weight=None
2025-06-28 21:44:21,704 - ModelingPipeline - INFO - 최적화 메트릭: F1
2025-06-28 21:44:21,705 - ModelingPipeline - INFO - CV 시작: 5개 fold, f1 메트릭, NORMAL 데이터
2025-06-28 21:44:21,706 - ModelingPipeline - INFO - Fold 1/5 처리 중...
2025-06-28 21:44:21,730 - ModelingPipeline - INFO - Fold 1 완료: 0.1600 (0.0초)
2025-06-28 21:44:21,730 - ModelingPipeline - INFO - Fold 2/5 처리 중...
2025-06-28 21:44:21,748 - ModelingPipeline - INFO - Fold 2 완료: 0.2143 (0.0초)
2025-06-28 21:44:21,749 - ModelingPipeline - INFO - Fold 3/5 처리 중...
2025-06-28 21:44:21,764 - ModelingPipeline - INFO - Fold 3 완료: 0.0952 (0.0초)
2025-06-28 21:44:21,764 - ModelingPipeline - INFO - Fold 4/5 처리 중...
2025-06-28 21:44:21,782 - ModelingPipeline - INFO - Fold 4 완료: 0.2500 (0.0초)
2025-06-28 21:44:21,782 - ModelingPipeline - INFO - Fold 5/5 처리 중...
2025-06-28 21:44:21,800 - ModelingPipeline - INFO - Fold 5 완료: 0.0800 (0.0초)
2025-06-28 21:44:21,800 - ModelingPipeline - INFO - CV 완료: 평균 0.1599 (±0.0658)
2025-06-28 21:44:21,800 - ModelingPipeline - INFO - Trial 1/5 - Current: 0.1599, Best: 0.1599
2025-06-28 21:44:21,801 - ModelingPipeline - INFO - CV 시작: 5개 fold, f1 메트릭, NORMAL 데이터
2025-06-28 21:44:21,802 - ModelingPipeline - INFO - Fold 1/5 처리 중...
2025-06-28 21:44:21,821 - ModelingPipeline - INFO - Fold 1 완료: 0.1600 (0.0초)
2025-06-28 21:44:21,821 - ModelingPipeline - INFO - Fold 2/5 처리 중...
2025-06-28 21:44:21,838 - ModelingPipeline - INFO - Fold 2 완료: 0.2143 (0.0초)
2025-06-28 21:44:21,838 - ModelingPipeline - INFO - Fold 3/5 처리 중...
2025-06-28 21:44:21,856 - ModelingPipeline - INFO - Fold 3 완료: 0.0952 (0.0초)
2025-06-28 21:44:21,856 - ModelingPipeline - INFO - Fold 4/5 처리 중...
2025-06-28 21:44:21,875 - ModelingPipeline - INFO - Fold 4 완료: 0.2500 (0.0초)
2025-06-28 21:44:21,876 - ModelingPipeline - INFO - Fold 5/5 처리 중...
2025-06-28 21:44:21,893 - ModelingPipeline - INFO - Fold 5 완료: 0.0800 (0.0초)
2025-06-28 21:44:21,893 - ModelingPipeline - INFO - CV 완료: 평균 0.1599 (±0.0658)
2025-06-28 21:44:21,894 - ModelingPipeline - INFO - CV 시작: 5개 fold, f1 메트릭, NORMAL 데이터
2025-06-28 21:44:21,894 - ModelingPipeline - INFO - Fold 1/5 처리 중...
2025-06-28 21:44:21,907 - ModelingPipeline - INFO - Fold 1 완료: 0.1667 (0.0초)
2025-06-28 21:44:21,907 - ModelingPipeline - INFO - Fold 2/5 처리 중...
2025-06-28 21:44:21,919 - ModelingPipeline - INFO - Fold 2 완료: 0.2143 (0.0초)
2025-06-28 21:44:21,920 - ModelingPipeline - INFO - Fold 3/5 처리 중...
2025-06-28 21:44:21,933 - ModelingPipeline - INFO - Fold 3 완료: 0.0909 (0.0초)
2025-06-28 21:44:21,933 - ModelingPipeline - INFO - Fold 4/5 처리 중...
2025-06-28 21:44:21,946 - ModelingPipeline - INFO - Fold 4 완료: 0.2500 (0.0초)
2025-06-28 21:44:21,946 - ModelingPipeline - INFO - Fold 5/5 처리 중...
2025-06-28 21:44:21,960 - ModelingPipeline - INFO - Fold 5 완료: 0.0769 (0.0초)
2025-06-28 21:44:21,960 - ModelingPipeline - INFO - CV 완료: 평균 0.1598 (±0.0675)
2025-06-28 21:44:21,960 - ModelingPipeline - INFO - CV 시작: 5개 fold, f1 메트릭, NORMAL 데이터
2025-06-28 21:44:21,961 - ModelingPipeline - INFO - Fold 1/5 처리 중...
2025-06-28 21:44:21,978 - ModelingPipeline - INFO - Fold 1 완료: 0.1667 (0.0초)
2025-06-28 21:44:21,978 - ModelingPipeline - INFO - Fold 2/5 처리 중...
2025-06-28 21:44:21,994 - ModelingPipeline - INFO - Fold 2 완료: 0.2143 (0.0초)
2025-06-28 21:44:21,995 - ModelingPipeline - INFO - Fold 3/5 처리 중...
2025-06-28 21:44:22,011 - ModelingPipeline - INFO - Fold 3 완료: 0.0952 (0.0초)
2025-06-28 21:44:22,011 - ModelingPipeline - INFO - Fold 4/5 처리 중...
2025-06-28 21:44:22,029 - ModelingPipeline - INFO - Fold 4 완료: 0.2500 (0.0초)
2025-06-28 21:44:22,029 - ModelingPipeline - INFO - Fold 5/5 처리 중...
2025-06-28 21:44:22,045 - ModelingPipeline - INFO - Fold 5 완료: 0.0800 (0.0초)
2025-06-28 21:44:22,046 - ModelingPipeline - INFO - CV 완료: 평균 0.1612 (±0.0658)
2025-06-28 21:44:22,046 - ModelingPipeline - INFO - CV 시작: 5개 fold, f1 메트릭, NORMAL 데이터
2025-06-28 21:44:22,047 - ModelingPipeline - INFO - Fold 1/5 처리 중...
2025-06-28 21:44:22,064 - ModelingPipeline - INFO - Fold 1 완료: 0.1600 (0.0초)
2025-06-28 21:44:22,065 - ModelingPipeline - INFO - Fold 2/5 처리 중...
2025-06-28 21:44:22,080 - ModelingPipeline - INFO - Fold 2 완료: 0.2143 (0.0초)
2025-06-28 21:44:22,080 - ModelingPipeline - INFO - Fold 3/5 처리 중...
2025-06-28 21:44:22,096 - ModelingPipeline - INFO - Fold 3 완료: 0.0909 (0.0초)
2025-06-28 21:44:22,096 - ModelingPipeline - INFO - Fold 4/5 처리 중...
2025-06-28 21:44:22,110 - ModelingPipeline - INFO - Fold 4 완료: 0.2500 (0.0초)
2025-06-28 21:44:22,111 - ModelingPipeline - INFO - Fold 5/5 처리 중...
2025-06-28 21:44:22,128 - ModelingPipeline - INFO - Fold 5 완료: 0.0769 (0.0초)
2025-06-28 21:44:22,128 - ModelingPipeline - INFO - CV 완료: 평균 0.1584 (±0.0674)
2025-06-28 21:44:22,128 - ModelingPipeline - INFO - Trial 5/5 - Current: 0.1584, Best: 0.1612
2025-06-28 21:44:22,147 - ModelingPipeline - INFO - 최적 AUC: 0.1612
2025-06-28 21:44:22,147 - ModelingPipeline - INFO - 최적 파라미터: {'C': 0.5342937261279777, 'max_iter': 2983, 'penalty': 'l2', 'solver': 'liblinear', 'tol': 0.0001, 'class_weight': None}
2025-06-28 21:44:22,147 - ModelingPipeline - INFO - CV 메트릭 계산 시작 (NORMAL)
2025-06-28 21:44:22,147 - ModelingPipeline - INFO - 최적화된 CV 시작: 5개 fold, 모든 메트릭 동시 계산, NORMAL 데이터
2025-06-28 21:44:22,234 - ModelingPipeline - INFO - 최적화된 CV 완료: AUC=0.9253(±0.0336), AP=0.2763(±0.0607), F1=0.1612(±0.0658)
2025-06-28 21:44:22,234 - ModelingPipeline - INFO - CV 메트릭 계산 완료 - AUC: 0.9253, AP: 0.2763, F1: 0.1612
2025-06-28 21:44:22,234 - ModelingPipeline - INFO - random_forest 최적화 시작 (NORMAL)
2025-06-28 21:44:22,234 - ModelingPipeline - INFO - Random Forest 클래스 불균형 가중치: class_weight=None
2025-06-28 21:44:22,234 - ModelingPipeline - INFO - 최적화 메트릭: F1
2025-06-28 21:44:22,235 - ModelingPipeline - INFO - CV 시작: 5개 fold, f1 메트릭, NORMAL 데이터
2025-06-28 21:44:22,235 - ModelingPipeline - INFO - Fold 1/5 처리 중...
2025-06-28 21:44:22,906 - ModelingPipeline - INFO - Fold 1 완료: 0.0000 (0.7초)
2025-06-28 21:44:22,906 - ModelingPipeline - INFO - Fold 2/5 처리 중...
2025-06-28 21:44:23,654 - ModelingPipeline - INFO - Fold 2 완료: 0.2759 (0.7초)
2025-06-28 21:44:23,654 - ModelingPipeline - INFO - Fold 3/5 처리 중...
2025-06-28 21:44:24,319 - ModelingPipeline - INFO - Fold 3 완료: 0.3846 (0.7초)
2025-06-28 21:44:24,319 - ModelingPipeline - INFO - Fold 4/5 처리 중...
2025-06-28 21:44:24,962 - ModelingPipeline - INFO - Fold 4 완료: 0.1739 (0.6초)
2025-06-28 21:44:24,962 - ModelingPipeline - INFO - Fold 5/5 처리 중...
2025-06-28 21:44:25,616 - ModelingPipeline - INFO - Fold 5 완료: 0.1667 (0.7초)
2025-06-28 21:44:25,616 - ModelingPipeline - INFO - CV 완료: 평균 0.2002 (±0.1278)
2025-06-28 21:44:25,617 - ModelingPipeline - INFO - Trial 1/5 - Current: 0.2002, Best: 0.2002
2025-06-28 21:44:25,617 - ModelingPipeline - INFO - CV 시작: 5개 fold, f1 메트릭, NORMAL 데이터
2025-06-28 21:44:25,618 - ModelingPipeline - INFO - Fold 1/5 처리 중...
2025-06-28 21:44:26,221 - ModelingPipeline - INFO - Fold 1 완료: 0.0000 (0.6초)
2025-06-28 21:44:26,221 - ModelingPipeline - INFO - Fold 2/5 처리 중...
2025-06-28 21:44:26,834 - ModelingPipeline - INFO - Fold 2 완료: 0.3200 (0.6초)
2025-06-28 21:44:26,835 - ModelingPipeline - INFO - Fold 3/5 처리 중...
2025-06-28 21:44:27,447 - ModelingPipeline - INFO - Fold 3 완료: 0.3077 (0.6초)
2025-06-28 21:44:27,447 - ModelingPipeline - INFO - Fold 4/5 처리 중...
2025-06-28 21:44:28,055 - ModelingPipeline - INFO - Fold 4 완료: 0.1600 (0.6초)
2025-06-28 21:44:28,055 - ModelingPipeline - INFO - Fold 5/5 처리 중...
2025-06-28 21:44:28,660 - ModelingPipeline - INFO - Fold 5 완료: 0.4667 (0.6초)
2025-06-28 21:44:28,660 - ModelingPipeline - INFO - CV 완료: 평균 0.2509 (±0.1586)
2025-06-28 21:44:28,661 - ModelingPipeline - INFO - CV 시작: 5개 fold, f1 메트릭, NORMAL 데이터
2025-06-28 21:44:28,662 - ModelingPipeline - INFO - Fold 1/5 처리 중...
2025-06-28 21:44:28,963 - ModelingPipeline - INFO - Fold 1 완료: 0.0000 (0.3초)
2025-06-28 21:44:28,963 - ModelingPipeline - INFO - Fold 2/5 처리 중...
2025-06-28 21:44:29,260 - ModelingPipeline - INFO - Fold 2 완료: 0.2759 (0.3초)
2025-06-28 21:44:29,260 - ModelingPipeline - INFO - Fold 3/5 처리 중...
2025-06-28 21:44:29,564 - ModelingPipeline - INFO - Fold 3 완료: 0.3200 (0.3초)
2025-06-28 21:44:29,565 - ModelingPipeline - INFO - Fold 4/5 처리 중...
2025-06-28 21:44:29,864 - ModelingPipeline - INFO - Fold 4 완료: 0.1667 (0.3초)
2025-06-28 21:44:29,864 - ModelingPipeline - INFO - Fold 5/5 처리 중...
2025-06-28 21:44:30,157 - ModelingPipeline - INFO - Fold 5 완료: 0.0833 (0.3초)
2025-06-28 21:44:30,157 - ModelingPipeline - INFO - CV 완료: 평균 0.1692 (±0.1184)
2025-06-28 21:44:30,158 - ModelingPipeline - INFO - CV 시작: 5개 fold, f1 메트릭, NORMAL 데이터
2025-06-28 21:44:30,158 - ModelingPipeline - INFO - Fold 1/5 처리 중...
2025-06-28 21:44:30,706 - ModelingPipeline - INFO - Fold 1 완료: 0.0000 (0.5초)
2025-06-28 21:44:30,706 - ModelingPipeline - INFO - Fold 2/5 처리 중...
2025-06-28 21:44:31,244 - ModelingPipeline - INFO - Fold 2 완료: 0.3429 (0.5초)
2025-06-28 21:44:31,244 - ModelingPipeline - INFO - Fold 3/5 처리 중...
2025-06-28 21:44:31,780 - ModelingPipeline - INFO - Fold 3 완료: 0.3077 (0.5초)
2025-06-28 21:44:31,781 - ModelingPipeline - INFO - Fold 4/5 처리 중...
2025-06-28 21:44:32,325 - ModelingPipeline - INFO - Fold 4 완료: 0.1667 (0.5초)
2025-06-28 21:44:32,325 - ModelingPipeline - INFO - Fold 5/5 처리 중...
2025-06-28 21:44:32,844 - ModelingPipeline - INFO - Fold 5 완료: 0.2308 (0.5초)
2025-06-28 21:44:32,844 - ModelingPipeline - INFO - CV 완료: 평균 0.2096 (±0.1213)
2025-06-28 21:44:32,845 - ModelingPipeline - INFO - CV 시작: 5개 fold, f1 메트릭, NORMAL 데이터
2025-06-28 21:44:32,845 - ModelingPipeline - INFO - Fold 1/5 처리 중...
2025-06-28 21:44:33,990 - ModelingPipeline - INFO - Fold 1 완료: 0.0000 (1.1초)
2025-06-28 21:44:33,991 - ModelingPipeline - INFO - Fold 2/5 처리 중...
2025-06-28 21:44:35,119 - ModelingPipeline - INFO - Fold 2 완료: 0.3810 (1.1초)
2025-06-28 21:44:35,119 - ModelingPipeline - INFO - Fold 3/5 처리 중...
2025-06-28 21:44:36,268 - ModelingPipeline - INFO - Fold 3 완료: 0.3077 (1.1초)
2025-06-28 21:44:36,268 - ModelingPipeline - INFO - Fold 4/5 처리 중...
2025-06-28 21:44:37,448 - ModelingPipeline - INFO - Fold 4 완료: 0.1600 (1.2초)
2025-06-28 21:44:37,448 - ModelingPipeline - INFO - Fold 5/5 처리 중...
2025-06-28 21:44:38,624 - ModelingPipeline - INFO - Fold 5 완료: 0.3704 (1.2초)
2025-06-28 21:44:38,624 - ModelingPipeline - INFO - CV 완료: 평균 0.2438 (±0.1452)
2025-06-28 21:44:38,624 - ModelingPipeline - INFO - Trial 5/5 - Current: 0.2438, Best: 0.2509
2025-06-28 21:44:43,189 - ModelingPipeline - INFO - 최적 AUC: 0.2509
2025-06-28 21:44:43,189 - ModelingPipeline - INFO - 최적 파라미터: {'n_estimators': 324, 'max_depth': 4, 'min_samples_split': 18, 'min_samples_leaf': 7, 'max_features': 0.737265320016441, 'class_weight': None}
2025-06-28 21:44:43,189 - ModelingPipeline - INFO - CV 메트릭 계산 시작 (NORMAL)
2025-06-28 21:44:43,189 - ModelingPipeline - INFO - 최적화된 CV 시작: 5개 fold, 모든 메트릭 동시 계산, NORMAL 데이터
2025-06-28 21:45:01,588 - ModelingPipeline - INFO - 최적화된 CV 완료: AUC=0.9356(±0.0295), AP=0.3189(±0.0664), F1=0.2545(±0.1555)
2025-06-28 21:45:01,588 - ModelingPipeline - INFO - CV 메트릭 계산 완료 - AUC: 0.9356, AP: 0.3189, F1: 0.2545
2025-06-28 21:45:01,603 - ModelingPipeline - INFO - xgboost 최적화 시작 (NORMAL)
2025-06-28 21:45:01,603 - ModelingPipeline - INFO - XGBoost 클래스 불균형 처리: scale_pos_weight
2025-06-28 21:45:01,603 - ModelingPipeline - INFO - scale_pos_weight = 8.00 (설정: 8.0)
2025-06-28 21:45:01,603 - ModelingPipeline - INFO - 최적화 메트릭: F1
2025-06-28 21:45:01,603 - ModelingPipeline - INFO - CV 시작: 5개 fold, f1 메트릭, NORMAL 데이터
2025-06-28 21:45:01,604 - ModelingPipeline - INFO - Fold 1/5 처리 중...
2025-06-28 21:45:02,395 - ModelingPipeline - INFO - Fold 1 완료: 0.0769 (0.8초)
2025-06-28 21:45:02,395 - ModelingPipeline - INFO - Fold 2/5 처리 중...
2025-06-28 21:45:03,146 - ModelingPipeline - INFO - Fold 2 완료: 0.3019 (0.8초)
2025-06-28 21:45:03,146 - ModelingPipeline - INFO - Fold 3/5 처리 중...
2025-06-28 21:45:03,898 - ModelingPipeline - INFO - Fold 3 완료: 0.2667 (0.8초)
2025-06-28 21:45:03,898 - ModelingPipeline - INFO - Fold 4/5 처리 중...
2025-06-28 21:45:04,665 - ModelingPipeline - INFO - Fold 4 완료: 0.2759 (0.8초)
2025-06-28 21:45:04,665 - ModelingPipeline - INFO - Fold 5/5 처리 중...
2025-06-28 21:45:05,420 - ModelingPipeline - INFO - Fold 5 완료: 0.3784 (0.8초)
2025-06-28 21:45:05,420 - ModelingPipeline - INFO - CV 완료: 평균 0.2599 (±0.0996)
2025-06-28 21:45:05,421 - ModelingPipeline - INFO - Trial 1/5 - Current: 0.2599, Best: 0.2599
2025-06-28 21:45:05,422 - ModelingPipeline - INFO - CV 시작: 5개 fold, f1 메트릭, NORMAL 데이터
2025-06-28 21:45:05,422 - ModelingPipeline - INFO - Fold 1/5 처리 중...
2025-06-28 21:45:06,436 - ModelingPipeline - INFO - Fold 1 완료: 0.2500 (1.0초)
2025-06-28 21:45:06,436 - ModelingPipeline - INFO - Fold 2/5 처리 중...
2025-06-28 21:45:07,380 - ModelingPipeline - INFO - Fold 2 완료: 0.3478 (0.9초)
2025-06-28 21:45:07,380 - ModelingPipeline - INFO - Fold 3/5 처리 중...
2025-06-28 21:45:08,299 - ModelingPipeline - INFO - Fold 3 완료: 0.3333 (0.9초)
2025-06-28 21:45:08,299 - ModelingPipeline - INFO - Fold 4/5 처리 중...
2025-06-28 21:45:09,271 - ModelingPipeline - INFO - Fold 4 완료: 0.3529 (1.0초)
2025-06-28 21:45:09,271 - ModelingPipeline - INFO - Fold 5/5 처리 중...
2025-06-28 21:45:10,208 - ModelingPipeline - INFO - Fold 5 완료: 0.3500 (0.9초)
2025-06-28 21:45:10,209 - ModelingPipeline - INFO - CV 완료: 평균 0.3268 (±0.0390)
2025-06-28 21:45:10,209 - ModelingPipeline - INFO - CV 시작: 5개 fold, f1 메트릭, NORMAL 데이터
2025-06-28 21:45:10,210 - ModelingPipeline - INFO - Fold 1/5 처리 중...
2025-06-28 21:45:10,635 - ModelingPipeline - INFO - Fold 1 완료: 0.2941 (0.4초)
2025-06-28 21:45:10,636 - ModelingPipeline - INFO - Fold 2/5 처리 중...
2025-06-28 21:45:11,065 - ModelingPipeline - INFO - Fold 2 완료: 0.3125 (0.4초)
2025-06-28 21:45:11,065 - ModelingPipeline - INFO - Fold 3/5 처리 중...
2025-06-28 21:45:11,489 - ModelingPipeline - INFO - Fold 3 완료: 0.3684 (0.4초)
2025-06-28 21:45:11,490 - ModelingPipeline - INFO - Fold 4/5 처리 중...
2025-06-28 21:45:11,927 - ModelingPipeline - INFO - Fold 4 완료: 0.3684 (0.4초)
2025-06-28 21:45:11,927 - ModelingPipeline - INFO - Fold 5/5 처리 중...
2025-06-28 21:45:12,365 - ModelingPipeline - INFO - Fold 5 완료: 0.3333 (0.4초)
2025-06-28 21:45:12,366 - ModelingPipeline - INFO - CV 완료: 평균 0.3354 (±0.0297)
2025-06-28 21:45:12,366 - ModelingPipeline - INFO - CV 시작: 5개 fold, f1 메트릭, NORMAL 데이터
2025-06-28 21:45:12,367 - ModelingPipeline - INFO - Fold 1/5 처리 중...
2025-06-28 21:45:12,841 - ModelingPipeline - INFO - Fold 1 완료: 0.1429 (0.5초)
2025-06-28 21:45:12,842 - ModelingPipeline - INFO - Fold 2/5 처리 중...
2025-06-28 21:45:13,320 - ModelingPipeline - INFO - Fold 2 완료: 0.3438 (0.5초)
2025-06-28 21:45:13,320 - ModelingPipeline - INFO - Fold 3/5 처리 중...
2025-06-28 21:45:13,796 - ModelingPipeline - INFO - Fold 3 완료: 0.3429 (0.5초)
2025-06-28 21:45:13,796 - ModelingPipeline - INFO - Fold 4/5 처리 중...
2025-06-28 21:45:14,280 - ModelingPipeline - INFO - Fold 4 완료: 0.3125 (0.5초)
2025-06-28 21:45:14,280 - ModelingPipeline - INFO - Fold 5/5 처리 중...
2025-06-28 21:45:14,760 - ModelingPipeline - INFO - Fold 5 완료: 0.3415 (0.5초)
2025-06-28 21:45:14,760 - ModelingPipeline - INFO - CV 완료: 평균 0.2967 (±0.0778)
2025-06-28 21:45:14,760 - ModelingPipeline - INFO - CV 시작: 5개 fold, f1 메트릭, NORMAL 데이터
2025-06-28 21:45:14,761 - ModelingPipeline - INFO - Fold 1/5 처리 중...
2025-06-28 21:45:15,350 - ModelingPipeline - INFO - Fold 1 완료: 0.3125 (0.6초)
2025-06-28 21:45:15,350 - ModelingPipeline - INFO - Fold 2/5 처리 중...
2025-06-28 21:45:15,950 - ModelingPipeline - INFO - Fold 2 완료: 0.3288 (0.6초)
2025-06-28 21:45:15,951 - ModelingPipeline - INFO - Fold 3/5 처리 중...
2025-06-28 21:45:16,540 - ModelingPipeline - INFO - Fold 3 완료: 0.2609 (0.6초)
2025-06-28 21:45:16,540 - ModelingPipeline - INFO - Fold 4/5 처리 중...
2025-06-28 21:45:17,142 - ModelingPipeline - INFO - Fold 4 완료: 0.4762 (0.6초)
2025-06-28 21:45:17,142 - ModelingPipeline - INFO - Fold 5/5 처리 중...
2025-06-28 21:45:17,729 - ModelingPipeline - INFO - Fold 5 완료: 0.3256 (0.6초)
2025-06-28 21:45:17,730 - ModelingPipeline - INFO - CV 완료: 평균 0.3408 (±0.0720)
2025-06-28 21:45:17,730 - ModelingPipeline - INFO - Trial 5/5 - Current: 0.3408, Best: 0.3408
2025-06-28 21:45:18,340 - ModelingPipeline - INFO - 최적 AUC: 0.3408
2025-06-28 21:45:18,340 - ModelingPipeline - INFO - 최적 파라미터: {'n_estimators': 556, 'max_depth': 3, 'learning_rate': 0.18422573131092432, 'subsample': 0.6682096494749166, 'colsample_bytree': 0.6260206371941118, 'reg_alpha': 9.488855372533333, 'reg_lambda': 9.690688297671034, 'scale_pos_weight': 8.0}
2025-06-28 21:45:18,340 - ModelingPipeline - INFO - CV 메트릭 계산 시작 (NORMAL)
2025-06-28 21:45:18,340 - ModelingPipeline - INFO - 최적화된 CV 시작: 5개 fold, 모든 메트릭 동시 계산, NORMAL 데이터
2025-06-28 21:45:21,274 - ModelingPipeline - INFO - 최적화된 CV 완료: AUC=0.9358(±0.0310), AP=0.2920(±0.0825), F1=0.3605(±0.0550)
2025-06-28 21:45:21,275 - ModelingPipeline - INFO - CV 메트릭 계산 완료 - AUC: 0.9358, AP: 0.2920, F1: 0.3605
2025-06-28 21:45:21,276 - ModelingPipeline - INFO - SMOTE 데이터 처리
2025-06-28 21:45:21,276 - ModelingPipeline - INFO - logistic_regression 최적화 시작 (SMOTE)
2025-06-28 21:45:21,276 - ModelingPipeline - INFO - Logistic Regression 클래스 불균형 가중치: class_weight=None
2025-06-28 21:45:21,276 - ModelingPipeline - INFO - 최적화 메트릭: F1
2025-06-28 21:45:21,277 - ModelingPipeline - INFO - CV 시작: 5개 fold, f1 메트릭, SMOTE 데이터
2025-06-28 21:45:21,278 - ModelingPipeline - INFO - Fold 1/5 처리 중...
2025-06-28 21:45:21,306 - ModelingPipeline - INFO - Fold 1 완료: 0.2069 (0.0초)
2025-06-28 21:45:21,306 - ModelingPipeline - INFO - Fold 2/5 처리 중...
2025-06-28 21:45:21,330 - ModelingPipeline - INFO - Fold 2 완료: 0.1714 (0.0초)
2025-06-28 21:45:21,330 - ModelingPipeline - INFO - Fold 3/5 처리 중...
2025-06-28 21:45:21,353 - ModelingPipeline - INFO - Fold 3 완료: 0.2222 (0.0초)
2025-06-28 21:45:21,354 - ModelingPipeline - INFO - Fold 4/5 처리 중...
2025-06-28 21:45:21,378 - ModelingPipeline - INFO - Fold 4 완료: 0.2963 (0.0초)
2025-06-28 21:45:21,379 - ModelingPipeline - INFO - Fold 5/5 처리 중...
2025-06-28 21:45:21,401 - ModelingPipeline - INFO - Fold 5 완료: 0.2667 (0.0초)
2025-06-28 21:45:21,402 - ModelingPipeline - INFO - CV 완료: 평균 0.2327 (±0.0441)
2025-06-28 21:45:21,402 - ModelingPipeline - INFO - Trial 1/5 - Current: 0.2327, Best: 0.2327
2025-06-28 21:45:21,402 - ModelingPipeline - INFO - CV 시작: 5개 fold, f1 메트릭, SMOTE 데이터
2025-06-28 21:45:21,403 - ModelingPipeline - INFO - Fold 1/5 처리 중...
2025-06-28 21:45:21,426 - ModelingPipeline - INFO - Fold 1 완료: 0.2069 (0.0초)
2025-06-28 21:45:21,426 - ModelingPipeline - INFO - Fold 2/5 처리 중...
2025-06-28 21:45:21,448 - ModelingPipeline - INFO - Fold 2 완료: 0.1714 (0.0초)
2025-06-28 21:45:21,448 - ModelingPipeline - INFO - Fold 3/5 처리 중...
2025-06-28 21:45:21,470 - ModelingPipeline - INFO - Fold 3 완료: 0.2222 (0.0초)
2025-06-28 21:45:21,471 - ModelingPipeline - INFO - Fold 4/5 처리 중...
2025-06-28 21:45:21,494 - ModelingPipeline - INFO - Fold 4 완료: 0.2963 (0.0초)
2025-06-28 21:45:21,495 - ModelingPipeline - INFO - Fold 5/5 처리 중...
2025-06-28 21:45:21,517 - ModelingPipeline - INFO - Fold 5 완료: 0.2667 (0.0초)
2025-06-28 21:45:21,517 - ModelingPipeline - INFO - CV 완료: 평균 0.2327 (±0.0441)
2025-06-28 21:45:21,518 - ModelingPipeline - INFO - CV 시작: 5개 fold, f1 메트릭, SMOTE 데이터
2025-06-28 21:45:21,518 - ModelingPipeline - INFO - Fold 1/5 처리 중...
2025-06-28 21:45:21,537 - ModelingPipeline - INFO - Fold 1 완료: 0.2143 (0.0초)
2025-06-28 21:45:21,537 - ModelingPipeline - INFO - Fold 2/5 처리 중...
2025-06-28 21:45:21,556 - ModelingPipeline - INFO - Fold 2 완료: 0.1765 (0.0초)
2025-06-28 21:45:21,556 - ModelingPipeline - INFO - Fold 3/5 처리 중...
2025-06-28 21:45:21,574 - ModelingPipeline - INFO - Fold 3 완료: 0.2400 (0.0초)
2025-06-28 21:45:21,574 - ModelingPipeline - INFO - Fold 4/5 처리 중...
2025-06-28 21:45:21,593 - ModelingPipeline - INFO - Fold 4 완료: 0.2857 (0.0초)
2025-06-28 21:45:21,593 - ModelingPipeline - INFO - Fold 5/5 처리 중...
2025-06-28 21:45:21,611 - ModelingPipeline - INFO - Fold 5 완료: 0.2667 (0.0초)
2025-06-28 21:45:21,611 - ModelingPipeline - INFO - CV 완료: 평균 0.2366 (±0.0386)
2025-06-28 21:45:21,612 - ModelingPipeline - INFO - CV 시작: 5개 fold, f1 메트릭, SMOTE 데이터
2025-06-28 21:45:21,613 - ModelingPipeline - INFO - Fold 1/5 처리 중...
2025-06-28 21:45:21,633 - ModelingPipeline - INFO - Fold 1 완료: 0.2069 (0.0초)
2025-06-28 21:45:21,633 - ModelingPipeline - INFO - Fold 2/5 처리 중...
2025-06-28 21:45:21,653 - ModelingPipeline - INFO - Fold 2 완료: 0.1765 (0.0초)
2025-06-28 21:45:21,653 - ModelingPipeline - INFO - Fold 3/5 처리 중...
2025-06-28 21:45:21,674 - ModelingPipeline - INFO - Fold 3 완료: 0.2308 (0.0초)
2025-06-28 21:45:21,674 - ModelingPipeline - INFO - Fold 4/5 처리 중...
2025-06-28 21:45:21,694 - ModelingPipeline - INFO - Fold 4 완료: 0.2963 (0.0초)
2025-06-28 21:45:21,694 - ModelingPipeline - INFO - Fold 5/5 처리 중...
2025-06-28 21:45:21,715 - ModelingPipeline - INFO - Fold 5 완료: 0.2667 (0.0초)
2025-06-28 21:45:21,715 - ModelingPipeline - INFO - CV 완료: 평균 0.2354 (±0.0424)
2025-06-28 21:45:21,716 - ModelingPipeline - INFO - CV 시작: 5개 fold, f1 메트릭, SMOTE 데이터
2025-06-28 21:45:21,717 - ModelingPipeline - INFO - Fold 1/5 처리 중...
2025-06-28 21:45:21,737 - ModelingPipeline - INFO - Fold 1 완료: 0.2143 (0.0초)
2025-06-28 21:45:21,737 - ModelingPipeline - INFO - Fold 2/5 처리 중...
2025-06-28 21:45:21,757 - ModelingPipeline - INFO - Fold 2 완료: 0.1765 (0.0초)
2025-06-28 21:45:21,757 - ModelingPipeline - INFO - Fold 3/5 처리 중...
2025-06-28 21:45:21,777 - ModelingPipeline - INFO - Fold 3 완료: 0.2222 (0.0초)
2025-06-28 21:45:21,777 - ModelingPipeline - INFO - Fold 4/5 처리 중...
2025-06-28 21:45:21,797 - ModelingPipeline - INFO - Fold 4 완료: 0.2963 (0.0초)
2025-06-28 21:45:21,798 - ModelingPipeline - INFO - Fold 5/5 처리 중...
2025-06-28 21:45:21,819 - ModelingPipeline - INFO - Fold 5 완료: 0.2667 (0.0초)
2025-06-28 21:45:21,819 - ModelingPipeline - INFO - CV 완료: 평균 0.2352 (±0.0419)
2025-06-28 21:45:21,819 - ModelingPipeline - INFO - Trial 5/5 - Current: 0.2352, Best: 0.2366
2025-06-28 21:45:21,838 - ModelingPipeline - INFO - 최적 AUC: 0.2366
2025-06-28 21:45:21,838 - ModelingPipeline - INFO - 최적 파라미터: {'C': 0.07068974950624607, 'max_iter': 1900, 'penalty': 'l2', 'solver': 'lbfgs', 'tol': 0.0001, 'class_weight': None}
2025-06-28 21:45:21,838 - ModelingPipeline - INFO - CV 메트릭 계산 시작 (SMOTE)
2025-06-28 21:45:21,838 - ModelingPipeline - INFO - 최적화된 CV 시작: 5개 fold, 모든 메트릭 동시 계산, SMOTE 데이터
2025-06-28 21:45:21,940 - ModelingPipeline - INFO - 최적화된 CV 완료: AUC=0.9234(±0.0352), AP=0.2621(±0.0682), F1=0.2366(±0.0386)
2025-06-28 21:45:21,940 - ModelingPipeline - INFO - CV 메트릭 계산 완료 - AUC: 0.9234, AP: 0.2621, F1: 0.2366
2025-06-28 21:45:21,940 - ModelingPipeline - INFO - random_forest 최적화 시작 (SMOTE)
2025-06-28 21:45:21,940 - ModelingPipeline - INFO - Random Forest 클래스 불균형 가중치: class_weight=None
2025-06-28 21:45:21,940 - ModelingPipeline - INFO - 최적화 메트릭: F1
2025-06-28 21:45:21,941 - ModelingPipeline - INFO - CV 시작: 5개 fold, f1 메트릭, SMOTE 데이터
2025-06-28 21:45:21,942 - ModelingPipeline - INFO - Fold 1/5 처리 중...
2025-06-28 21:45:22,652 - ModelingPipeline - INFO - Fold 1 완료: 0.2500 (0.7초)
2025-06-28 21:45:22,652 - ModelingPipeline - INFO - Fold 2/5 처리 중...
2025-06-28 21:45:23,486 - ModelingPipeline - INFO - Fold 2 완료: 0.2564 (0.8초)
2025-06-28 21:45:23,486 - ModelingPipeline - INFO - Fold 3/5 처리 중...
2025-06-28 21:45:24,161 - ModelingPipeline - INFO - Fold 3 완료: 0.3333 (0.7초)
2025-06-28 21:45:24,161 - ModelingPipeline - INFO - Fold 4/5 처리 중...
2025-06-28 21:45:24,898 - ModelingPipeline - INFO - Fold 4 완료: 0.4242 (0.7초)
2025-06-28 21:45:24,898 - ModelingPipeline - INFO - Fold 5/5 처리 중...
2025-06-28 21:45:25,611 - ModelingPipeline - INFO - Fold 5 완료: 0.4242 (0.7초)
2025-06-28 21:45:25,611 - ModelingPipeline - INFO - CV 완료: 평균 0.3376 (±0.0765)
2025-06-28 21:45:25,612 - ModelingPipeline - INFO - Trial 1/5 - Current: 0.3376, Best: 0.3376
2025-06-28 21:45:25,612 - ModelingPipeline - INFO - CV 시작: 5개 fold, f1 메트릭, SMOTE 데이터
2025-06-28 21:45:25,613 - ModelingPipeline - INFO - Fold 1/5 처리 중...
2025-06-28 21:45:26,247 - ModelingPipeline - INFO - Fold 1 완료: 0.2609 (0.6초)
2025-06-28 21:45:26,247 - ModelingPipeline - INFO - Fold 2/5 처리 중...
2025-06-28 21:45:26,852 - ModelingPipeline - INFO - Fold 2 완료: 0.3175 (0.6초)
2025-06-28 21:45:26,852 - ModelingPipeline - INFO - Fold 3/5 처리 중...
2025-06-28 21:45:27,475 - ModelingPipeline - INFO - Fold 3 완료: 0.3030 (0.6초)
2025-06-28 21:45:27,475 - ModelingPipeline - INFO - Fold 4/5 처리 중...
2025-06-28 21:45:28,101 - ModelingPipeline - INFO - Fold 4 완료: 0.5143 (0.6초)
2025-06-28 21:45:28,101 - ModelingPipeline - INFO - Fold 5/5 처리 중...
2025-06-28 21:45:28,718 - ModelingPipeline - INFO - Fold 5 완료: 0.5161 (0.6초)
2025-06-28 21:45:28,719 - ModelingPipeline - INFO - CV 완료: 평균 0.3824 (±0.1101)
2025-06-28 21:45:28,719 - ModelingPipeline - INFO - CV 시작: 5개 fold, f1 메트릭, SMOTE 데이터
2025-06-28 21:45:28,720 - ModelingPipeline - INFO - Fold 1/5 처리 중...
2025-06-28 21:45:29,039 - ModelingPipeline - INFO - Fold 1 완료: 0.1739 (0.3초)
2025-06-28 21:45:29,039 - ModelingPipeline - INFO - Fold 2/5 처리 중...
2025-06-28 21:45:29,351 - ModelingPipeline - INFO - Fold 2 완료: 0.3415 (0.3초)
2025-06-28 21:45:29,351 - ModelingPipeline - INFO - Fold 3/5 처리 중...
2025-06-28 21:45:29,652 - ModelingPipeline - INFO - Fold 3 완료: 0.2667 (0.3초)
2025-06-28 21:45:29,652 - ModelingPipeline - INFO - Fold 4/5 처리 중...
2025-06-28 21:45:29,970 - ModelingPipeline - INFO - Fold 4 완료: 0.3125 (0.3초)
2025-06-28 21:45:29,970 - ModelingPipeline - INFO - Fold 5/5 처리 중...
2025-06-28 21:45:30,281 - ModelingPipeline - INFO - Fold 5 완료: 0.4516 (0.3초)
2025-06-28 21:45:30,281 - ModelingPipeline - INFO - CV 완료: 평균 0.3092 (±0.0910)
2025-06-28 21:45:30,282 - ModelingPipeline - INFO - CV 시작: 5개 fold, f1 메트릭, SMOTE 데이터
2025-06-28 21:45:30,282 - ModelingPipeline - INFO - Fold 1/5 처리 중...
2025-06-28 21:45:30,905 - ModelingPipeline - INFO - Fold 1 완료: 0.2400 (0.6초)
2025-06-28 21:45:30,905 - ModelingPipeline - INFO - Fold 2/5 처리 중...
2025-06-28 21:45:31,450 - ModelingPipeline - INFO - Fold 2 완료: 0.4000 (0.5초)
2025-06-28 21:45:31,451 - ModelingPipeline - INFO - Fold 3/5 처리 중...
2025-06-28 21:45:32,032 - ModelingPipeline - INFO - Fold 3 완료: 0.3125 (0.6초)
2025-06-28 21:45:32,032 - ModelingPipeline - INFO - Fold 4/5 처리 중...
2025-06-28 21:45:32,615 - ModelingPipeline - INFO - Fold 4 완료: 0.3750 (0.6초)
2025-06-28 21:45:32,616 - ModelingPipeline - INFO - Fold 5/5 처리 중...
2025-06-28 21:45:33,211 - ModelingPipeline - INFO - Fold 5 완료: 0.4375 (0.6초)
2025-06-28 21:45:33,212 - ModelingPipeline - INFO - CV 완료: 평균 0.3530 (±0.0696)
2025-06-28 21:45:33,212 - ModelingPipeline - INFO - CV 시작: 5개 fold, f1 메트릭, SMOTE 데이터
2025-06-28 21:45:33,213 - ModelingPipeline - INFO - Fold 1/5 처리 중...
2025-06-28 21:45:34,419 - ModelingPipeline - INFO - Fold 1 완료: 0.1667 (1.2초)
2025-06-28 21:45:34,419 - ModelingPipeline - INFO - Fold 2/5 처리 중...
2025-06-28 21:45:35,601 - ModelingPipeline - INFO - Fold 2 완료: 0.3279 (1.2초)
2025-06-28 21:45:35,601 - ModelingPipeline - INFO - Fold 3/5 처리 중...
2025-06-28 21:45:36,744 - ModelingPipeline - INFO - Fold 3 완료: 0.3125 (1.1초)
2025-06-28 21:45:36,744 - ModelingPipeline - INFO - Fold 4/5 처리 중...
2025-06-28 21:45:37,897 - ModelingPipeline - INFO - Fold 4 완료: 0.4242 (1.2초)
2025-06-28 21:45:37,897 - ModelingPipeline - INFO - Fold 5/5 처리 중...
2025-06-28 21:45:39,055 - ModelingPipeline - INFO - Fold 5 완료: 0.4375 (1.2초)
2025-06-28 21:45:39,055 - ModelingPipeline - INFO - CV 완료: 평균 0.3338 (±0.0973)
2025-06-28 21:45:39,056 - ModelingPipeline - INFO - Trial 5/5 - Current: 0.3338, Best: 0.3824
2025-06-28 21:45:43,546 - ModelingPipeline - INFO - 최적 AUC: 0.3824
2025-06-28 21:45:43,546 - ModelingPipeline - INFO - 최적 파라미터: {'n_estimators': 324, 'max_depth': 4, 'min_samples_split': 18, 'min_samples_leaf': 7, 'max_features': 0.737265320016441, 'class_weight': None}
2025-06-28 21:45:43,547 - ModelingPipeline - INFO - CV 메트릭 계산 시작 (SMOTE)
2025-06-28 21:45:43,547 - ModelingPipeline - INFO - 최적화된 CV 시작: 5개 fold, 모든 메트릭 동시 계산, SMOTE 데이터
2025-06-28 21:46:01,968 - ModelingPipeline - INFO - 최적화된 CV 완료: AUC=0.9371(±0.0273), AP=0.3177(±0.0961), F1=0.3726(±0.1011)
2025-06-28 21:46:01,970 - ModelingPipeline - INFO - CV 메트릭 계산 완료 - AUC: 0.9371, AP: 0.3177, F1: 0.3726
2025-06-28 21:46:01,984 - ModelingPipeline - INFO - xgboost 최적화 시작 (SMOTE)
2025-06-28 21:46:01,984 - ModelingPipeline - INFO - XGBoost 클래스 불균형 처리: scale_pos_weight
2025-06-28 21:46:01,984 - ModelingPipeline - INFO - scale_pos_weight = 8.00 (설정: 8.0)
2025-06-28 21:46:01,984 - ModelingPipeline - INFO - 최적화 메트릭: F1
2025-06-28 21:46:01,985 - ModelingPipeline - INFO - CV 시작: 5개 fold, f1 메트릭, SMOTE 데이터
2025-06-28 21:46:01,985 - ModelingPipeline - INFO - Fold 1/5 처리 중...
2025-06-28 21:46:02,850 - ModelingPipeline - INFO - Fold 1 완료: 0.2581 (0.9초)
2025-06-28 21:46:02,851 - ModelingPipeline - INFO - Fold 2/5 처리 중...
2025-06-28 21:46:03,672 - ModelingPipeline - INFO - Fold 2 완료: 0.3279 (0.8초)
2025-06-28 21:46:03,672 - ModelingPipeline - INFO - Fold 3/5 처리 중...
2025-06-28 21:46:04,482 - ModelingPipeline - INFO - Fold 3 완료: 0.2778 (0.8초)
2025-06-28 21:46:04,483 - ModelingPipeline - INFO - Fold 4/5 처리 중...
2025-06-28 21:46:05,266 - ModelingPipeline - INFO - Fold 4 완료: 0.4390 (0.8초)
2025-06-28 21:46:05,266 - ModelingPipeline - INFO - Fold 5/5 처리 중...
2025-06-28 21:46:06,068 - ModelingPipeline - INFO - Fold 5 완료: 0.4324 (0.8초)
2025-06-28 21:46:06,068 - ModelingPipeline - INFO - CV 완료: 평균 0.3470 (±0.0759)
2025-06-28 21:46:06,069 - ModelingPipeline - INFO - Trial 1/5 - Current: 0.3470, Best: 0.3470
2025-06-28 21:46:06,069 - ModelingPipeline - INFO - CV 시작: 5개 fold, f1 메트릭, SMOTE 데이터
2025-06-28 21:46:06,070 - ModelingPipeline - INFO - Fold 1/5 처리 중...
2025-06-28 21:46:07,041 - ModelingPipeline - INFO - Fold 1 완료: 0.3429 (1.0초)
2025-06-28 21:46:07,041 - ModelingPipeline - INFO - Fold 2/5 처리 중...
2025-06-28 21:46:08,120 - ModelingPipeline - INFO - Fold 2 완료: 0.2824 (1.1초)
2025-06-28 21:46:08,120 - ModelingPipeline - INFO - Fold 3/5 처리 중...
2025-06-28 21:46:09,084 - ModelingPipeline - INFO - Fold 3 완료: 0.3043 (1.0초)
2025-06-28 21:46:09,084 - ModelingPipeline - INFO - Fold 4/5 처리 중...
2025-06-28 21:46:10,084 - ModelingPipeline - INFO - Fold 4 완료: 0.4255 (1.0초)
2025-06-28 21:46:10,084 - ModelingPipeline - INFO - Fold 5/5 처리 중...
2025-06-28 21:46:11,047 - ModelingPipeline - INFO - Fold 5 완료: 0.3810 (1.0초)
2025-06-28 21:46:11,048 - ModelingPipeline - INFO - CV 완료: 평균 0.3472 (±0.0516)
2025-06-28 21:46:11,049 - ModelingPipeline - INFO - CV 시작: 5개 fold, f1 메트릭, SMOTE 데이터
2025-06-28 21:46:11,049 - ModelingPipeline - INFO - Fold 1/5 처리 중...
2025-06-28 21:46:11,480 - ModelingPipeline - INFO - Fold 1 완료: 0.3077 (0.4초)
2025-06-28 21:46:11,480 - ModelingPipeline - INFO - Fold 2/5 처리 중...
2025-06-28 21:46:11,911 - ModelingPipeline - INFO - Fold 2 완료: 0.3143 (0.4초)
2025-06-28 21:46:11,911 - ModelingPipeline - INFO - Fold 3/5 처리 중...
2025-06-28 21:46:12,341 - ModelingPipeline - INFO - Fold 3 완료: 0.2857 (0.4초)
2025-06-28 21:46:12,342 - ModelingPipeline - INFO - Fold 4/5 처리 중...
2025-06-28 21:46:12,772 - ModelingPipeline - INFO - Fold 4 완료: 0.4167 (0.4초)
2025-06-28 21:46:12,772 - ModelingPipeline - INFO - Fold 5/5 처리 중...
2025-06-28 21:46:13,207 - ModelingPipeline - INFO - Fold 5 완료: 0.3913 (0.4초)
2025-06-28 21:46:13,208 - ModelingPipeline - INFO - CV 완료: 평균 0.3431 (±0.0512)
2025-06-28 21:46:13,208 - ModelingPipeline - INFO - CV 시작: 5개 fold, f1 메트릭, SMOTE 데이터
2025-06-28 21:46:13,209 - ModelingPipeline - INFO - Fold 1/5 처리 중...
2025-06-28 21:46:13,687 - ModelingPipeline - INFO - Fold 1 완료: 0.2424 (0.5초)
2025-06-28 21:46:13,688 - ModelingPipeline - INFO - Fold 2/5 처리 중...
2025-06-28 21:46:14,167 - ModelingPipeline - INFO - Fold 2 완료: 0.3188 (0.5초)
2025-06-28 21:46:14,167 - ModelingPipeline - INFO - Fold 3/5 처리 중...
2025-06-28 21:46:14,648 - ModelingPipeline - INFO - Fold 3 완료: 0.2927 (0.5초)
2025-06-28 21:46:14,648 - ModelingPipeline - INFO - Fold 4/5 처리 중...
2025-06-28 21:46:15,139 - ModelingPipeline - INFO - Fold 4 완료: 0.4091 (0.5초)
2025-06-28 21:46:15,139 - ModelingPipeline - INFO - Fold 5/5 처리 중...
2025-06-28 21:46:15,620 - ModelingPipeline - INFO - Fold 5 완료: 0.3721 (0.5초)
2025-06-28 21:46:15,620 - ModelingPipeline - INFO - CV 완료: 평균 0.3270 (±0.0586)
2025-06-28 21:46:15,621 - ModelingPipeline - INFO - CV 시작: 5개 fold, f1 메트릭, SMOTE 데이터
2025-06-28 21:46:15,622 - ModelingPipeline - INFO - Fold 1/5 처리 중...
2025-06-28 21:46:16,205 - ModelingPipeline - INFO - Fold 1 완료: 0.3182 (0.6초)
2025-06-28 21:46:16,206 - ModelingPipeline - INFO - Fold 2/5 처리 중...
2025-06-28 21:46:16,786 - ModelingPipeline - INFO - Fold 2 완료: 0.2697 (0.6초)
2025-06-28 21:46:16,786 - ModelingPipeline - INFO - Fold 3/5 처리 중...
2025-06-28 21:46:17,384 - ModelingPipeline - INFO - Fold 3 완료: 0.2222 (0.6초)
2025-06-28 21:46:17,384 - ModelingPipeline - INFO - Fold 4/5 처리 중...
2025-06-28 21:46:17,973 - ModelingPipeline - INFO - Fold 4 완료: 0.3860 (0.6초)
2025-06-28 21:46:17,974 - ModelingPipeline - INFO - Fold 5/5 처리 중...
2025-06-28 21:46:18,623 - ModelingPipeline - INFO - Fold 5 완료: 0.3600 (0.6초)
2025-06-28 21:46:18,623 - ModelingPipeline - INFO - CV 완료: 평균 0.3112 (±0.0594)
2025-06-28 21:46:18,624 - ModelingPipeline - INFO - Trial 5/5 - Current: 0.3112, Best: 0.3472
2025-06-28 21:46:19,810 - ModelingPipeline - INFO - 최적 AUC: 0.3472
2025-06-28 21:46:19,810 - ModelingPipeline - INFO - 최적 파라미터: {'n_estimators': 720, 'max_depth': 7, 'learning_rate': 0.21388141044983341, 'subsample': 0.608233797718321, 'colsample_bytree': 0.9879639408647978, 'reg_alpha': 8.324426408004218, 'reg_lambda': 2.9110519961044856, 'scale_pos_weight': 8.0}
2025-06-28 21:46:19,810 - ModelingPipeline - INFO - CV 메트릭 계산 시작 (SMOTE)
2025-06-28 21:46:19,810 - ModelingPipeline - INFO - 최적화된 CV 시작: 5개 fold, 모든 메트릭 동시 계산, SMOTE 데이터
2025-06-28 21:46:24,953 - ModelingPipeline - INFO - 최적화된 CV 완료: AUC=0.9279(±0.0311), AP=0.2391(±0.0651), F1=0.3362(±0.0303)
2025-06-28 21:46:24,954 - ModelingPipeline - INFO - CV 메트릭 계산 완료 - AUC: 0.9279, AP: 0.2391, F1: 0.3362
2025-06-28 21:46:24,955 - ModelingPipeline - INFO - UNDERSAMPLING 데이터 처리
2025-06-28 21:46:24,955 - ModelingPipeline - INFO - logistic_regression 최적화 시작 (UNDERSAMPLING)
2025-06-28 21:46:24,955 - ModelingPipeline - INFO - Logistic Regression 클래스 불균형 가중치: class_weight=None
2025-06-28 21:46:24,955 - ModelingPipeline - INFO - 최적화 메트릭: F1
2025-06-28 21:46:24,956 - ModelingPipeline - INFO - CV 시작: 5개 fold, f1 메트릭, UNDERSAMPLING 데이터
2025-06-28 21:46:24,957 - ModelingPipeline - INFO - Fold 1/5 처리 중...
2025-06-28 21:46:25,017 - ModelingPipeline - INFO - Fold 1 완료: 0.1538 (0.1초)
2025-06-28 21:46:25,017 - ModelingPipeline - INFO - Fold 2/5 처리 중...
2025-06-28 21:46:25,085 - ModelingPipeline - INFO - Fold 2 완료: 0.1935 (0.1초)
2025-06-28 21:46:25,085 - ModelingPipeline - INFO - Fold 3/5 처리 중...
2025-06-28 21:46:25,151 - ModelingPipeline - INFO - Fold 3 완료: 0.0870 (0.1초)
2025-06-28 21:46:25,152 - ModelingPipeline - INFO - Fold 4/5 처리 중...
2025-06-28 21:46:25,223 - ModelingPipeline - INFO - Fold 4 완료: 0.2500 (0.1초)
2025-06-28 21:46:25,223 - ModelingPipeline - INFO - Fold 5/5 처리 중...
2025-06-28 21:46:25,301 - ModelingPipeline - INFO - Fold 5 완료: 0.1481 (0.1초)
2025-06-28 21:46:25,301 - ModelingPipeline - INFO - CV 완료: 평균 0.1665 (±0.0539)
2025-06-28 21:46:25,301 - ModelingPipeline - INFO - Trial 1/5 - Current: 0.1665, Best: 0.1665
2025-06-28 21:46:25,301 - ModelingPipeline - INFO - CV 시작: 5개 fold, f1 메트릭, UNDERSAMPLING 데이터
2025-06-28 21:46:25,302 - ModelingPipeline - INFO - Fold 1/5 처리 중...
2025-06-28 21:46:25,367 - ModelingPipeline - INFO - Fold 1 완료: 0.1538 (0.1초)
2025-06-28 21:46:25,368 - ModelingPipeline - INFO - Fold 2/5 처리 중...
2025-06-28 21:46:25,440 - ModelingPipeline - INFO - Fold 2 완료: 0.1935 (0.1초)
2025-06-28 21:46:25,440 - ModelingPipeline - INFO - Fold 3/5 처리 중...
2025-06-28 21:46:25,511 - ModelingPipeline - INFO - Fold 3 완료: 0.0870 (0.1초)
2025-06-28 21:46:25,511 - ModelingPipeline - INFO - Fold 4/5 처리 중...
2025-06-28 21:46:25,583 - ModelingPipeline - INFO - Fold 4 완료: 0.2500 (0.1초)
2025-06-28 21:46:25,584 - ModelingPipeline - INFO - Fold 5/5 처리 중...
2025-06-28 21:46:25,655 - ModelingPipeline - INFO - Fold 5 완료: 0.1481 (0.1초)
2025-06-28 21:46:25,655 - ModelingPipeline - INFO - CV 완료: 평균 0.1665 (±0.0539)
2025-06-28 21:46:25,655 - ModelingPipeline - INFO - CV 시작: 5개 fold, f1 메트릭, UNDERSAMPLING 데이터
2025-06-28 21:46:25,656 - ModelingPipeline - INFO - Fold 1/5 처리 중...
2025-06-28 21:46:25,716 - ModelingPipeline - INFO - Fold 1 완료: 0.1667 (0.1초)
2025-06-28 21:46:25,717 - ModelingPipeline - INFO - Fold 2/5 처리 중...
2025-06-28 21:46:25,782 - ModelingPipeline - INFO - Fold 2 완료: 0.2069 (0.1초)
2025-06-28 21:46:25,782 - ModelingPipeline - INFO - Fold 3/5 처리 중...
2025-06-28 21:46:25,848 - ModelingPipeline - INFO - Fold 3 완료: 0.0909 (0.1초)
2025-06-28 21:46:25,849 - ModelingPipeline - INFO - Fold 4/5 처리 중...
2025-06-28 21:46:25,915 - ModelingPipeline - INFO - Fold 4 완료: 0.2500 (0.1초)
2025-06-28 21:46:25,915 - ModelingPipeline - INFO - Fold 5/5 처리 중...
2025-06-28 21:46:25,983 - ModelingPipeline - INFO - Fold 5 완료: 0.1481 (0.1초)
2025-06-28 21:46:25,983 - ModelingPipeline - INFO - CV 완료: 평균 0.1725 (±0.0538)
2025-06-28 21:46:25,984 - ModelingPipeline - INFO - CV 시작: 5개 fold, f1 메트릭, UNDERSAMPLING 데이터
2025-06-28 21:46:25,985 - ModelingPipeline - INFO - Fold 1/5 처리 중...
2025-06-28 21:46:26,048 - ModelingPipeline - INFO - Fold 1 완료: 0.1667 (0.1초)
2025-06-28 21:46:26,048 - ModelingPipeline - INFO - Fold 2/5 처리 중...
2025-06-28 21:46:26,119 - ModelingPipeline - INFO - Fold 2 완료: 0.2000 (0.1초)
2025-06-28 21:46:26,119 - ModelingPipeline - INFO - Fold 3/5 처리 중...
2025-06-28 21:46:26,188 - ModelingPipeline - INFO - Fold 3 완료: 0.0909 (0.1초)
2025-06-28 21:46:26,188 - ModelingPipeline - INFO - Fold 4/5 처리 중...
2025-06-28 21:46:26,257 - ModelingPipeline - INFO - Fold 4 완료: 0.2500 (0.1초)
2025-06-28 21:46:26,257 - ModelingPipeline - INFO - Fold 5/5 처리 중...
2025-06-28 21:46:26,326 - ModelingPipeline - INFO - Fold 5 완료: 0.1481 (0.1초)
2025-06-28 21:46:26,327 - ModelingPipeline - INFO - CV 완료: 평균 0.1711 (±0.0530)
2025-06-28 21:46:26,327 - ModelingPipeline - INFO - CV 시작: 5개 fold, f1 메트릭, UNDERSAMPLING 데이터
2025-06-28 21:46:26,328 - ModelingPipeline - INFO - Fold 1/5 처리 중...
2025-06-28 21:46:26,390 - ModelingPipeline - INFO - Fold 1 완료: 0.1600 (0.1초)
2025-06-28 21:46:26,390 - ModelingPipeline - INFO - Fold 2/5 처리 중...
2025-06-28 21:46:26,457 - ModelingPipeline - INFO - Fold 2 완료: 0.2000 (0.1초)
2025-06-28 21:46:26,458 - ModelingPipeline - INFO - Fold 3/5 처리 중...
2025-06-28 21:46:26,525 - ModelingPipeline - INFO - Fold 3 완료: 0.0870 (0.1초)
2025-06-28 21:46:26,525 - ModelingPipeline - INFO - Fold 4/5 처리 중...
2025-06-28 21:46:26,594 - ModelingPipeline - INFO - Fold 4 완료: 0.2500 (0.1초)
2025-06-28 21:46:26,594 - ModelingPipeline - INFO - Fold 5/5 처리 중...
2025-06-28 21:46:26,664 - ModelingPipeline - INFO - Fold 5 완료: 0.1481 (0.1초)
2025-06-28 21:46:26,664 - ModelingPipeline - INFO - CV 완료: 평균 0.1690 (±0.0543)
2025-06-28 21:46:26,665 - ModelingPipeline - INFO - Trial 5/5 - Current: 0.1690, Best: 0.1725
2025-06-28 21:46:26,745 - ModelingPipeline - INFO - 최적 AUC: 0.1725
2025-06-28 21:46:26,745 - ModelingPipeline - INFO - 최적 파라미터: {'C': 0.07068974950624607, 'max_iter': 1900, 'penalty': 'l2', 'solver': 'lbfgs', 'tol': 0.0001, 'class_weight': None}
2025-06-28 21:46:26,745 - ModelingPipeline - INFO - CV 메트릭 계산 시작 (UNDERSAMPLING)
2025-06-28 21:46:26,745 - ModelingPipeline - INFO - 최적화된 CV 시작: 5개 fold, 모든 메트릭 동시 계산, UNDERSAMPLING 데이터
2025-06-28 21:46:27,160 - ModelingPipeline - INFO - 최적화된 CV 완료: AUC=0.9253(±0.0337), AP=0.2697(±0.0626), F1=0.1725(±0.0538)
2025-06-28 21:46:27,160 - ModelingPipeline - INFO - CV 메트릭 계산 완료 - AUC: 0.9253, AP: 0.2697, F1: 0.1725
2025-06-28 21:46:27,160 - ModelingPipeline - INFO - random_forest 최적화 시작 (UNDERSAMPLING)
2025-06-28 21:46:27,160 - ModelingPipeline - INFO - Random Forest 클래스 불균형 가중치: class_weight=None
2025-06-28 21:46:27,160 - ModelingPipeline - INFO - 최적화 메트릭: F1
2025-06-28 21:46:27,161 - ModelingPipeline - INFO - CV 시작: 5개 fold, f1 메트릭, UNDERSAMPLING 데이터
2025-06-28 21:46:27,162 - ModelingPipeline - INFO - Fold 1/5 처리 중...
2025-06-28 21:46:27,937 - ModelingPipeline - INFO - Fold 1 완료: 0.1905 (0.8초)
2025-06-28 21:46:27,937 - ModelingPipeline - INFO - Fold 2/5 처리 중...
2025-06-28 21:46:28,674 - ModelingPipeline - INFO - Fold 2 완료: 0.2581 (0.7초)
2025-06-28 21:46:28,674 - ModelingPipeline - INFO - Fold 3/5 처리 중...
2025-06-28 21:46:29,526 - ModelingPipeline - INFO - Fold 3 완료: 0.3704 (0.9초)
2025-06-28 21:46:29,526 - ModelingPipeline - INFO - Fold 4/5 처리 중...
2025-06-28 21:46:30,276 - ModelingPipeline - INFO - Fold 4 완료: 0.1667 (0.8초)
2025-06-28 21:46:30,277 - ModelingPipeline - INFO - Fold 5/5 처리 중...
2025-06-28 21:46:31,040 - ModelingPipeline - INFO - Fold 5 완료: 0.1538 (0.8초)
2025-06-28 21:46:31,040 - ModelingPipeline - INFO - CV 완료: 평균 0.2279 (±0.0798)
2025-06-28 21:46:31,040 - ModelingPipeline - INFO - Trial 1/5 - Current: 0.2279, Best: 0.2279
2025-06-28 21:46:31,041 - ModelingPipeline - INFO - CV 시작: 5개 fold, f1 메트릭, UNDERSAMPLING 데이터
2025-06-28 21:46:31,042 - ModelingPipeline - INFO - Fold 1/5 처리 중...
2025-06-28 21:46:31,816 - ModelingPipeline - INFO - Fold 1 완료: 0.1739 (0.8초)
2025-06-28 21:46:31,816 - ModelingPipeline - INFO - Fold 2/5 처리 중...
2025-06-28 21:46:32,517 - ModelingPipeline - INFO - Fold 2 완료: 0.3385 (0.7초)
2025-06-28 21:46:32,517 - ModelingPipeline - INFO - Fold 3/5 처리 중...
2025-06-28 21:46:33,249 - ModelingPipeline - INFO - Fold 3 완료: 0.3704 (0.7초)
2025-06-28 21:46:33,249 - ModelingPipeline - INFO - Fold 4/5 처리 중...
2025-06-28 21:46:33,886 - ModelingPipeline - INFO - Fold 4 완료: 0.1600 (0.6초)
2025-06-28 21:46:33,886 - ModelingPipeline - INFO - Fold 5/5 처리 중...
2025-06-28 21:46:34,578 - ModelingPipeline - INFO - Fold 5 완료: 0.4516 (0.7초)
2025-06-28 21:46:34,578 - ModelingPipeline - INFO - CV 완료: 평균 0.2989 (±0.1139)
2025-06-28 21:46:34,579 - ModelingPipeline - INFO - CV 시작: 5개 fold, f1 메트릭, UNDERSAMPLING 데이터
2025-06-28 21:46:34,580 - ModelingPipeline - INFO - Fold 1/5 처리 중...
2025-06-28 21:46:34,943 - ModelingPipeline - INFO - Fold 1 완료: 0.1905 (0.4초)
2025-06-28 21:46:34,943 - ModelingPipeline - INFO - Fold 2/5 처리 중...
2025-06-28 21:46:35,306 - ModelingPipeline - INFO - Fold 2 완료: 0.3125 (0.4초)
2025-06-28 21:46:35,306 - ModelingPipeline - INFO - Fold 3/5 처리 중...
2025-06-28 21:46:35,691 - ModelingPipeline - INFO - Fold 3 완료: 0.3077 (0.4초)
2025-06-28 21:46:35,691 - ModelingPipeline - INFO - Fold 4/5 처리 중...
2025-06-28 21:46:36,078 - ModelingPipeline - INFO - Fold 4 완료: 0.1667 (0.4초)
2025-06-28 21:46:36,078 - ModelingPipeline - INFO - Fold 5/5 처리 중...
2025-06-28 21:46:36,436 - ModelingPipeline - INFO - Fold 5 완료: 0.2963 (0.4초)
2025-06-28 21:46:36,436 - ModelingPipeline - INFO - CV 완료: 평균 0.2547 (±0.0629)
2025-06-28 21:46:36,437 - ModelingPipeline - INFO - CV 시작: 5개 fold, f1 메트릭, UNDERSAMPLING 데이터
2025-06-28 21:46:36,438 - ModelingPipeline - INFO - Fold 1/5 처리 중...
2025-06-28 21:46:37,038 - ModelingPipeline - INFO - Fold 1 완료: 0.1905 (0.6초)
2025-06-28 21:46:37,038 - ModelingPipeline - INFO - Fold 2/5 처리 중...
2025-06-28 21:46:37,649 - ModelingPipeline - INFO - Fold 2 완료: 0.3500 (0.6초)
2025-06-28 21:46:37,649 - ModelingPipeline - INFO - Fold 3/5 처리 중...
2025-06-28 21:46:38,253 - ModelingPipeline - INFO - Fold 3 완료: 0.3704 (0.6초)
2025-06-28 21:46:38,253 - ModelingPipeline - INFO - Fold 4/5 처리 중...
2025-06-28 21:46:38,946 - ModelingPipeline - INFO - Fold 4 완료: 0.1667 (0.7초)
2025-06-28 21:46:38,946 - ModelingPipeline - INFO - Fold 5/5 처리 중...
2025-06-28 21:46:39,548 - ModelingPipeline - INFO - Fold 5 완료: 0.4138 (0.6초)
2025-06-28 21:46:39,549 - ModelingPipeline - INFO - CV 완료: 평균 0.2983 (±0.1002)
2025-06-28 21:46:39,550 - ModelingPipeline - INFO - CV 시작: 5개 fold, f1 메트릭, UNDERSAMPLING 데이터
2025-06-28 21:46:39,551 - ModelingPipeline - INFO - Fold 1/5 처리 중...
2025-06-28 21:46:40,836 - ModelingPipeline - INFO - Fold 1 완료: 0.1818 (1.3초)
2025-06-28 21:46:40,836 - ModelingPipeline - INFO - Fold 2/5 처리 중...
2025-06-28 21:46:42,054 - ModelingPipeline - INFO - Fold 2 완료: 0.3600 (1.2초)
2025-06-28 21:46:42,055 - ModelingPipeline - INFO - Fold 3/5 처리 중...
2025-06-28 21:46:43,347 - ModelingPipeline - INFO - Fold 3 완료: 0.3704 (1.3초)
2025-06-28 21:46:43,348 - ModelingPipeline - INFO - Fold 4/5 처리 중...
2025-06-28 21:46:44,616 - ModelingPipeline - INFO - Fold 4 완료: 0.1600 (1.3초)
2025-06-28 21:46:44,616 - ModelingPipeline - INFO - Fold 5/5 처리 중...
2025-06-28 21:46:45,857 - ModelingPipeline - INFO - Fold 5 완료: 0.4828 (1.2초)
2025-06-28 21:46:45,857 - ModelingPipeline - INFO - CV 완료: 평균 0.3110 (±0.1224)
2025-06-28 21:46:45,858 - ModelingPipeline - INFO - Trial 5/5 - Current: 0.3110, Best: 0.3110
2025-06-28 21:46:54,606 - ModelingPipeline - INFO - 최적 AUC: 0.3110
2025-06-28 21:46:54,607 - ModelingPipeline - INFO - 최적 파라미터: {'n_estimators': 690, 'max_depth': 5, 'min_samples_split': 7, 'min_samples_leaf': 4, 'max_features': 0.5104629857953323, 'class_weight': None}
2025-06-28 21:46:54,607 - ModelingPipeline - INFO - CV 메트릭 계산 시작 (UNDERSAMPLING)
2025-06-28 21:46:54,607 - ModelingPipeline - INFO - 최적화된 CV 시작: 5개 fold, 모든 메트릭 동시 계산, UNDERSAMPLING 데이터
2025-06-28 21:47:30,872 - ModelingPipeline - INFO - 최적화된 CV 완료: AUC=0.9334(±0.0295), AP=0.3333(±0.0416), F1=0.2987(±0.1076)
2025-06-28 21:47:30,873 - ModelingPipeline - INFO - CV 메트릭 계산 완료 - AUC: 0.9334, AP: 0.3333, F1: 0.2987
2025-06-28 21:47:30,905 - ModelingPipeline - INFO - xgboost 최적화 시작 (UNDERSAMPLING)
2025-06-28 21:47:30,905 - ModelingPipeline - INFO - XGBoost 클래스 불균형 처리: scale_pos_weight
2025-06-28 21:47:30,905 - ModelingPipeline - INFO - scale_pos_weight = 8.00 (설정: 8.0)
2025-06-28 21:47:30,905 - ModelingPipeline - INFO - 최적화 메트릭: F1
2025-06-28 21:47:30,906 - ModelingPipeline - INFO - CV 시작: 5개 fold, f1 메트릭, UNDERSAMPLING 데이터
2025-06-28 21:47:30,907 - ModelingPipeline - INFO - Fold 1/5 처리 중...
2025-06-28 21:47:31,675 - ModelingPipeline - INFO - Fold 1 완료: 0.1481 (0.8초)
2025-06-28 21:47:31,676 - ModelingPipeline - INFO - Fold 2/5 처리 중...
2025-06-28 21:47:32,429 - ModelingPipeline - INFO - Fold 2 완료: 0.3158 (0.8초)
2025-06-28 21:47:32,429 - ModelingPipeline - INFO - Fold 3/5 처리 중...
2025-06-28 21:47:33,226 - ModelingPipeline - INFO - Fold 3 완료: 0.1875 (0.8초)
2025-06-28 21:47:33,226 - ModelingPipeline - INFO - Fold 4/5 처리 중...
2025-06-28 21:47:34,034 - ModelingPipeline - INFO - Fold 4 완료: 0.2667 (0.8초)
2025-06-28 21:47:34,034 - ModelingPipeline - INFO - Fold 5/5 처리 중...
2025-06-28 21:47:34,863 - ModelingPipeline - INFO - Fold 5 완료: 0.3684 (0.8초)
2025-06-28 21:47:34,863 - ModelingPipeline - INFO - CV 완료: 평균 0.2573 (±0.0808)
2025-06-28 21:47:34,864 - ModelingPipeline - INFO - Trial 1/5 - Current: 0.2573, Best: 0.2573
2025-06-28 21:47:34,864 - ModelingPipeline - INFO - CV 시작: 5개 fold, f1 메트릭, UNDERSAMPLING 데이터
2025-06-28 21:47:34,865 - ModelingPipeline - INFO - Fold 1/5 처리 중...
2025-06-28 21:47:35,912 - ModelingPipeline - INFO - Fold 1 완료: 0.3125 (1.0초)
2025-06-28 21:47:35,912 - ModelingPipeline - INFO - Fold 2/5 처리 중...
2025-06-28 21:47:36,864 - ModelingPipeline - INFO - Fold 2 완료: 0.2683 (1.0초)
2025-06-28 21:47:36,864 - ModelingPipeline - INFO - Fold 3/5 처리 중...
2025-06-28 21:47:37,863 - ModelingPipeline - INFO - Fold 3 완료: 0.2791 (1.0초)
2025-06-28 21:47:37,863 - ModelingPipeline - INFO - Fold 4/5 처리 중...
2025-06-28 21:47:38,940 - ModelingPipeline - INFO - Fold 4 완료: 0.4103 (1.1초)
2025-06-28 21:47:38,941 - ModelingPipeline - INFO - Fold 5/5 처리 중...
2025-06-28 21:47:39,944 - ModelingPipeline - INFO - Fold 5 완료: 0.4762 (1.0초)
2025-06-28 21:47:39,944 - ModelingPipeline - INFO - CV 완료: 평균 0.3493 (±0.0808)
2025-06-28 21:47:39,945 - ModelingPipeline - INFO - CV 시작: 5개 fold, f1 메트릭, UNDERSAMPLING 데이터
2025-06-28 21:47:39,945 - ModelingPipeline - INFO - Fold 1/5 처리 중...
2025-06-28 21:47:40,446 - ModelingPipeline - INFO - Fold 1 완료: 0.3030 (0.5초)
2025-06-28 21:47:40,446 - ModelingPipeline - INFO - Fold 2/5 처리 중...
2025-06-28 21:47:40,921 - ModelingPipeline - INFO - Fold 2 완료: 0.2857 (0.5초)
2025-06-28 21:47:40,922 - ModelingPipeline - INFO - Fold 3/5 처리 중...
2025-06-28 21:47:41,420 - ModelingPipeline - INFO - Fold 3 완료: 0.4000 (0.5초)
2025-06-28 21:47:41,420 - ModelingPipeline - INFO - Fold 4/5 처리 중...
2025-06-28 21:47:42,049 - ModelingPipeline - INFO - Fold 4 완료: 0.4615 (0.6초)
2025-06-28 21:47:42,049 - ModelingPipeline - INFO - Fold 5/5 처리 중...
2025-06-28 21:47:42,896 - ModelingPipeline - INFO - Fold 5 완료: 0.3415 (0.8초)
2025-06-28 21:47:42,896 - ModelingPipeline - INFO - CV 완료: 평균 0.3583 (±0.0648)
2025-06-28 21:47:42,897 - ModelingPipeline - INFO - CV 시작: 5개 fold, f1 메트릭, UNDERSAMPLING 데이터
2025-06-28 21:47:42,899 - ModelingPipeline - INFO - Fold 1/5 처리 중...
2025-06-28 21:47:43,736 - ModelingPipeline - INFO - Fold 1 완료: 0.2000 (0.8초)
2025-06-28 21:47:43,736 - ModelingPipeline - INFO - Fold 2/5 처리 중...
2025-06-28 21:47:44,813 - ModelingPipeline - INFO - Fold 2 완료: 0.2899 (1.1초)
2025-06-28 21:47:44,813 - ModelingPipeline - INFO - Fold 3/5 처리 중...
2025-06-28 21:47:45,479 - ModelingPipeline - INFO - Fold 3 완료: 0.3415 (0.7초)
2025-06-28 21:47:45,479 - ModelingPipeline - INFO - Fold 4/5 처리 중...
2025-06-28 21:47:46,046 - ModelingPipeline - INFO - Fold 4 완료: 0.3429 (0.6초)
2025-06-28 21:47:46,046 - ModelingPipeline - INFO - Fold 5/5 처리 중...
2025-06-28 21:47:46,616 - ModelingPipeline - INFO - Fold 5 완료: 0.4000 (0.6초)
2025-06-28 21:47:46,616 - ModelingPipeline - INFO - CV 완료: 평균 0.3148 (±0.0672)
2025-06-28 21:47:46,617 - ModelingPipeline - INFO - CV 시작: 5개 fold, f1 메트릭, UNDERSAMPLING 데이터
2025-06-28 21:47:46,618 - ModelingPipeline - INFO - Fold 1/5 처리 중...
2025-06-28 21:47:47,484 - ModelingPipeline - INFO - Fold 1 완료: 0.3243 (0.9초)
2025-06-28 21:47:47,484 - ModelingPipeline - INFO - Fold 2/5 처리 중...
2025-06-28 21:47:48,188 - ModelingPipeline - INFO - Fold 2 완료: 0.2469 (0.7초)
2025-06-28 21:47:48,188 - ModelingPipeline - INFO - Fold 3/5 처리 중...
2025-06-28 21:47:48,931 - ModelingPipeline - INFO - Fold 3 완료: 0.3043 (0.7초)
2025-06-28 21:47:48,932 - ModelingPipeline - INFO - Fold 4/5 처리 중...
2025-06-28 21:47:49,664 - ModelingPipeline - INFO - Fold 4 완료: 0.4444 (0.7초)
2025-06-28 21:47:49,664 - ModelingPipeline - INFO - Fold 5/5 처리 중...
2025-06-28 21:47:50,430 - ModelingPipeline - INFO - Fold 5 완료: 0.3404 (0.8초)
2025-06-28 21:47:50,430 - ModelingPipeline - INFO - CV 완료: 평균 0.3321 (±0.0645)
2025-06-28 21:47:50,431 - ModelingPipeline - INFO - Trial 5/5 - Current: 0.3321, Best: 0.3583
2025-06-28 21:47:50,986 - ModelingPipeline - INFO - 최적 AUC: 0.3583
2025-06-28 21:47:50,986 - ModelingPipeline - INFO - 최적 파라미터: {'n_estimators': 309, 'max_depth': 4, 'learning_rate': 0.09475146167306363, 'subsample': 0.8099025726528951, 'colsample_bytree': 0.7727780074568463, 'reg_alpha': 2.9122914019804194, 'reg_lambda': 6.506676052501415, 'scale_pos_weight': 8.0}
2025-06-28 21:47:50,986 - ModelingPipeline - INFO - CV 메트릭 계산 시작 (UNDERSAMPLING)
2025-06-28 21:47:50,986 - ModelingPipeline - INFO - 최적화된 CV 시작: 5개 fold, 모든 메트릭 동시 계산, UNDERSAMPLING 데이터
2025-06-28 21:47:53,650 - ModelingPipeline - INFO - 최적화된 CV 완료: AUC=0.9368(±0.0244), AP=0.2618(±0.0738), F1=0.3370(±0.0748)
2025-06-28 21:47:53,651 - ModelingPipeline - INFO - CV 메트릭 계산 완료 - AUC: 0.9368, AP: 0.2618, F1: 0.3370
2025-06-28 21:47:53,652 - ModelingPipeline - INFO - 모든 모델 평가 및 Threshold 최적화
2025-06-28 21:47:53,661 - ModelingPipeline - INFO - logistic_regression_normal 최적 Threshold 탐색
2025-06-28 21:47:53,661 - ModelingPipeline - INFO - 임계값 범위: 0.0013 ~ 0.3000 (300개 점)
2025-06-28 21:47:54,682 - ModelingPipeline - INFO - 최종 선택: 0.146 (F1: 0.1852)
2025-06-28 21:47:54,704 - ModelingPipeline - INFO - logistic_regression_normal 최종 평가 (Threshold: 0.146):
2025-06-28 21:47:54,704 - ModelingPipeline - INFO - 검증 - AUC: 0.9497, F1: 0.1852
2025-06-28 21:47:54,704 - ModelingPipeline - INFO - 테스트 - AUC: 0.8866, F1: 0.0847
2025-06-28 21:47:54,743 - ModelingPipeline - INFO - random_forest_normal 최적 Threshold 탐색
2025-06-28 21:47:54,743 - ModelingPipeline - INFO - 임계값 범위: 0.0013 ~ 0.3000 (300개 점)
2025-06-28 21:47:55,683 - ModelingPipeline - INFO - 최종 선택: 0.238 (F1: 0.2469)
2025-06-28 21:47:55,769 - ModelingPipeline - INFO - random_forest_normal 최종 평가 (Threshold: 0.238):
2025-06-28 21:47:55,770 - ModelingPipeline - INFO - 검증 - AUC: 0.9443, F1: 0.2469
2025-06-28 21:47:55,770 - ModelingPipeline - INFO - 테스트 - AUC: 0.8796, F1: 0.1728
2025-06-28 21:47:55,782 - ModelingPipeline - INFO - xgboost_normal 최적 Threshold 탐색
2025-06-28 21:47:55,782 - ModelingPipeline - INFO - 임계값 범위: 0.0013 ~ 0.3000 (300개 점)
2025-06-28 21:47:56,710 - ModelingPipeline - INFO - 최종 선택: 0.297 (F1: 0.1667)
2025-06-28 21:47:56,741 - ModelingPipeline - INFO - xgboost_normal 최종 평가 (Threshold: 0.297):
2025-06-28 21:47:56,741 - ModelingPipeline - INFO - 검증 - AUC: 0.9391, F1: 0.1667
2025-06-28 21:47:56,741 - ModelingPipeline - INFO - 테스트 - AUC: 0.8829, F1: 0.0893
2025-06-28 21:47:56,757 - ModelingPipeline - INFO - logistic_regression_smote 최적 Threshold 탐색
2025-06-28 21:47:56,757 - ModelingPipeline - INFO - 임계값 범위: 0.0013 ~ 0.3000 (300개 점)
2025-06-28 21:47:57,695 - ModelingPipeline - INFO - 최종 선택: 0.282 (F1: 0.1947)
2025-06-28 21:47:57,715 - ModelingPipeline - INFO - logistic_regression_smote 최종 평가 (Threshold: 0.282):
2025-06-28 21:47:57,715 - ModelingPipeline - INFO - 검증 - AUC: 0.9489, F1: 0.1947
2025-06-28 21:47:57,715 - ModelingPipeline - INFO - 테스트 - AUC: 0.9131, F1: 0.0976
2025-06-28 21:47:57,759 - ModelingPipeline - INFO - random_forest_smote 최적 Threshold 탐색
2025-06-28 21:47:57,759 - ModelingPipeline - INFO - 임계값 범위: 0.0013 ~ 0.3000 (300개 점)
2025-06-28 21:47:58,691 - ModelingPipeline - INFO - 최종 선택: 0.250 (F1: 0.2479)
2025-06-28 21:47:58,780 - ModelingPipeline - INFO - random_forest_smote 최종 평가 (Threshold: 0.250):
2025-06-28 21:47:58,780 - ModelingPipeline - INFO - 검증 - AUC: 0.9523, F1: 0.2479
2025-06-28 21:47:58,780 - ModelingPipeline - INFO - 테스트 - AUC: 0.8995, F1: 0.1370
2025-06-28 21:47:58,805 - ModelingPipeline - INFO - xgboost_smote 최적 Threshold 탐색
2025-06-28 21:47:58,805 - ModelingPipeline - INFO - 임계값 범위: 0.0013 ~ 0.3000 (300개 점)
2025-06-28 21:47:59,810 - ModelingPipeline - INFO - 최종 선택: 0.274 (F1: 0.2105)
2025-06-28 21:47:59,853 - ModelingPipeline - INFO - xgboost_smote 최종 평가 (Threshold: 0.274):
2025-06-28 21:47:59,854 - ModelingPipeline - INFO - 검증 - AUC: 0.9254, F1: 0.2105
2025-06-28 21:47:59,854 - ModelingPipeline - INFO - 테스트 - AUC: 0.8745, F1: 0.0957
2025-06-28 21:48:00,042 - ModelingPipeline - INFO - logistic_regression_undersampling 최적 Threshold 탐색
2025-06-28 21:48:00,042 - ModelingPipeline - INFO - 임계값 범위: 0.0013 ~ 0.3000 (300개 점)
2025-06-28 21:48:00,974 - ModelingPipeline - INFO - 최종 선택: 0.262 (F1: 0.2025)
2025-06-28 21:48:00,995 - ModelingPipeline - INFO - logistic_regression_undersampling 최종 평가 (Threshold: 0.262):
2025-06-28 21:48:00,995 - ModelingPipeline - INFO - 검증 - AUC: 0.9494, F1: 0.2025
2025-06-28 21:48:00,995 - ModelingPipeline - INFO - 테스트 - AUC: 0.8926, F1: 0.0899
2025-06-28 21:48:01,171 - ModelingPipeline - INFO - random_forest_undersampling 최적 Threshold 탐색
2025-06-28 21:48:01,171 - ModelingPipeline - INFO - 임계값 범위: 0.0013 ~ 0.3000 (300개 점)
2025-06-28 21:48:02,109 - ModelingPipeline - INFO - 최종 선택: 0.292 (F1: 0.2439)
2025-06-28 21:48:02,299 - ModelingPipeline - INFO - random_forest_undersampling 최종 평가 (Threshold: 0.292):
2025-06-28 21:48:02,299 - ModelingPipeline - INFO - 검증 - AUC: 0.9419, F1: 0.2439
2025-06-28 21:48:02,299 - ModelingPipeline - INFO - 테스트 - AUC: 0.9061, F1: 0.2000
2025-06-28 21:48:02,383 - ModelingPipeline - INFO - xgboost_undersampling 최적 Threshold 탐색
2025-06-28 21:48:02,383 - ModelingPipeline - INFO - 임계값 범위: 0.0013 ~ 0.3000 (300개 점)
2025-06-28 21:48:03,317 - ModelingPipeline - INFO - 최종 선택: 0.198 (F1: 0.1973)
2025-06-28 21:48:03,345 - ModelingPipeline - INFO - xgboost_undersampling 최종 평가 (Threshold: 0.198):
2025-06-28 21:48:03,345 - ModelingPipeline - INFO - 검증 - AUC: 0.9451, F1: 0.1973
2025-06-28 21:48:03,345 - ModelingPipeline - INFO - 테스트 - AUC: 0.8835, F1: 0.0935
2025-06-28 21:48:03,345 - ModelingPipeline - INFO - 앙상블 모델 실행 시작
2025-06-28 21:48:03,345 - ModelingPipeline - INFO - 앙상블에 추가: logistic_regression_normal
2025-06-28 21:48:03,345 - ModelingPipeline - INFO - 앙상블에 추가: logistic_regression_smote
2025-06-28 21:48:03,345 - ModelingPipeline - INFO - 앙상블에 추가: logistic_regression_undersampling
2025-06-28 21:48:03,345 - ModelingPipeline - INFO - 앙상블에 추가: random_forest_normal
2025-06-28 21:48:03,345 - ModelingPipeline - INFO - 앙상블에 추가: random_forest_smote
2025-06-28 21:48:03,345 - ModelingPipeline - INFO - 앙상블에 추가: random_forest_undersampling
2025-06-28 21:48:03,345 - ModelingPipeline - INFO - 앙상블에 추가: xgboost_normal
2025-06-28 21:48:03,345 - ModelingPipeline - INFO - 앙상블에 추가: xgboost_smote
2025-06-28 21:48:03,345 - ModelingPipeline - INFO - 앙상블에 추가: xgboost_undersampling
2025-06-28 21:48:03,854 - ModelingPipeline - INFO - 앙상블 모델 완료 - Test AUC: 0.7982, F1: 0.1628
2025-06-28 21:48:04,056 - ModelingPipeline - INFO - 앙상블 모델 저장: /Users/jojongho/KDT/P2_Default-invest/outputs/modeling_runs/default_modeling_run_20250628_214415/models/ensemble_model_model.joblib
2025-06-28 21:48:04,057 - ModelingPipeline - INFO - 시각화 생성 시작
2025-06-28 21:48:10,588 - ModelingPipeline - INFO - Train vs Test 비교 시각화 완료
2025-06-28 21:48:10,589 - ModelingPipeline - INFO - 시각화 생성 완료
2025-06-28 21:48:10,589 - ModelingPipeline - INFO - 결과 저장 시작
2025-06-28 21:48:10,589 - ModelingPipeline - INFO - logistic_regression_normal 모델 저장: /Users/jojongho/KDT/P2_Default-invest/outputs/modeling_runs/default_modeling_run_20250628_214415/models/logistic_regression_normal_model.joblib
2025-06-28 21:48:10,635 - ModelingPipeline - INFO - random_forest_normal 모델 저장: /Users/jojongho/KDT/P2_Default-invest/outputs/modeling_runs/default_modeling_run_20250628_214415/models/random_forest_normal_model.joblib
2025-06-28 21:48:10,639 - ModelingPipeline - INFO - xgboost_normal 모델 저장: /Users/jojongho/KDT/P2_Default-invest/outputs/modeling_runs/default_modeling_run_20250628_214415/models/xgboost_normal_model.joblib
2025-06-28 21:48:10,639 - ModelingPipeline - INFO - logistic_regression_smote 모델 저장: /Users/jojongho/KDT/P2_Default-invest/outputs/modeling_runs/default_modeling_run_20250628_214415/models/logistic_regression_smote_model.joblib
2025-06-28 21:48:10,682 - ModelingPipeline - INFO - random_forest_smote 모델 저장: /Users/jojongho/KDT/P2_Default-invest/outputs/modeling_runs/default_modeling_run_20250628_214415/models/random_forest_smote_model.joblib
2025-06-28 21:48:10,687 - ModelingPipeline - INFO - xgboost_smote 모델 저장: /Users/jojongho/KDT/P2_Default-invest/outputs/modeling_runs/default_modeling_run_20250628_214415/models/xgboost_smote_model.joblib
2025-06-28 21:48:10,688 - ModelingPipeline - INFO - logistic_regression_undersampling 모델 저장: /Users/jojongho/KDT/P2_Default-invest/outputs/modeling_runs/default_modeling_run_20250628_214415/models/logistic_regression_undersampling_model.joblib
2025-06-28 21:48:10,778 - ModelingPipeline - INFO - random_forest_undersampling 모델 저장: /Users/jojongho/KDT/P2_Default-invest/outputs/modeling_runs/default_modeling_run_20250628_214415/models/random_forest_undersampling_model.joblib
2025-06-28 21:48:10,781 - ModelingPipeline - INFO - xgboost_undersampling 모델 저장: /Users/jojongho/KDT/P2_Default-invest/outputs/modeling_runs/default_modeling_run_20250628_214415/models/xgboost_undersampling_model.joblib
2025-06-28 21:48:10,969 - ModelingPipeline - INFO - ensemble_model 모델 저장: /Users/jojongho/KDT/P2_Default-invest/outputs/modeling_runs/default_modeling_run_20250628_214415/models/ensemble_model_model.joblib
2025-06-28 21:48:11,353 - ModelingPipeline - INFO - 전체 결과 저장: /Users/jojongho/KDT/P2_Default-invest/outputs/modeling_runs/default_modeling_run_20250628_214415/results/modeling_results.json
2025-06-28 21:48:11,354 - ModelingPipeline - INFO - 설정 저장: /Users/jojongho/KDT/P2_Default-invest/outputs/modeling_runs/default_modeling_run_20250628_214415/modeling_config.json
2025-06-28 21:48:11,357 - ModelingPipeline - INFO - 실행 결과 요약:
2025-06-28 21:48:11,360 - ModelingPipeline - INFO - 
                 Model        Data_Type  Optimal_Threshold  CV_AUC  CV_AUC_Mean  CV_AP_Mean  CV_F1_Mean  Val_AUC  Val_F1  Test_AUC  Test_Precision  Test_Recall  Test_F1  Test_Balanced_Acc  Test_Average_Precision
0  logistic_regression           NORMAL             0.1461  0.1612       0.9253      0.2763      0.1612   0.9497  0.1852    0.8866          0.0510         0.25   0.0847             0.6180                  0.0639
1        random_forest           NORMAL             0.2381  0.2509       0.9356      0.3189      0.2545   0.9443  0.2469    0.8796          0.1148         0.35   0.1728             0.6710                  0.0914
2              xgboost           NORMAL             0.2970  0.3408       0.9358      0.2920      0.3605   0.9391  0.1667    0.8829          0.0490         0.50   0.0893             0.7355                  0.1812
3  logistic_regression            SMOTE             0.2820  0.2366       0.9234      0.2621      0.2366   0.9489  0.1947    0.9131          0.0583         0.30   0.0976             0.6427                  0.0643
4        random_forest            SMOTE             0.2500  0.3824       0.9371      0.3177      0.3726   0.9523  0.2479    0.8995          0.0794         0.50   0.1370             0.7413                  0.1434
5              xgboost            SMOTE             0.2740  0.3472       0.9279      0.2391      0.3362   0.9254  0.2105    0.8745          0.0529         0.50   0.0957             0.7366                  0.1116
6  logistic_regression    UNDERSAMPLING             0.2620  0.1725       0.9253      0.2697      0.1725   0.9494  0.2025    0.8926          0.0580         0.20   0.0899             0.5951                  0.0716
7        random_forest    UNDERSAMPLING             0.2920  0.3110       0.9334      0.3333      0.2987   0.9419  0.2439    0.9061          0.1333         0.40   0.2000             0.6961                  0.0977
8              xgboost    UNDERSAMPLING             0.1981  0.3583       0.9368      0.2618      0.3370   0.9451  0.1973    0.8835          0.0504         0.65   0.0935             0.8067                  0.1092
9             ensemble  COMBINED_MODELS             0.1500  0.3824       0.3824      0.0000      0.0000   0.7982  0.2157    0.7982          0.1061         0.35   0.1628             0.6706                  0.0693
2025-06-28 21:48:11,360 - ModelingPipeline - INFO - 요약 테이블 저장: /Users/jojongho/KDT/P2_Default-invest/outputs/modeling_runs/default_modeling_run_20250628_214415/results/summary_table.csv
2025-06-28 21:48:11,361 - ModelingPipeline - INFO - === 모델링 파이프라인 완료 ===
