2025-06-28 21:42:52,722 - ModelingPipeline - INFO - 모델링 파이프라인이 초기화되었습니다.
2025-06-28 21:42:52,722 - ModelingPipeline - INFO - 실행 이름: default_modeling_run_20250628_214252
2025-06-28 21:42:52,722 - ModelingPipeline - INFO - 출력 경로: /Users/jojongho/KDT/P2_Default-invest/outputs/modeling_runs/default_modeling_run_20250628_214252
2025-06-28 21:42:52,722 - ModelingPipeline - INFO - === 모델링 파이프라인 시작 ===
2025-06-28 21:42:52,722 - ModelingPipeline - INFO - 데이터 로드 시작
2025-06-28 21:42:52,722 - ModelingPipeline - INFO - 기본 데이터 경로 사용: data/final
2025-06-28 21:42:52,892 - ModelingPipeline - INFO - Train: (9795, 118), 부실비율: 0.97%
2025-06-28 21:42:52,892 - ModelingPipeline - INFO - Validation: (5984, 118), 부실비율: 0.64%
2025-06-28 21:42:52,892 - ModelingPipeline - INFO - Test: (6706, 118), 부실비율: 0.30%
2025-06-28 21:42:52,893 - ModelingPipeline - INFO - 모든 모델 실행 시작
2025-06-28 21:42:52,893 - ModelingPipeline - INFO - 특성 선택 방법: SHAP (NORMAL)
2025-06-28 21:42:53,388 - ModelingPipeline - INFO - SHAP 기본 모델: random_forest
2025-06-28 21:42:53,388 - ModelingPipeline - INFO - 기본 모델 훈련 중...
2025-06-28 21:42:54,910 - ModelingPipeline - INFO - SHAP Explainer 생성 중...
2025-06-28 21:42:54,919 - ModelingPipeline - INFO - SHAP 값 계산 중...
2025-06-28 21:42:59,031 - ModelingPipeline - INFO - SHAP 값 배열 형태: (2000, 118, 2)
2025-06-28 21:42:59,032 - ModelingPipeline - INFO - 평균 절댓값 SHAP 형태: (2000, 118, 2)
2025-06-28 21:42:59,032 - ModelingPipeline - INFO - 특성 개수: 118
2025-06-28 21:42:59,032 - ModelingPipeline - ERROR - 차원 불일치: SHAP 값 2000개, 특성 118개
2025-06-28 21:42:59,032 - ModelingPipeline - ERROR - 파이프라인 실행 중 오류 발생: too many indices for array: array is 1-dimensional, but 3 were indexed
